1 600536 600174 593600 592531 482
2 499615 495347 495195 497293 500
3 689342 672766 686509 694551 493
4 677100 669054 658494 666295 494
5 657769 666975 662432 668286 500
6 698929 696940 679361 677996 498
7 675514 663568 612651 595871 474
8 639915 623742 572377 571898 480
9 649846 636602 583486 584799 468
10 581808 596660 575518 561069 463
11 735984 738517 729417 698045 494
12 706352 681815 739365 756146 472
13 644993 658240 640933 639705 489
14 655212 644491 628937 634577 496
15 620681 622624 637152 628335 495
16 649021 646115 632766 615925 445
17 827764 737124 575090 561453 458
18 622767 629336 604002 604754 470
19 638193 630409 600485 581660 444
20 611357 602917 593190 582014 491
21 682321 625717 603140 596139 471
22 626272 638101 591210 592638 456
23 722997 733031 734565 728672 492
24 662100 676979 672301 663850 500
25 654530 651753 640060 641562 500
26 674506 670155 677034 674472 500
27 786066 728451 735047 736220 500
28 699996 704397 709820 704484 434
29 720169 722035 728174 726654 500
30 672818 655100 639282 638128 380
31 675007 675156 690639 690523 498
32 620664 607843 591483 587942 459
33 700842 685051 643184 646056 337
34 673548 665277 617699 619360 418
35 681428 659784 638617 633210 354
36 657052 672872 637454 642206 372
37 670936 674535 652598 651962 371
38 500567 534716 436143 458643 344
39 665051 664406 635424 644618 353
40 661285 645370 638819 646161 441
41 607466 612280 617552 606436 372
42 654308 648606 661447 645045 420
43 647654 658823 650928 652278 408
44 632977 626971 622324 623554 388
45 620223 625618 586121 576143 364
46 694352 685571 652595 626593 383
47 605643 594541 591977 592723 401
48 599574 592392 583142 582134 378
49 607378 596800 590967 569835 308
50 627576 602064 590183 599696 363
51 605784 608660 636131 641187 326
52 583946 586256 599189 599185 385
53 610327 611366 565304 576605 369
54 605418 606050 577361 577175 430
55 628022 600221 583832 587010 397
56 631093 627164 608879 593840 353
57 641303 622202 630136 601317 362
58 574555 577736 567055 567597 362
59 629045 631936 608871 600690 348
60 639349 626202 597001 596305 371
61 591580 570357 592288 598810 348
62 588359 605371 592817 572956 293
63 726663 708610 629121 613054 293
64 566704 585032 539423 534396 365
65 551664 548679 541941 541068 336
66 555106 563682 588113 584346 303
67 599187 603450 491721 490812 322
68 579965 549270 545387 544741 335
69 633413 653702 606756 603644 323
70 588346 588809 557123 557364 354
71 610500 637177 566673 566263 388
72 623109 696105 621557 626296 376
73 588352 602486 579996 571882 309
74 622939 680443 666242 659435 313
75 625558 593399 617416 592678 329
76 657167 650459 650193 652822 275
77 639643 661958 639740 642447 315
78 619741 616040 570104 563886 286
79 660339 662841 673698 663682 325
80 633295 626867 629099 632328 334
81 601623 592957 624435 630330 349
82 698469 651983 621425 625702 289
83 636357 636646 621705 629711 346
84 642393 634177 583910 587520 377
85 634227 584463 632774 630290 344
86 703150 702932 637954 645864 371
87 614164 570137 663556 641448 312
88 604732 617322 530088 516558 304
89 565033 540596 550224 547358 251
90 615206 614498 493754 485420 208
91 481845 456539 434223 438758 184
92 517423 514314 502211 506573 214
93 518880 516301 514473 519633 185
94 518935 496448 448679 446881 218
95 467211 466815 465338 463246 230
96 403934 423508 412048 413296 209
97 499461 498743 498583 486910 197
98 410361 416692 429962 423490 194
99 449103 447561 448162 448505 209
100 462405 469438 484221 490750 228
101 483211 487089 486447 493065 192
102 510149 515636 521600 522222 203
103 549326 531806 529598 513186 240
104 563374 545026 540765 535960 247
105 618291 603590 615165 615211 327
106 621819 612515 535952 531949 359
107 584368 580324 587152 580844 347
108 575537 535883 556561 560710 344
109 574604 578900 559242 568811 299
110 624413 625913 623333 615038 329
111 603998 594945 597773 595084 257
112 659525 640248 629449 628769 261
113 637373 620275 613565 616504 355
114 619016 616411 594081 593832 328
115 564553 561743 560098 564719 303
116 620614 625595 622695 626887 372
117 569581 558190 558612 559310 299
118 576942 570755 558810 547492 254
119 640048 625077 521785 520312 321
120 552426 550966 551504 525681 330
121 609955 600102 595816 595474 275
122 580285 526354 543683 543742 291
123 577558 584207 586352 578061 296
124 571220 575536 609118 610022 283
125 642157 642865 632305 645431 258
126 631790 631410 637972 638493 277
127 577697 583079 589947 588661 267
128 555070 550287 565875 558551 261
129 588717 581321 594317 566506 289
130 624686 618240 622549 621033 271
131 611765 603983 577129 577512 275
132 641306 642144 604679 598946 245
133 595756 593991 557451 556773 295
134 663213 654126 661856 667388 243
135 631130 623722 610411 613184 280
136 624171 627478 613092 632430 263
137 634543 604676 609200 603237 281
138 638810 627190 642757 654723 248
139 616280 601104 591996 608442 245
140 632012 634294 634135 620479 300
141 650313 630390 632695 619688 273
142 644727 626871 600291 597253 289
143 685155 677529 630963 613493 277
144 650178 586815 578686 579283 256
145 621768 606747 591665 586715 277
146 619159 603740 632387 624498 269
147 657646 622137 541074 540716 277
148 585420 591767 567721 566677 256
149 694046 656170 625679 576102 232
150 561904 560754 560603 544409 234
151 566398 571600 575781 573395 237
152 627239 527577 532884 526813 232
153 581003 578880 597871 596791 231
154 610718 708875 648593 644993 256
155 584933 595403 595039 591704 243
156 659672 681568 655345 657601 235
157 556696 572599 549787 550751 260
158 636056 605116 602145 604224 255
159 615696 529022 521647 520751 222
160 593754 591679 589494 597609 285
161 583792 567225 559369 553106 275
162 615473 604641 593842 596190 286
163 559340 566139 528497 528973 289
164 669104 627562 614843 609858 290
165 556096 548131 540335 546207 264
166 659636 613827 625823 623360 283
167 662011 631289 582445 563474 319
168 650744 607412 603979 600682 299
169 513140 526078 532156 532279 319
170 613267 609386 615211 617485 301
171 517901 524627 523907 526547 266
172 602910 609012 617652 615466 249
173 607005 563647 563212 546422 262
174 637550 602778 610017 625067 273
175 610725 563727 554925 553460 282
176 715019 644900 617202 591519 269
177 492932 491444 481776 486847 244
178 567436 567376 544316 544361 229
179 642884 600222 519200 492042 189
180 643165 637887 627292 600006 270
181 527739 539797 539930 521182 248
182 557040 554834 557691 562339 242
183 484674 481161 501962 508528 266
184 533879 541366 549366 553345 249
185 576886 578324 590180 590551 293
186 522895 521240 546578 546320 289
187 486841 489574 494392 493070 309
188 563278 566071 566315 570952 296
189 555432 593487 577527 576136 322
190 571947 574832 599642 589597 325
191 585784 587860 531686 531828 308
192 569756 545078 526597 512617 298
193 575365 568048 562000 546740 242
194 538948 562674 543355 541758 301
195 585947 572897 546906 552217 294
196 635790 635061 579605 574808 302
197 598142 593972 567046 575651 302
198 594861 617353 565881 556363 346
199 612478 631867 605875 616756 320
200 620753 620540 598129 586515 305
201 624535 620693 599393 612198 316
202 740480 734547 630867 631485 364
203 634536 639988 591065 591395 338
204 615599 600164 571932 574273 365
205 636802 623615 598584 589528 333
206 666532 633181 573187 539176 264
207 588494 582933 528585 529189 282
208 588037 551123 554639 532075 263
209 639440 581731 564520 565092 227
210 691945 652197 655052 600852 277
211 656534 653052 656592 651047 273
212 672479 640244 620472 624493 301
213 704193 759696 589682 589632 284
214 584365 627664 581531 580718 259
215 707021 654183 674898 675331 323
216 627228 625699 616135 614356 339
217 652734 712460 677526 669409 360
218 693840 676954 648273 645279 286
219 681211 673813 639533 628628 281
220 730912 734712 658433 657086 322
221 695285 695019 663091 664253 318
222 772258 749770 653873 648790 303
223 681377 673731 673446 673699 299
224 647477 662448 654059 645620 348
225 708373 696761 659961 671950 283
226 596381 578641 584945 587928 182
227 683968 700807 670455 640869 201
228 672858 698562 611508 606594 228
229 657657 657375 656683 675450 328
230 660763 659599 660316 663520 238
231 663832 638010 647036 653941 244
232 682558 671686 671862 680408 295
233 692888 693686 674820 680395 208
234 631798 619762 619498 643696 316
235 677267 658831 660006 650722 242
236 645800 624261 643792 630514 205
237 637912 647261 595813 590641 204
238 528036 522515 542709 543305 185
239 589770 549177 523462 496540 194
240 556194 562461 500533 508002 204
241 551971 538195 565692 563270 267
242 566365 575747 540305 543933 271
243 676054 677965 627977 631031 203
244 603546 613245 612934 606199 256
245 612297 614511 642742 645895 241
246 732340 717075 757457 756691 190
247 688179 694894 690513 685741 260
248 662280 658800 627377 636309 305
249 644632 639666 645506 642567 292
250 626802 622525 650898 651954 286
251 594778 589847 633503 641772 234
252 715229 670217 653421 649046 335
253 740611 664430 656419 655965 175
254 655802 649563 609373 654646 204
255 920028 704015 675128 572297 264
256 694920 703764 673650 664323 246
257 611140 611915 618766 613091 264
258 625233 651587 625461 625884 266
259 566437 523021 517462 522733 244
260 631576 639078 687947 688539 216
261 684358 679664 621077 604078 243
262 696877 610299 578993 586407 289
263 665022 653366 589172 586036 225
264 644869 641483 613416 611413 311
265 643422 630678 588523 587678 335
266 556370 553757 560690 531725 270
267 559432 535033 533761 546356 313
268 536526 530180 535649 533481 246
269 540426 585690 581230 535368 210
270 527270 541056 532415 533238 218
271 495524 492492 479302 505980 226
272 478486 485998 480841 513440 182
273 523274 515352 530613 535186 199
274 468397 489692 491281 490357 201
275 489715 467322 466290 459942 205
276 422937 412655 415041 421697 183
277 450467 463165 457561 464733 190
278 450035 458929 452152 443956 193
279 462874 475220 432499 438644 200
280 455554 457851 437832 429706 214
281 601800 572896 464293 451833 198
282 532987 533518 493154 486416 205
283 455110 459141 451955 453637 193
284 600446 545732 520398 511714 196
285 539796 543632 517727 525410 239
286 529182 514080 509166 492601 202
287 573759 544181 547090 542743 221
288 616230 594886 597510 584770 240
289 639904 648165 614504 607380 261
290 663473 682734 663765 655944 253
291 724868 691126 674738 677508 278
292 695485 709482 674245 667979 285
293 783021 772664 726943 693078 327
294 673078 668272 654583 650396 279
295 706070 707563 651455 645818 302
296 642184 621659 604316 579997 205
297 748805 613970 615831 555347 247
298 672287 660039 650032 640912 199
299 670664 669519 662279 637990 178
300 632822 622156 622982 597773 226
