1 660914 661124 681868 684114 500
2 777126 752461 768482 787415 499
3 563479 593427 617307 597363 492
4 708862 682511 681149 683276 495
5 711578 718443 708041 706833 492
6 864318 776786 787152 793711 500
7 808603 850997 809137 803630 497
8 814298 868288 827231 834300 498
9 690212 662661 671793 649591 478
10 603987 604574 609876 619219 483
11 776486 808121 800322 771864 493
12 725773 763310 742639 753133 495
13 812935 832111 824238 834089 489
14 756355 760488 787075 781460 498
15 801453 803917 760695 734217 491
16 759312 741601 743493 739169 498
17 733601 731167 738699 735370 498
18 600322 618922 628828 609282 464
19 713840 707728 687039 696574 500
20 764896 768367 776919 778806 483
21 657430 652152 637924 636168 420
22 759300 759457 662313 594912 130
23 682074 646348 657545 652578 468
24 554984 570218 555987 611619 417
25 717615 704073 609891 522647 429
26 700189 700466 693168 703251 456
27 751323 737828 766515 737863 491
28 781326 779268 693812 616990 487
29 591781 516824 513687 556287 488
30 604945 594898 533251 542341 491
31 553330 554802 565700 595366 489
32 528030 532820 504638 544964 482
33 637408 621419 596961 602821 485
34 648594 605234 630807 632909 480
35 707333 654023 653575 631695 481
36 785295 745887 709404 684221 487
37 852311 778985 781879 772601 500
38 826582 829352 733774 744132 430
39 856636 770050 708662 681831 215
40 994496 991390 775537 722770 452
41 670956 667530 677775 687737 476
42 738029 666228 643347 626603 415
43 828161 826078 645378 595200 491
44 748894 705930 741613 658875 497
45 646572 631395 626770 629132 485
46 648029 562808 488791 502738 487
47 603563 585053 564502 564067 489
48 657763 634649 563312 567407 482
49 658044 644909 589406 598293 464
50 786761 713308 649339 646465 486
51 695215 666718 604085 595950 489
52 729953 694114 607574 566149 439
53 676241 683156 682476 664071 439
54 710169 720289 694607 630034 436
55 723956 723211 617198 594346 461
56 668891 689250 671033 654450 446
57 810340 809239 732718 729593 480
58 843150 828365 802328 820016 497
59 863019 869055 864426 848546 500
60 906429 910654 921629 918370 497
61 782138 771503 792095 793132 493
62 777662 792246 762663 764705 491
63 755019 737639 767451 768692 499
64 796468 805445 791645 799465 497
65 958901 951757 900889 890191 497
66 920119 909852 857029 835361 486
67 795991 798352 756050 720811 440
68 894887 867001 688882 684381 483
69 761935 743595 767602 741983 484
70 689782 684688 633689 585754 336
71 693736 651826 629315 607105 311
72 697834 695306 714317 711411 482
73 704347 694676 648362 638411 490
74 691081 623716 607995 573187 485
75 769327 773004 780420 730575 492
76 774587 771449 753079 757774 490
77 640999 632570 640727 644851 488
78 721403 699862 709134 701723 493
79 768036 776843 760306 751690 497
80 937060 900997 861536 871023 500
81 879919 871440 832930 838689 488
82 742946 726727 677899 682928 476
83 737845 708846 693026 692319 473
84 872932 858085 836914 837942 481
85 914966 879084 809410 807390 499
86 798823 799735 815268 816372 497
87 758167 744272 742974 751135 492
88 733299 740798 731979 736723 499
89 841978 831783 832471 822773 500
90 821286 809505 813969 826721 493
91 719929 659128 636522 635471 497
92 783088 827559 828922 843226 486
93 773618 770738 774201 781564 490
94 752472 742699 745846 758448 485
95 746026 739709 725550 732558 474
96 761364 744072 753836 754837 466
97 757202 749048 748279 765818 458
98 798344 787487 763785 744913 466
99 785136 753644 751992 743219 478
100 826641 854668 760058 772773 488
101 842703 817847 820013 779215 485
102 768744 754993 714527 711837 486
103 716123 710149 724541 729863 479
104 748915 746635 741207 742949 479
105 796960 782816 783605 773373 500
106 844831 839954 834680 835225 496
107 901829 869061 843568 850077 495
108 858805 793059 771626 780349 485
109 729048 721076 672606 672158 477
110 745058 734982 672431 675445 462
111 812165 729659 646457 654592 418
112 762568 751882 633103 641805 426
113 867100 828601 716581 703735 349
114 881026 851750 824083 798230 447
115 839603 818709 722929 715229 479
116 846462 841899 791561 774248 468
117 840299 844473 783759 787568 482
118 906145 885535 796319 784921 486
119 853503 888435 858619 861670 495
120 817903 817766 814735 784622 495
121 908584 909838 904661 912762 494
122 801626 798529 813499 816639 482
123 763091 779248 765422 746267 476
124 833696 814334 694862 730123 480
125 820705 819955 810528 815229 472
126 914720 914460 900468 883507 471
127 871482 874015 862716 867846 458
128 768351 749082 744120 754916 461
129 710771 700378 724988 720157 414
130 807420 787316 700689 690738 472
131 842930 775895 748994 700262 413
132 766830 746789 713354 723500 376
133 705065 699749 703003 699205 471
134 609496 613298 597899 598835 306
135 659213 584004 566629 551121 369
136 726932 721441 722337 706190 472
137 761609 760675 760139 760582 468
138 740423 740283 738788 739239 465
139 938541 897585 903518 870074 487
140 873765 868224 866794 865697 490
141 887327 876807 852877 826863 472
142 828875 821810 768067 767261 414
143 814333 756805 691063 691014 407
144 795771 781295 734113 731919 491
145 803529 762633 730741 730411 492
146 783942 784275 771621 769516 429
147 742994 739851 737628 736941 453
148 809383 803275 791506 774496 495
149 842729 824718 815021 783570 480
150 767179 731594 730342 720258 487
151 878113 867828 865452 861298 487
152 875090 846554 838276 822830 477
153 950563 919409 917294 909378 474
154 842008 837327 832450 830144 467
155 824548 811573 813672 813416 478
156 850046 815794 810755 797553 486
157 815158 819692 810381 804435 404
158 881377 930826 870632 827060 474
159 813932 811662 807650 806191 394
160 730679 702404 650687 605178 184
161 742173 712499 709369 702788 350
162 703579 680081 688896 682782 425
163 637228 646581 625765 597273 382
164 703417 689087 688673 690915 261
165 773328 732998 750941 741502 476
166 692225 688643 695928 708484 471
167 742959 745752 747116 745217 361
168 813918 806901 807718 801596 465
169 840458 834863 819803 820948 472
170 863486 857968 841992 846815 485
171 850729 855807 832676 810424 471
172 825483 836551 793771 784061 463
173 842836 833383 810036 811472 471
174 844668 848461 808765 812694 475
175 893734 805750 789827 790125 464
176 829240 804149 805737 801096 456
177 856297 834956 826077 816172 473
178 885162 926392 898660 890761 475
179 924135 913135 898134 905007 478
180 768840 700367 706300 678655 445
181 852629 829817 791347 773296 458
182 989660 968989 945474 877986 459
183 813770 872065 884694 880230 455
184 818323 810429 815102 806365 452
185 920976 921878 881867 845457 452
186 853969 800224 797502 786993 463
187 755004 740775 701339 703727 329
188 846274 800833 770842 745906 433
189 836693 830048 830342 830150 475
190 911580 786740 781144 786504 486
191 833667 802961 802202 802000 451
192 761475 766250 752513 751633 313
193 715593 690076 657303 659264 320
194 727810 659962 638469 641964 363
195 723547 668722 642301 645049 408
196 684952 678537 724078 666222 320
197 712543 705072 693254 693006 305
198 731169 734639 752252 733959 243
199 763188 766693 774981 771156 349
200 792762 780662 785831 771332 443
201 828252 827019 821200 814447 487
202 824251 818640 831375 820812 483
203 852588 848795 842726 800856 419
204 913178 860262 854096 853449 303
205 843647 739778 728542 726913 241
206 895316 859212 843837 841480 389
207 733131 729404 739732 750705 285
208 852159 850327 835947 836918 350
209 782263 772752 756058 741134 490
210 829638 819024 820674 795282 484
211 750424 718156 668747 669580 449
212 732341 685917 659427 630201 372
213 730364 722078 687772 689413 453
214 810672 804881 748276 764072 419
215 808594 785780 754013 725372 407
216 821560 812627 783230 774142 478
217 746852 729920 713849 722030 469
218 733994 718948 704689 713719 457
219 758141 739665 702475 706711 441
220 734838 733537 690567 694192 463
221 718286 722283 679748 683211 437
222 765609 759714 666974 649794 453
223 694550 698545 609109 612214 473
224 708432 708041 664855 659193 440
225 716069 734240 672640 673089 392
226 693622 752683 681539 674700 477
227 760719 756936 674100 666807 428
228 761135 766490 684319 686551 464
229 822401 817284 775410 762132 495
230 807775 799145 747719 765501 471
231 795243 797712 759088 792560 473
232 832218 822956 781130 789004 481
233 749967 782300 735047 747176 470
234 780563 771275 687557 695007 444
235 768803 744397 753167 748694 406
236 792499 796942 777454 775903 450
237 849261 837416 829017 819838 481
238 808349 802766 758735 760295 462
239 785721 741710 701365 688059 481
240 797608 795683 781806 747899 453
241 834686 802321 800032 787186 441
242 859685 827315 805882 826719 458
243 867273 850378 827364 815977 427
244 814498 805968 792151 799876 439
245 798132 738593 745218 742518 418
246 853940 758081 776209 759757 427
247 790417 765924 759780 769245 486
248 767427 736121 745554 753754 442
249 761991 756827 725967 719775 437
250 700682 688897 676235 633185 424
251 661419 661104 633019 625917 398
252 724362 688020 690174 641627 390
253 712421 707300 627614 588332 253
254 708409 671684 536232 534969 321
255 711370 685679 578534 573844 420
256 716101 746894 640204 643239 468
257 714778 706395 601997 599872 483
258 783624 769441 654872 622618 487
259 828340 836838 780951 774399 485
260 884642 860879 839302 832079 488
261 1027964 1012791 935167 890197 487
262 893163 913273 870028 815197 477
263 882803 871022 865475 864718 469
264 887517 804283 808444 798358 467
265 1001844 767456 771338 790592 459
266 932349 852690 832856 823620 475
267 1053911 1009945 898317 838719 464
268 865259 866763 827963 846248 457
269 868536 851940 827623 835071 468
270 940366 949740 892881 805803 455
271 926353 858300 872836 862823 453
272 1003044 863239 860297 856469 460
273 882975 870265 848880 842451 477
274 905026 916154 846524 830173 460
275 946719 959212 878720 845774 480
276 909353 920808 896526 875362 474
277 966634 894363 806103 778993 462
278 989243 976931 890584 871878 482
279 928917 952815 894089 881969 479
280 1030153 993383 974245 957379 481
281 946996 943909 883704 880643 417
282 961578 941540 852856 783591 401
283 1046044 1017941 996322 892049 452
284 912645 904175 854879 815792 447
285 879927 886616 806825 798491 462
286 847685 850971 840423 850484 493
287 916971 905079 866329 836123 477
288 1106272 1077274 1066574 1052535 479
289 989114 992990 994273 925758 496
290 899066 895797 897301 887923 463
291 999978 872372 895193 833604 477
292 1035858 954915 1013645 896975 498
293 1105201 966871 952601 898088 459
294 884880 802263 785310 776815 487
295 792159 802674 809754 744127 487
296 817002 830915 755071 741058 447
297 665326 672017 534986 539101 426
298 655519 595500 593104 606992 436
299 693311 680678 670881 652475 459
300 674671 662337 597065 590294 405
