1 608371 582486 534091 547370 500
2 665312 610630 602230 603822 499
3 722554 775532 764490 767480 500
4 757926 765718 726343 730010 500
5 693900 628017 620144 613746 500
6 636288 629321 628326 644281 496
7 637665 579403 590646 596641 413
8 787816 781751 763556 749589 490
9 1355334 1050449 909790 601688 454
10 668315 668999 655498 642499 366
11 566452 552610 554747 552884 498
12 649418 653068 656972 650909 495
13 585508 572457 575036 574321 419
14 662554 661819 664899 644562 329
15 614273 553969 550908 531428 383
16 577014 578450 583686 583270 144
17 554979 552408 539893 535760 275
18 466302 464067 459544 464968 338
19 594277 581906 597332 587201 197
20 445911 398422 431157 443492 302
21 472740 455835 441933 447676 490
22 352562 317528 335622 352168 364
23 574789 573506 572316 572853 410
24 512208 512336 509203 506159 148
25 506603 530973 493362 550522 83
26 669186 655902 668193 632751 382
27 656090 660010 631664 632345 428
28 734413 747007 693385 684961 331
29 649553 651700 590918 571221 220
30 680493 681628 683164 680831 136
31 614321 618670 595066 588700 69
32 482624 481915 488918 487524 113
33 508607 505487 506872 508433 485
34 432449 437981 432775 432311 166
35 545582 540487 536823 525984 325
36 538495 526963 527452 515901 308
37 540456 539014 537732 534735 382
38 539028 541083 539895 539835 100
39 379718 380164 376522 377186 90
40 339714 328809 331111 330864 100
41 507177 457643 482963 448943 221
42 541040 548409 515624 518701 140
43 443027 446510 432483 431884 77
44 467790 413165 410163 410679 100
45 613064 486426 737751 429105 89
46 591437 589616 601255 595083 116
47 642773 638930 620202 590718 345
48 549991 526260 505079 505043 236
49 489697 481944 459037 471894 338
50 501480 498708 461320 445606 256
51 555584 552874 538193 537517 299
52 542796 542602 559389 564831 299
53 437919 438023 437867 437920 218
54 557902 553396 545928 541412 195
55 596899 593409 609700 585435 106
56 841720 841395 843027 757816 361
57 612824 610545 599899 599977 138
58 511123 510283 497628 489409 450
59 557174 591023 575733 537181 249
60 596032 594746 573674 573389 172
61 543817 535849 528676 527877 346
62 412168 431242 419624 433243 297
63 498762 448981 420752 415375 279
64 577412 574347 530541 505557 300
65 507977 520728 514106 503986 382
66 417771 411135 392509 389680 384
67 597097 585618 586406 585674 447
68 536612 528199 511030 509663 407
69 518952 512904 513393 516634 351
70 715144 689566 674700 674642 320
71 616868 615180 595626 589794 417
72 586965 588334 585316 587127 447
73 487480 458687 410342 410603 433
74 380045 342465 324313 323658 170
75 517491 513643 508122 514962 260
76 637704 635890 637773 637242 496
77 618543 613532 616394 615037 497
78 494998 491800 485167 485056 247
79 389120 394738 392655 387091 239
80 348513 359591 343623 343510 387
81 401281 404573 400490 402025 381
82 379364 378328 372468 369213 213
83 637215 669146 634299 629108 373
84 695869 695658 686082 664485 419
85 586050 588487 591115 574042 217
86 643921 649022 633907 645817 490
87 610585 611145 610095 610848 495
88 553315 545928 538724 540999 382
89 620650 600817 599734 599494 483
90 446699 448514 434058 435142 209
91 431098 434150 419078 421236 322
92 491453 472163 461057 478050 462
93 483119 476794 475910 477619 438
94 426955 426962 438892 438696 418
95 0 727930 825351 1145926 215
96 535406 537223 530306 518448 268
97 594022 593763 589512 590408 427
98 490922 471878 494163 487803 181
99 413659 414581 399484 401723 486
100 598920 592532 604815 605781 455
101 751773 717926 702149 687611 480
102 634040 642822 627504 636609 354
103 406313 388327 383333 383094 222
104 409569 415897 403104 397968 235
105 438489 415019 421064 415230 271
106 528136 527244 526077 527087 475
107 558109 525591 524984 524554 492
108 534838 524419 521563 519056 487
109 467442 459112 470087 470517 480
110 545371 536493 532669 519450 494
111 548049 546686 529628 528619 495
112 551691 543614 544856 542682 488
113 472512 469633 466875 468638 480
114 459565 442512 489014 462613 258
115 520566 523059 505607 504923 483
116 635424 604550 582282 580992 354
117 652626 640869 612262 572742 322
118 691742 690598 667885 672448 329
119 627832 578017 636945 502760 472
120 506980 512048 499657 505967 438
121 476210 469307 423565 432930 415
122 562767 563953 565076 564770 475
123 417923 427407 429843 420215 494
124 436861 437295 437853 449776 493
125 484510 480286 468751 474508 496
126 1535228 1568432 1488287 767119 185
127 623481 634039 613900 610718 479
128 696657 742181 696238 691641 483
129 641148 620692 595207 550308 479
130 575184 573705 562448 569574 317
131 603792 575070 541840 503876 345
132 673939 655186 681288 676754 320
133 620951 600147 595195 596801 470
134 483017 489442 468081 466170 400
135 459472 466805 468655 464864 443
136 466315 470794 469139 473737 488
137 496311 495703 500448 497906 482
138 539687 545488 524119 514595 487
139 567579 552273 551063 549175 500
140 604656 605290 598850 598956 474
141 511145 505802 500117 494190 355
142 341420 331737 337622 332268 428
143 546760 565092 592192 542051 270
144 751254 765527 748065 742231 380
145 661096 656177 637614 602293 338
146 689139 696001 694191 666468 278
147 657892 661053 652560 621379 340
148 618172 597027 585863 588887 367
149 551294 549515 524590 515488 398
150 471344 491022 478746 481508 489
151 451831 459391 463780 469378 496
152 432487 445862 442147 449349 474
153 554701 558781 554159 554132 488
154 531108 531250 528272 528438 463
155 545468 541349 542127 534732 281
156 581059 585062 574203 564804 478
157 604906 596845 576512 579472 487
158 542203 529503 527151 506278 466
159 467178 461334 445665 451721 370
160 636419 630653 663638 659281 171
161 657088 659192 650875 649526 422
162 650871 653842 649496 648671 491
163 508309 537789 508113 525812 496
164 592262 591556 593547 600126 448
165 632613 632594 604642 605162 414
166 700327 703068 702739 705022 498
167 568650 568613 572838 573551 467
168 633361 618517 622342 622549 486
169 639673 640777 632444 627427 466
170 512797 490983 483605 475749 476
171 509669 508231 507032 499206 485
172 609076 597362 591041 590243 476
173 698746 686798 686712 682006 473
174 773112 782376 772228 750955 491
175 593383 557678 577136 563488 315
176 598098 561552 555181 557048 174
177 498754 490251 473901 472589 202
178 499554 485819 474341 459489 266
179 651510 524080 483140 456090 268
180 499369 501629 496586 491463 165
181 525157 511906 533668 489445 239
182 550972 548520 539920 541242 458
183 491984 494234 452603 453779 474
184 531113 525906 517618 520260 482
185 675941 674609 674621 674635 332
186 720485 720801 709950 684186 493
187 609555 605596 599489 599924 492
188 589901 587934 588386 587781 409
189 608867 598670 598847 597394 388
190 550790 543368 568243 567713 254
191 576865 584378 577341 575390 479
192 590398 585091 586020 587080 480
193 477822 450758 438957 446224 448
194 426095 409186 394779 396688 365
195 601966 595508 599577 605002 364
196 676930 675289 635778 626522 493
197 662869 668605 626365 603016 495
198 663553 662469 671490 672005 474
199 380991 386793 374605 366246 363
200 390043 378836 370808 370468 440
201 432772 430918 428338 428020 471
202 766356 763988 752541 751887 448
203 631730 626903 612709 603206 490
204 739060 712116 718483 709788 497
205 599178 596260 590491 593543 450
206 644972 642028 648501 646644 487
207 526547 529655 513301 515797 454
208 480555 474478 457571 459138 462
209 458388 455559 444782 440630 442
210 494651 483919 477677 480810 445
211 547502 541715 566217 557546 463
212 492108 477742 469359 465961 489
213 521789 520547 511000 501435 402
214 618882 611276 602474 589022 334
215 605596 587921 573505 542543 437
216 579710 558851 545578 541052 202
217 682875 640102 615116 617409 370
218 620606 620009 589917 560539 231
219 550720 550400 548006 544812 344
220 578678 594568 573897 552442 49
221 570993 578383 564882 564690 154
222 625735 627257 610914 610837 498
223 519419 488286 469632 454543 120
224 500203 495466 473098 472157 196
225 451426 447550 410509 411013 158
226 449309 421375 396431 393784 96
227 662761 642809 613093 615395 233
228 693820 630431 635245 638330 456
229 790770 781631 799110 780622 498
230 786227 785139 774538 756392 450
231 500911 504536 501836 496195 75
232 704410 697007 675953 655295 459
233 683126 666721 601971 599138 473
234 569989 571396 576438 587219 474
235 552422 516570 511827 517463 173
236 704115 681965 669080 629737 460
237 620156 610383 613755 616020 369
238 487069 494777 455724 464549 230
239 472494 450840 427769 400736 194
240 535700 629891 612298 402812 164
241 389963 400483 382961 372472 177
242 409038 428239 428198 419609 197
243 550705 544300 524842 522599 269
244 473234 477835 470962 470132 253
245 426800 439716 432114 470609 261
246 560361 559366 554811 555412 178
247 457601 448225 443210 444722 167
248 355519 338025 343134 344566 284
249 609373 603583 602261 600928 372
250 629107 635099 636498 642428 472
251 650714 648061 630577 625893 185
252 514473 444454 451205 452181 173
253 516579 490973 467672 460556 418
254 425188 405905 403622 398127 437
255 557046 565672 567738 563136 337
256 535171 545711 533662 514858 356
257 605607 603946 588800 570445 461
258 517127 509169 523026 515282 420
259 464515 453865 451107 452768 446
260 471518 466793 459985 457926 461
261 505140 498774 503414 498978 418
262 475668 478712 478595 477628 375
263 374128 370837 377426 375015 363
264 347351 349896 332532 333125 472
265 364527 314978 300334 297900 316
266 485625 484924 492265 491730 439
267 515995 532970 483321 466231 337
268 566546 560431 552092 550394 280
269 497543 505237 533040 518543 284
270 536735 530181 535231 535481 252
271 461192 466337 451600 452190 238
272 386044 386482 384623 383151 344
273 472555 500001 467827 508987 131
274 574790 570736 563987 558788 462
275 556888 549526 548543 546655 496
276 603699 511058 552064 525444 248
277 500008 487392 478664 473236 483
278 552561 554753 554887 551317 144
279 521505 1061676 1339395 837901 144
280 611948 620185 610925 598077 451
281 649541 690381 609636 575300 328
282 579307 583502 552123 548511 176
283 517484 539051 553943 574500 210
284 450760 432237 442217 425704 389
285 454906 455928 454003 441081 448
286 592657 596366 600959 588657 496
287 502421 496047 472461 461866 496
288 504207 500822 486949 489569 489
289 567249 558468 557160 556878 498
290 532453 527507 511951 490442 493
291 591010 588714 593558 590773 384
292 447288 441519 441604 440684 282
293 466546 467789 459606 460091 462
294 465795 460160 449723 447083 412
295 380731 379980 372612 377209 476
296 447590 439638 453445 446315 466
297 602853 601384 598753 587331 478
298 670524 670332 667140 666993 493
299 536739 538463 529001 535132 497
300 685457 683945 683992 683420 491
