1 553813 519880 503897 525293 298
2 547199 530142 531584 524940 229
3 580370 589147 557723 585297 267
4 616611 611181 621901 616145 387
5 601334 556514 584519 585436 205
6 860834 875209 893039 876266 138
7 1008838 901918 819000 788461 126
8 723984 714323 732372 697727 116
9 706662 705405 679030 670921 330
10 623625 635926 585690 583127 273
11 682091 680198 653268 637885 266
12 748330 709726 693320 683675 229
13 710065 712521 693724 696156 141
14 590167 589126 528649 534850 224
15 605129 599993 561063 560717 179
16 506258 526521 481819 497868 119
17 530384 532432 502098 499167 182
18 580253 584121 578098 584306 237
19 711919 701693 725576 729744 388
20 614990 615239 605177 602552 413
21 663899 644283 616274 609342 343
22 616565 594971 599692 566031 276
23 728548 704740 694416 688707 177
24 691757 695278 658502 658312 221
25 643362 616720 611188 592810 285
26 762101 720915 725475 720259 271
27 679347 657232 651265 641035 447
28 688207 723212 717648 720694 328
29 638243 627053 642799 621741 484
30 733530 691625 705032 692755 398
31 685302 681433 683722 693753 497
32 632506 636717 633363 636837 483
33 691160 691094 690371 689189 454
34 744812 727129 737519 702155 438
35 720268 723049 711203 723536 489
36 655489 661155 665384 689065 378
37 703260 705527 703637 702259 483
38 731976 720366 708041 709904 468
39 650649 647489 662785 667344 257
40 654504 631110 608867 616452 377
41 711895 715524 693995 696895 207
42 707169 729257 692191 691639 396
43 632912 637953 560087 566499 164
44 572886 555399 536460 536371 183
45 576409 539876 543905 528898 79
46 587839 585792 589904 569577 144
47 637550 713037 675375 676880 212
48 630650 595650 594873 565019 358
49 690425 663472 652686 643715 339
50 630782 624208 616375 608047 217
51 571335 570773 548811 507779 157
52 698057 656967 655637 630876 255
53 605472 604675 599212 596927 349
54 648185 611778 619190 605425 239
55 801515 766041 767698 770154 153
56 765752 769081 771983 730698 78
57 714712 716806 737682 698206 345
58 666040 660316 675797 686544 485
59 690491 664961 675614 677027 473
60 799398 765936 759298 762975 486
61 721810 717639 686514 701434 498
62 588903 547431 570767 571360 235
63 704826 721782 637999 631519 148
64 688641 638593 648263 657167 335
65 696399 695593 647504 665625 394
66 684749 650942 638774 590076 343
67 632300 651651 643255 629832 334
68 741625 656123 659803 645721 272
69 772048 755689 655675 641292 235
70 657339 669906 644210 637260 105
71 716790 697252 674561 614628 118
72 593078 566503 566831 575830 228
73 491661 476848 454165 474993 113
74 469773 511741 503363 501511 232
75 529551 526448 518906 515746 249
76 611619 591954 599957 586916 408
77 619626 621763 637949 633783 471
78 619746 602049 598903 603882 391
79 630407 607040 605237 590586 258
80 621773 602347 568308 584647 319
81 683107 618858 624860 613879 364
82 680106 660865 662917 657171 412
83 664052 649095 635008 645282 147
84 843252 843040 817167 776848 97
85 719626 705581 702939 709922 476
86 657617 660549 661049 657486 263
87 671023 679052 669794 668703 493
88 684992 666174 657483 613995 258
89 720175 673464 687775 685224 382
90 592769 576773 601381 604173 493
91 671474 701570 723059 732788 473
92 683970 690701 691785 692285 467
93 726615 719581 696415 691093 408
94 662161 663462 654539 658290 409
95 701413 671497 669425 663746 310
96 674610 673403 650483 638118 306
97 711220 714585 703352 705578 217
98 721320 701729 696513 670618 481
99 819927 820460 801431 776181 476
100 839053 797876 776676 758073 426
101 642075 624499 632497 627819 192
102 543526 521154 484385 480514 155
103 606230 602073 601565 608150 196
104 616875 619020 600186 605763 298
105 678730 669265 596865 587723 331
106 586721 575599 572752 564723 342
107 643242 626765 642571 628936 344
108 685114 697636 640884 644233 490
109 581429 585772 562494 570423 440
110 655067 649832 653797 617239 439
111 732392 685416 694426 685618 394
112 660883 663505 586339 584266 485
113 661015 645791 643560 636744 383
114 710555 698219 721024 709210 352
115 723920 706605 684278 630918 204
116 600517 604731 601621 589877 281
117 825159 789879 783021 749209 242
118 726992 704694 677174 664046 437
119 707128 693314 685622 639009 440
120 824773 818312 792463 791925 403
121 928909 922079 922495 909786 495
122 708522 710307 702947 695908 488
123 784014 807848 757087 775272 490
124 826689 834431 800473 808936 490
125 718949 713213 728562 717897 463
126 792378 782648 759369 747176 486
127 784287 753508 749497 719734 176
128 860527 855442 871974 842542 173
129 767750 762637 765928 768086 254
130 516889 474462 449147 457355 262
131 621578 662173 547114 511326 176
132 473389 464481 462895 463396 311
133 611686 620721 593000 616069 372
134 694207 674260 666053 703080 374
135 684679 686658 675996 671082 468
136 681614 714904 652700 664962 366
137 683263 665958 616772 617822 445
138 608926 646554 520865 526501 297
139 709153 653749 694794 681421 345
140 707158 725700 571211 603958 340
141 813003 794041 795691 775085 236
142 848275 822045 835307 786822 67
143 746203 763802 698443 697825 108
144 678784 693897 701554 695216 111
145 627601 626747 680947 668265 337
146 690318 672985 673139 667121 357
147 686504 687913 620595 641483 387
148 769164 735013 725565 688196 342
149 728741 743657 732161 736074 187
150 745962 721679 654005 680528 356
151 726021 718678 724163 686661 459
152 766351 770529 747849 746066 492
153 591237 655361 642542 644101 449
154 714384 715019 713513 712558 485
155 748473 748610 737111 728410 358
156 501938 522200 457292 455618 187
157 627725 611277 590294 563714 245
158 560675 558302 570414 570421 341
159 478623 488508 451542 448079 131
160 570790 574802 570914 590147 207
161 601826 584941 598341 593459 240
162 642260 607352 611828 593539 280
163 671842 692481 688069 704602 167
164 632600 638008 645996 648926 438
165 647339 636656 626838 632696 500
166 647310 655466 634398 637224 424
167 641861 554337 543919 502959 304
168 693484 672300 660697 659775 325
169 689446 706117 669106 673485 412
170 546211 518458 513053 472945 181
171 663367 585875 622528 622070 81
172 728086 711674 704008 684477 131
173 682888 671716 683227 673497 315
174 679122 691590 662653 673233 228
175 712111 698790 694739 656932 457
176 719963 703750 711960 711986 190
177 713861 726984 670767 678786 455
178 597677 592428 596973 540381 300
179 644788 628312 634782 635249 444
180 651346 658256 661138 659591 335
181 677543 695628 691566 632484 485
182 712156 712576 705096 710322 460
183 747380 741634 787034 776166 489
184 807053 812845 775472 789865 481
185 730892 737298 744805 723681 481
186 797642 804926 763207 759221 414
187 690175 669342 694424 677385 464
188 594972 583589 561642 554302 344
189 608641 625974 593607 603486 334
190 631665 629801 634550 620723 366
191 712000 707967 664433 675719 440
192 691713 699498 703945 727977 330
193 691181 673956 650915 645277 386
194 737882 706872 701042 672258 409
195 751314 732439 722521 721090 468
196 876684 825218 885815 786895 187
197 779009 762477 742996 742595 265
198 742813 746698 724356 736873 342
199 709897 648305 620570 567035 115
200 650116 689687 547990 541191 203
201 599172 583284 572343 546150 347
202 767271 705221 734926 703435 325
203 744800 711984 700004 662419 361
204 623962 634830 654341 641608 295
205 640700 614011 615983 593875 174
206 652325 648850 618519 624130 296
207 676570 687042 692674 679791 361
208 715758 710817 732077 788438 464
209 711876 688143 676777 692367 429
210 703950 701137 714836 707010 481
211 688231 688911 648016 657902 409
212 607790 589353 589017 568758 400
213 843887 851459 848386 818207 444
214 725101 738382 724527 700189 497
215 655494 638920 639849 633044 433
216 623931 610716 618649 575009 325
217 559573 553388 560974 556788 272
218 514351 515271 474641 485322 237
219 543267 536137 532510 533606 193
220 514461 497877 522141 540977 260
221 670065 648424 649949 651977 342
222 612573 638123 641544 655174 161
223 637613 617023 652199 594691 360
224 620606 626442 588858 589515 311
225 615921 614415 592573 609803 367
226 591243 607758 580993 558786 338
227 604564 569954 547432 549091 221
228 634570 652946 617206 635984 434
229 591903 552108 549141 507245 249
230 662292 625994 626906 595230 136
231 574079 582353 599857 593502 317
232 569585 545341 536616 530894 262
233 599488 595890 580679 533648 333
234 664146 634981 636499 633567 192
235 518929 500464 483730 482387 402
236 628082 626865 614054 591438 421
237 485622 463246 461325 462750 230
238 527904 546699 573220 572133 291
239 546843 550812 560778 547577 247
240 552663 570987 575100 569313 426
241 670194 648736 621649 613582 439
242 660669 653178 642384 626392 376
243 652332 637825 644674 644788 363
244 615618 596757 574427 564061 203
245 631299 665264 665400 613493 363
246 673986 626767 619374 581533 308
247 601380 592682 587076 574566 165
248 505741 509318 489952 490696 240
249 565460 528405 496971 499214 77
250 552838 533387 512936 513404 123
251 488872 489200 507527 534902 148
252 613061 608679 600612 598043 281
253 612727 620165 588338 608459 257
254 593520 611786 590170 587686 325
255 618152 601324 566970 541294 255
256 579445 619675 561439 581867 186
257 552765 533720 518776 519197 280
258 682873 630838 626230 603510 162
259 520688 514318 486729 484456 195
260 558277 578312 563317 560394 261
261 711087 704608 729918 669428 196
262 762133 735720 734074 715892 240
263 599517 587868 596940 621210 66
264 603223 592023 586033 526864 191
265 602801 586646 601293 601452 214
266 610558 634575 610094 611923 316
267 644110 607500 605758 607930 190
268 613035 613257 596381 598194 290
269 486464 490139 486703 482668 278
270 637291 641603 672872 671895 388
271 718685 715642 751121 736876 289
272 626115 602299 613863 579528 179
273 667723 672600 679826 701952 103
274 785359 757084 781412 740984 313
275 732473 722532 712566 702861 244
276 608535 593348 610790 601358 304
277 494470 496650 466256 468104 133
278 485770 495735 480354 471416 222
279 489950 462781 461902 445990 292
280 551185 529537 551091 543576 167
281 572976 578229 522950 517856 144
282 614696 619542 625261 617968 130
283 589196 583401 582221 594473 346
284 553844 544027 503894 502089 341
285 593683 609422 534681 523633 251
286 553444 527728 504259 490850 166
287 595422 553679 514774 489744 101
288 587317 587722 605214 613138 98
289 508422 502719 459076 455407 160
290 530376 527983 516638 482767 114
291 794336 783735 798162 778053 33
292 911178 962447 996524 971157 40
293 736990 720369 711406 745862 70
294 692221 696496 713330 687302 138
295 621036 623395 623133 628721 199
296 685549 689351 599167 593092 262
297 619302 622514 597020 592226 217
298 653222 621273 612976 591950 346
299 729480 736101 705025 697437 282
300 691644 709006 684149 687013 403
