1 779930 769000 712102 748118 131
2 788908 729766 736785 746774 186
3 697364 704316 680769 684127 289
4 834836 832433 803320 799386 148
5 877412 870021 899632 782568 131
6 678103 642786 647389 643757 155
7 789342 776951 755036 773422 106
8 607055 591501 618780 673585 57
9 657795 643505 610702 594077 78
10 763325 750464 748555 749801 89
11 753812 738130 721153 728016 173
12 807186 766754 781430 766438 292
13 666320 638814 618171 608734 311
14 680854 675738 653081 653748 174
15 693383 643229 661265 668743 294
16 847666 821430 774263 782595 233
17 825611 799858 790208 803179 295
18 945448 934142 929624 941250 233
19 812227 794658 749424 798539 110
20 999268 992334 914768 910714 142
21 835297 792873 802315 805866 442
22 968202 863853 872834 870475 450
23 1075260 1054371 1022335 918470 345
24 983654 923184 891488 895556 434
25 865850 873773 891747 871156 415
26 915365 886794 855056 822020 412
27 909147 891043 887243 855143 446
28 854329 844616 827775 826430 330
29 669990 701543 760653 761651 186
30 837285 822713 821137 832003 163
31 795654 781469 710911 741515 263
32 765824 752639 727545 724957 250
33 938340 948055 944186 903434 316
34 884939 890386 875034 866974 440
35 891526 909574 843876 845991 395
36 923659 944934 913119 911768 324
37 975624 970845 977283 919821 416
38 904538 890268 845192 856420 112
39 826546 996721 847467 828483 103
40 871015 847106 873572 872313 147
41 856019 851181 824057 820829 278
42 883309 891040 824655 792451 307
43 715976 714297 709055 708468 147
44 783432 765468 693219 695269 170
45 834683 812880 816049 821986 156
46 789370 752882 754125 774964 408
47 821889 771084 812726 805577 408
48 864702 827839 821008 804398 388
49 822427 808314 811601 790776 395
50 852797 862036 860769 858872 142
51 809278 816795 1008236 973245 104
52 886831 874525 831634 824058 142
53 847987 816673 794807 724409 307
54 723159 733157 733684 740553 243
55 712442 701504 758956 697919 193
56 789066 782594 740450 774625 206
57 726688 775259 758552 732753 335
58 810412 785446 811118 791312 446
59 862233 817022 804357 798352 426
60 968182 940968 950502 937378 374
61 715605 685057 677891 684676 277
62 856129 872582 861364 852203 272
63 770234 778855 772175 745369 427
64 730775 726600 750201 706139 374
65 704784 710051 701925 702447 371
66 728113 707588 703940 708933 297
67 751254 759452 774617 711728 422
68 732204 730217 746058 747986 255
69 551790 535909 543229 537439 130
70 723804 692633 671683 675967 206
71 642609 627120 658521 639093 301
72 617697 580603 559079 575741 274
73 804135 747641 764952 765819 301
74 732696 754977 724953 748147 473
75 697369 700633 746666 747924 357
76 799179 746539 752770 732044 399
77 672439 618289 597750 635820 330
78 732196 699109 687454 673603 382
79 761438 731885 704166 696937 458
80 809141 816938 768087 703582 234
81 844596 795151 771923 731258 101
82 702881 692281 704873 702227 407
83 672488 636792 630271 612727 300
84 646572 637008 662512 660156 324
85 720577 742158 737536 727769 314
86 735631 709255 741264 730389 366
87 686055 684608 653451 662277 315
88 666301 671782 673370 656670 307
89 707332 733976 730165 711310 292
90 665049 663943 662739 665831 261
91 789756 786545 728546 704682 201
92 654718 657767 673188 675860 275
93 796468 756347 685153 727090 247
94 688697 687353 704455 719287 220
95 809667 730079 781323 740111 390
96 622567 609197 625631 637787 277
97 832337 755419 704097 670432 257
98 995679 1008487 913338 864560 95
99 805136 856850 883929 867223 34
100 711519 695183 667883 665976 253
101 667476 603722 541468 521310 155
102 721055 756017 684396 645830 155
103 667414 662640 669252 664252 317
104 576356 585296 590534 575887 122
105 737325 730943 674916 671108 104
106 723214 703410 677855 668228 360
107 667581 697652 673133 646906 257
108 647367 639289 639943 661551 384
109 691857 709629 706912 696749 335
110 756657 711484 683911 690249 238
111 816101 840654 807486 808411 147
112 785060 600111 521364 480035 112
113 654044 649474 623888 625742 102
114 679784 687798 631698 606920 123
115 716835 658029 636518 644852 90
116 573232 588392 583837 565060 178
117 678286 623663 615399 599782 261
118 610369 596765 596915 588003 413
119 703361 696710 671569 672000 454
120 653403 640476 628674 620473 401
121 737084 693429 700039 683078 352
122 578319 561593 559143 561129 336
123 493235 471519 467518 460806 348
124 538495 530619 526438 575908 144
125 630317 651795 645213 643624 131
126 672254 668854 693370 701123 391
127 673899 673043 640193 639125 408
128 621641 595162 727955 742244 271
129 610776 608259 625248 628717 206
130 617171 618202 625639 627953 274
131 568094 565329 544412 546740 113
132 550318 553032 534187 534334 160
133 573108 593508 591403 595145 205
134 510258 509653 493545 494637 176
135 508661 539360 494894 492322 124
136 543936 567467 632923 629240 191
137 716052 693700 701193 699912 305
138 651144 633920 648711 660917 366
139 629046 616292 612616 629980 286
140 580098 579438 570440 589664 307
141 606327 599496 613080 619767 329
142 661251 648380 626334 623030 313
143 653570 607260 597397 620003 124
144 780247 726076 703927 696274 62
145 630070 623561 644728 664640 210
146 710143 671677 670389 651496 289
147 646198 658562 654315 686303 332
148 700616 659092 643500 611136 170
149 625367 607560 613481 623444 279
150 625272 612777 620021 642809 197
151 690932 690558 621500 634389 373
152 695737 675330 645870 666143 323
153 708224 682609 647239 704332 455
154 652955 644293 665599 668312 241
155 635247 625368 621721 673366 432
156 749304 674972 675248 688807 368
157 682485 676207 677431 691621 456
158 663971 649963 625982 577021 274
159 773696 756131 728292 735987 204
160 792860 727467 736628 770356 499
161 793798 779232 796772 792768 258
162 610230 576198 548739 578713 185
163 662553 657940 651803 646318 170
164 542974 551757 549592 547072 161
165 641155 621806 593902 649548 126
166 701622 657754 739327 830210 99
167 628217 618292 618150 622107 430
168 640148 609631 613764 617575 325
169 510754 522798 482663 481261 412
170 577220 565320 556687 571299 294
171 627388 624734 610744 629255 184
172 653675 658278 636640 633740 189
173 671332 634344 612179 579305 125
174 694292 714967 698981 690788 146
175 664901 668750 664573 668378 252
176 805466 758202 798553 899312 103
177 691360 641208 648356 641324 270
178 647047 638491 631913 633673 343
179 534510 510960 511650 549308 118
180 641343 607270 607937 619654 106
181 665759 656429 642074 640541 356
182 618598 604514 608953 608094 316
183 558845 526529 508284 506388 328
184 687368 645038 619669 616812 337
185 665344 681776 683039 636950 209
186 656045 640862 669086 632449 440
187 715778 735258 745386 714548 222
188 730217 756051 689244 659220 200
189 768863 761889 707068 699719 101
190 716426 689171 689047 670870 463
191 757536 743979 724753 719958 372
192 582132 617625 529530 496195 213
193 665918 677684 608380 619758 209
194 708988 707523 685332 722203 404
195 713756 671605 660544 694663 454
196 734416 726079 705622 718083 474
197 770008 723915 722860 729952 487
198 868573 837485 833096 859963 474
199 801338 776894 741219 780717 463
200 886776 882976 870518 880978 469
201 704907 677058 666348 699803 379
202 561771 548296 558072 570097 259
203 547381 532114 548415 502148 152
204 553787 551377 531134 511481 75
205 570908 558428 555821 560484 198
206 603800 608181 649374 623882 120
207 599108 552028 551033 506950 187
208 650791 676260 604747 565779 65
209 623808 607170 620578 625081 177
210 566274 532844 522425 584197 254
211 545209 510590 522042 584255 211
212 577054 561690 577483 575985 260
213 532937 521242 590780 580951 241
214 689487 622673 597000 536059 100
215 645523 593646 596223 617787 227
216 651734 625712 625660 629815 259
217 735880 728321 715758 723035 244
218 621725 622909 580681 617251 154
219 701618 681477 652356 646740 123
220 645308 593599 583869 622811 193
221 708653 706820 664228 649518 282
222 667824 644999 624799 618301 288
223 560876 546881 540696 552281 189
224 649712 635033 624436 611123 232
225 680281 669971 669457 644479 325
226 635114 674133 602601 593148 258
227 554002 555938 548616 542768 242
228 631907 628458 610717 597833 267
229 679500 654163 650018 663155 347
230 791111 741669 731885 734601 323
231 787037 764338 767207 750075 400
232 671528 672723 656033 655097 480
233 746974 757089 732424 728288 334
234 545699 541407 502309 480523 223
235 697679 679464 676634 655861 225
236 630630 621060 613630 601543 242
237 749532 673002 674814 649490 194
238 761736 757468 778899 782931 443
239 764285 699164 700748 704470 483
240 710662 668703 672127 695168 484
241 681541 696343 697059 697725 433
242 754492 696038 701043 701262 454
243 607957 591230 582817 601178 461
244 580816 579783 575336 576975 411
245 716493 655995 663711 607440 481
246 617760 615121 601361 602790 344
247 738474 683759 691828 692092 378
248 790126 751123 811428 797720 443
249 635597 631261 632554 650687 279
250 743326 674396 687865 665806 293
251 809881 787988 774839 736689 477
252 710213 691446 704254 676570 335
253 732355 668021 675755 656093 411
254 713245 704917 695407 702798 484
255 783354 727933 733914 744671 493
256 737474 700348 713675 719208 499
257 656888 632602 629875 644693 459
258 613859 572348 573066 589051 391
259 640989 606866 611720 617822 372
260 685940 622769 596153 652120 416
261 718453 679460 705628 755364 478
262 827016 776501 777653 790528 460
263 959866 939015 932211 956829 486
264 882071 879465 870539 877117 334
265 686041 666021 642142 593911 335
266 811871 775831 754470 716060 372
267 711286 725475 706844 718698 448
268 814562 741611 752019 725620 304
269 751072 734112 732077 704382 435
270 759287 741446 729128 714831 427
271 746707 736076 728837 738291 384
272 859507 835675 815260 802776 485
273 746621 726925 732143 727956 495
274 680973 651249 672921 671844 465
275 739971 714830 718416 729237 482
276 777822 735649 733796 753678 487
277 751700 726894 728137 727241 477
278 826655 805679 803600 759559 437
279 812951 809442 803526 791951 493
280 799019 751650 758002 671463 308
281 732555 762939 763659 754513 197
282 808140 814590 801848 744525 365
283 833535 840298 834204 833528 414
284 792591 744303 743782 736128 244
285 814130 795480 804752 782540 337
286 809884 800065 791552 757436 431
287 783259 768852 764269 779823 465
288 632244 665938 667959 661612 327
289 756612 731953 728925 739227 491
290 750630 730515 700719 747958 443
291 761798 737091 706425 744840 416
292 799970 729722 725853 727689 464
293 861797 842907 840895 848950 433
294 914148 920898 907353 907502 293
295 771578 757010 672319 660460 167
296 766698 754772 748598 738312 191
297 726352 734130 725026 701913 220
298 732455 742468 767356 734976 142
299 639123 631939 607411 586683 238
300 671833 661969 658958 656503 295
