1 808548 808548 808548 794662 498
2 983284 974705 943399 948444 478
3 599197 591638 603410 603593 463
4 794639 765305 782181 789140 461
5 700696 679695 704449 724759 459
6 814934 815441 790197 793293 471
7 853256 867330 843643 827232 470
8 834690 828042 803129 822599 479
9 846141 853905 843114 816655 488
10 833830 818190 792363 784046 490
11 838381 841784 840241 860640 491
12 798027 781529 763582 762954 497
13 956751 930111 925803 908940 497
14 822727 816710 877728 886141 499
15 783592 782634 770240 773731 492
16 726574 713197 702627 648420 453
17 673384 675320 687027 685640 487
18 746800 740727 731882 752098 489
19 880463 841021 781438 722015 482
20 845732 818686 742814 734057 373
21 757821 762524 753648 741243 461
22 762554 768103 744773 715226 477
23 763184 769273 758539 766071 481
24 745409 755481 776429 774096 465
25 794009 795918 794446 800470 444
26 808285 745987 782951 790125 495
27 828774 845388 811405 780845 482
28 772852 771181 800309 785988 486
29 760050 733974 722227 723384 479
30 736421 694899 629980 633806 439
31 839602 723678 670384 638402 371
32 718340 710728 699343 678465 481
33 616353 601147 568589 564014 438
34 659733 652291 671100 652073 382
35 649916 629621 587895 589571 428
36 627002 610509 609137 617509 403
37 768312 772264 693447 654284 472
38 694117 668869 664543 687247 465
39 725494 722198 687231 685189 467
40 695233 701002 702519 702770 468
41 714709 705255 641926 599385 471
42 572659 546239 564090 556547 391
43 615192 627911 616207 620695 351
44 670185 703009 654997 628664 454
45 652367 648330 644261 652897 343
46 703093 707077 676930 674131 452
47 686986 671106 643412 642236 496
48 683100 628378 655788 649851 341
49 704907 716064 707960 705945 381
50 611700 643800 618901 632257 340
51 599710 611123 603951 600982 373
52 646441 673279 652444 618759 375
53 625678 640685 642236 643209 239
54 670323 662892 652878 646300 320
55 732656 705733 680830 687521 290
56 697611 699308 694111 690936 359
57 720535 716227 719304 698261 403
58 743120 754517 734218 689215 456
59 692434 718026 687243 639453 331
60 744291 699427 711914 616315 260
61 615618 604041 608948 608776 223
62 590975 605693 594302 590493 279
63 552360 574793 510659 535187 322
64 652164 645152 596838 610036 192
65 676200 675986 678085 639472 369
66 588742 578177 561788 567684 389
67 620778 603204 586649 595943 224
68 640221 628997 635591 635699 192
69 673468 686040 690098 663739 328
70 587063 591112 594296 591706 371
71 626724 645837 644005 627993 244
72 614998 623781 643358 604187 254
73 547459 532708 540272 540547 330
74 646189 604502 612358 574527 315
75 628270 582707 628564 615120 228
76 713066 673270 649586 612321 322
77 834320 872069 739970 643216 386
78 696097 690476 646489 605019 329
79 566212 562127 572991 572477 306
80 691048 728358 625706 529670 387
81 656751 615289 634977 627180 161
82 637522 631025 656675 669989 417
83 637525 636283 634608 607146 301
84 565819 529735 532457 527706 240
85 507521 487816 495042 492249 177
86 583748 546623 544425 534319 234
87 677544 659632 605655 606455 337
88 795734 692782 686030 690677 378
89 820050 822073 793818 686529 485
90 737614 712145 673485 643572 320
91 640851 628398 616777 614017 181
92 729145 746964 678727 604339 489
93 662815 659309 665432 643460 491
94 678682 678674 649081 657181 495
95 661250 640125 641591 621562 492
96 512687 476507 499441 454552 487
97 585678 568297 574590 552382 494
98 664211 647987 634829 630363 488
99 708500 700786 682916 684037 492
100 741521 704591 698214 668905 490
101 796210 789478 767890 727461 476
102 847635 745398 727372 696088 319
103 687187 682854 623385 575518 431
104 573455 574130 541987 542848 334
105 611038 601293 556210 558469 284
106 694708 698981 692553 633226 403
107 702883 695779 678122 677576 491
108 760346 712298 693311 692523 486
109 650100 610458 601897 615997 479
110 706570 644544 631605 606682 482
111 708669 701718 698104 677471 488
112 722070 717240 734860 734635 447
113 679141 634067 636813 619636 422
114 748894 748593 706065 642320 347
115 704507 691199 687664 681708 394
116 821246 836302 830017 819062 475
117 728469 688517 686675 711345 461
118 729262 710456 682609 677681 457
119 774841 783361 744587 696134 498
120 713074 706643 681653 674675 459
121 743733 743100 755271 743100 475
122 790367 788916 776248 736356 442
123 750871 749233 730419 723789 408
124 783975 758962 764288 764007 494
125 728829 722322 731983 726721 484
126 692657 682597 695075 709163 477
127 656681 599158 611355 601289 468
128 727431 750190 752051 727106 463
129 774883 773708 725557 711601 487
130 818264 795584 805133 683486 476
131 687626 705812 703550 704315 452
132 630630 587673 583766 584972 452
133 740760 737667 718782 691697 378
134 758255 719242 694328 681200 459
135 762796 751693 767022 741091 430
136 772167 760753 728299 711349 500
137 766003 755699 777473 778703 492
138 743677 735583 728684 727682 483
139 712903 658700 566486 521227 216
140 721377 717852 735719 725234 396
141 801914 766926 744517 726137 457
142 883881 767103 747068 724441 244
143 1017049 955525 905071 728884 472
144 717890 718672 717434 716502 308
145 730639 690065 716834 709908 416
146 785975 750283 737789 754398 305
147 909113 900109 889476 832533 482
148 798014 771708 725439 727132 493
149 842906 840945 838643 825157 495
150 860687 850508 862825 854477 467
151 864989 852879 817200 737133 451
152 623316 611185 641210 636656 360
153 656790 634504 643144 626014 483
154 819220 804795 807523 803947 471
155 869503 849201 817898 844818 493
156 980081 977096 982393 941192 489
157 923287 896860 780334 780373 484
158 823474 824539 798948 802681 466
159 921804 891642 865501 789365 470
160 767783 764481 720081 716255 441
161 823135 792234 779014 739261 263
162 1005372 985401 933526 770442 482
163 774680 761031 770657 771009 454
164 818711 821991 797317 777313 477
165 836536 806549 806329 792587 478
166 698452 700273 698593 662191 481
167 851647 813052 818623 816127 487
168 957472 955615 917386 811938 470
169 846456 838550 862527 872107 482
170 971313 945284 896595 903596 482
171 1053762 934154 924720 893367 485
172 1077828 1022277 1002709 821750 478
173 859649 822909 790652 789633 476
174 801663 794201 838981 823334 455
175 789556 802059 783583 777677 425
176 996429 996382 953606 912279 471
177 951045 941901 935534 952490 476
178 886393 888737 888612 898759 463
179 945959 939383 906498 848052 478
180 841396 822003 867874 858744 489
181 836814 804611 800033 787145 485
182 880044 806410 808100 808862 490
183 899461 803507 809362 788157 487
184 954303 968539 887185 895583 487
185 1131409 1117512 1076159 1056594 488
186 1084000 1082059 1098615 1090367 493
187 1045190 1044407 1070009 992571 469
188 937889 933458 879462 909486 479
189 987392 996752 994566 990319 468
190 1035628 1036127 1007702 1024303 469
191 1036343 1030730 1044526 1020314 477
192 1025011 1021789 988252 993219 479
193 888669 858186 821199 850140 488
194 1006936 1005425 1017683 1019649 485
195 1001816 991088 959052 954306 489
196 991507 941259 942769 944718 496
197 1023418 1039730 1054996 975314 488
198 938295 938797 894525 905539 486
199 1045881 970512 911862 880500 468
200 1080017 1080760 1086906 976161 496
201 949919 921252 846339 847550 492
202 857027 737804 700686 660677 452
203 983708 1001077 944127 938412 455
204 1133119 1127439 1080579 1012285 496
205 893901 903069 889883 926266 479
206 1192321 1173943 1092411 1020240 476
207 942494 921499 924552 899279 471
208 830333 831370 806105 810191 469
209 876250 869464 852822 818287 478
210 893726 857715 829978 838900 483
211 859796 843496 836456 828271 483
212 923023 886666 891366 882169 487
213 1013292 1004812 953767 961525 488
214 969539 951225 975527 969574 492
215 1201024 1196151 1064469 934640 469
216 1002227 1028522 1004933 1017739 492
217 957343 941955 977601 966442 486
218 1100244 1099396 1033118 962384 464
219 1006021 949297 993465 999285 446
220 1019086 1015170 1023345 1035468 499
221 1107390 1112365 1105674 1050764 472
222 1069987 1049244 1058028 1070684 464
223 1073114 1081026 1130877 1157527 493
224 1085961 1102575 1127791 1128732 491
225 1110530 1103835 1121216 1086966 482
226 1025220 981585 1047050 1075859 490
227 901680 895247 950953 897390 494
228 1111358 1102333 1127002 1112237 402
229 925980 912261 887575 872039 491
230 765130 744028 728044 732878 485
231 940266 905257 917985 931102 474
232 1183432 1147940 1151859 1141499 489
233 1034985 974888 976571 951602 497
234 1054753 1028689 1007946 998031 415
235 800879 723397 712450 706003 434
236 950182 960825 906261 884742 446
237 818790 832262 784743 775168 460
238 852032 843563 841726 850824 453
239 919009 848479 825816 808958 424
240 815351 801702 797973 796522 468
241 757948 726002 695438 673859 479
242 839953 832929 795558 793092 491
243 982610 971213 968892 965101 486
244 925601 890015 903335 906684 475
245 805549 807546 793334 819310 470
246 971472 973168 955275 906376 468
247 1081616 1111481 987950 1000908 483
248 1210269 1145787 1169468 1054324 474
249 1044785 1050113 1029478 1052374 480
250 1034877 1031181 1004812 1012591 466
251 1151722 1169618 1171558 1173403 496
252 999308 1026865 972346 959499 478
253 907633 903546 915376 931486 476
254 1118157 1070267 1063306 1053006 480
255 1167636 1169015 1092328 1075022 472
256 821673 809865 839472 847025 485
257 805895 791009 741217 745294 142
258 868159 828708 802080 770910 471
259 997553 1010128 1013498 963705 479
260 823747 857792 830336 825291 448
261 871243 870680 798588 812355 403
262 804928 761757 744451 734997 475
263 966514 985387 959952 961717 494
264 931243 889007 909299 858247 481
265 962120 866563 930247 899920 486
266 932932 901077 875756 883113 491
267 956435 984652 1014279 1006311 498
268 1071270 1052357 1066522 1058193 495
269 1111840 1103605 1109161 1135946 499
270 1110374 1064015 1076393 1073349 493
271 1063250 1034267 1030168 1037365 495
272 1177219 1150158 1102575 1111529 393
273 903252 861790 851059 828991 453
274 852514 847576 837936 841425 425
275 743649 750882 732341 729667 429
276 621629 608791 530846 535575 469
277 775350 772256 772864 775421 478
278 937411 925814 895184 840673 479
279 979008 946406 941606 937305 490
280 792381 803059 804188 809687 491
281 1023839 1072519 1046367 1048687 488
282 832810 835617 820051 816224 498
283 813444 832183 811768 820218 492
284 896789 901151 881502 880685 490
285 978684 969966 1010463 1015104 493
286 1075370 1080135 1024831 1013416 490
287 1003743 1004410 1004064 999846 480
288 831824 812303 777071 783472 467
289 1014765 1057479 985644 981057 461
290 1103267 1091301 1052871 971903 288
291 662242 679422 708115 729074 436
292 841444 842482 842017 813618 473
293 883168 862162 849935 853633 496
294 777002 774888 759072 749511 482
295 931084 896064 891132 843267 492
296 867475 852833 871723 883865 482
297 926530 929102 907687 891908 464
298 938702 954279 934506 931909 489
299 900688 886592 872497 854112 428
300 782361 782340 798817 799294 489
