1 539757 539757 539757 549065 278
2 722324 722530 731171 730454 292
3 671716 671716 671716 671716 261
4 730814 729619 712556 709926 283
5 476238 478854 477485 472236 311
6 576979 578527 576416 570847 311
7 572583 572583 572583 572453 331
8 684337 682983 683189 694282 276
9 784574 784574 784574 784574 320
10 715394 704854 696578 690280 301
11 740961 739255 755667 757135 319
12 714905 728813 737147 742152 268
13 728030 728030 724370 723163 253
14 557744 608871 598226 598193 320
15 742210 721451 705560 705250 256
16 865876 802605 764332 755088 229
17 762645 728089 683492 671185 234
18 658005 645190 592880 593441 228
19 761568 722835 693141 686623 222
20 799001 687039 637547 635011 245
21 709160 649787 578192 577415 289
22 627542 659976 618677 617375 209
23 756384 660574 616059 614215 200
24 698811 588082 526998 521873 189
25 608654 602108 607647 604318 216
26 595038 557024 540692 543146 227
27 791927 754608 742345 743623 223
28 548468 484201 490186 478183 234
29 648560 637697 631896 626382 242
30 574683 542482 562503 577102 233
31 718503 718809 702708 687128 306
32 532089 538312 537208 539877 238
33 492966 476046 461156 441942 230
34 758227 754672 769475 777530 218
35 737750 623058 657776 659485 234
36 660093 678889 669999 670434 266
37 747551 693988 671238 672483 227
38 830965 701530 691824 692883 196
39 828002 735067 699703 696002 215
40 636454 619535 604678 594210 249
41 615246 593855 579546 577532 216
42 584751 614620 544949 544589 218
43 598076 585417 560013 563700 196
44 615578 584641 562225 562795 187
45 593245 577382 549127 549264 181
46 607664 633261 619377 613541 181
47 625733 613837 569042 574425 278
48 628785 658341 570628 578239 188
49 621271 620144 595059 594523 162
50 567165 519760 519901 504265 250
51 637729 635023 622802 614764 251
52 711671 645156 604497 609864 212
53 642948 624515 590026 588626 205
54 600397 548191 485495 487616 230
55 600575 639615 569065 576412 187
56 579698 606965 498714 520127 198
57 552184 597522 536822 531048 227
58 599665 601137 556222 572975 260
59 613208 593889 544784 551251 265
60 616131 627362 553830 586160 254
61 536699 599954 529164 534326 280
62 664375 698934 628622 632267 324
63 693501 644324 589299 590846 267
64 695865 648463 597984 596411 280
65 669767 656489 615230 624719 244
66 687444 695143 638058 650382 281
67 621476 650512 599096 601570 257
68 601662 600414 583114 586001 256
69 634757 589135 572015 560726 260
70 610534 608228 590276 590803 267
71 595273 528427 514115 507566 301
72 596386 545584 521452 515820 321
73 605854 604952 616862 617229 290
74 505769 527953 514993 509607 280
75 518565 521438 516593 514685 336
76 636826 620485 580472 572875 336
77 742994 720353 676440 712605 329
78 496501 512553 557381 562079 253
79 571747 595904 525602 524275 243
80 609652 618619 620274 615652 282
81 633404 630978 633593 627739 298
82 573272 569656 522412 522126 263
83 540788 581401 549572 546447 323
84 718634 719238 718451 720394 399
85 566701 568422 595253 586643 383
86 597261 602291 601825 604043 303
87 858812 852884 834682 841581 389
88 550238 559320 556484 538186 320
89 821641 809526 793518 792298 352
90 753084 748448 724304 724972 253
91 756368 767068 766708 768987 308
92 672225 675159 626977 652424 265
93 492159 536573 517990 501190 291
94 671858 662734 617464 612230 365
95 639364 621224 576305 575698 465
96 616649 636727 650559 641901 435
97 700882 700547 679429 676320 315
98 651977 670399 604758 614294 360
99 647968 670250 668547 669134 474
100 570133 591936 546057 535676 399
101 713311 738706 733255 741477 416
102 735757 737577 697736 682855 483
103 630743 626796 644091 647686 487
104 678137 656273 603335 603102 464
105 687022 671522 579611 570466 448
106 599397 648995 534482 525267 247
107 513462 594389 523445 518682 239
108 530358 610333 526606 525896 286
109 725359 648644 578187 551660 248
110 654518 649739 602808 601969 281
111 624452 646628 583925 584832 265
112 657959 669674 595349 590380 192
113 668341 678665 607868 605964 170
114 704921 707080 627888 628654 241
115 770082 790260 586641 612487 165
116 763326 672827 578760 578675 171
117 769140 638124 589651 590806 254
118 662529 566183 542882 543426 251
119 608149 502220 492063 491097 300
120 643918 622651 594792 588765 329
121 680621 676226 630678 625206 251
122 689350 572768 531409 526636 270
123 599307 601486 565574 565079 286
124 548696 560415 514219 509779 328
125 666291 669938 636039 629679 285
126 675007 651715 573796 581290 265
127 611368 535584 532264 524527 285
128 706127 730795 680109 682406 297
129 592830 570553 574277 574707 276
130 571258 545035 592996 591241 187
131 789107 757531 769693 766204 242
132 641959 659130 656062 648819 313
133 772034 758958 675856 687452 77
134 771642 714856 652036 644518 213
135 581595 527809 550997 550210 259
136 644023 647056 603912 602071 215
137 617122 632308 585547 581499 232
138 602588 579008 515569 515298 178
139 597683 601206 566987 529721 181
140 653833 621046 556968 559431 181
141 654232 610699 539413 544108 188
142 596852 592809 475637 473740 164
143 593425 524176 435041 438746 152
144 535108 496307 467921 466699 168
145 558986 587382 527045 532373 186
146 577810 564291 482339 484209 156
147 589065 569804 483145 485755 173
148 544663 501538 448927 433025 201
149 612324 563790 524610 521000 212
150 664569 633793 543103 547236 247
151 764394 611995 504713 504480 271
152 751502 688603 589282 587987 339
153 707419 663619 577866 579465 209
154 683334 673870 634267 659903 430
155 674440 651541 653169 648218 332
156 793476 725315 642452 643668 311
157 728358 674682 647135 647679 287
158 750064 795765 718442 723044 322
159 774667 752230 718478 731614 325
160 762988 738602 749843 756556 330
161 846964 835813 839535 843743 358
162 652487 657446 675457 681369 388
163 824489 826639 810351 809760 447
164 874878 848809 803615 806054 370
165 907950 795552 746232 792822 344
166 833540 802716 773429 798372 333
167 881143 839646 761278 750794 343
168 768927 787143 782277 767238 348
169 786843 779307 763084 753424 330
170 807288 826554 802076 805099 405
171 773159 819838 755675 754379 340
172 834450 829759 844970 805610 405
173 857318 855947 819079 815643 411
174 949653 939913 961755 958405 359
175 710515 716556 685549 681654 427
176 1049130 995435 1003841 1014481 430
177 900146 907138 904734 908350 451
178 823190 831144 893566 898756 460
179 856860 850353 867576 855858 435
180 869577 813652 814683 816948 432
181 934442 876418 844350 856793 361
182 877341 863035 804256 804982 400
183 805989 781456 757964 757850 352
184 837634 825140 785307 769954 359
185 859617 809208 683756 689399 375
186 851243 840819 793268 788814 367
187 705546 714333 658303 654133 351
188 781446 830896 766315 766427 361
189 798880 740659 655699 657713 316
190 766046 717083 701990 697223 318
191 809165 794343 744176 742657 308
192 805112 764525 701035 706286 323
193 800613 775533 676253 676774 316
194 797395 770239 681482 682996 236
195 715762 647511 604897 604209 301
196 778969 738451 687569 687069 270
197 737132 693404 647979 647110 237
198 717147 711419 660094 660182 230
199 706310 715048 658638 658570 256
200 680940 638597 548955 535116 238
201 672838 632505 568244 560639 195
202 664499 604674 498725 500438 238
203 602958 571196 517387 515335 217
204 627596 633367 552565 544227 179
205 633613 572498 500216 502902 157
206 587782 582709 511251 508521 180
207 622363 640180 547181 545731 184
208 709024 646161 562898 561931 176
209 669419 646702 609320 610432 215
210 604636 559459 528790 533459 259
211 675197 604688 554553 552689 255
212 646042 647128 583257 579682 226
213 728917 680193 643638 642761 268
214 671030 666736 657543 650245 273
215 567324 572680 546588 544209 300
216 636807 638208 609201 608697 267
217 622968 654428 607192 608077 303
218 623683 636857 623701 611957 359
219 631840 643476 599427 599232 291
220 637088 643021 556913 540117 200
221 595440 561175 537969 536887 195
222 619781 662480 705532 677626 318
223 589139 601332 572660 578000 264
224 619319 621859 540001 541807 269
225 546105 551245 506766 507744 215
226 550138 571055 546973 546876 272
227 602958 559578 488346 487143 273
228 598101 660839 604451 611614 285
229 581857 627972 596849 580646 272
230 574615 621931 597476 583406 315
231 608399 653741 602525 606856 259
232 647940 683293 637088 631233 272
233 585309 605267 570108 563318 216
234 585090 622849 555751 548806 305
235 576434 641911 580260 577557 275
236 527933 540989 543452 550659 269
237 521182 554355 547606 555044 285
238 653954 653264 609629 613862 351
239 606115 583915 529747 529959 283
240 653599 691667 641022 646714 251
241 648223 606459 508369 508957 261
242 680917 738836 647474 646785 241
243 727401 747753 690405 697905 246
244 658426 614318 538579 538917 282
245 612105 584423 539790 536457 246
246 832629 803914 781175 778054 332
247 656821 648230 655371 618136 331
248 636213 621857 629850 633338 365
249 795766 796945 823027 816668 360
250 594713 596240 541419 516962 385
251 669498 674060 652144 652980 337
252 737604 728649 739761 740595 446
253 679890 653920 645309 638646 425
254 660000 653485 660347 618079 446
255 655852 660911 650765 647241 359
256 689588 671650 669406 690223 296
257 695335 699015 694268 701323 314
258 569359 581383 597301 594882 316
259 761480 760220 749369 752349 376
260 671782 728999 725523 726387 348
261 662786 664886 665270 668632 264
262 638801 555356 588886 597485 346
263 747004 755560 705841 706824 314
264 666423 723592 707981 707651 294
265 677309 629073 599443 599281 293
266 859643 728512 741616 742957 339
267 864391 788661 773397 769886 353
268 736439 648271 629310 629313 326
269 697142 682793 689415 681538 372
270 703177 608518 650042 642888 382
271 726688 707801 675003 671459 388
272 651956 618981 666504 665928 402
273 801763 805991 704253 701059 419
274 727909 718512 685362 681283 369
275 846999 757426 692433 694770 363
276 838956 750730 682001 680609 296
277 850643 776758 748073 748126 337
278 671928 636290 613598 616077 343
279 751973 675058 666045 658946 333
280 655653 618736 608946 612146 372
281 744485 690412 653310 654248 337
282 686861 590390 568298 569252 316
283 798270 703352 681902 680826 340
284 654699 621338 571472 573906 343
285 713306 620472 572367 575526 339
286 622851 620028 569931 569089 330
287 865738 792412 761730 749470 344
288 706349 694435 615890 615664 347
289 770567 671601 643157 643838 330
290 712828 632109 603907 602797 344
291 806046 747901 669203 668295 334
292 699054 650031 549349 549913 388
293 810928 736122 650872 657817 342
294 709057 648932 541716 537559 372
295 717790 720041 680352 677688 380
296 662189 633577 566133 568075 369
297 748224 663807 620748 621461 335
298 707248 646200 604526 610182 349
299 722430 717381 669960 673031 335
300 637557 611304 572957 571222 369
