1 766286 752375 762519 759505 479
2 864147 889606 859136 854202 472
3 722262 736689 707504 710570 478
4 928572 882297 869137 852920 466
5 908406 874677 791129 787575 463
6 968452 813500 750452 757765 325
7 877086 848202 780824 762344 383
8 797974 788789 720023 728274 432
9 742428 711522 672439 653195 400
10 786384 725735 692424 679193 453
11 786476 780859 716414 725683 477
12 766418 647525 604124 600892 442
13 899986 855436 839471 846483 489
14 572909 559848 603113 573849 498
15 765633 718132 718424 700561 498
16 927347 871032 859032 861187 495
17 573751 628954 616291 616795 493
18 758760 726118 730705 721665 483
19 725597 718825 691889 704213 484
20 865681 858403 833459 835178 487
21 792285 752129 811257 795469 497
22 759389 752179 715209 710222 496
23 767472 758731 798264 816535 485
24 935968 956361 807939 773689 486
25 747779 744494 782988 779380 458
26 832013 826852 796607 799829 480
27 820676 829393 787044 749676 494
28 750464 673985 703068 715619 474
29 851022 852242 791696 775242 456
30 776091 781045 717403 712565 421
31 736476 715052 641681 647827 446
32 803214 797140 686300 683412 334
33 728347 693392 615928 607429 391
34 756236 776198 694898 704193 400
35 775593 690909 633357 621248 428
36 786319 653440 587957 588919 488
37 755926 730373 581715 576233 391
38 761039 714985 627255 622067 314
39 803707 737264 686094 676598 270
40 666020 656122 577206 581480 462
41 712571 665339 629476 626662 454
42 725855 704362 648583 651346 457
43 697667 714934 648532 651159 453
44 678986 677362 614590 615115 420
45 721215 722922 664099 684190 464
46 642022 650316 613439 612087 495
47 654414 618294 618575 621067 489
48 757983 770207 735267 726035 491
49 824642 879936 873150 825341 495
50 714777 677110 724774 728668 493
51 817143 821932 812175 811721 495
52 818014 818845 817407 805701 484
53 767823 813528 793525 804815 480
54 801700 813705 773210 772328 491
55 878312 871440 853286 783494 482
56 889615 910003 939706 894344 489
57 837619 865213 856565 842182 498
58 784609 783589 762358 758353 483
59 737024 736551 709003 712406 469
60 750169 737582 722548 725010 488
61 719608 715831 692160 690480 480
62 703152 715269 687537 688357 480
63 717284 733817 720911 699292 488
64 674945 641451 641664 642258 466
65 620665 638744 576867 576261 461
66 781513 726463 676746 666519 461
67 593549 601823 553392 549765 486
68 645627 691374 632116 629884 392
69 661528 625568 541458 541220 477
70 675130 721803 621421 619867 467
71 648286 611786 526508 525599 440
72 685059 676855 599563 600540 328
73 634472 690405 605550 602786 480
74 649490 606052 565988 570565 477
75 665222 701410 631895 627813 484
76 591315 592721 560718 564170 466
77 661242 663658 591428 593012 483
78 653492 668266 579764 574703 499
79 616559 621907 565765 572585 455
80 728772 709173 664513 662963 496
81 691482 664039 622870 617171 494
82 697471 623201 581083 595204 493
83 769408 732459 680995 680753 491
84 640758 683801 623764 623981 489
85 878857 815203 775962 776109 492
86 749017 735924 733094 733087 491
87 719447 703825 672934 709363 492
88 764381 752638 732031 701259 479
89 762982 766730 740787 701155 491
90 704961 695628 630332 654124 494
91 762325 773894 818415 795491 495
92 781812 781429 728540 721932 495
93 873793 814468 790604 791467 489
94 704910 680754 631795 630207 487
95 757735 754417 723468 725790 495
96 700090 661124 667234 617517 499
97 776428 768356 752898 754656 490
98 758974 759630 699932 700262 490
99 682037 679357 637897 635406 490
100 717402 728324 655943 661308 490
101 695110 715934 636185 618994 487
102 680236 704682 614812 614407 484
103 666831 597926 565776 565363 469
104 732822 718943 700222 704189 477
105 772545 761488 759392 752759 490
106 669630 655589 639733 641914 482
107 652821 616935 615376 614225 464
108 663891 628023 593441 582160 478
109 666866 664057 632146 641181 481
110 675369 589852 503990 500712 479
111 623847 636735 581123 595803 476
112 727615 733855 718276 706191 486
113 760804 733410 754600 753857 489
114 793272 803669 793242 787588 496
115 776268 797275 797005 789365 498
116 829625 828199 844088 846963 500
117 918515 873085 868043 862344 497
118 802947 794668 811720 814918 492
119 754950 730350 757063 760330 484
120 766269 769949 731372 729153 484
121 781914 740340 748446 751311 473
122 701922 705201 665825 663829 480
123 751930 766907 709108 701384 472
124 588459 563950 538833 543892 481
125 715089 666754 650609 651419 484
126 665237 592556 550870 553147 487
127 620506 606933 596067 594413 474
128 562117 605838 527469 523359 477
129 729357 637285 601393 602215 471
130 680747 650396 595878 599450 466
131 697211 626212 571306 574149 470
132 654592 630102 611254 613079 474
133 690287 690247 640837 643647 466
134 728528 697246 657954 654123 488
135 625228 644714 656183 658204 491
136 597424 683995 637380 633008 487
137 788192 730782 748923 749704 482
138 849725 810012 752398 749717 481
139 759089 748798 708852 701769 490
140 795434 769579 724507 724684 486
141 822193 746452 692775 683969 492
142 696927 761225 692698 687552 496
143 879365 872987 859744 859172 495
144 770769 791199 785248 761380 494
145 755093 740492 753163 795368 492
146 751371 837707 823685 862761 500
147 835552 832856 814998 834424 497
148 778200 757208 725189 723462 492
149 820945 851086 854719 831818 498
150 744138 773018 772113 733619 493
151 743067 685172 684778 703068 485
152 809261 802117 760533 762418 417
153 868248 776460 745187 728473 442
154 812162 755113 706604 711092 462
155 838712 755169 749442 745755 484
156 807076 845717 788263 791531 497
157 780479 759931 807085 793025 492
158 784931 808685 783853 764014 488
159 841782 851489 848043 846865 487
160 864959 861208 823042 821048 484
161 826604 817406 786826 773252 484
162 823449 813012 821957 829454 479
163 894128 894956 863542 828481 483
164 770089 758358 765381 765231 489
165 839544 851903 836105 837429 465
166 825713 810373 757185 752927 451
167 700691 676145 645206 645504 472
168 691538 705455 685814 694231 469
169 675245 610346 561443 573794 480
170 671276 685369 667512 663297 486
171 633450 590306 549427 552761 486
172 666917 650967 590043 587382 494
173 600167 571012 529565 533319 484
174 573256 566452 493878 497850 492
175 592953 572945 513364 513485 485
176 639830 618519 546888 546886 481
177 643932 635095 586451 584061 475
178 616079 616197 580546 580766 489
179 761098 686568 591382 591628 495
180 600350 639410 526175 527425 487
181 735883 732313 682148 676016 476
182 672091 650939 605986 609924 489
183 736112 735776 684967 680637 481
184 634780 648633 665630 665172 492
185 814611 798220 762329 777453 489
186 774425 736311 724301 706239 497
187 479339 522947 583472 582038 496
188 579774 590197 612606 621606 497
189 828372 814063 796682 791890 494
190 859764 853379 844727 846649 499
191 879617 874233 858293 884366 495
192 861535 863635 841261 813286 495
193 897681 905294 902822 883586 487
194 829822 843955 774495 771806 494
195 885933 946700 941919 939588 498
196 863132 833946 843834 840866 496
197 959967 979881 925453 918452 497
198 868235 860111 841862 861493 497
199 872467 885758 891538 906826 492
200 759944 768257 764178 762398 485
201 771817 753090 759391 754151 489
202 722728 724479 710559 721894 491
203 752871 771429 691177 687338 498
204 815665 777345 670064 668904 498
205 762990 720493 576253 577736 495
206 671450 637940 572989 573295 491
207 636123 616068 543141 542279 497
208 693186 653564 578030 577275 495
209 677220 679381 602968 603177 484
210 610383 595030 535105 537619 490
211 664658 697553 647042 649596 493
212 723044 730836 636332 637609 495
213 605649 637394 653591 651965 491
214 738956 753681 756990 760757 498
215 698630 745047 733451 728452 497
216 916973 851085 831059 826689 498
217 780683 771226 752941 750304 499
218 812937 816318 811481 806135 498
219 854932 867486 863180 873612 499
220 784405 802087 809248 802848 500
221 837066 840999 854245 851031 500
222 1012678 1072104 1077233 1083941 500
223 810306 846838 816083 829878 498
224 961264 984120 959662 960197 500
225 945577 926574 909971 779565 477
226 842599 845884 877776 875046 485
227 795505 802202 785484 808186 498
228 740827 725238 740375 736790 489
229 737445 773800 740400 738726 497
230 955433 965572 963569 962731 498
231 779197 761750 748641 748469 471
232 590140 552515 480319 476937 464
233 455391 470666 483110 483248 475
234 584525 555150 546016 560030 487
235 618729 600155 579713 582372 495
236 559909 556536 516182 515426 490
237 652568 616651 505981 506731 410
238 587466 544678 522854 524069 495
239 635220 638991 588283 581376 497
240 639952 622999 573449 581686 492
241 576146 568758 527326 527467 499
242 757614 712660 716174 699818 496
243 730202 714762 671101 673456 490
244 683073 627053 587785 583852 479
245 704116 721131 629042 605044 480
246 762571 757182 705888 702277 469
247 803544 756810 709049 706871 474
248 857074 768713 714999 711541 481
249 814051 728737 711211 698981 467
250 715458 639019 600463 601707 485
251 844021 745003 652824 653084 477
252 828221 666164 669616 662881 484
253 877474 860450 840148 833237 486
254 901361 884339 884607 935609 494
255 925457 956495 936431 933699 483
256 889993 878625 890133 882907 476
257 890644 869341 763060 768026 488
258 914314 868252 809618 792120 491
259 819747 796694 799350 804354 489
260 775347 751365 710518 715303 483
261 824728 756823 726838 726133 472
262 812689 756314 715695 715263 473
263 760353 721506 682993 674305 482
264 863460 828514 804344 805677 472
265 602474 624262 554790 552232 471
266 733407 657691 588872 588793 420
267 777533 673801 602988 604233 366
268 707070 637659 548692 550636 321
269 694833 624268 556098 555238 303
270 708391 620841 557205 549221 346
271 656325 591243 538916 540917 296
272 704173 579390 533856 537506 308
273 715382 675516 610898 603844 395
274 698234 629433 609785 615506 468
275 707798 655307 558685 546503 444
276 799897 707886 634800 635585 489
277 730289 685212 664926 664809 492
278 662990 638834 633061 631512 491
279 780471 801341 768125 765891 491
280 784680 811739 828169 830003 471
281 698698 613802 664675 666066 472
282 722328 781446 772430 788696 481
283 878762 845752 842442 825667 457
284 842100 840237 861991 822396 498
285 905461 903358 903641 902583 428
286 721637 710706 670563 659908 458
287 866937 778863 743146 708211 415
288 775927 718123 678373 682219 361
289 729911 612028 671563 693763 398
290 830673 798031 748429 748054 398
291 789317 677995 623711 599155 332
292 659458 654318 608032 607062 365
293 794867 729049 690171 693252 465
294 758040 678519 616637 599015 467
295 748488 702646 637786 644871 443
296 660621 642872 579516 586683 340
297 797621 677076 586904 581194 352
298 762588 685771 577721 576920 295
299 738397 691243 649208 649311 347
300 710957 706221 647734 634791 351
