1 626565 626565 626565 626565 499
2 600393 600393 600393 600393 499
3 703634 703634 703634 703057 498
4 671812 683090 656799 671856 498
5 698515 694503 632009 629651 495
6 690740 675616 643355 650605 493
7 627870 631703 629042 631024 355
8 544358 558113 545806 539383 499
9 500954 543832 554780 555749 494
10 665949 662783 614731 601303 489
11 667107 675745 662849 662583 488
12 672127 673140 672304 668981 491
13 648948 673886 665288 667102 484
14 699521 696465 695896 713903 483
15 686932 703471 693921 693905 499
16 680475 672788 649695 646758 499
17 640540 620444 570873 580268 488
18 589289 534965 559920 557943 494
19 678170 671245 608823 588254 485
20 606975 549766 526877 529753 491
21 688472 667702 603405 619454 490
22 681866 642483 648475 648022 496
23 623787 631138 606512 607404 489
24 615150 616734 573379 564827 491
25 568479 517550 616987 612898 495
26 593589 570093 549694 555405 493
27 593466 587443 575260 577105 495
28 613898 587642 588748 587593 470
29 539167 552705 509170 517317 484
30 702743 687562 631436 641445 486
31 738994 724931 672798 667502 491
32 615340 606918 566586 545854 477
33 769290 759297 713757 716900 477
34 789052 780004 736716 703367 478
35 611855 613788 599257 603035 478
36 627508 602746 602091 619908 473
37 589923 613929 563915 567187 470
38 561994 637409 657662 637293 486
39 768460 754302 721347 726171 498
40 678926 706616 685080 685433 490
41 756444 768010 705654 704660 482
42 724424 748381 713110 630875 479
43 689233 682857 642686 680527 484
44 675477 670402 650453 650534 478
45 695723 713115 668833 675225 482
46 688749 648796 619939 613922 490
47 675555 590736 531192 523372 399
48 565093 548731 553178 553289 398
49 723425 667949 593131 598734 428
50 668231 629143 584572 584323 398
51 622404 562394 555060 557879 407
52 593096 626653 633133 603903 491
53 603290 578616 550750 563845 486
54 650021 638946 625311 627578 460
55 651162 651950 610119 599249 487
56 578584 573966 509685 510545 485
57 711482 701537 669865 667660 481
58 540653 511694 499315 497561 487
59 525497 538295 625827 630162 489
60 561975 605419 606772 604864 485
61 780242 791454 771448 760049 487
62 535852 582716 551769 546681 490
63 655055 633401 630975 622550 495
64 601876 623742 609761 602559 496
65 660676 670080 723822 730495 499
66 667323 669857 659082 656293 494
67 728535 734339 694918 693732 485
68 612883 538733 523319 531433 494
69 635849 639445 631522 632289 495
70 696861 631566 613679 597395 480
71 592757 593512 544259 548306 428
72 661877 614996 599420 598020 432
73 573290 561174 533471 532032 442
74 591113 566055 510620 513888 320
75 604316 652693 608358 590022 336
76 500262 494445 547984 547648 339
77 597938 627102 617857 595441 490
78 589325 600285 608137 630828 497
79 622529 611355 659538 662121 500
80 735220 746843 751024 743489 500
81 597638 610860 609863 613465 499
82 656342 688243 678678 699179 494
83 678595 675795 651995 653556 401
84 689032 720332 597431 586663 497
85 646120 597597 630599 640524 496
86 678503 678607 700856 700773 496
87 662468 681542 673617 647437 491
88 539408 580176 514912 513730 493
89 603846 606281 571425 565115 498
90 654237 678869 626642 602164 497
91 673517 670210 688761 691091 494
92 695115 707638 639735 641811 495
93 669931 667825 653395 623239 497
94 646262 661257 661033 658939 499
95 647878 638695 654099 628317 485
96 724242 730729 695449 657372 493
97 622656 608489 607552 599106 492
98 668731 658497 715464 713448 498
99 683901 692710 696559 702095 497
100 756008 719194 743066 736521 486
101 756525 745811 762538 758909 499
102 600569 619649 607889 599925 490
103 740343 698983 672240 670371 486
104 552835 544637 556421 552814 497
105 492783 528657 559091 559237 490
106 648829 662049 638291 642194 498
107 603644 595525 563415 541064 500
108 532580 570704 556931 566057 493
109 555752 573304 565692 563360 471
110 520026 535800 544851 539791 478
111 667080 611285 592066 591372 484
112 755157 655095 603173 600921 486
113 485546 549778 501429 500561 498
114 533569 577097 472264 468545 496
115 537995 560566 498860 506321 480
116 646821 623987 536853 525708 487
117 665127 634709 607188 605164 415
118 622215 602429 554948 557738 475
119 629027 578580 518505 496118 476
120 625156 602935 569571 568043 354
121 633400 632417 505835 505710 287
122 536280 552551 486018 476268 446
123 492111 547477 460843 478989 354
124 631463 635378 524690 529320 407
125 577475 590245 595513 591708 449
126 609417 576800 586982 588713 455
127 645404 677343 643669 644988 338
128 654641 708731 680170 688735 454
129 707046 720632 708486 717496 486
130 635031 651697 591417 567742 413
131 748343 750587 747955 754168 472
132 712565 681981 659622 665014 401
133 722254 719759 720426 744418 427
134 647534 674875 665908 662585 379
135 683514 648188 654686 656116 489
136 579952 535779 536843 541237 478
137 710095 695551 659667 655389 444
138 605639 645417 628983 633823 411
139 600384 619086 565950 577719 408
140 612145 616685 544902 543541 393
141 597827 596104 522945 514078 369
142 556699 533651 535690 515915 333
143 640657 642262 621686 608293 352
144 592631 578576 541400 541511 463
145 485989 500528 544922 566314 406
146 584727 585037 564980 574479 406
147 710919 707804 660951 663698 317
148 602351 601181 604625 608061 461
149 726174 724961 726985 728389 346
150 652478 648049 616807 613817 387
151 655817 658690 669213 664718 411
152 609041 607119 628255 665106 352
153 613362 609080 599301 616012 384
154 604784 604233 608794 608552 499
155 561325 564220 585999 597434 475
156 612991 614964 609510 611877 350
157 701254 681045 692244 695905 470
158 666429 657204 631766 612539 478
159 614627 623533 614057 566352 440
160 650216 646846 641039 630763 363
161 597679 597084 575001 606926 498
162 625810 626181 625388 633676 393
163 558901 563411 509094 517976 488
164 513733 484829 497057 512860 365
165 590414 592143 543043 552434 391
166 581314 584795 571151 553071 445
167 634930 635825 606226 598864 495
168 505825 506148 515543 496568 495
169 689673 679994 669189 696986 490
170 471127 500612 498676 499910 493
171 567182 550848 628696 646408 497
172 558823 584132 662800 659744 498
173 686627 657444 632811 646138 496
174 755545 729293 682214 684936 499
175 684554 640391 660944 674389 497
176 673572 658882 649296 627502 497
177 576640 559836 542580 546297 497
178 547098 543684 547156 563273 485
179 581902 584090 563625 565651 498
180 657328 640847 613146 587527 495
181 573006 573193 537591 538704 496
182 612361 590040 569236 578996 489
183 569016 550048 545677 553006 494
184 625644 627755 620868 595920 498
185 760897 676849 666300 691172 494
186 680534 654643 628030 642677 494
187 750004 749393 725231 703756 499
188 622327 624986 628416 635287 499
189 592283 602841 649349 629283 495
190 706364 698745 698515 676561 497
191 675460 672704 669057 676897 499
192 688458 623097 609390 657464 498
193 805374 780043 749622 774359 500
194 670384 678994 691107 683087 500
195 723724 721645 702723 701189 500
196 619500 635994 616724 616993 500
197 693313 702227 703793 699410 495
198 744738 745486 732339 698147 500
199 620461 618868 609902 607593 496
200 600563 595517 615220 624898 481
201 667724 661653 645490 640831 490
202 733337 742167 692598 690452 493
203 593517 659569 669932 659901 495
204 752423 721579 715461 713399 485
205 673876 656799 658293 652111 487
206 690400 634255 542568 541606 482
207 539476 619805 567968 559256 478
208 566490 563241 522296 521781 493
209 688953 676681 577987 578018 475
210 635473 557090 512741 507843 457
211 675387 653010 565867 546704 477
212 650199 634813 530828 521804 472
213 572478 545596 539506 536671 486
214 641811 620361 580433 576713 492
215 690213 700092 645331 613958 351
216 655930 612347 570444 561639 399
217 685306 645205 621683 627193 491
218 687989 630690 582685 570908 494
219 828614 799969 716778 717037 492
220 728709 682294 684719 691893 485
221 640028 657098 611831 625791 486
222 820661 777315 717770 690991 495
223 673932 644339 564794 575219 475
224 655837 655766 665903 671348 487
225 630755 576528 645271 629797 488
226 725760 697787 653966 661800 480
227 676135 678597 632029 620869 488
228 591818 580549 543364 560145 479
229 464584 493647 498215 497214 448
230 657309 641542 571568 560678 478
231 615509 669928 606409 614506 480
232 643184 676312 654520 646583 491
233 635950 637840 623677 609364 490
234 633132 628107 618819 600467 485
235 639446 684810 666370 662150 494
236 593748 576361 579616 579497 495
237 597446 618981 572175 565346 483
238 590193 614990 603021 607280 488
239 635053 680442 631233 605130 475
240 582171 561692 535793 541022 464
241 647061 650606 653455 645788 487
242 674762 656714 638548 606284 500
243 770208 749330 763891 787404 486
244 786205 784885 744108 743038 469
245 688394 667094 651658 670249 494
246 725836 670490 650972 658214 479
247 668847 629883 584304 575241 489
248 673479 585958 535450 540741 438
249 625867 566791 483679 474424 479
250 583470 546244 509810 507689 439
251 645568 598471 533034 518810 341
252 574457 533638 443141 436309 306
253 506074 462691 424136 424448 369
254 588951 589322 488547 476098 274
255 552109 533856 495407 470384 289
256 531289 531841 520201 505220 430
257 653526 675090 563433 484562 310
258 507416 527212 518757 517562 411
259 526714 546046 545232 551925 456
260 572010 583259 579698 578422 467
261 636520 611587 572743 556574 496
262 655610 616142 614604 618703 499
263 710614 662297 619637 597658 489
264 633043 575215 587894 562425 487
265 659628 647847 605087 608024 466
266 642353 591403 595173 577159 478
267 609792 544188 546532 555413 467
268 579327 557501 552607 532148 492
269 583566 589285 537200 540928 497
270 501600 500311 502170 494803 500
271 539469 539236 538804 538886 466
272 724493 1428731 1217790 1819642 142
273 544072 555552 654236 498325 221
274 478837 467056 447959 453149 496
275 505877 517780 454268 447845 488
276 492805 488865 502571 497779 490
277 628604 617524 516999 482634 496
278 551808 562616 478182 478059 495
279 597934 509408 473962 475806 463
280 602234 575830 478450 485054 467
281 565195 504240 478957 479042 478
282 543187 518601 470735 471046 486
283 545350 519189 460803 464747 449
284 533810 521652 433927 417058 347
285 491938 486818 464718 453615 347
286 577041 539962 474833 462781 363
287 518181 503384 425519 422076 385
288 542010 510022 491046 485927 410
289 571472 582216 542945 502235 450
290 534468 528864 531681 513799 495
291 582450 567617 576804 581473 499
292 611121 646577 630269 623030 498
293 619626 628882 620777 602611 467
294 619742 597354 649069 649410 486
295 578103 596061 681687 670971 495
296 667039 636567 590232 602247 491
297 677462 683699 689304 651966 490
298 565926 569253 542937 538944 474
299 532305 530655 538382 526959 274
300 561464 560974 565014 471225 470
