1 0.013144 0.003426 0.000997 0.046078 0.0051 0.040934 
2 0.012512 0.003254 0.000901 0.039226 0.003625 0.044016 
3 0.008503 0.003464 0.000926 0.04131 0.003762 0.032363 
4 0.013891 0.004115 0.000875 0.039186 0.003623 0.034894 
5 0.010271 0.00431 0.001186 0.040465 0.003699 0.034959 
6 0.011024 0.004293 0.000947 0.039474 0.003777 0.036685 
7 0.009474 0.00425 0.001225 0.038706 0.003661 0.040562 
8 0.008614 0.004056 0.000904 0.039619 0.004647 0.040297 
9 0.008694 0.00437 0.00094 0.040851 0.003839 0.034298 
10 0.015509 0.003761 0.00093 0.047067 0.003656 0.030068 
11 0.008618 0.003446 0.000953 0.046571 0.005611 0.034494 
12 0.01267 0.003967 0.000939 0.054771 0.003641 0.031784 
13 0.009721 0.004732 0.000884 0.04509 0.005352 0.035065 
14 0.008571 0.003605 0.000786 0.039257 0.004134 0.036218 
15 0.008701 0.003762 0.000821 0.040267 0.00375 0.031112 
16 0.008604 0.003469 0.000817 0.039676 0.00361 0.031129 
17 0.010132 0.003383 0.000837 0.038773 0.003632 0.031661 
18 0.010481 0.003126 0.000834 0.041642 0.004352 0.03272 
19 0.012986 0.003144 0.00084 0.038865 0.003665 0.032522 
20 0.012471 0.003499 0.000838 0.039504 0.00363 0.032853 
21 0.008644 0.003709 0.0009 0.039464 0.003642 0.037932 
22 0.008865 0.004156 0.000865 0.042988 0.004266 0.039841 
23 0.008548 0.004759 0.000923 0.04136 0.003768 0.03719 
24 0.009105 0.004206 0.000858 0.039023 0.003949 0.040648 
25 0.009059 0.004046 0.001018 0.039167 0.003682 0.040845 
26 0.009557 0.004341 0.001021 0.04025 0.003878 0.03927 
27 0.008535 0.004356 0.000961 0.043645 0.003717 0.037952 
28 0.01025 0.004936 0.000893 0.046817 0.004043 0.040313 
29 0.011268 0.004564 0.000963 0.045628 0.003741 0.050595 
30 0.010554 0.004082 0.001218 0.043223 0.004099 0.046869 
31 0.010788 0.004197 0.000777 0.048792 0.006587 0.038251 
32 0.008576 0.004133 0.001004 0.039471 0.003639 0.034098 
33 0.008641 0.004023 0.000997 0.039947 0.003606 0.037488 
34 0.008679 0.003929 0.000984 0.03883 0.003629 0.040613 
35 0.012358 0.004106 0.000988 0.039183 0.003689 0.037608 
36 0.008767 0.005289 0.001143 0.03949 0.004502 0.039913 
37 0.009074 0.004687 0.000938 0.044992 0.004367 0.039004 
38 0.01393 0.004203 0.001067 0.041998 0.003708 0.033473 
39 0.009044 0.004894 0.001072 0.050643 0.005644 0.039587 
40 0.0091 0.005789 0.000742 0.052793 0.003035 0.037936 
41 0.008779 0.00386 0.000617 0.043311 0.005036 0.02336 
42 0.01035 0.003872 0.000884 0.045308 0.004707 0.042792 
43 0.011883 0.003898 0.000607 0.040567 0.003629 0.043893 
44 0.011557 0.002271 0.000696 0.038677 0.00359 0.03926 
45 0.00935 0.002599 0.000731 0.040086 0.003598 0.033807 
46 0.008284 0.002299 0.000648 0.039094 0.003649 0.034702 
47 0.008269 0.002347 0.000646 0.039176 0.003787 0.030964 
48 0.008405 0.001792 0.000645 0.04379 0.004889 0.031417 
49 0.01145 0.002624 0.000738 0.039291 0.003626 0.030943 
50 0.008328 0.002229 0.000709 0.039302 0.003648 0.029454 
51 0.011709 0.00254 0.000726 0.039506 0.003632 0.031657 
52 0.008652 0.004248 0.000983 0.0392 0.003608 0.032955 
53 0.008597 0.004519 0.000913 0.03919 0.003601 0.027959 
54 0.008328 0.00344 0.000764 0.039372 0.003627 0.029729 
55 0.008335 0.004993 0.00078 0.039173 0.003627 0.032861 
56 0.008563 0.005323 0.000898 0.039661 0.00437 0.033065 
57 0.008637 0.003382 0.000854 0.041962 0.003674 0.027695 
58 0.008622 0.007645 0.000815 0.040907 0.004287 0.033659 
59 0.011493 0.006707 0.000643 0.037703 0.003543 0.022457 
60 0.018507 0.008 0.000956 0.045832 0.003593 0.030309 
61 0.008619 0.005887 0.000999 0.03904 0.003677 0.030547 
62 0.008837 0.005499 0.001119 0.041069 0.003661 0.038145 
63 0.00889 0.006908 0.00124 0.039258 0.00362 0.034784 
64 0.013853 0.007208 0.001315 0.039279 0.003586 0.037181 
65 0.011168 0.00586 0.001214 0.040032 0.003613 0.04763 
66 0.013825 0.006124 0.001283 0.045573 0.003991 0.038339 
67 0.008682 0.007444 0.001366 0.03999 0.00374 0.038256 
68 0.013613 0.007111 0.001339 0.049464 0.003652 0.038387 
69 0.008921 0.007377 0.00146 0.03934 0.003667 0.041117 
70 0.015116 0.00874 0.001753 0.046617 0.005056 0.042873 
71 0.0089 0.008118 0.001464 0.040045 0.003601 0.040778 
72 0.014027 0.007997 0.001718 0.041579 0.003048 0.039598 
73 0.017808 0.008605 0.001774 0.039274 0.00371 0.041088 
74 0.011366 0.0077 0.001603 0.040304 0.00367 0.040961 
75 0.013669 0.008953 0.001531 0.040237 0.003641 0.042927 
76 0.017575 0.007929 0.001522 0.042541 0.005716 0.045108 
77 0.016481 0.008139 0.001536 0.039768 0.003611 0.037831 
78 0.013558 0.007773 0.001409 0.039659 0.003627 0.037952 
79 0.014061 0.008611 0.001522 0.045964 0.00386 0.040076 
80 0.016468 0.008588 0.001774 0.046618 0.003923 0.039691 
81 0.010103 0.008715 0.001722 0.038993 0.003717 0.036934 
82 0.015993 0.008142 0.001501 0.042822 0.004542 0.038496 
83 0.01513 0.008849 0.001469 0.04644 0.004129 0.039881 
84 0.011235 0.00888 0.001522 0.049866 0.005694 0.037609 
85 0.01114 0.008044 0.001438 0.042141 0.003678 0.042207 
86 0.013492 0.007516 0.001347 0.042729 0.004415 0.037015 
87 0.016217 0.007265 0.0013 0.044899 0.003708 0.0366 
88 0.011112 0.008383 0.001349 0.043134 0.005365 0.041145 
89 0.00862 0.006297 0.001187 0.04628 0.003709 0.035917 
90 0.009813 0.006111 0.001183 0.038919 0.003746 0.03731 
91 0.014151 0.006074 0.001109 0.042369 0.003727 0.034702 
92 0.015865 0.005034 0.001084 0.03942 0.003618 0.039793 
93 0.009338 0.006139 0.001181 0.039725 0.003754 0.031353 
94 0.008795 0.005774 0.001242 0.040117 0.003672 0.031406 
95 0.011107 0.007017 0.001425 0.039851 0.003607 0.029327 
96 0.00872 0.006539 0.001395 0.039063 0.003617 0.031034 
97 0.009874 0.006586 0.001156 0.0391 0.00363 0.032047 
98 0.008897 0.005468 0.001095 0.039071 0.003598 0.032813 
99 0.008922 0.005351 0.001091 0.039315 0.003631 0.030305 
100 0.008517 0.004887 0.001051 0.039954 0.003678 0.034635 
101 0.014368 0.005213 0.001084 0.040531 0.003693 0.031388 
102 0.008772 0.007074 0.001197 0.040012 0.003865 0.038776 
103 0.008495 0.005107 0.000992 0.039199 0.0036 0.036011 
104 0.019187 0.006447 0.001223 0.038273 0.00364 0.037108 
105 0.008525 0.009218 0.001218 0.039336 0.003638 0.042141 
106 0.008769 0.005687 0.001153 0.039631 0.00364 0.040733 
107 0.012259 0.006139 0.001148 0.040702 0.003716 0.038701 
108 0.008616 0.004839 0.00083 0.051092 0.00373 0.038578 
109 0.008631 0.004928 0.000952 0.049173 0.004768 0.039136 
110 0.015871 0.005265 0.000946 0.044794 0.003863 0.039461 
111 0.014238 0.00528 0.001013 0.046167 0.004538 0.03812 
112 0.008889 0.005837 0.001012 0.045283 0.003904 0.035963 
113 0.008854 0.005094 0.001627 0.053324 0.005045 0.037748 
114 0.012942 0.005766 0.001242 0.040714 0.003684 0.03332 
115 0.008733 0.005848 0.001225 0.03835 0.003599 0.034649 
116 0.008707 0.005504 0.001126 0.03832 0.003623 0.041158 
117 0.011635 0.006796 0.001348 0.038411 0.003626 0.040301 
118 0.009304 0.006561 0.00132 0.038339 0.003609 0.042157 
119 0.01209 0.007048 0.001372 0.038562 0.003704 0.041752 
120 0.008949 0.007732 0.001497 0.044676 0.00386 0.049107 
121 0.01331 0.008489 0.006873 0.049989 0.003783 0.04377 
122 0.008498 0.007037 0.001409 0.039464 0.00366 0.044349 
123 0.009091 0.008614 0.001475 0.039303 0.003615 0.043371 
124 0.00914 0.008072 0.001525 0.044213 0.004333 0.045595 
125 0.008765 0.009209 0.00148 0.046378 0.004666 0.048005 
126 0.01102 0.007444 0.001339 0.040463 0.003642 0.047107 
127 0.008791 0.006535 0.001296 0.03999 0.003656 0.042212 
128 0.012187 0.008051 0.001494 0.040205 0.003702 0.040111 
129 0.020199 0.009244 0.00266 0.044396 0.004331 0.038619 
130 0.00899 0.008372 0.001525 0.049904 0.004275 0.042618 
131 0.010847 0.010039 0.006384 0.050492 0.007148 0.044024 
132 0.008883 0.008673 0.001437 0.038379 0.003602 0.042649 
133 0.008861 0.007535 0.001653 0.038802 0.003676 0.039153 
134 0.008976 0.008606 0.001508 0.040105 0.00369 0.040058 
135 0.011314 0.008135 0.001915 0.04074 0.004335 0.038897 
136 0.014591 0.007776 0.001494 0.041112 0.004417 0.039946 
137 0.015277 0.007576 0.001357 0.05334 0.002898 0.039585 
138 0.009428 0.009268 0.001477 0.041839 0.004383 0.038614 
139 0.008757 0.00782 0.001293 0.039217 0.003775 0.043241 
140 0.011099 0.00835 0.001807 0.039081 0.003854 0.035941 
141 0.009042 0.007274 0.001473 0.039355 0.003621 0.044221 
142 0.009228 0.007788 0.001511 0.040449 0.004821 0.04938 
143 0.009179 0.008393 0.001544 0.053416 0.004539 0.040746 
144 0.020165 0.008264 0.001383 0.052148 0.005393 0.036739 
145 0.009093 0.008171 0.001518 0.03958 0.003634 0.03771 
146 0.009008 0.008075 0.001539 0.03926 0.003636 0.03476 
147 0.01771 0.008255 0.001583 0.03926 0.003636 0.037098 
148 0.011495 0.007977 0.001632 0.03914 0.003799 0.037702 
149 0.009139 0.007278 0.001539 0.03922 0.003582 0.038936 
150 0.009155 0.007453 0.00152 0.039227 0.00364 0.039458 
151 0.009165 0.008093 0.001563 0.039122 0.003601 0.036008 
152 0.011539 0.007377 0.001563 0.039532 0.003617 0.03754 
153 0.017521 0.00826 0.001519 0.040127 0.003718 0.038921 
154 0.009077 0.008168 0.001499 0.039058 0.003697 0.03862 
155 0.009051 0.009147 0.001862 0.053601 0.003721 0.040704 
156 0.011817 0.008508 0.001342 0.049722 0.004081 0.043777 
157 0.010253 0.008133 0.002039 0.039341 0.003613 0.041037 
158 0.009077 0.007344 0.001397 0.039722 0.003662 0.042658 
159 0.013788 0.008903 0.001576 0.039512 0.003605 0.04232 
160 0.018452 0.009069 0.001679 0.039704 0.003652 0.042691 
161 0.009155 0.007306 0.001324 0.039316 0.003626 0.041905 
162 0.00879 0.008698 0.001543 0.039249 0.003602 0.041095 
163 0.008928 0.006436 0.001201 0.039616 0.004012 0.039924 
164 0.008827 0.007015 0.00138 0.041968 0.004494 0.03991 
165 0.00898 0.008141 0.00155 0.039095 0.003615 0.035209 
166 0.008922 0.00789 0.001524 0.039287 0.00363 0.032987 
167 0.00909 0.00818 0.001524 0.039314 0.003702 0.036788 
168 0.008843 0.007773 0.001502 0.039281 0.003719 0.036392 
169 0.012464 0.007721 0.001518 0.039253 0.003733 0.037115 
170 0.0113 0.007881 0.001527 0.047167 0.004165 0.037867 
171 0.014528 0.008135 0.001583 0.045219 0.00374 0.035906 
172 0.012509 0.00883 0.00157 0.039572 0.003642 0.041191 
