1 0.009562 0.00488 0.000877 0.014719 0.001801 0.025296 
2 0.006782 0.005749 0.002011 0.011005 0.001789 0.025348 
3 0.005057 0.006217 0.00118 0.012513 0.001721 0.025865 
4 0.007335 0.005636 0.000888 0.010252 0.001718 0.027762 
5 0.005618 0.00586 0.000889 0.010292 0.001744 0.027739 
6 0.00679 0.005537 0.00112 0.014953 0.001749 0.02647 
7 0.005396 0.004959 0.000932 0.011234 0.002269 0.027658 
8 0.007406 0.005134 0.00084 0.01115 0.001707 0.027016 
9 0.003913 0.004207 0.000805 0.016009 0.00178 0.029997 
10 0.003879 0.004155 0.000835 0.016293 0.00175 0.028354 
11 0.003926 0.00386 0.000775 0.010679 0.001723 0.026383 
12 0.004616 0.004283 0.000805 0.010732 0.001724 0.026701 
13 0.007103 0.00509 0.001326 0.011181 0.001718 0.027806 
14 0.006923 0.005328 0.001082 0.011774 0.001223 0.026658 
15 0.004758 0.004722 0.001005 0.013253 0.001713 0.026224 
16 0.005725 0.003496 0.00071 0.011384 0.001708 0.026503 
17 0.004234 0.003722 0.000957 0.010772 0.001835 0.025209 
18 0.004729 0.004041 0.000749 0.010363 0.001717 0.02963 
19 0.003905 0.003743 0.000756 0.010134 0.001721 0.025744 
20 0.007057 0.004168 0.000777 0.010308 0.001722 0.025633 
21 0.003671 0.004056 0.000807 0.01078 0.001712 0.022775 
22 0.003915 0.00409 0.000816 0.015946 0.001723 0.025455 
23 0.003927 0.004117 0.000808 0.010201 0.00175 0.025245 
24 0.004121 0.004676 0.000834 0.010205 0.001736 0.023599 
25 0.003958 0.004599 0.001042 0.010768 0.001725 0.024524 
26 0.00403 0.004413 0.000799 0.010088 0.001762 0.025089 
27 0.003973 0.004174 0.001069 0.009939 0.001729 0.028176 
28 0.004763 0.004393 0.000805 0.010141 0.001702 0.024888 
29 0.007786 0.004416 0.001459 0.010843 0.001786 0.024798 
30 0.004701 0.003843 0.000735 0.010251 0.001698 0.024441 
31 0.003906 0.003017 0.000742 0.010222 0.001714 0.026364 
32 0.003861 0.002936 0.000695 0.01101 0.00172 0.026717 
33 0.003897 0.003342 0.00068 0.015325 0.001709 0.026924 
34 0.006123 0.003524 0.001439 0.011606 0.001759 0.028179 
35 0.003951 0.002881 0.001057 0.013643 0.001202 0.026632 
36 0.003963 0.00289 0.000686 0.011162 0.001759 0.026973 
37 0.004005 0.003361 0.000698 0.014624 0.001726 0.026573 
38 0.004405 0.003268 0.000708 0.011724 0.001708 0.025435 
39 0.005733 0.003576 0.000789 0.010184 0.001751 0.023446 
40 0.003897 0.00304 0.00067 0.010824 0.001848 0.02396 
41 0.003935 0.002859 0.000661 0.011471 0.001711 0.026179 
42 0.005564 0.002987 0.000679 0.010183 0.001762 0.025923 
43 0.005675 0.00358 0.001439 0.011994 0.00175 0.022115 
44 0.00522 0.003689 0.00114 0.011447 0.001775 0.028105 
45 0.007263 0.003916 0.001862 0.011295 0.00183 0.023725 
46 0.005176 0.003735 0.000712 0.010024 0.001706 0.0265 
47 0.00389 0.003201 0.000698 0.011346 0.00172 0.026779 
48 0.006438 0.003108 0.000713 0.010203 0.00173 0.026977 
49 0.004575 0.00352 0.000819 0.013166 0.00177 0.028567 
50 0.005276 0.003202 0.000719 0.01029 0.001717 0.026657 
51 0.006218 0.003971 0.001542 0.010442 0.001737 0.02579 
52 0.005564 0.003191 0.000753 0.011499 0.00172 0.026686 
53 0.005157 0.003837 0.000927 0.014555 0.001714 0.026771 
54 0.006021 0.004006 0.001606 0.0106 0.001717 0.026104 
55 0.006245 0.003102 0.000744 0.011072 0.001743 0.026597 
56 0.003989 0.003391 0.000748 0.010014 0.001725 0.025813 
57 0.003917 0.003391 0.001404 0.010132 0.001752 0.026273 
58 0.004412 0.003837 0.000822 0.013115 0.001739 0.026748 
59 0.003881 0.003149 0.000739 0.01079 0.001727 0.026135 
60 0.003876 0.003267 0.000738 0.010496 0.001713 0.025525 
61 0.003908 0.003475 0.001247 0.010231 0.001724 0.026992 
62 0.005466 0.003783 0.000817 0.010104 0.001706 0.026513 
63 0.003922 0.00323 0.000743 0.010096 0.001708 0.026334 
64 0.00668 0.004317 0.001811 0.013498 0.002073 0.026356 
65 0.003678 0.003458 0.000778 0.013112 0.001752 0.027618 
66 0.004074 0.003564 0.000754 0.010634 0.002462 0.031632 
67 0.004836 0.003598 0.00072 0.011184 0.001718 0.025343 
68 0.003983 0.00278 0.000667 0.010253 0.001718 0.024615 
69 0.004518 0.003077 0.001077 0.011255 0.001728 0.024688 
70 0.007607 0.003363 0.000744 0.010036 0.001742 0.025191 
71 0.003929 0.003046 0.000709 0.01002 0.001705 0.023323 
72 0.003888 0.002805 0.000678 0.01001 0.001714 0.02416 
73 0.003875 0.002964 0.000744 0.010078 0.001711 0.026836 
74 0.004405 0.003355 0.000847 0.010246 0.001719 0.025771 
75 0.005623 0.0032 0.000693 0.010797 0.00172 0.026922 
76 0.004327 0.004018 0.001693 0.01179 0.001786 0.026516 
77 0.004154 0.002637 0.00067 0.011187 0.001715 0.025984 
78 0.004022 0.003067 0.00073 0.010441 0.001713 0.027248 
79 0.006113 0.003203 0.000679 0.010796 0.001725 0.026304 
80 0.004048 0.002832 0.000696 0.010065 0.00171 0.027094 
81 0.005223 0.003605 0.001078 0.011588 0.001725 0.02722 
82 0.003904 0.002843 0.000691 0.01362 0.001723 0.02799 
83 0.003889 0.002634 0.000679 0.013936 0.001736 0.027017 
84 0.003882 0.002474 0.000652 0.010666 0.001762 0.026954 
85 0.006272 0.003174 0.000669 0.010295 0.001709 0.02524 
86 0.00365 0.002569 0.000708 0.010185 0.00174 0.027767 
87 0.004244 0.002941 0.000689 0.010743 0.001712 0.024952 
88 0.004644 0.003697 0.000993 0.011021 0.001732 0.025372 
89 0.004071 0.002937 0.000722 0.01408 0.003279 0.026068 
90 0.005624 0.003093 0.00083 0.014584 0.001217 0.029103 
91 0.005099 0.003028 0.000792 0.014834 0.00176 0.024629 
92 0.006415 0.004634 0.001101 0.010683 0.001712 0.027135 
93 0.003987 0.003262 0.000723 0.0109 0.001719 0.026976 
94 0.004696 0.003625 0.000907 0.011994 0.00177 0.027063 
95 0.003949 0.00358 0.00074 0.010123 0.001755 0.025759 
96 0.005324 0.004625 0.001001 0.010963 0.001726 0.024994 
97 0.005545 0.004246 0.000768 0.011106 0.001731 0.028174 
98 0.003931 0.004918 0.000793 0.015623 0.001712 0.026108 
99 0.003906 0.004561 0.00074 0.015879 0.001774 0.024863 
100 0.005378 0.005505 0.000826 0.010866 0.001814 0.02386 
101 0.003896 0.004302 0.000771 0.010663 0.001749 0.023978 
102 0.005723 0.004386 0.000799 0.013454 0.001184 0.025175 
103 0.009355 0.004156 0.000768 0.011601 0.001192 0.032153 
104 0.005363 0.004442 0.001109 0.017566 0.001719 0.028011 
105 0.006223 0.004666 0.001563 0.010275 0.001741 0.024603 
106 0.00412 0.004709 0.00078 0.015399 0.001722 0.029019 
107 0.003916 0.005296 0.000804 0.010875 0.001811 0.024285 
108 0.00521 0.004742 0.000992 0.010152 0.001714 0.024035 
109 0.006836 0.004583 0.00079 0.010033 0.001706 0.024421 
110 0.004065 0.003539 0.000736 0.010355 0.001714 0.024661 
111 0.003963 0.004092 0.000902 0.018123 0.001775 0.027152 
112 0.004561 0.004708 0.00122 0.011691 0.001302 0.023735 
113 0.004669 0.004297 0.000796 0.010446 0.001715 0.025911 
114 0.004125 0.004368 0.000968 0.010381 0.0017 0.025373 
115 0.004179 0.00462 0.000935 0.010165 0.001716 0.026125 
116 0.005626 0.004819 0.000864 0.013317 0.001719 0.026025 
117 0.003982 0.00463 0.000809 0.014501 0.001776 0.027083 
118 0.007463 0.005008 0.000887 0.011465 0.001756 0.029331 
119 0.004206 0.009096 0.000787 0.010256 0.002775 0.025351 
120 0.008481 0.006047 0.000932 0.014761 0.003258 0.027085 
121 0.003819 0.007537 0.000793 0.013119 0.001848 0.024927 
122 0.006844 0.005248 0.000826 0.01129 0.001736 0.025839 
123 0.003883 0.004846 0.000852 0.009972 0.001714 0.024621 
124 0.004074 0.005186 0.000845 0.011281 0.001822 0.022774 
125 0.004085 0.004487 0.001098 0.013852 0.001748 0.022928 
126 0.005988 0.005435 0.001798 0.013003 0.001198 0.025149 
127 0.005699 0.004687 0.000801 0.01081 0.001783 0.026291 
128 0.005516 0.00437 0.000759 0.014754 0.001759 0.028371 
129 0.004084 0.004506 0.000824 0.010613 0.001714 0.026228 
130 0.004095 0.00459 0.000851 0.012788 0.001714 0.025767 
131 0.003916 0.004415 0.000844 0.009988 0.001701 0.02585 
132 0.00391 0.00408 0.000803 0.010008 0.001712 0.026381 
133 0.003919 0.003503 0.00077 0.010897 0.001718 0.028712 
134 0.003932 0.003388 0.000684 0.014522 0.001745 0.030069 
135 0.003895 0.003915 0.000758 0.014758 0.001714 0.026226 
136 0.005245 0.003965 0.001175 0.018342 0.00172 0.025607 
137 0.003881 0.003389 0.000717 0.010297 0.001712 0.026144 
138 0.003918 0.003821 0.000727 0.010317 0.0017 0.025789 
139 0.003889 0.004448 0.000855 0.010441 0.001709 0.024034 
140 0.004301 0.004912 0.001441 0.010865 0.001743 0.02484 
141 0.005802 0.004247 0.000795 0.010302 0.001741 0.025404 
142 0.004074 0.004154 0.000928 0.011128 0.001188 0.026211 
143 0.003912 0.004328 0.000791 0.01095 0.00176 0.026428 
144 0.003915 0.003823 0.001738 0.010714 0.001709 0.027953 
145 0.005304 0.003819 0.000765 0.010879 0.001734 0.027948 
146 0.003903 0.003441 0.000903 0.010222 0.001714 0.026688 
147 0.005784 0.003893 0.001028 0.01025 0.001705 0.026363 
148 0.004817 0.004014 0.001666 0.010353 0.001712 0.02674 
149 0.003982 0.003741 0.000752 0.015011 0.00173 0.027009 
150 0.004732 0.00462 0.000783 0.01135 0.001803 0.028954 
151 0.004887 0.004871 0.000939 0.010188 0.001713 0.025815 
152 0.00435 0.00585 0.000825 0.010145 0.001745 0.023648 
153 0.005291 0.004777 0.000857 0.016417 0.001768 0.025177 
154 0.006619 0.004566 0.001171 0.010901 0.001795 0.023612 
155 0.004818 0.003553 0.000731 0.010173 0.001706 0.024994 
156 0.003962 0.00298 0.000684 0.011392 0.001812 0.025181 
157 0.003989 0.003405 0.000744 0.011195 0.001717 0.025667 
158 0.006252 0.004066 0.000739 0.011111 0.001753 0.024608 
159 0.004975 0.003723 0.000751 0.011012 0.001722 0.023375 
160 0.004917 0.003857 0.001623 0.010275 0.001729 0.024974 
161 0.004533 0.003651 0.000742 0.01025 0.001706 0.025169 
162 0.003914 0.003654 0.00077 0.011021 0.001718 0.024522 
163 0.007008 0.004896 0.001039 0.010128 0.001719 0.025115 
164 0.005443 0.004397 0.000817 0.01122 0.001726 0.026046 
165 0.004071 0.004158 0.00136 0.010121 0.001755 0.024104 
166 0.003975 0.00419 0.00079 0.011017 0.001735 0.025107 
167 0.006205 0.004799 0.001002 0.010197 0.001707 0.025192 
168 0.00697 0.004607 0.000974 0.010226 0.00171 0.025494 
169 0.004734 0.004738 0.000927 0.010231 0.001772 0.026208 
170 0.003906 0.003587 0.000746 0.013738 0.001723 0.02439 
171 0.006996 0.004373 0.001277 0.010926 0.001785 0.025981 
172 0.003903 0.003379 0.00073 0.013648 0.001237 0.026278 
173 0.005965 0.003569 0.000724 0.011146 0.001719 0.025203 
174 0.003976 0.003673 0.000696 0.010335 0.001747 0.025695 
175 0.003944 0.003655 0.001107 0.010799 0.001778 0.027029 
176 0.004637 0.003449 0.000713 0.01042 0.001719 0.027712 
177 0.006081 0.004107 0.001566 0.010327 0.001712 0.025484 
178 0.006127 0.003737 0.000731 0.010432 0.001755 0.025029 
179 0.010644 0.004416 0.001224 0.011226 0.00175 0.023387 
180 0.004105 0.003599 0.000739 0.010435 0.001711 0.029557 
181 0.004016 0.003462 0.000718 0.010207 0.00177 0.024151 
182 0.00388 0.003595 0.000741 0.010638 0.001712 0.02486 
183 0.004115 0.003379 0.000715 0.010776 0.001732 0.028464 
184 0.005258 0.004209 0.000836 0.010145 0.001727 0.025191 
185 0.005666 0.003312 0.000792 0.01132 0.001735 0.025075 
186 0.003964 0.004054 0.000812 0.019771 0.001713 0.027773 
187 0.005539 0.004085 0.000835 0.010304 0.001775 0.02543 
188 0.005449 0.004265 0.001618 0.01036 0.001718 0.024371 
189 0.003926 0.003608 0.000754 0.011719 0.001813 0.026411 
190 0.004794 0.00344 0.000739 0.014018 0.001719 0.024385 
191 0.004218 0.003473 0.000758 0.009918 0.001749 0.026556 
192 0.004559 0.003714 0.000875 0.010086 0.001715 0.024905 
193 0.004762 0.003878 0.001484 0.012214 0.001823 0.023948 
194 0.004056 0.003344 0.000727 0.014092 0.001812 0.026071 
195 0.003863 0.003406 0.000753 0.010166 0.001708 0.025592 
196 0.005633 0.003708 0.001191 0.009989 0.001707 0.027141 
197 0.004135 0.003544 0.000908 0.010203 0.001732 0.026409 
198 0.004027 0.003662 0.000766 0.011157 0.001769 0.032262 
199 0.005133 0.003742 0.000811 0.010312 0.001709 0.025444 
200 0.005305 0.003919 0.00122 0.010733 0.001763 0.028123 
201 0.004006 0.003297 0.000727 0.011167 0.001712 0.026782 
202 0.005638 0.003759 0.001054 0.010397 0.001739 0.0235 
203 0.006453 0.003795 0.000807 0.010214 0.001737 0.025101 
204 0.004081 0.003732 0.000794 0.011084 0.001725 0.030625 
205 0.003876 0.00333 0.000761 0.010309 0.001714 0.027691 
206 0.003958 0.003505 0.000754 0.013344 0.001704 0.027096 
207 0.003929 0.003439 0.000779 0.010048 0.001716 0.025429 
208 0.003913 0.003648 0.000865 0.010029 0.001715 0.026211 
209 0.005357 0.003944 0.000964 0.016377 0.001767 0.028708 
210 0.004713 0.003445 0.001011 0.010265 0.001712 0.025455 
211 0.005402 0.00387 0.000941 0.010448 0.0017 0.026631 
212 0.006249 0.003889 0.00085 0.010208 0.001708 0.026418 
213 0.004063 0.003437 0.000728 0.011817 0.001716 0.031314 
214 0.004771 0.003551 0.000768 0.010145 0.001779 0.024281 
215 0.003917 0.003691 0.00078 0.01045 0.00172 0.029505 
216 0.005283 0.003814 0.000898 0.01328 0.001715 0.025931 
217 0.0046 0.003768 0.001387 0.010825 0.001721 0.026763 
218 0.006033 0.004299 0.000836 0.010567 0.002115 0.029786 
219 0.006625 0.004548 0.000779 0.010652 0.001713 0.027193 
220 0.004998 0.004308 0.001437 0.011821 0.001835 0.027113 
221 0.004067 0.003457 0.000757 0.01223 0.001725 0.02682 
222 0.004753 0.004005 0.00076 0.010245 0.001707 0.023791 
223 0.005726 0.003439 0.000743 0.010961 0.001731 0.026941 
224 0.003881 0.00355 0.00078 0.01468 0.001758 0.024787 
225 0.004711 0.004436 0.001825 0.011399 0.001776 0.026437 
226 0.006138 0.003505 0.000772 0.014618 0.001756 0.031506 
227 0.003929 0.003297 0.000757 0.010729 0.001714 0.025891 
228 0.006115 0.003831 0.001158 0.011193 0.001204 0.02736 
229 0.004865 0.003732 0.000804 0.01068 0.001719 0.027155 
230 0.003885 0.003575 0.000793 0.013307 0.001718 0.027263 
231 0.007124 0.004025 0.001069 0.010465 0.001721 0.024738 
232 0.003891 0.003244 0.000713 0.011301 0.001723 0.025538 
233 0.003884 0.003359 0.000737 0.010154 0.001722 0.026202 
234 0.003879 0.002866 0.000708 0.011633 0.001723 0.025335 
235 0.008441 0.003265 0.001085 0.011076 0.001721 0.030285 
236 0.003896 0.003094 0.000718 0.010179 0.001708 0.026327 
237 0.005261 0.002973 0.000712 0.010132 0.001739 0.028485 
238 0.003916 0.002841 0.001606 0.015837 0.001769 0.025964 
239 0.005303 0.003867 0.000944 0.017031 0.001823 0.028955 
240 0.003909 0.003252 0.000719 0.012111 0.001801 0.02549 
241 0.005318 0.003807 0.001018 0.010977 0.001745 0.028699 
242 0.005693 0.003808 0.000806 0.010133 0.001728 0.02627 
243 0.005234 0.003663 0.000758 0.011062 0.00172 0.025696 
244 0.00516 0.004228 0.001276 0.010266 0.001712 0.026299 
245 0.004077 0.003571 0.000744 0.010719 0.001722 0.026211 
246 0.003971 0.003693 0.001734 0.020563 0.001823 0.025989 
247 0.003893 0.003696 0.000805 0.011381 0.001727 0.023871 
248 0.004976 0.00391 0.000742 0.010217 0.001712 0.023423 
249 0.005541 0.003521 0.000735 0.010441 0.001714 0.02681 
250 0.003922 0.003884 0.000789 0.011761 0.001799 0.023989 
251 0.004625 0.004176 0.000796 0.010269 0.001705 0.026959 
252 0.003919 0.003298 0.00072 0.010042 0.001705 0.025834 
253 0.003969 0.003547 0.000752 0.014917 0.001204 0.026947 
254 0.006197 0.004603 0.001383 0.014703 0.001721 0.023505 
255 0.010782 0.005288 0.001201 0.010845 0.001719 0.02561 
256 0.008419 0.005728 0.001396 0.010399 0.002481 0.025019 
257 0.004273 0.004573 0.000797 0.022045 0.001819 0.030162 
258 0.003938 0.004467 0.000943 0.012488 0.001769 0.024247 
259 0.003956 0.003655 0.001688 0.011743 0.001808 0.024855 
260 0.003848 0.003621 0.000749 0.010004 0.001748 0.027379 
261 0.003868 0.004143 0.000767 0.012031 0.0017 0.028284 
262 0.003886 0.004158 0.000775 0.014722 0.001709 0.031613 
263 0.004111 0.004062 0.000748 0.010147 0.001712 0.028991 
264 0.003895 0.003422 0.000719 0.010116 0.001708 0.026532 
265 0.004034 0.003304 0.000707 0.011232 0.001732 0.029584 
266 0.005315 0.003876 0.000787 0.010093 0.001696 0.026382 
267 0.006216 0.004338 0.001659 0.010366 0.001721 0.028271 
268 0.003922 0.003361 0.000717 0.011577 0.00119 0.02818 
269 0.003702 0.003329 0.000731 0.012921 0.001835 0.027327 
270 0.004692 0.004547 0.001628 0.013288 0.001761 0.029919 
271 0.004723 0.006146 0.001682 0.012172 0.001817 0.030703 
272 0.003916 0.003931 0.000756 0.010559 0.001717 0.029227 
273 0.003952 0.004991 0.00074 0.010228 0.001704 0.029994 
274 0.006021 0.004046 0.000784 0.010998 0.002025 0.028086 
275 0.003914 0.007136 0.000754 0.01034 0.001715 0.027108 
276 0.003929 0.005213 0.000817 0.010301 0.001714 0.028149 
277 0.005203 0.005513 0.000805 0.01028 0.001747 0.029697 
278 0.005785 0.005491 0.000845 0.011702 0.001192 0.026916 
279 0.004726 0.00484 0.00101 0.012103 0.003135 0.026486 
280 0.007207 0.004824 0.002358 0.013073 0.001712 0.026216 
281 0.003955 0.003732 0.000753 0.013011 0.001742 0.026892 
282 0.004768 0.003867 0.000786 0.010824 0.001722 0.026038 
283 0.003974 0.00398 0.000869 0.017985 0.001739 0.030589 
284 0.005023 0.004637 0.000781 0.0106 0.001816 0.026028 
285 0.006723 0.00413 0.001246 0.011113 0.001736 0.029549 
286 0.003896 0.003168 0.000719 0.012402 0.001714 0.028489 
287 0.005257 0.003431 0.000727 0.01113 0.001716 0.0277 
288 0.004858 0.004571 0.000906 0.01023 0.001735 0.027069 
289 0.003929 0.003235 0.000732 0.010624 0.001749 0.027084 
290 0.00432 0.003799 0.001715 0.010246 0.001712 0.026924 
291 0.003859 0.003914 0.000762 0.010093 0.001717 0.027341 
292 0.006152 0.004175 0.001662 0.010809 0.001731 0.026469 
293 0.005656 0.003738 0.000783 0.010148 0.001776 0.027895 
294 0.006184 0.004134 0.000771 0.011398 0.001728 0.026227 
295 0.006163 0.003984 0.000984 0.015806 0.001716 0.028189 
296 0.010528 0.004357 0.001264 0.011342 0.001782 0.029243 
297 0.003907 0.003979 0.000847 0.010231 0.001721 0.027498 
298 0.003925 0.003854 0.000783 0.012131 0.001754 0.028568 
299 0.003949 0.004025 0.000801 0.010201 0.001708 0.025248 
300 0.005257 0.004116 0.001184 0.010254 0.001719 0.02742 
301 0.008058 0.004264 0.001222 0.015574 0.001763 0.030093 
302 0.00418 0.004265 0.000867 0.009974 0.001703 0.02678 
303 0.003887 0.00393 0.000778 0.011433 0.001776 0.026296 
304 0.005615 0.004112 0.001078 0.011332 0.001782 0.025899 
305 0.003933 0.003608 0.000746 0.010226 0.001706 0.026657 
306 0.003876 0.00354 0.000803 0.012943 0.001753 0.026316 
307 0.003991 0.003721 0.000779 0.010358 0.001724 0.027049 
308 0.003962 0.004137 0.000778 0.011089 0.001722 0.025121 
309 0.003888 0.004265 0.000824 0.011125 0.001794 0.026894 
310 0.003932 0.004064 0.000807 0.013498 0.001721 0.027524 
311 0.003915 0.003602 0.000847 0.009903 0.001713 0.0281 
312 0.005295 0.004653 0.000842 0.010466 0.001718 0.026782 
313 0.004894 0.004564 0.000842 0.010178 0.001705 0.0271 
314 0.004116 0.005364 0.000874 0.010539 0.00171 0.02682 
315 0.00417 0.004675 0.001124 0.011115 0.001727 0.02694 
316 0.004097 0.004679 0.000821 0.010192 0.001746 0.025661 
317 0.00841 0.004736 0.00086 0.010115 0.001712 0.025581 
318 0.007479 0.004143 0.000825 0.011065 0.001728 0.026945 
319 0.004125 0.004162 0.000812 0.010655 0.001764 0.026533 
320 0.005727 0.004179 0.000818 0.01074 0.001718 0.027556 
321 0.006312 0.004749 0.000876 0.01013 0.001714 0.026071 
322 0.00641 0.004491 0.000859 0.010219 0.001754 0.025121 
323 0.005067 0.004424 0.000884 0.010216 0.001713 0.026901 
324 0.004082 0.004653 0.001173 0.012943 0.001314 0.026399 
325 0.004107 0.004624 0.000892 0.013515 0.001726 0.02627 
326 0.004104 0.004703 0.000905 0.010286 0.00172 0.024781 
327 0.005441 0.004354 0.000832 0.011135 0.001716 0.027224 
328 0.005021 0.004661 0.000925 0.011172 0.001716 0.025145 
329 0.004124 0.004602 0.000878 0.011012 0.001714 0.025788 
330 0.004235 0.004504 0.000847 0.01044 0.001712 0.024987 
331 0.005586 0.005621 0.000912 0.010199 0.001705 0.027244 
332 0.004892 0.004873 0.000917 0.010966 0.001783 0.027077 
333 0.004954 0.005201 0.001764 0.010246 0.001715 0.025409 
334 0.006998 0.004826 0.000835 0.010181 0.001709 0.027781 
335 0.004583 0.004699 0.001421 0.011851 0.001778 0.026507 
336 0.005624 0.004964 0.000862 0.013633 0.001731 0.027033 
337 0.004127 0.004181 0.000817 0.013064 0.001721 0.02466 
338 0.003965 0.004111 0.000798 0.010304 0.001737 0.022246 
339 0.00553 0.00463 0.000795 0.011747 0.001716 0.02324 
340 0.005591 0.003904 0.000774 0.01113 0.001195 0.023885 
341 0.005351 0.004664 0.00118 0.010353 0.001724 0.025485 
342 0.006589 0.004162 0.000789 0.010099 0.001712 0.02356 
343 0.003918 0.004097 0.000812 0.010233 0.001712 0.025419 
344 0.005074 0.004801 0.001545 0.012507 0.001553 0.024101 
345 0.008075 0.004786 0.001364 0.01032 0.001713 0.023825 
346 0.003918 0.004108 0.000907 0.010025 0.001722 0.022897 
347 0.004701 0.005048 0.001119 0.010314 0.001716 0.023033 
348 0.004653 0.004672 0.000918 0.011174 0.001706 0.024691 
349 0.00542 0.004581 0.000787 0.009971 0.001725 0.02318 
350 0.005266 0.004224 0.000846 0.014659 0.001728 0.026898 
351 0.004117 0.004528 0.000827 0.010756 0.001818 0.024394 
352 0.005267 0.004677 0.000846 0.013645 0.001714 0.024474 
353 0.004611 0.004315 0.001025 0.010143 0.001705 0.025075 
354 0.006143 0.004047 0.000756 0.011218 0.001716 0.023621 
355 0.005302 0.004802 0.001523 0.010531 0.001708 0.024202 
356 0.004645 0.004238 0.000763 0.011531 0.001711 0.024402 
357 0.004521 0.00359 0.000807 0.01181 0.001706 0.021988 
358 0.00883 0.004697 0.001161 0.010274 0.001728 0.024065 
359 0.004783 0.004502 0.00146 0.011355 0.001725 0.023846 
360 0.009195 0.00438 0.000875 0.010245 0.001714 0.022821 
361 0.003927 0.00364 0.000723 0.012226 0.001708 0.023144 
362 0.004033 0.004213 0.001098 0.010204 0.00171 0.025807 
363 0.003876 0.004092 0.000779 0.010761 0.003235 0.024691 
364 0.005237 0.004121 0.000795 0.015678 0.001739 0.024273 
365 0.003911 0.004075 0.000724 0.010424 0.00172 0.026926 
366 0.007292 0.004355 0.001254 0.013155 0.001714 0.02734 
367 0.004267 0.004317 0.001719 0.011946 0.00182 0.025593 
368 0.00535 0.003935 0.000961 0.013437 0.00119 0.024665 
369 0.005008 0.004056 0.000794 0.01174 0.001195 0.027555 
370 0.004394 0.003491 0.000818 0.010501 0.001721 0.024436 
371 0.007466 0.00384 0.000772 0.011495 0.001198 0.024184 
372 0.006613 0.004237 0.001074 0.010601 0.001709 0.024819 
373 0.004724 0.004191 0.000765 0.0102 0.001822 0.025177 
374 0.007857 0.00531 0.00185 0.011146 0.001761 0.027192 
375 0.003871 0.004036 0.00081 0.010174 0.001704 0.02751 
376 0.007036 0.004739 0.000809 0.011065 0.001771 0.024538 
377 0.00393 0.003877 0.00078 0.013077 0.001748 0.028606 
378 0.004044 0.003684 0.000787 0.013648 0.001728 0.028327 
379 0.005261 0.00384 0.00077 0.011466 0.001721 0.02573 
380 0.005344 0.004186 0.001179 0.010218 0.001717 0.026263 
381 0.003919 0.004013 0.000834 0.010209 0.001762 0.025701 
382 0.003867 0.003453 0.000751 0.010109 0.001797 0.025189 
383 0.005315 0.003492 0.000945 0.014624 0.001776 0.026227 
384 0.006919 0.003396 0.001061 0.013169 0.001724 0.023343 
385 0.00387 0.002937 0.000674 0.010727 0.001758 0.026478 
386 0.004044 0.003684 0.000751 0.01227 0.001711 0.025347 
387 0.003913 0.00317 0.000718 0.011272 0.001777 0.026467 
388 0.00584 0.003388 0.000746 0.011173 0.001196 0.02632 
389 0.003875 0.003154 0.000701 0.014168 0.001722 0.025876 
390 0.005474 0.003628 0.000736 0.009989 0.001759 0.02824 
391 0.005791 0.003467 0.000785 0.010173 0.001722 0.028129 
392 0.005238 0.004078 0.001365 0.010452 0.001719 0.028132 
393 0.003968 0.003121 0.000731 0.011366 0.001189 0.032267 
394 0.00582 0.003792 0.000728 0.010157 0.001853 0.024896 
395 0.005128 0.003695 0.001032 0.010615 0.001722 0.025096 
396 0.003986 0.003393 0.00108 0.011025 0.001722 0.025802 
397 0.005272 0.003937 0.001136 0.012476 0.001712 0.02647 
398 0.005323 0.00355 0.000891 0.010212 0.001706 0.025736 
399 0.003902 0.003556 0.00074 0.010155 0.001719 0.02566 
400 0.005382 0.00325 0.000708 0.015282 0.001722 0.030708 
401 0.004692 0.003332 0.001267 0.012451 0.001711 0.024633 
402 0.003922 0.002832 0.000668 0.01129 0.001796 0.021871 
403 0.003892 0.002951 0.000914 0.011245 0.001746 0.022805 
404 0.003947 0.00343 0.001526 0.010121 0.001703 0.025713 
405 0.00389 0.003178 0.000726 0.010857 0.001707 0.022782 
406 0.00482 0.003382 0.000754 0.010213 0.001707 0.024257 
407 0.003968 0.002863 0.000729 0.010379 0.002496 0.02746 
408 0.005096 0.003614 0.000849 0.016428 0.001729 0.025988 
409 0.005012 0.003278 0.001077 0.013302 0.001203 0.024615 
410 0.005845 0.002947 0.000712 0.013128 0.001732 0.026862 
411 0.004502 0.00364 0.000718 0.010241 0.00172 0.0257 
412 0.003918 0.00322 0.000726 0.010789 0.00172 0.025008 
413 0.008708 0.00409 0.001677 0.015323 0.001736 0.027211 
414 0.005336 0.00365 0.00097 0.01031 0.001718 0.025746 
415 0.003894 0.003276 0.000737 0.010181 0.001717 0.02635 
416 0.003648 0.003425 0.000775 0.011001 0.001711 0.026962 
417 0.003898 0.003105 0.000717 0.015938 0.001781 0.024529 
418 0.004891 0.003847 0.001665 0.011859 0.001204 0.024562 
419 0.006088 0.003968 0.000754 0.010267 0.001755 0.02485 
420 0.004021 0.003272 0.000744 0.011036 0.001722 0.025727 
421 0.009527 0.003794 0.001171 0.010246 0.001722 0.025194 
422 0.004822 0.00471 0.001672 0.014649 0.001724 0.025773 
423 0.003883 0.003449 0.000722 0.010236 0.00171 0.025555 
424 0.005312 0.004127 0.001093 0.011259 0.001752 0.027691 
425 0.003627 0.003491 0.000734 0.016207 0.001763 0.031855 
426 0.003886 0.00378 0.000744 0.010101 0.001744 0.025221 
427 0.006269 0.003931 0.00083 0.010036 0.00172 0.027536 
428 0.003842 0.002994 0.000678 0.010412 0.001752 0.027428 
429 0.005552 0.003325 0.000755 0.010993 0.001713 0.02614 
430 0.003662 0.003091 0.000848 0.010315 0.001715 0.025595 
431 0.004343 0.003164 0.001632 0.010911 0.001726 0.025665 
432 0.006126 0.003436 0.001472 0.010898 0.001738 0.024697 
433 0.005439 0.003341 0.001132 0.010206 0.001747 0.026627 
434 0.005993 0.003634 0.001309 0.016491 0.001734 0.027366 
435 0.004621 0.003071 0.001 0.009909 0.001716 0.025215 
436 0.005885 0.002852 0.000689 0.010169 0.001704 0.024364 
437 0.006041 0.003184 0.000712 0.010088 0.001715 0.025729 
438 0.003915 0.003041 0.000682 0.011181 0.001779 0.026234 
439 0.003887 0.003537 0.001047 0.011517 0.001728 0.026337 
440 0.003929 0.003085 0.000725 0.010084 0.001753 0.024782 
441 0.008899 0.004208 0.001188 0.012308 0.001723 0.027384 
442 0.006678 0.004212 0.0012 0.011924 0.001794 0.028537 
443 0.00484 0.004707 0.001016 0.010378 0.00172 0.029351 
444 0.003665 0.003417 0.000763 0.013759 0.001713 0.02663 
445 0.005174 0.003693 0.000739 0.010551 0.001712 0.0286 
446 0.007365 0.004018 0.001198 0.010155 0.002306 0.028552 
447 0.003898 0.003904 0.001728 0.010666 0.00171 0.0294 
448 0.005736 0.003757 0.000789 0.010771 0.002168 0.02535 
449 0.005333 0.003965 0.000831 0.01074 0.001743 0.026894 
450 0.003669 0.0039 0.000813 0.011215 0.00172 0.024909 
451 0.003864 0.004285 0.000793 0.01502 0.00187 0.029087 
452 0.004363 0.004289 0.000785 0.009996 0.001707 0.029371 
453 0.003889 0.00452 0.000796 0.010467 0.001711 0.026344 
454 0.005569 0.004146 0.001125 0.010364 0.001706 0.025756 
455 0.005284 0.004195 0.000831 0.010169 0.001707 0.024151 
456 0.007223 0.004694 0.000794 0.010479 0.001747 0.02543 
457 0.007452 0.005974 0.00086 0.01099 0.001716 0.024078 
458 0.006563 0.005216 0.001293 0.011839 0.001191 0.024347 
459 0.005546 0.004391 0.000802 0.010384 0.001743 0.024636 
460 0.003831 0.004444 0.000885 0.010156 0.00174 0.026668 
461 0.007357 0.005085 0.000845 0.010467 0.001716 0.027974 
462 0.008525 0.005186 0.000986 0.015315 0.00168 0.031009 
463 0.003927 0.004266 0.000871 0.012967 0.00175 0.026724 
464 0.005523 0.004571 0.000811 0.011916 0.001192 0.028275 
465 0.003897 0.004328 0.000912 0.011342 0.001723 0.027557 
466 0.006702 0.004294 0.001574 0.010215 0.001714 0.027556 
467 0.003916 0.004589 0.000841 0.010258 0.001708 0.027539 
468 0.006134 0.004615 0.000758 0.010211 0.001707 0.028004 
469 0.003898 0.003941 0.000774 0.010639 0.001756 0.028434 
470 0.003946 0.003562 0.000732 0.010264 0.001718 0.029475 
471 0.006897 0.003981 0.000781 0.010099 0.001759 0.028897 
472 0.003911 0.003968 0.000734 0.011312 0.001782 0.028997 
473 0.003894 0.004773 0.000783 0.010694 0.001758 0.029649 
474 0.004868 0.00458 0.000785 0.010233 0.001714 0.029027 
475 0.003915 0.004574 0.001011 0.012453 0.001814 0.027737 
476 0.006223 0.004231 0.001884 0.010077 0.001726 0.028534 
477 0.003888 0.00424 0.000773 0.009989 0.001705 0.027546 
478 0.004982 0.00424 0.000886 0.011231 0.00121 0.027387 
479 0.00391 0.003971 0.00081 0.012977 0.001721 0.028241 
480 0.003895 0.00385 0.000735 0.010132 0.00178 0.027872 
481 0.003875 0.004212 0.000846 0.011671 0.001754 0.028017 
482 0.005332 0.004674 0.000992 0.010216 0.001791 0.028905 
483 0.003892 0.004197 0.000826 0.010141 0.001708 0.026606 
484 0.003918 0.004347 0.00083 0.01084 0.00177 0.025601 
485 0.00408 0.004223 0.000897 0.010225 0.001708 0.026116 
486 0.003875 0.004216 0.000897 0.010184 0.001802 0.032043 
487 0.005931 0.004696 0.00086 0.010229 0.001782 0.027752 
488 0.010448 0.005253 0.000893 0.013603 0.001716 0.027093 
489 0.004303 0.005624 0.000825 0.011014 0.001712 0.027595 
490 0.004079 0.004663 0.00087 0.016379 0.001791 0.029493 
491 0.004094 0.004934 0.000908 0.010275 0.00171 0.027049 
492 0.004366 0.004967 0.000882 0.01121 0.001708 0.026668 
493 0.006943 0.005599 0.000882 0.010673 0.001747 0.028909 
494 0.004105 0.005164 0.000874 0.013592 0.001782 0.028097 
495 0.004141 0.004758 0.00091 0.010161 0.001711 0.027802 
496 0.004081 0.004809 0.000861 0.01025 0.001713 0.028251 
497 0.006343 0.005067 0.00088 0.010172 0.001795 0.028149 
498 0.00407 0.004623 0.000844 0.014171 0.001755 0.026728 
499 0.004116 0.004471 0.000852 0.010127 0.00171 0.027678 
500 0.004134 0.004655 0.000856 0.014647 0.002278 0.030831 
501 0.005609 0.00502 0.000834 0.010251 0.001709 0.027068 
502 0.006008 0.007578 0.000876 0.010521 0.001712 0.024646 
503 0.003909 0.004674 0.000776 0.010522 0.001706 0.024803 
504 0.00459 0.004983 0.001085 0.012052 0.001796 0.026391 
505 0.005301 0.004156 0.000805 0.011544 0.001703 0.028275 
506 0.005124 0.004179 0.000784 0.012422 0.001196 0.026908 
507 0.005603 0.004454 0.00077 0.010498 0.001719 0.026423 
508 0.003895 0.004055 0.000781 0.012806 0.002131 0.032783 
509 0.003938 0.003829 0.000814 0.011241 0.001735 0.02611 
510 0.003923 0.003929 0.000772 0.010223 0.001708 0.026726 
511 0.004254 0.003821 0.000781 0.01343 0.001763 0.026789 
512 0.003906 0.003958 0.000754 0.012108 0.001192 0.027239 
513 0.005895 0.004361 0.001845 0.010834 0.001742 0.025922 
514 0.005646 0.003578 0.000776 0.010217 0.001713 0.025476 
515 0.003922 0.003278 0.000739 0.011664 0.001721 0.027513 
516 0.003884 0.003321 0.000704 0.012033 0.001706 0.028566 
517 0.004745 0.004468 0.001308 0.014852 0.00218 0.026954 
518 0.004693 0.003974 0.001706 0.010181 0.001712 0.027189 
519 0.004088 0.003895 0.00074 0.011031 0.001717 0.028171 
520 0.003928 0.003731 0.000751 0.01013 0.001716 0.028161 
521 0.004774 0.003821 0.000717 0.010019 0.001745 0.028578 
522 0.003872 0.003902 0.000821 0.014653 0.001752 0.026328 
523 0.005411 0.004179 0.00102 0.010083 0.001755 0.026486 
524 0.003916 0.003487 0.00077 0.016905 0.001811 0.030597 
525 0.005326 0.004315 0.000821 0.013192 0.002293 0.026748 
526 0.004113 0.003643 0.000753 0.012824 0.001766 0.029695 
527 0.003908 0.003622 0.000766 0.010707 0.001719 0.027037 
528 0.003902 0.003638 0.000774 0.011819 0.001715 0.025355 
529 0.005956 0.00437 0.000774 0.010205 0.001743 0.025184 
530 0.003908 0.003697 0.000751 0.01021 0.00171 0.023798 
531 0.003902 0.003985 0.000746 0.013793 0.001812 0.026259 
532 0.003899 0.003608 0.000709 0.013581 0.00338 0.025697 
533 0.005342 0.004469 0.000983 0.012533 0.001741 0.026123 
534 0.006706 0.00387 0.000958 0.010974 0.001721 0.025475 
535 0.003898 0.003568 0.000709 0.010181 0.001729 0.026649 
536 0.004008 0.004026 0.00097 0.01061 0.001729 0.027741 
537 0.007384 0.003805 0.000715 0.010618 0.00171 0.025168 
538 0.004468 0.00355 0.000857 0.010195 0.001711 0.026207 
539 0.005961 0.003872 0.000768 0.010245 0.001709 0.026219 
540 0.006466 0.004338 0.00179 0.010653 0.001726 0.025777 
541 0.005292 0.004193 0.000818 0.012858 0.001715 0.024366 
542 0.005312 0.004009 0.000777 0.014827 0.001728 0.02522 
543 0.003926 0.003927 0.001875 0.013533 0.001723 0.025133 
544 0.003916 0.003773 0.000766 0.011226 0.001721 0.027648 
545 0.005361 0.00433 0.000758 0.010525 0.001711 0.028819 
546 0.003973 0.003991 0.000788 0.013004 0.001856 0.023766 
547 0.003906 0.004211 0.001673 0.010728 0.00171 0.02575 
548 0.005676 0.003712 0.000733 0.010228 0.001714 0.026263 
549 0.00417 0.004086 0.000768 0.011692 0.001709 0.026874 
550 0.003906 0.003888 0.000799 0.010343 0.00177 0.026551 
551 0.00389 0.003766 0.001787 0.010367 0.002684 0.025984 
552 0.003957 0.003874 0.00075 0.01086 0.001715 0.027045 
553 0.005845 0.004777 0.001582 0.011796 0.001203 0.023921 
554 0.004586 0.003913 0.000788 0.015479 0.001748 0.026572 
555 0.003892 0.004198 0.00078 0.014766 0.001728 0.026189 
556 0.004066 0.004248 0.000808 0.010772 0.001732 0.027331 
557 0.005306 0.004705 0.000798 0.010063 0.001713 0.026363 
558 0.004411 0.004544 0.001641 0.010326 0.001755 0.025439 
559 0.003877 0.004263 0.000766 0.014922 0.003355 0.03008 
560 0.004118 0.004259 0.000779 0.010365 0.001725 0.028471 
561 0.003903 0.004218 0.001382 0.010434 0.00172 0.024812 
562 0.005041 0.005235 0.000818 0.010834 0.00172 0.025519 
563 0.003934 0.004223 0.000949 0.015642 0.001732 0.028842 
564 0.006149 0.004612 0.000783 0.011365 0.001722 0.025177 
565 0.005824 0.004795 0.001028 0.010871 0.001789 0.025103 
566 0.007376 0.004757 0.000786 0.011095 0.001712 0.032961 
567 0.003994 0.004331 0.000865 0.010199 0.001705 0.024917 
568 0.00391 0.003863 0.000856 0.011378 0.001777 0.028273 
569 0.005613 0.004014 0.000763 0.010994 0.00172 0.028657 
570 0.004989 0.004138 0.00081 0.010277 0.001717 0.028385 
571 0.003915 0.004087 0.0008 0.015422 0.001729 0.025057 
572 0.003892 0.004249 0.000789 0.010538 0.001707 0.026451 
573 0.005254 0.004644 0.001018 0.013329 0.00178 0.027394 
574 0.005149 0.004877 0.000848 0.01122 0.001199 0.026944 
575 0.003919 0.004244 0.001323 0.012531 0.001749 0.028863 
576 0.003948 0.004293 0.000861 0.010107 0.001719 0.027138 
577 0.004688 0.004784 0.001166 0.012007 0.001821 0.028577 
578 0.005794 0.004919 0.001328 0.016364 0.00173 0.029678 
579 0.006844 0.005017 0.000843 0.010744 0.001783 0.027796 
580 0.004045 0.004877 0.000884 0.014767 0.001728 0.026411 
581 0.010137 0.005512 0.00092 0.010213 0.00171 0.028319 
582 0.005619 0.005102 0.000919 0.010346 0.001731 0.027195 
583 0.004286 0.004824 0.000877 0.015077 0.001754 0.030598 
584 0.003911 0.004332 0.000807 0.010375 0.00173 0.025554 
585 0.007318 0.005513 0.000863 0.01137 0.001192 0.026637 
586 0.00529 0.005074 0.000841 0.011618 0.001195 0.025785 
587 0.004127 0.005148 0.001185 0.010718 0.001799 0.02642 
588 0.004847 0.004259 0.000777 0.011174 0.002478 0.025076 
589 0.005798 0.006436 0.001769 0.010604 0.00178 0.025693 
590 0.005725 0.005276 0.000778 0.010612 0.001714 0.024885 
591 0.003942 0.004438 0.00082 0.009983 0.001968 0.027067 
592 0.004559 0.004044 0.000759 0.013243 0.001795 0.023695 
593 0.007879 0.004258 0.001176 0.010207 0.001707 0.024225 
594 0.003856 0.003685 0.000731 0.011992 0.001717 0.026221 
595 0.003933 0.003889 0.000819 0.010375 0.001743 0.025796 
596 0.006594 0.004778 0.000859 0.01141 0.001765 0.024261 
597 0.007294 0.0036 0.001031 0.010542 0.001721 0.02536 
598 0.004039 0.004159 0.000786 0.010192 0.001732 0.027369 
599 0.004722 0.005764 0.000877 0.010164 0.001723 0.026449 
600 0.004041 0.004304 0.000805 0.010867 0.001721 0.026266 
601 0.004306 0.004444 0.00076 0.010517 0.001726 0.025145 
602 0.003957 0.00376 0.000739 0.014659 0.001791 0.02786 
603 0.005264 0.003992 0.000774 0.010188 0.001743 0.02525 
604 0.006267 0.004616 0.001674 0.010758 0.001729 0.024393 
605 0.005682 0.004208 0.000834 0.010391 0.001706 0.025434 
606 0.003868 0.003988 0.000777 0.014231 0.001772 0.029451 
607 0.006014 0.004475 0.001017 0.011242 0.001729 0.024976 
608 0.005602 0.004164 0.000789 0.010182 0.001714 0.025303 
609 0.005769 0.004592 0.001651 0.010295 0.001775 0.02467 
610 0.003605 0.004307 0.000837 0.010119 0.001711 0.024222 
611 0.004053 0.004156 0.000861 0.010393 0.002213 0.023877 
612 0.006854 0.004733 0.001188 0.011564 0.001827 0.022684 
613 0.007433 0.004679 0.000971 0.010024 0.001708 0.025074 
614 0.005298 0.004799 0.000768 0.010005 0.001704 0.023609 
615 0.00391 0.004934 0.000834 0.010133 0.001722 0.021174 
616 0.005612 0.004925 0.000745 0.012724 0.001826 0.027723 
617 0.00495 0.004975 0.000784 0.010202 0.001722 0.024082 
618 0.003867 0.003492 0.000701 0.010817 0.001716 0.022846 
619 0.003975 0.003354 0.000721 0.01387 0.001712 0.026653 
620 0.005691 0.003384 0.000816 0.010846 0.0018 0.024098 
621 0.00526 0.003857 0.000918 0.010803 0.00177 0.02551 
622 0.005295 0.004157 0.001018 0.010224 0.001712 0.027161 
623 0.003966 0.003557 0.000721 0.014506 0.001802 0.026725 
624 0.004412 0.004466 0.000712 0.011301 0.001718 0.026259 
625 0.0048 0.004529 0.001509 0.010231 0.001783 0.026777 
626 0.006636 0.003749 0.000735 0.020799 0.00173 0.025912 
627 0.003887 0.003345 0.000738 0.010117 0.001741 0.026482 
628 0.004923 0.003433 0.001194 0.013247 0.001209 0.025149 
629 0.005409 0.003951 0.001063 0.013067 0.00171 0.025658 
630 0.005352 0.004127 0.000822 0.010135 0.001708 0.026204 
631 0.00396 0.003684 0.001695 0.010861 0.001738 0.027715 
632 0.004642 0.003641 0.00072 0.011529 0.001704 0.031544 
633 0.004293 0.003408 0.000961 0.011708 0.00172 0.025238 
634 0.0048 0.002907 0.000702 0.010538 0.001711 0.024162 
635 0.003902 0.002959 0.00217 0.015153 0.001728 0.027925 
636 0.006402 0.00341 0.000758 0.013854 0.002425 0.022773 
637 0.00442 0.00367 0.00099 0.010163 0.001714 0.022838 
638 0.005438 0.00275 0.000683 0.015799 0.001724 0.027435 
639 0.005757 0.003009 0.000684 0.011295 0.001727 0.02546 
640 0.005954 0.002899 0.000757 0.012158 0.001659 0.023597 
641 0.004469 0.003213 0.00081 0.010289 0.001708 0.023214 
642 0.004335 0.003647 0.000982 0.010739 0.001721 0.02598 
643 0.004321 0.003264 0.00073 0.010151 0.001767 0.025649 
644 0.004187 0.003022 0.00072 0.010209 0.001762 0.024797 
645 0.004214 0.003445 0.000812 0.015392 0.003879 0.028804 
646 0.010502 0.003698 0.000751 0.0102 0.00171 0.024515 
647 0.007561 0.00347 0.001483 0.012149 0.001773 0.026087 
648 0.005167 0.003331 0.000716 0.010682 0.001714 0.026673 
649 0.006777 0.003445 0.000778 0.009949 0.001753 0.025403 
650 0.004116 0.003269 0.000699 0.011274 0.001727 0.02847 
651 0.00488 0.003501 0.000707 0.010362 0.001719 0.024439 
652 0.003884 0.003602 0.000749 0.010718 0.001726 0.025514 
653 0.008645 0.004602 0.001422 0.011695 0.002425 0.030051 
654 0.003914 0.003667 0.001747 0.015016 0.001755 0.025026 
655 0.006016 0.003985 0.001481 0.014581 0.001811 0.02383 
656 0.003977 0.003036 0.000693 0.012313 0.001708 0.026409 
657 0.007824 0.004183 0.001163 0.014394 0.00119 0.026129 
658 0.003957 0.002768 0.000689 0.010702 0.001718 0.02557 
659 0.005932 0.00363 0.000702 0.011207 0.001778 0.025606 
660 0.003629 0.002701 0.00064 0.014839 0.001761 0.029416 
661 0.003722 0.002562 0.000629 0.014793 0.001723 0.026256 
662 0.003642 0.002446 0.000622 0.01022 0.001709 0.026084 
663 0.003714 0.002602 0.00062 0.010188 0.001719 0.023694 
664 0.00394 0.003143 0.000931 0.010408 0.001714 0.026465 
665 0.004045 0.002883 0.000655 0.014555 0.001724 0.026985 
666 0.004608 0.003358 0.00064 0.011684 0.001717 0.025267 
667 0.003903 0.002871 0.000669 0.015427 0.001747 0.029865 
668 0.004774 0.002736 0.000661 0.010152 0.001715 0.027088 
669 0.003903 0.002875 0.000653 0.010443 0.00172 0.026253 
670 0.007018 0.00269 0.000673 0.011364 0.001773 0.026564 
671 0.003897 0.003225 0.000704 0.01552 0.00172 0.02664 
672 0.005927 0.003479 0.001528 0.010311 0.001713 0.024918 
673 0.003893 0.003279 0.000737 0.010617 0.001819 0.022562 
674 0.00367 0.00346 0.000748 0.014412 0.00178 0.024454 
