1 0.010503 0.00681 0.001146 0.024971 0.002228 0.027364 
2 0.01172 0.009534 0.001091 0.025374 0.00211 0.025923 
3 0.005993 0.009811 0.001138 0.024674 0.002122 0.025949 
4 0.005445 0.007868 0.002312 0.025056 0.002097 0.029168 
5 0.007317 0.008049 0.001148 0.024491 0.002082 0.02566 
6 0.007001 0.008425 0.001099 0.024162 0.002136 0.025345 
7 0.007755 0.006747 0.001105 0.024246 0.002092 0.024876 
8 0.00892 0.007697 0.001078 0.023794 0.002086 0.024743 
9 0.005217 0.006575 0.001089 0.023858 0.002071 0.025229 
10 0.005185 0.006116 0.001053 0.023786 0.002092 0.026359 
11 0.005215 0.006174 0.001103 0.023817 0.002088 0.024773 
12 0.005207 0.006847 0.00108 0.023807 0.002125 0.024338 
13 0.005162 0.006912 0.001052 0.028014 0.002075 0.026986 
14 0.009963 0.008277 0.001151 0.023835 0.002124 0.023532 
15 0.00519 0.005477 0.000946 0.023739 0.00208 0.025754 
16 0.005206 0.005877 0.00098 0.024 0.002078 0.02475 
17 0.005269 0.006123 0.001248 0.023868 0.002105 0.022706 
18 0.007178 0.005836 0.000988 0.023713 0.002093 0.020605 
19 0.005212 0.006482 0.000992 0.024352 0.002098 0.022486 
20 0.007303 0.005956 0.000992 0.023854 0.002127 0.021833 
21 0.011593 0.00573 0.00106 0.023834 0.002135 0.019688 
22 0.006859 0.006601 0.001186 0.02381 0.002083 0.018721 
23 0.005171 0.006219 0.001022 0.023881 0.002105 0.022855 
24 0.005242 0.006888 0.001012 0.023788 0.002102 0.023286 
25 0.005226 0.006506 0.00101 0.024614 0.002073 0.02698 
26 0.00681 0.007147 0.001094 0.023915 0.002087 0.023683 
27 0.005206 0.006165 0.001 0.024757 0.002089 0.024668 
28 0.007368 0.006609 0.001002 0.026869 0.002107 0.024128 
29 0.005229 0.004661 0.000892 0.02369 0.002104 0.025405 
30 0.004989 0.004444 0.00085 0.024356 0.002093 0.024313 
31 0.005262 0.004772 0.000868 0.023819 0.002082 0.024672 
32 0.005007 0.004271 0.000797 0.023869 0.002088 0.024292 
33 0.00512 0.004626 0.000838 0.023921 0.002079 0.024509 
34 0.007342 0.005256 0.000844 0.024041 0.002138 0.023992 
35 0.004799 0.004043 0.000792 0.023866 0.002107 0.022407 
36 0.007103 0.004399 0.000841 0.023863 0.00208 0.025078 
37 0.005005 0.004428 0.000861 0.023958 0.002091 0.021051 
38 0.005033 0.004203 0.000795 0.024848 0.002085 0.026227 
39 0.005013 0.003586 0.000757 0.024059 0.002069 0.022206 
40 0.004962 0.004155 0.000775 0.024465 0.002101 0.023684 
41 0.00662 0.004366 0.000753 0.024735 0.002071 0.023766 
42 0.005103 0.004584 0.000845 0.023921 0.002404 0.024023 
43 0.006808 0.004727 0.000783 0.02413 0.002127 0.021993 
44 0.005075 0.004409 0.000838 0.023777 0.002129 0.021837 
45 0.0053 0.005758 0.000887 0.024564 0.002121 0.022408 
46 0.005065 0.004684 0.000842 0.023822 0.002093 0.021066 
47 0.004739 0.004313 0.000824 0.023764 0.002093 0.021775 
48 0.004985 0.004011 0.000841 0.024114 0.002088 0.021838 
49 0.005535 0.004434 0.000843 0.023787 0.002125 0.021305 
50 0.007063 0.004572 0.000874 0.023839 0.002093 0.02105 
51 0.004993 0.004085 0.000825 0.023798 0.002083 0.022817 
52 0.008556 0.004929 0.001204 0.023846 0.002116 0.024755 
53 0.004966 0.004464 0.000877 0.023841 0.002092 0.024359 
54 0.007126 0.004771 0.000966 0.02373 0.002093 0.023827 
55 0.007023 0.004524 0.000885 0.023774 0.002112 0.024751 
56 0.004943 0.004412 0.000823 0.02377 0.002097 0.02501 
57 0.005013 0.00406 0.000817 0.023866 0.002125 0.026068 
58 0.007345 0.005104 0.000911 0.02407 0.002087 0.024922 
59 0.004936 0.004427 0.000853 0.024893 0.00216 0.027397 
60 0.007677 0.005115 0.000957 0.024133 0.002076 0.024214 
61 0.00521 0.004367 0.000879 0.024119 0.002145 0.023786 
62 0.005019 0.004354 0.000834 0.023811 0.00208 0.02319 
63 0.005279 0.004917 0.000939 0.024321 0.002084 0.024803 
64 0.005007 0.004471 0.000932 0.02402 0.002089 0.024043 
65 0.008668 0.005182 0.000988 0.02376 0.00208 0.022634 
66 0.005005 0.004584 0.000923 0.023706 0.002095 0.022931 
67 0.005448 0.004142 0.000858 0.02395 0.002262 0.02153 
68 0.007071 0.004422 0.000839 0.023781 0.002081 0.020794 
69 0.005151 0.004076 0.000851 0.023862 0.002093 0.02132 
70 0.005015 0.004709 0.000974 0.023827 0.002113 0.019512 
71 0.005112 0.004338 0.00086 0.024827 0.002094 0.018658 
72 0.0116 0.004361 0.000867 0.025914 0.002111 0.025 
73 0.004981 0.003584 0.000817 0.024897 0.002084 0.024249 
74 0.005194 0.004337 0.000912 0.023853 0.002135 0.021375 
75 0.004954 0.003944 0.000837 0.026808 0.002719 0.023977 
76 0.014003 0.00457 0.000876 0.02393 0.002135 0.022614 
77 0.006825 0.004215 0.000828 0.02386 0.002108 0.022615 
78 0.006627 0.004078 0.000852 0.023782 0.002093 0.02436 
79 0.005168 0.004423 0.000915 0.023977 0.002098 0.023834 
80 0.00621 0.004174 0.000857 0.023719 0.002086 0.024461 
81 0.005048 0.004264 0.000987 0.025957 0.002085 0.026328 
82 0.008101 0.00497 0.000907 0.025557 0.002092 0.025347 
83 0.005013 0.00418 0.000823 0.023819 0.002112 0.024483 
84 0.00939 0.004274 0.000844 0.023841 0.002099 0.023002 
85 0.006806 0.00512 0.000884 0.02783 0.002082 0.023297 
86 0.007093 0.004449 0.00087 0.023809 0.002084 0.025376 
87 0.005045 0.004202 0.00082 0.02376 0.002091 0.025465 
88 0.00615 0.004493 0.000857 0.023777 0.002081 0.022317 
89 0.005118 0.004177 0.000838 0.023835 0.002138 0.022238 
90 0.007143 0.004251 0.000787 0.023861 0.002095 0.021841 
91 0.004993 0.004378 0.000799 0.023866 0.002102 0.023256 
92 0.00881 0.005999 0.000884 0.023723 0.002074 0.023492 
93 0.005034 0.004583 0.000819 0.023794 0.002098 0.023818 
94 0.005214 0.00527 0.000961 0.023728 0.002092 0.024802 
95 0.005033 0.004587 0.000844 0.023682 0.002091 0.024119 
96 0.005384 0.005771 0.000938 0.023724 0.002152 0.020389 
97 0.005383 0.006608 0.000945 0.024664 0.002132 0.024704 
98 0.005266 0.007829 0.001198 0.023758 0.002105 0.019364 
99 0.007056 0.008939 0.000898 0.023649 0.00208 0.024719 
100 0.00735 0.00791 0.000947 0.023656 0.002116 0.021182 
101 0.005147 0.018901 0.000608 0.02278 0.002083 0.016071 
102 0.005241 0.007294 0.000987 0.023834 0.002076 0.01672 
103 0.005204 0.006894 0.000944 0.023656 0.002078 0.018374 
104 0.005195 0.006312 0.000943 0.024783 0.002128 0.023414 
105 0.005343 0.005667 0.000844 0.024066 0.002088 0.023425 
106 0.007698 0.007326 0.000903 0.023697 0.002155 0.022127 
107 0.005345 0.00829 0.001128 0.024479 0.002122 0.026184 
108 0.005238 0.006752 0.00106 0.024893 0.002153 0.028143 
109 0.007598 0.007747 0.001143 0.023754 0.001467 0.023331 
110 0.007506 0.005876 0.000991 0.025742 0.002085 0.025947 
111 0.00519 0.006137 0.00121 0.023717 0.002104 0.02455 
112 0.006634 0.005684 0.000987 0.025312 0.002078 0.026318 
113 0.005198 0.006062 0.001039 0.023437 0.002088 0.023292 
114 0.00793 0.006727 0.00114 0.02382 0.002079 0.023069 
115 0.005218 0.007095 0.001105 0.023846 0.00209 0.023048 
116 0.007365 0.007326 0.001156 0.024558 0.002078 0.023896 
117 0.005236 0.007163 0.00109 0.025154 0.002127 0.029779 
118 0.007466 0.00728 0.001134 0.024724 0.002428 0.024877 
119 0.008783 0.009981 0.001171 0.024666 0.002083 0.02685 
120 0.006853 0.008136 0.001607 0.024705 0.002116 0.024143 
121 0.005254 0.007495 0.001036 0.02385 0.002089 0.023927 
122 0.00518 0.007798 0.00112 0.024098 0.002084 0.02266 
123 0.005179 0.008393 0.0012 0.023756 0.002114 0.022645 
124 0.005195 0.007995 0.00112 0.024493 0.002126 0.02555 
125 0.00675 0.0076 0.001061 0.024945 0.002138 0.025893 
126 0.00955 0.008879 0.00105 0.023864 0.002084 0.02333 
127 0.005175 0.007625 0.001109 0.023682 0.002161 0.021849 
128 0.005287 0.006373 0.000986 0.023801 0.002076 0.022522 
129 0.005167 0.005827 0.001025 0.023886 0.002095 0.023245 
130 0.005253 0.006773 0.001084 0.024578 0.002118 0.024466 
131 0.005204 0.006392 0.001072 0.02389 0.002086 0.021936 
132 0.012955 0.007034 0.001107 0.023616 0.002104 0.023071 
133 0.004736 0.004535 0.000794 0.023646 0.002094 0.022922 
134 0.006519 0.004876 0.000958 0.024667 0.002084 0.027187 
135 0.006643 0.005783 0.000982 0.023576 0.002083 0.024156 
136 0.007388 0.005443 0.000957 0.024729 0.002085 0.023379 
137 0.005189 0.004974 0.000892 0.023777 0.002075 0.024854 
138 0.007365 0.006206 0.001009 0.025433 0.002071 0.02749 
139 0.005253 0.006089 0.001008 0.02428 0.002088 0.027208 
140 0.005217 0.006788 0.001022 0.026719 0.002234 0.029496 
141 0.005207 0.006561 0.001048 0.02386 0.002069 0.023007 
142 0.005161 0.007787 0.001077 0.023801 0.002071 0.021099 
143 0.005196 0.00694 0.000999 0.0237 0.002085 0.023088 
144 0.005245 0.00645 0.002398 0.023917 0.002099 0.02394 
145 0.005177 0.005659 0.000962 0.023791 0.002124 0.023265 
146 0.008735 0.006051 0.001001 0.02403 0.002095 0.027016 
147 0.006826 0.005463 0.000959 0.023867 0.002091 0.024154 
148 0.006934 0.005712 0.001402 0.023868 0.002101 0.025515 
149 0.005216 0.005457 0.000953 0.023957 0.002093 0.022276 
150 0.007335 0.006426 0.00104 0.024425 0.002074 0.021366 
151 0.007465 0.007718 0.001116 0.024238 0.002082 0.020173 
152 0.005188 0.011039 0.00104 0.023768 0.002119 0.020935 
153 0.005186 0.006537 0.001033 0.02379 0.002096 0.020146 
154 0.005258 0.006672 0.001025 0.023878 0.002131 0.020051 
155 0.005184 0.004822 0.00088 0.023711 0.002064 0.022843 
156 0.004966 0.003974 0.000821 0.023713 0.002076 0.022265 
157 0.005187 0.004887 0.000889 0.023805 0.002076 0.022487 
158 0.006633 0.004926 0.0013 0.023758 0.002112 0.022785 
159 0.00831 0.004534 0.000876 0.023811 0.002091 0.023528 
160 0.005212 0.005588 0.000994 0.023803 0.002077 0.025434 
161 0.006758 0.005745 0.001392 0.024314 0.002114 0.023241 
162 0.005272 0.005353 0.001214 0.023792 0.002091 0.020834 
163 0.007822 0.005995 0.000957 0.023872 0.002244 0.021133 
164 0.006667 0.004629 0.000864 0.02375 0.002331 0.021115 
165 0.006679 0.00562 0.001763 0.02635 0.002094 0.020374 
166 0.00519 0.006225 0.001045 0.023721 0.002131 0.021626 
167 0.013769 0.006298 0.001031 0.023863 0.002072 0.023725 
168 0.011604 0.00691 0.001034 0.023809 0.002088 0.023675 
169 0.005185 0.005941 0.000996 0.023641 0.002072 0.023004 
170 0.007315 0.005449 0.000922 0.023708 0.00209 0.021584 
171 0.00495 0.004319 0.000884 0.023681 0.002102 0.022626 
172 0.005181 0.005058 0.000966 0.023661 0.002083 0.023447 
173 0.005177 0.005259 0.00092 0.02377 0.002116 0.023969 
174 0.005213 0.005569 0.000925 0.023627 0.002083 0.026294 
175 0.00531 0.005006 0.000897 0.023573 0.002087 0.027096 
176 0.006956 0.004623 0.000853 0.023599 0.002101 0.027679 
177 0.005189 0.005372 0.000867 0.024742 0.002076 0.025336 
178 0.007175 0.004922 0.00087 0.024269 0.002085 0.022932 
179 0.005166 0.005696 0.000976 0.024587 0.002067 0.027762 
180 0.005186 0.00568 0.000995 0.023796 0.002081 0.0248 
181 0.005139 0.005593 0.000977 0.024033 0.002127 0.022525 
182 0.005177 0.005263 0.000904 0.022923 0.002089 0.024608 
183 0.005187 0.005034 0.000934 0.023787 0.00212 0.02471 
184 0.007308 0.006781 0.00104 0.024224 0.002137 0.024352 
185 0.005249 0.005333 0.001024 0.023907 0.002075 0.023432 
186 0.007474 0.006481 0.001066 0.023758 0.00209 0.023335 
187 0.005672 0.005736 0.001023 0.024902 0.002194 0.024074 
188 0.00517 0.00591 0.001022 0.023833 0.002085 0.020813 
189 0.005183 0.005298 0.000967 0.027067 0.002085 0.025106 
190 0.005212 0.005177 0.000942 0.023963 0.002072 0.025303 
191 0.0053 0.004809 0.000906 0.023826 0.002088 0.026249 
192 0.007034 0.006222 0.000916 0.023779 0.002137 0.021361 
193 0.005174 0.004964 0.000914 0.023935 0.002067 0.022946 
194 0.005235 0.004672 0.00089 0.023897 0.002086 0.023224 
195 0.006646 0.004574 0.000896 0.024007 0.002059 0.024658 
196 0.00519 0.004494 0.00088 0.029598 0.002143 0.023244 
197 0.005189 0.005227 0.001032 0.023819 0.002081 0.02292 
198 0.007317 0.005865 0.001063 0.024251 0.002085 0.020972 
199 0.007364 0.005572 0.001046 0.024131 0.002105 0.021795 
200 0.005214 0.00511 0.00101 0.024228 0.002086 0.021499 
201 0.005236 0.005187 0.000972 0.024019 0.002074 0.023057 
202 0.00528 0.006118 0.001033 0.023914 0.002122 0.021703 
203 0.009844 0.005436 0.001015 0.023806 0.002092 0.022471 
204 0.005194 0.005504 0.001001 0.025279 0.00208 0.027865 
205 0.005847 0.004861 0.001001 0.024159 0.002095 0.02452 
206 0.005224 0.006573 0.001139 0.023846 0.002092 0.025143 
207 0.005177 0.006192 0.001101 0.024594 0.00209 0.024033 
208 0.007312 0.005407 0.001015 0.025495 0.002094 0.022634 
209 0.0052 0.005331 0.001029 0.023938 0.002119 0.022246 
210 0.007465 0.005577 0.001037 0.023746 0.002099 0.022234 
211 0.005203 0.005213 0.001087 0.023747 0.002085 0.021248 
212 0.005214 0.004937 0.001044 0.023685 0.002085 0.022871 
213 0.006572 0.004921 0.000967 0.029971 0.002095 0.022746 
214 0.010042 0.005814 0.001 0.024777 0.002088 0.021435 
215 0.01028 0.006176 0.001061 0.023142 0.002096 0.022245 
216 0.006309 0.005755 0.001019 0.024221 0.002079 0.022191 
217 0.005203 0.005445 0.001013 0.023807 0.002099 0.022812 
218 0.005213 0.004911 0.000986 0.023881 0.002143 0.020644 
219 0.00516 0.005584 0.000997 0.023749 0.002106 0.019751 
220 0.005213 0.005821 0.000989 0.023764 0.002073 0.023287 
221 0.005214 0.004666 0.000947 0.023814 0.002103 0.022739 
222 0.00518 0.005588 0.000978 0.02374 0.002095 0.020785 
223 0.005219 0.005171 0.000911 0.025969 0.002086 0.025862 
224 0.005313 0.005098 0.000938 0.023745 0.00211 0.020475 
225 0.00875 0.005523 0.000966 0.024894 0.002094 0.025659 
226 0.011091 0.005096 0.001281 0.023957 0.00207 0.022672 
227 0.005201 0.004561 0.00093 0.023896 0.002122 0.021465 
228 0.005533 0.00507 0.000939 0.023959 0.002101 0.022707 
229 0.007462 0.005909 0.001053 0.023981 0.002106 0.024904 
230 0.005274 0.005556 0.001057 0.023815 0.00212 0.023016 
231 0.00658 0.004893 0.001763 0.024511 0.002086 0.026495 
232 0.00689 0.004678 0.00083 0.023954 0.002102 0.022483 
233 0.005164 0.005064 0.000857 0.026951 0.002069 0.025877 
234 0.007061 0.004454 0.001608 0.023757 0.002081 0.019375 
235 0.004993 0.003823 0.000805 0.023826 0.002079 0.023901 
236 0.004988 0.004289 0.000896 0.024579 0.002121 0.026192 
237 0.004973 0.004115 0.000809 0.024685 0.002088 0.023481 
238 0.00504 0.004252 0.000899 0.024149 0.002078 0.022514 
239 0.005227 0.00456 0.000926 0.023714 0.002083 0.021101 
240 0.006555 0.004363 0.00087 0.02364 0.002112 0.020668 
241 0.007085 0.005132 0.001784 0.023729 0.002075 0.020523 
242 0.005232 0.004813 0.000917 0.024198 0.002249 0.021093 
243 0.006716 0.005118 0.000972 0.023751 0.002078 0.020712 
244 0.006045 0.005378 0.001437 0.023815 0.002072 0.020808 
245 0.007027 0.005513 0.000977 0.023734 0.002092 0.020161 
246 0.005198 0.005891 0.000991 0.023828 0.002092 0.022685 
247 0.005199 0.005508 0.000973 0.023721 0.002099 0.01957 
248 0.005193 0.00488 0.000876 0.023652 0.002106 0.0189 
249 0.005231 0.00538 0.000925 0.024593 0.002096 0.022095 
250 0.005215 0.005671 0.000974 0.024038 0.002118 0.01966 
251 0.005182 0.005094 0.000864 0.023894 0.002066 0.022606 
252 0.005282 0.005458 0.000923 0.023838 0.002111 0.021293 
253 0.005222 0.00498 0.000935 0.03 0.002084 0.022936 
254 0.005056 0.004627 0.000801 0.024365 0.002077 0.023428 
255 0.006394 0.005366 0.000904 0.024074 0.002084 0.022983 
256 0.005223 0.005423 0.001838 0.024859 0.002121 0.023362 
257 0.005188 0.004743 0.00088 0.024428 0.002116 0.023573 
258 0.007401 0.005273 0.000932 0.023857 0.002101 0.023872 
259 0.004983 0.004678 0.000798 0.024234 0.002074 0.022692 
260 0.005306 0.00634 0.000955 0.023644 0.002104 0.023426 
261 0.005196 0.005115 0.000926 0.023827 0.002145 0.024119 
262 0.00527 0.005233 0.000973 0.023659 0.002117 0.023584 
263 0.008225 0.005601 0.000889 0.024621 0.002078 0.025874 
264 0.005178 0.004534 0.000846 0.024657 0.00212 0.029798 
265 0.005168 0.004397 0.000864 0.023896 0.002076 0.028027 
266 0.007274 0.005414 0.000971 0.024239 0.002089 0.025426 
267 0.004976 0.00447 0.000837 0.025964 0.002093 0.030844 
268 0.004946 0.005418 0.000922 0.023752 0.002122 0.027203 
269 0.004989 0.0047 0.000853 0.023788 0.002087 0.027209 
270 0.005209 0.006028 0.000983 0.023923 0.002091 0.026885 
271 0.00528 0.007032 0.000896 0.023841 0.002101 0.027426 
272 0.005347 0.006678 0.001037 0.024594 0.002092 0.028221 
273 0.004972 0.005378 0.000887 0.023699 0.002071 0.029274 
274 0.007311 0.006244 0.000993 0.023788 0.002109 0.02672 
275 0.005156 0.005555 0.000928 0.023916 0.002082 0.028174 
276 0.006275 0.006957 0.001007 0.023767 0.002095 0.030138 
277 0.005204 0.006653 0.000981 0.023799 0.002083 0.029098 
278 0.005186 0.007171 0.000941 0.023682 0.002081 0.02834 
279 0.006906 0.007138 0.000974 0.024218 0.002072 0.028076 
280 0.005206 0.005683 0.001007 0.023764 0.002089 0.027551 
281 0.005168 0.005655 0.000948 0.023801 0.002069 0.028557 
282 0.007313 0.005808 0.000979 0.025049 0.002088 0.030795 
283 0.005329 0.005623 0.000931 0.023754 0.002094 0.022532 
284 0.005321 0.005616 0.000903 0.031758 0.002116 0.027319 
285 0.004955 0.005358 0.000945 0.024335 0.002085 0.024493 
286 0.00733 0.006116 0.001009 0.025756 0.002106 0.028775 
287 0.007416 0.005777 0.001092 0.023905 0.002065 0.02598 
288 0.007004 0.005642 0.001198 0.023734 0.002111 0.024869 
289 0.006983 0.005008 0.000925 0.02657 0.002271 0.029277 
290 0.013597 0.005178 0.00147 0.023717 0.002083 0.024441 
291 0.005427 0.005334 0.000944 0.02376 0.002088 0.024535 
292 0.005201 0.004761 0.000895 0.023734 0.002078 0.02532 
293 0.005188 0.005229 0.000912 0.023744 0.002072 0.026826 
294 0.005258 0.005258 0.000995 0.023733 0.002115 0.024246 
295 0.005228 0.005206 0.000948 0.02373 0.00212 0.024535 
296 0.006841 0.00652 0.00154 0.023932 0.002091 0.0259 
297 0.005508 0.006588 0.001342 0.024127 0.002085 0.02577 
298 0.005508 0.006912 0.001189 0.023781 0.0021 0.023937 
299 0.005193 0.006413 0.001099 0.024784 0.002094 0.023761 
300 0.005192 0.006353 0.001121 0.023712 0.002083 0.023099 
301 0.006148 0.007244 0.001817 0.024009 0.002079 0.02389 
302 0.008749 0.005812 0.001043 0.023842 0.002094 0.02565 
303 0.005234 0.006507 0.001046 0.023934 0.002078 0.021558 
304 0.005146 0.006892 0.001058 0.024704 0.002155 0.027662 
305 0.005352 0.005973 0.000997 0.023822 0.002074 0.024595 
306 0.005264 0.005375 0.001008 0.023863 0.002091 0.023613 
307 0.005195 0.005596 0.001068 0.023892 0.002098 0.021475 
308 0.005171 0.011904 0.00114 0.023725 0.002111 0.024863 
309 0.005248 0.006686 0.000961 0.025017 0.00212 0.026276 
310 0.005221 0.006037 0.001043 0.02373 0.002121 0.024234 
311 0.005135 0.005353 0.000939 0.023731 0.002089 0.025338 
312 0.00548 0.006627 0.001095 0.023769 0.002125 0.025113 
313 0.005192 0.007001 0.001094 0.025772 0.002132 0.029582 
314 0.005173 0.01015 0.001061 0.023738 0.0021 0.023702 
315 0.00514 0.007265 0.001131 0.024662 0.002119 0.027184 
316 0.005213 0.006376 0.001089 0.023803 0.002142 0.024972 
317 0.005174 0.006787 0.001119 0.024883 0.002114 0.027503 
318 0.00519 0.006929 0.001124 0.02385 0.002074 0.023747 
319 0.011366 0.0072 0.00119 0.024701 0.003936 0.026592 
320 0.00714 0.007234 0.00113 0.024184 0.002088 0.026157 
321 0.005215 0.006987 0.001156 0.024605 0.002107 0.027919 
322 0.007025 0.007045 0.001121 0.023866 0.002128 0.023756 
323 0.005188 0.006628 0.001106 0.02404 0.002147 0.024628 
324 0.005196 0.00693 0.001132 0.023983 0.002089 0.026417 
325 0.006933 0.00667 0.001117 0.024481 0.002123 0.02945 
326 0.005198 0.006692 0.001224 0.023819 0.002087 0.02606 
327 0.005193 0.006462 0.001114 0.024678 0.002138 0.027566 
328 0.005184 0.007263 0.001155 0.023817 0.002137 0.027501 
329 0.005197 0.007434 0.00113 0.023849 0.002095 0.025198 
330 0.00556 0.00733 0.001253 0.023835 0.002077 0.026396 
331 0.005257 0.007336 0.001141 0.023881 0.002081 0.02533 
332 0.006316 0.007385 0.001167 0.023876 0.002066 0.024452 
333 0.005463 0.007341 0.001056 0.024398 0.00209 0.028579 
334 0.005155 0.007132 0.001179 0.023792 0.002098 0.025163 
335 0.005231 0.007084 0.001129 0.023791 0.002083 0.024768 
336 0.00518 0.007105 0.001115 0.023869 0.002088 0.024128 
337 0.00525 0.006215 0.001041 0.024857 0.002149 0.026924 
338 0.0052 0.006179 0.001019 0.023829 0.002073 0.021475 
339 0.005199 0.006149 0.00103 0.024339 0.002103 0.022576 
340 0.005361 0.005453 0.000982 0.024418 0.002075 0.022244 
341 0.005142 0.005755 0.001014 0.024476 0.002108 0.019291 
342 0.005247 0.006417 0.001026 0.023905 0.002101 0.020755 
343 0.005236 0.006377 0.001062 0.024103 0.00209 0.020787 
344 0.005193 0.006433 0.001049 0.023778 0.002073 0.02041 
345 0.00515 0.006748 0.001044 0.024796 0.002134 0.025094 
346 0.005202 0.006403 0.001088 0.023749 0.002087 0.020969 
347 0.005209 0.015127 0.000748 0.024043 0.002068 0.023087 
348 0.00873 0.008141 0.001083 0.023829 0.002079 0.020704 
349 0.00522 0.006122 0.000954 0.02418 0.002088 0.023366 
350 0.007411 0.005906 0.000983 0.023769 0.002092 0.021895 
351 0.005301 0.006374 0.001023 0.024165 0.002103 0.020554 
352 0.005206 0.006378 0.001004 0.023832 0.002088 0.023296 
353 0.005181 0.006407 0.001059 0.024221 0.002143 0.019824 
354 0.005579 0.006705 0.000979 0.024296 0.002098 0.019702 
355 0.005231 0.006172 0.001013 0.024207 0.002114 0.021536 
356 0.005232 0.0061 0.001123 0.023864 0.002073 0.020977 
357 0.005314 0.005722 0.001004 0.025829 0.002117 0.022614 
358 0.007394 0.007419 0.000984 0.023931 0.002082 0.018853 
359 0.005224 0.006125 0.000956 0.023789 0.002085 0.019891 
360 0.005225 0.006051 0.000983 0.023809 0.002075 0.021781 
361 0.005218 0.006199 0.000992 0.024286 0.002085 0.020133 
362 0.005351 0.005952 0.00091 0.023691 0.00208 0.022302 
363 0.005174 0.006061 0.000832 0.02964 0.002097 0.023537 
364 0.005196 0.006329 0.001025 0.023696 0.002121 0.021295 
365 0.00516 0.006576 0.000969 0.024721 0.002089 0.025775 
366 0.005193 0.005358 0.000891 0.023739 0.002103 0.024566 
367 0.005305 0.005539 0.000958 0.023823 0.002102 0.022225 
368 0.005319 0.005405 0.000944 0.023825 0.002079 0.022182 
369 0.00491 0.005406 0.00091 0.023654 0.002109 0.02182 
370 0.007305 0.006227 0.001031 0.024207 0.002105 0.024809 
371 0.007321 0.00636 0.001025 0.023778 0.002109 0.023957 
372 0.007263 0.006786 0.001099 0.024713 0.00208 0.023788 
373 0.007343 0.005565 0.001022 0.023738 0.002097 0.023621 
374 0.005243 0.007208 0.001121 0.023669 0.00209 0.021171 
375 0.00522 0.006748 0.001069 0.023696 0.002104 0.022194 
376 0.005217 0.006696 0.001093 0.02378 0.002081 0.023735 
377 0.005319 0.00606 0.001043 0.023765 0.002104 0.022619 
378 0.005172 0.006498 0.00106 0.023772 0.00209 0.021445 
379 0.005216 0.006246 0.001036 0.023735 0.002102 0.022169 
380 0.00513 0.006538 0.001071 0.023736 0.00207 0.022242 
381 0.005287 0.006554 0.001089 0.023894 0.002127 0.023233 
382 0.005211 0.005923 0.001014 0.023738 0.002074 0.023347 
383 0.00504 0.003724 0.000792 0.023666 0.002096 0.022003 
384 0.008227 0.004264 0.000857 0.02392 0.002102 0.024089 
385 0.004962 0.004307 0.000785 0.023761 0.00218 0.02241 
386 0.00564 0.004476 0.000807 0.023554 0.0021 0.025488 
387 0.005008 0.004602 0.000882 0.023771 0.002088 0.023935 
388 0.005003 0.004346 0.000834 0.024638 0.002135 0.022375 
389 0.005053 0.00397 0.000814 0.024937 0.002082 0.026054 
390 0.005038 0.005045 0.000891 0.023759 0.0021 0.024264 
391 0.004999 0.004804 0.000818 0.026879 0.002127 0.028337 
392 0.005015 0.004496 0.001139 0.023813 0.002076 0.025583 
393 0.00518 0.004825 0.001344 0.023867 0.00208 0.021286 
394 0.005138 0.004634 0.000862 0.023827 0.002084 0.02107 
395 0.005212 0.005552 0.000962 0.024636 0.002087 0.020473 
396 0.005434 0.004866 0.000991 0.024756 0.002077 0.028004 
397 0.005171 0.004943 0.000924 0.023828 0.00208 0.022634 
398 0.005223 0.00476 0.000883 0.023806 0.002143 0.023685 
399 0.004994 0.004362 0.000848 0.023831 0.002101 0.021907 
400 0.005063 0.004688 0.000854 0.023767 0.002114 0.022777 
401 0.004968 0.003601 0.000766 0.023803 0.00208 0.023413 
402 0.005013 0.004251 0.000831 0.023758 0.002086 0.021591 
403 0.005264 0.004616 0.000863 0.023885 0.002062 0.021377 
404 0.004982 0.004193 0.000886 0.023746 0.002087 0.023142 
405 0.00496 0.004102 0.000827 0.02366 0.002102 0.021829 
406 0.00501 0.004106 0.000771 0.024874 0.002087 0.023073 
407 0.005026 0.004605 0.000921 0.023767 0.002125 0.019433 
408 0.008342 0.005353 0.00086 0.023887 0.002125 0.023117 
409 0.005738 0.004777 0.001014 0.02378 0.00208 0.02345 
410 0.005532 0.004604 0.000993 0.023721 0.00209 0.022086 
411 0.005174 0.004726 0.000899 0.023877 0.002118 0.023954 
412 0.00516 0.004986 0.000925 0.024668 0.002087 0.025739 
413 0.005191 0.005282 0.00099 0.023999 0.00208 0.02435 
414 0.005192 0.00498 0.000873 0.026881 0.002069 0.019931 
415 0.005095 0.004212 0.000873 0.023978 0.002082 0.023526 
416 0.005222 0.004911 0.000936 0.023968 0.002094 0.021915 
417 0.006871 0.004495 0.00089 0.023814 0.00208 0.023469 
418 0.005232 0.005605 0.001038 0.023858 0.00208 0.022201 
419 0.007031 0.005467 0.001045 0.02427 0.002081 0.02448 
420 0.009058 0.00515 0.001056 0.023672 0.002081 0.024197 
421 0.005182 0.004755 0.001204 0.026738 0.002149 0.026942 
422 0.009323 0.005725 0.00099 0.023729 0.00213 0.023167 
423 0.00629 0.005543 0.000876 0.024338 0.002126 0.025906 
424 0.004819 0.003786 0.000846 0.023676 0.002105 0.026267 
425 0.004986 0.004333 0.000826 0.027854 0.002134 0.023319 
426 0.005276 0.003986 0.000825 0.023748 0.0021 0.024961 
427 0.005033 0.004124 0.000811 0.023849 0.002095 0.022593 
428 0.004999 0.003724 0.00077 0.024775 0.002079 0.027112 
429 0.004948 0.003507 0.000769 0.023846 0.002141 0.021471 
430 0.00498 0.003562 0.000754 0.023742 0.002149 0.023465 
431 0.004959 0.003811 0.000754 0.024972 0.002164 0.027485 
432 0.005063 0.003382 0.000728 0.024061 0.002122 0.02519 
433 0.00494 0.00369 0.000762 0.023718 0.002083 0.02404 
434 0.005006 0.003923 0.000809 0.023789 0.002121 0.024145 
435 0.004988 0.00368 0.000695 0.02416 0.002156 0.021907 
436 0.004771 0.003026 0.000665 0.023772 0.0021 0.023987 
437 0.005068 0.004117 0.000838 0.023771 0.002109 0.022851 
438 0.00496 0.003417 0.000739 0.025467 0.002121 0.029665 
439 0.004956 0.00355 0.000708 0.025495 0.002089 0.027521 
440 0.005047 0.003618 0.000784 0.023837 0.002076 0.025677 
441 0.004965 0.004196 0.000798 0.023837 0.002135 0.025364 
442 0.005075 0.003883 0.000785 0.025577 0.002077 0.028485 
443 0.005159 0.005473 0.000917 0.023654 0.002101 0.024861 
444 0.004995 0.004011 0.000825 0.02593 0.002088 0.027341 
445 0.005049 0.0049 0.000854 0.023673 0.002082 0.023775 
446 0.005184 0.005553 0.000936 0.023852 0.002129 0.02375 
447 0.006945 0.005412 0.000892 0.022874 0.002072 0.026313 
448 0.005186 0.005336 0.000955 0.023773 0.002087 0.024749 
449 0.005208 0.005218 0.000869 0.023772 0.002079 0.024513 
450 0.005198 0.006284 0.001024 0.024692 0.002085 0.024798 
451 0.007597 0.007574 0.001007 0.024036 0.002088 0.025064 
452 0.005223 0.006519 0.000983 0.02376 0.0021 0.026294 
453 0.005221 0.006855 0.002357 0.02447 0.002082 0.02678 
454 0.005199 0.006576 0.001025 0.023926 0.002095 0.025844 
455 0.005371 0.006684 0.001093 0.024598 0.002123 0.027434 
456 0.007077 0.007037 0.001075 0.023756 0.002134 0.025356 
457 0.005204 0.00646 0.001007 0.023852 0.002064 0.024574 
458 0.005198 0.006154 0.000991 0.023863 0.002065 0.024389 
459 0.006969 0.006232 0.001023 0.023704 0.002094 0.026214 
460 0.005161 0.006848 0.00117 0.023653 0.002098 0.024553 
461 0.005174 0.007239 0.001187 0.023701 0.002103 0.023621 
462 0.005231 0.007232 0.001126 0.023632 0.002094 0.0258 
463 0.005159 0.006704 0.001084 0.023829 0.002087 0.025347 
464 0.005163 0.006276 0.001053 0.023773 0.00207 0.024245 
465 0.00522 0.005732 0.000961 0.023705 0.002083 0.027406 
466 0.005219 0.005671 0.00098 0.023814 0.002084 0.025876 
467 0.005141 0.005949 0.001052 0.023754 0.00209 0.028006 
468 0.005178 0.005724 0.000954 0.02358 0.002122 0.025421 
469 0.005229 0.006015 0.001027 0.023584 0.002085 0.025129 
470 0.005203 0.005832 0.001063 0.023759 0.002106 0.025803 
471 0.005172 0.005813 0.000967 0.024194 0.002113 0.026267 
472 0.005261 0.006187 0.000975 0.023664 0.002087 0.026267 
473 0.005293 0.005896 0.001018 0.023649 0.002106 0.026081 
474 0.005191 0.006138 0.000976 0.023622 0.0021 0.025671 
475 0.005135 0.006847 0.001034 0.023608 0.002087 0.025857 
476 0.005246 0.006571 0.00096 0.024484 0.002151 0.028308 
477 0.005196 0.008462 0.000969 0.023618 0.002117 0.027887 
478 0.005182 0.006381 0.001086 0.023607 0.002082 0.026449 
479 0.005208 0.005538 0.000949 0.023604 0.002125 0.025576 
480 0.006843 0.006097 0.000903 0.023825 0.002097 0.02492 
481 0.005215 0.006346 0.001301 0.023752 0.002094 0.023697 
482 0.005169 0.00661 0.001044 0.023782 0.002125 0.024586 
483 0.005173 0.006729 0.001079 0.024353 0.002089 0.026203 
484 0.005306 0.00677 0.001133 0.023694 0.002087 0.027274 
485 0.005228 0.006199 0.001112 0.023779 0.00212 0.02485 
486 0.005213 0.00685 0.001059 0.023684 0.00209 0.02565 
487 0.005193 0.007046 0.001102 0.023787 0.002104 0.024803 
488 0.005188 0.006767 0.001117 0.024461 0.002079 0.023144 
489 0.005293 0.006956 0.001107 0.023752 0.002084 0.023753 
490 0.0052 0.006466 0.001101 0.023655 0.002083 0.022881 
491 0.005161 0.006834 0.001065 0.02361 0.002095 0.024129 
492 0.005204 0.006583 0.001002 0.02363 0.002105 0.024338 
493 0.005209 0.006539 0.001013 0.023733 0.002094 0.025569 
494 0.005202 0.007006 0.001054 0.023733 0.002092 0.026136 
495 0.005197 0.005821 0.001042 0.023726 0.002087 0.024932 
496 0.00521 0.00706 0.001118 0.023792 0.002094 0.024739 
497 0.005271 0.00674 0.001087 0.023639 0.002102 0.024895 
498 0.005167 0.006725 0.00109 0.023694 0.002094 0.025444 
499 0.006572 0.00818 0.001094 0.024669 0.002122 0.028235 
500 0.00663 0.007333 0.001132 0.02386 0.002081 0.023684 
501 0.007107 0.007238 0.001094 0.024111 0.002076 0.02209 
502 0.009436 0.009625 0.001128 0.023752 0.002094 0.02268 
503 0.007918 0.008408 0.000975 0.023713 0.002087 0.02311 
504 0.004925 0.008898 0.001051 0.024223 0.002113 0.024636 
505 0.005245 0.006587 0.001066 0.024179 0.002077 0.025362 
506 0.00522 0.006094 0.001027 0.023739 0.002082 0.023478 
507 0.008174 0.006694 0.00102 0.023633 0.002089 0.024033 
508 0.00518 0.006049 0.001005 0.023644 0.00212 0.021486 
509 0.005207 0.006179 0.00102 0.023862 0.002074 0.022418 
510 0.005141 0.006235 0.001044 0.023687 0.002094 0.022335 
511 0.005244 0.005633 0.001015 0.023705 0.002092 0.022863 
512 0.005203 0.005245 0.000942 0.023698 0.002086 0.024572 
513 0.005187 0.004882 0.000942 0.023752 0.002098 0.023338 
514 0.005305 0.005148 0.000958 0.02387 0.002113 0.025046 
515 0.005216 0.005219 0.000962 0.023642 0.002093 0.025605 
516 0.00517 0.005835 0.000996 0.023783 0.002157 0.025183 
517 0.005193 0.00599 0.001015 0.023818 0.002093 0.02556 
518 0.005221 0.004972 0.000924 0.023865 0.002074 0.02465 
519 0.00523 0.00519 0.000964 0.023918 0.002084 0.025733 
520 0.005185 0.005753 0.001012 0.02374 0.002095 0.025072 
521 0.005343 0.006232 0.001345 0.023807 0.002093 0.025671 
522 0.006956 0.005744 0.001046 0.026401 0.002122 0.027089 
523 0.005426 0.005384 0.000967 0.023877 0.0021 0.024703 
524 0.005123 0.005216 0.000999 0.023742 0.002102 0.022899 
525 0.00899 0.005758 0.000978 0.027668 0.002143 0.028573 
526 0.005251 0.006006 0.001015 0.023762 0.002223 0.027666 
527 0.008831 0.006403 0.001009 0.023698 0.002089 0.025226 
528 0.007174 0.006536 0.001027 0.024932 0.002085 0.022911 
529 0.005336 0.005934 0.001018 0.023854 0.002064 0.022132 
530 0.005176 0.005778 0.000977 0.023695 0.002081 0.02557 
531 0.005156 0.006307 0.000965 0.023851 0.002079 0.025292 
532 0.005299 0.005897 0.000925 0.023677 0.002094 0.024996 
533 0.00821 0.006565 0.001007 0.025552 0.002095 0.023077 
534 0.004949 0.005868 0.000951 0.023734 0.002091 0.023249 
535 0.005299 0.005901 0.000929 0.02377 0.002099 0.023333 
536 0.007908 0.006174 0.00089 0.023782 0.00208 0.026089 
537 0.00837 0.005627 0.000924 0.023903 0.002082 0.02304 
538 0.005229 0.006135 0.000963 0.023801 0.002073 0.023334 
539 0.005223 0.005824 0.000928 0.023798 0.002123 0.023518 
540 0.005159 0.005605 0.000955 0.023802 0.002095 0.023553 
541 0.005199 0.005603 0.000955 0.023729 0.002082 0.024426 
542 0.005171 0.005062 0.000939 0.02369 0.002094 0.025285 
543 0.005211 0.005465 0.000911 0.023743 0.002139 0.023512 
544 0.006861 0.006205 0.001641 0.024554 0.002119 0.027454 
545 0.007516 0.007792 0.000969 0.024518 0.002092 0.026276 
546 0.005206 0.00678 0.000999 0.023836 0.002091 0.024826 
547 0.005167 0.006362 0.000974 0.023559 0.002085 0.023504 
548 0.005216 0.006457 0.000954 0.023681 0.002094 0.024957 
549 0.005224 0.005983 0.000948 0.023631 0.002083 0.022564 
550 0.005251 0.006623 0.001046 0.023591 0.002098 0.023021 
551 0.005204 0.005515 0.000936 0.023601 0.002094 0.023382 
552 0.005193 0.005722 0.000931 0.023587 0.0021 0.02408 
553 0.005378 0.006139 0.000969 0.023595 0.002102 0.022471 
554 0.005251 0.005782 0.000938 0.02398 0.002104 0.023325 
555 0.005224 0.00636 0.001048 0.023586 0.002092 0.022805 
556 0.005214 0.005874 0.000955 0.025101 0.002107 0.028246 
557 0.005214 0.009996 0.000917 0.023574 0.002103 0.025213 
558 0.007074 0.005878 0.001012 0.023784 0.002077 0.032098 
559 0.005226 0.008734 0.001039 0.023859 0.002084 0.023144 
560 0.005209 0.006907 0.000976 0.023596 0.002091 0.02323 
561 0.005145 0.005494 0.000922 0.023538 0.002091 0.022216 
562 0.005178 0.006094 0.000987 0.023636 0.002082 0.02318 
563 0.00853 0.007826 0.001112 0.02492 0.002093 0.026885 
564 0.005441 0.008107 0.001003 0.023801 0.002103 0.024725 
565 0.005221 0.008002 0.001035 0.023835 0.002118 0.023622 
566 0.008875 0.007225 0.000982 0.023609 0.002095 0.02401 
567 0.005205 0.006167 0.001011 0.02359 0.00208 0.023981 
568 0.005195 0.005944 0.000983 0.02357 0.002092 0.025248 
569 0.005225 0.006475 0.001019 0.023671 0.002091 0.023984 
570 0.005201 0.006434 0.001036 0.023684 0.002086 0.024533 
571 0.005359 0.00601 0.001015 0.023588 0.002108 0.025025 
572 0.005182 0.006358 0.000996 0.023674 0.002093 0.02476 
573 0.0052 0.006066 0.001033 0.023588 0.002099 0.024117 
574 0.005221 0.006558 0.000987 0.023621 0.002088 0.025252 
575 0.009141 0.006912 0.001077 0.025405 0.002065 0.024394 
576 0.00493 0.00646 0.000988 0.024685 0.002068 0.029622 
577 0.007111 0.008031 0.001131 0.023898 0.002136 0.025672 
578 0.005203 0.006263 0.001852 0.023875 0.002076 0.025816 
579 0.005216 0.006333 0.001026 0.023733 0.002071 0.026744 
580 0.005845 0.007476 0.001454 0.024125 0.002095 0.024872 
581 0.005149 0.007869 0.001062 0.023627 0.00208 0.026292 
582 0.005168 0.007341 0.001308 0.023653 0.002083 0.026554 
583 0.005172 0.007828 0.001262 0.023685 0.002095 0.026083 
584 0.008358 0.006989 0.001075 0.024517 0.002124 0.028685 
585 0.005253 0.009956 0.001041 0.023822 0.002089 0.023628 
586 0.005232 0.007605 0.001048 0.023714 0.0021 0.022005 
587 0.005152 0.006674 0.00103 0.023682 0.002082 0.024503 
588 0.005195 0.006503 0.001058 0.023705 0.002087 0.021702 
589 0.005187 0.005543 0.000975 0.023676 0.002085 0.021233 
590 0.005234 0.006072 0.000955 0.023707 0.002105 0.019836 
591 0.005182 0.006924 0.000914 0.023738 0.002085 0.02101 
592 0.006833 0.006539 0.00095 0.023884 0.002076 0.023094 
593 0.007858 0.005139 0.000906 0.025013 0.002068 0.024543 
594 0.007498 0.005365 0.000954 0.024248 0.002076 0.023928 
595 0.008006 0.004803 0.000854 0.023786 0.002077 0.022981 
596 0.004966 0.009583 0.000971 0.024088 0.002083 0.023321 
597 0.005023 0.005016 0.000824 0.024051 0.0021 0.023344 
598 0.005175 0.008018 0.000924 0.024362 0.002122 0.022674 
599 0.007426 0.00677 0.000924 0.02477 0.002112 0.026813 
600 0.008934 0.005462 0.000869 0.023861 0.002123 0.023597 
601 0.004971 0.005003 0.000897 0.023772 0.002089 0.023793 
602 0.004973 0.004417 0.000855 0.024719 0.002083 0.026776 
603 0.005232 0.004878 0.000877 0.023785 0.002078 0.02612 
604 0.008488 0.00543 0.000965 0.023812 0.002091 0.024039 
605 0.006763 0.006466 0.00098 0.023759 0.002642 0.02462 
606 0.007286 0.007026 0.001066 0.030869 0.002341 0.027942 
607 0.005234 0.006863 0.001086 0.024439 0.00239 0.023792 
608 0.005263 0.006748 0.001049 0.023726 0.002086 0.02328 
609 0.004988 0.006465 0.001028 0.023702 0.002105 0.021295 
610 0.005202 0.006535 0.001013 0.023875 0.002089 0.019913 
611 0.00521 0.006905 0.001085 0.023617 0.002089 0.023022 
612 0.005165 0.005731 0.000979 0.023638 0.002089 0.019818 
613 0.005192 0.00589 0.000987 0.023626 0.002089 0.023009 
614 0.005219 0.007291 0.001067 0.023615 0.002107 0.019468 
615 0.00525 0.006105 0.000917 0.02362 0.002105 0.02088 
616 0.005201 0.007815 0.000986 0.023751 0.002089 0.019127 
617 0.005179 0.006505 0.000918 0.023723 0.002101 0.020979 
618 0.005017 0.004784 0.000823 0.023723 0.002102 0.020978 
619 0.005204 0.005237 0.000907 0.023735 0.002102 0.021438 
620 0.010978 0.004989 0.000891 0.029072 0.002078 0.024952 
621 0.006673 0.005562 0.001152 0.023784 0.002092 0.022197 
622 0.006249 0.005138 0.000923 0.023825 0.002123 0.023189 
623 0.007301 0.006166 0.001039 0.02543 0.002094 0.023148 
624 0.00558 0.006029 0.000908 0.024658 0.002087 0.027517 
625 0.005909 0.005934 0.000925 0.023982 0.002068 0.024663 
626 0.005104 0.005617 0.000956 0.023958 0.002078 0.024424 
627 0.006489 0.00502 0.00088 0.023633 0.002112 0.024415 
628 0.005561 0.004829 0.001014 0.023735 0.002148 0.02352 
629 0.005543 0.004549 0.000949 0.024226 0.002159 0.024017 
630 0.006944 0.005204 0.000998 0.023772 0.002094 0.023199 
631 0.009303 0.005507 0.000867 0.027026 0.002083 0.025873 
632 0.014433 0.005936 0.001544 0.024321 0.002119 0.021616 
