1 0.013184 0.008793 0.001279 0.039963 0.002614 0.026714 
2 0.014915 0.01014 0.001467 0.041449 0.002463 0.02793 
3 0.007145 0.011185 0.001289 0.040311 0.002494 0.024265 
4 0.006995 0.009979 0.001276 0.039956 0.002449 0.023554 
5 0.007249 0.010614 0.001283 0.040486 0.002468 0.026762 
6 0.006876 0.009113 0.001287 0.039318 0.002468 0.021533 
7 0.006887 0.008044 0.001248 0.039166 0.002466 0.022581 
8 0.009938 0.007789 0.001223 0.038884 0.002465 0.021403 
9 0.006818 0.00765 0.001213 0.03914 0.002473 0.023312 
10 0.006832 0.007194 0.0012 0.038947 0.002455 0.022444 
11 0.007014 0.007566 0.001224 0.03902 0.002495 0.022873 
12 0.006801 0.008332 0.001267 0.039032 0.002468 0.022577 
13 0.006819 0.008021 0.001254 0.039022 0.002445 0.022775 
14 0.006811 0.008578 0.001187 0.039019 0.00245 0.024866 
15 0.006841 0.008007 0.001191 0.038993 0.002466 0.022539 
16 0.009982 0.008808 0.001291 0.038819 0.002463 0.023549 
17 0.006793 0.00751 0.001179 0.039004 0.002454 0.019746 
18 0.006802 0.00657 0.001109 0.038712 0.00247 0.019692 
19 0.006833 0.008463 0.001246 0.039328 0.002463 0.021501 
20 0.011022 0.00572 0.001023 0.040094 0.0027 0.021522 
21 0.007041 0.005548 0.001023 0.039428 0.002527 0.019544 
22 0.006793 0.00739 0.001192 0.039672 0.002461 0.019953 
23 0.006989 0.007424 0.001199 0.03984 0.002461 0.018959 
24 0.010446 0.007758 0.001095 0.039592 0.002464 0.019537 
25 0.006817 0.007518 0.001119 0.038977 0.002445 0.021935 
26 0.006908 0.007998 0.001208 0.040721 0.002703 0.024387 
27 0.006831 0.007366 0.001178 0.039145 0.002487 0.021754 
28 0.006748 0.008063 0.001164 0.039135 0.002496 0.023545 
29 0.00698 0.005907 0.001044 0.042294 0.002482 0.02777 
30 0.010159 0.005304 0.000976 0.039038 0.002496 0.022614 
31 0.007971 0.005612 0.001053 0.043021 0.002518 0.025617 
32 0.006858 0.005776 0.000994 0.039552 0.002465 0.021014 
33 0.006641 0.005235 0.000924 0.03911 0.002461 0.022326 
34 0.006912 0.00535 0.000951 0.039204 0.002467 0.021815 
35 0.006902 0.004914 0.001024 0.039159 0.0025 0.023047 
36 0.008697 0.004982 0.000941 0.039356 0.002467 0.020841 
37 0.006866 0.004718 0.000917 0.039178 0.002497 0.02287 
38 0.006776 0.004608 0.000937 0.042898 0.002927 0.026689 
39 0.006619 0.004443 0.000848 0.038734 0.002629 0.024026 
40 0.00862 0.005972 0.001911 0.039293 0.002471 0.025299 
41 0.00954 0.005217 0.00102 0.040202 0.002503 0.02391 
42 0.009867 0.005244 0.000993 0.039173 0.002469 0.024311 
43 0.009715 0.005356 0.000974 0.039074 0.002444 0.023121 
44 0.006842 0.005524 0.000975 0.039092 0.00247 0.023009 
45 0.00703 0.005945 0.000995 0.039112 0.002485 0.023451 
46 0.010019 0.005318 0.000978 0.039115 0.002474 0.023116 
47 0.006873 0.005394 0.000955 0.040069 0.00251 0.022511 
48 0.006905 0.004731 0.00101 0.039827 0.002447 0.01972 
49 0.006864 0.005775 0.001035 0.039935 0.002478 0.020954 
50 0.006955 0.005498 0.001068 0.039444 0.002455 0.01979 
51 0.006859 0.005729 0.001059 0.039123 0.002448 0.019877 
52 0.006918 0.005674 0.001139 0.039455 0.002468 0.020811 
53 0.00686 0.005136 0.000954 0.04032 0.002486 0.022544 
54 0.009913 0.00633 0.001149 0.039759 0.002514 0.021885 
55 0.006885 0.005812 0.001098 0.039092 0.002606 0.021356 
56 0.006859 0.005322 0.001016 0.039426 0.002513 0.020405 
57 0.006893 0.005637 0.001037 0.04029 0.002496 0.022232 
58 0.006783 0.004764 0.000972 0.040225 0.002461 0.020674 
59 0.006807 0.005435 0.001081 0.039531 0.002457 0.021671 
60 0.008039 0.005055 0.00102 0.039228 0.002455 0.020497 
61 0.006617 0.00536 0.001064 0.039787 0.002499 0.022189 
62 0.006772 0.004998 0.000985 0.039887 0.002453 0.021711 
63 0.009915 0.006377 0.001111 0.039897 0.00274 0.021603 
64 0.006865 0.006296 0.001149 0.039805 0.002503 0.023117 
65 0.006921 0.006445 0.00112 0.039324 0.00247 0.023094 
66 0.007065 0.006361 0.0011 0.039871 0.002469 0.022574 
67 0.006859 0.005015 0.000987 0.03914 0.002495 0.019132 
68 0.006782 0.00494 0.000918 0.039182 0.002458 0.020548 
69 0.00693 0.005022 0.000947 0.039151 0.00248 0.018887 
70 0.006807 0.004623 0.000954 0.039982 0.002465 0.020752 
71 0.009691 0.004878 0.000968 0.039139 0.002488 0.021776 
72 0.006899 0.005104 0.000988 0.039056 0.002457 0.021088 
73 0.008382 0.004729 0.00098 0.038941 0.002455 0.021653 
74 0.006986 0.005335 0.001086 0.039273 0.002472 0.021475 
75 0.010898 0.005345 0.001077 0.039298 0.002463 0.021088 
76 0.00697 0.00495 0.000966 0.039249 0.002457 0.020558 
77 0.006645 0.004397 0.00089 0.039206 0.002459 0.023009 
78 0.009838 0.004763 0.000914 0.039883 0.002459 0.023324 
79 0.006847 0.005647 0.001307 0.039509 0.002465 0.022541 
80 0.006836 0.004574 0.00099 0.039601 0.002489 0.021942 
81 0.009928 0.004694 0.000945 0.039794 0.002457 0.020788 
82 0.011813 0.005656 0.001316 0.03917 0.002465 0.023391 
83 0.00682 0.004733 0.000924 0.038969 0.002464 0.022938 
84 0.010678 0.004407 0.000987 0.039021 0.002466 0.02143 
85 0.006619 0.004425 0.000908 0.039042 0.002465 0.020815 
86 0.015741 0.004731 0.000929 0.039437 0.002515 0.024972 
87 0.006722 0.004598 0.000945 0.039075 0.002494 0.022478 
88 0.006768 0.005173 0.000971 0.039603 0.002464 0.024042 
89 0.009929 0.005159 0.000966 0.039393 0.00247 0.022118 
90 0.009676 0.004562 0.000863 0.039041 0.00248 0.020347 
91 0.007449 0.004568 0.001696 0.039284 0.002494 0.022748 
92 0.006841 0.005512 0.000939 0.040124 0.002451 0.021207 
93 0.006802 0.006065 0.001045 0.04017 0.002454 0.025156 
94 0.006596 0.006737 0.001089 0.039815 0.002479 0.024255 
95 0.006927 0.006452 0.000954 0.039018 0.002473 0.023004 
96 0.012237 0.007157 0.001001 0.038759 0.002476 0.021266 
97 0.006836 0.008075 0.000917 0.039013 0.00248 0.020192 
98 0.00681 0.009717 0.001048 0.039068 0.00246 0.018949 
99 0.006818 0.009134 0.001009 0.038796 0.002447 0.020665 
100 0.00687 0.009648 0.000962 0.03889 0.00246 0.020103 
101 0.00683 0.008613 0.001052 0.038942 0.00245 0.019345 
102 0.00675 0.007676 0.001066 0.038954 0.002479 0.020676 
103 0.00681 0.007721 0.001081 0.038891 0.00245 0.020741 
104 0.010067 0.006888 0.001109 0.038765 0.002464 0.019126 
105 0.009121 0.006724 0.000964 0.039004 0.002486 0.018359 
106 0.014018 0.007343 0.001008 0.038991 0.002493 0.020163 
107 0.006885 0.009262 0.001132 0.040377 0.00246 0.020528 
108 0.012415 0.007306 0.001175 0.038915 0.002471 0.022385 
109 0.006833 0.008404 0.001251 0.038921 0.002496 0.021135 
110 0.006795 0.005876 0.00108 0.039002 0.002441 0.019506 
111 0.006752 0.006433 0.00108 0.038965 0.002496 0.020329 
112 0.012705 0.007681 0.001436 0.039881 0.002462 0.022021 
113 0.009688 0.006089 0.001068 0.039716 0.002457 0.019777 
114 0.010092 0.007842 0.001297 0.0403 0.002476 0.02043 
115 0.006792 0.007147 0.001165 0.038864 0.002492 0.021681 
116 0.007082 0.00914 0.001336 0.039148 0.002454 0.0229 
117 0.007038 0.010043 0.001415 0.039054 0.002457 0.023476 
118 0.008888 0.009279 0.001335 0.039039 0.002492 0.020896 
119 0.0072 0.021502 0.001016 0.042872 0.002523 0.028202 
120 0.007093 0.009501 0.001282 0.039092 0.002464 0.018851 
121 0.009799 0.011092 0.001255 0.039118 0.00247 0.019163 
122 0.009823 0.009462 0.001237 0.039098 0.002474 0.021144 
123 0.006816 0.008 0.00112 0.039016 0.002511 0.018815 
124 0.006644 0.009466 0.001255 0.039117 0.002453 0.018878 
125 0.006987 0.007407 0.00103 0.040583 0.002461 0.022912 
126 0.009827 0.008825 0.002642 0.039114 0.002526 0.019949 
127 0.006893 0.007867 0.00111 0.039986 0.002488 0.017933 
128 0.010547 0.008032 0.001164 0.03916 0.002476 0.02057 
129 0.006796 0.006844 0.00118 0.039187 0.002459 0.017503 
130 0.006808 0.007989 0.001204 0.039226 0.00246 0.018726 
131 0.007709 0.008617 0.001225 0.03907 0.002465 0.018643 
132 0.00683 0.009078 0.001236 0.039054 0.002463 0.018479 
133 0.006822 0.005939 0.000898 0.039039 0.002461 0.018487 
134 0.008758 0.005684 0.000927 0.039036 0.002451 0.020271 
135 0.00913 0.006635 0.001074 0.039215 0.002684 0.02109 
136 0.006937 0.005845 0.001035 0.038446 0.002461 0.022302 
137 0.006894 0.005659 0.001036 0.04048 0.002682 0.025821 
138 0.006821 0.007203 0.00117 0.039221 0.002449 0.023625 
139 0.006853 0.008479 0.00123 0.039128 0.002621 0.021701 
140 0.009254 0.008282 0.001148 0.038589 0.00248 0.021251 
141 0.009515 0.008573 0.001276 0.038484 0.002591 0.02302 
142 0.009855 0.007744 0.0012 0.038539 0.002464 0.022641 
143 0.00981 0.006673 0.001044 0.038564 0.002474 0.023886 
144 0.006865 0.006772 0.001142 0.040078 0.002452 0.02361 
145 0.00691 0.007545 0.001171 0.039923 0.002466 0.025749 
146 0.009841 0.006612 0.001168 0.040132 0.00246 0.022931 
147 0.006754 0.006222 0.001113 0.039862 0.002511 0.023855 
148 0.011175 0.00774 0.001241 0.039843 0.002472 0.020863 
149 0.006832 0.006272 0.001071 0.040046 0.002461 0.021231 
150 0.006747 0.006522 0.001104 0.039372 0.00246 0.019305 
151 0.006776 0.008426 0.001769 0.039958 0.002447 0.017687 
152 0.006798 0.010186 0.001115 0.039781 0.002461 0.018107 
153 0.006819 0.007607 0.001137 0.039872 0.002449 0.01908 
154 0.006838 0.007053 0.001115 0.039982 0.002455 0.017949 
155 0.006898 0.005228 0.001021 0.038853 0.002452 0.020575 
156 0.006785 0.003479 0.000821 0.03959 0.002432 0.018884 
157 0.006776 0.006349 0.001098 0.039797 0.00244 0.020197 
158 0.006591 0.00438 0.000907 0.039398 0.002504 0.02233 
159 0.00674 0.006482 0.001086 0.039821 0.002472 0.020852 
160 0.006813 0.00572 0.001006 0.039008 0.002508 0.02318 
161 0.006954 0.007255 0.001131 0.039411 0.002491 0.019645 
162 0.006826 0.005197 0.000974 0.038972 0.002491 0.020964 
163 0.006842 0.005549 0.00097 0.038956 0.002498 0.018889 
164 0.0068 0.007035 0.001129 0.039202 0.002472 0.01888 
165 0.006794 0.005579 0.000964 0.039077 0.002469 0.019085 
166 0.006828 0.007153 0.001129 0.039107 0.002449 0.021181 
167 0.006796 0.006546 0.001114 0.039991 0.002472 0.025205 
168 0.006833 0.007499 0.001162 0.039321 0.002483 0.023378 
169 0.010955 0.006215 0.001035 0.040103 0.002453 0.022998 
170 0.009981 0.005615 0.00098 0.0395 0.002476 0.021552 
171 0.006882 0.005136 0.000993 0.040036 0.002442 0.021004 
172 0.006835 0.006192 0.001053 0.039141 0.002539 0.020585 
173 0.009847 0.006177 0.001061 0.040044 0.002471 0.021892 
174 0.00968 0.007601 0.001097 0.039654 0.002451 0.022015 
175 0.010058 0.006349 0.001096 0.039593 0.00245 0.023647 
176 0.006842 0.005797 0.001075 0.040721 0.002463 0.027405 
177 0.006844 0.005799 0.001047 0.039467 0.002488 0.024784 
178 0.009379 0.006052 0.001028 0.039844 0.002486 0.0248 
179 0.006874 0.006214 0.001112 0.038982 0.00246 0.023784 
180 0.006858 0.006698 0.001082 0.038889 0.002511 0.024572 
181 0.009785 0.007051 0.001125 0.039277 0.002459 0.02349 
182 0.009732 0.007346 0.001746 0.039185 0.002476 0.024051 
183 0.009856 0.006551 0.00111 0.039632 0.002476 0.022302 
184 0.006649 0.00769 0.001162 0.039334 0.002475 0.021235 
185 0.006839 0.006367 0.001196 0.039252 0.002467 0.020447 
186 0.007202 0.007427 0.001308 0.03899 0.00245 0.019813 
187 0.007263 0.007441 0.001306 0.039073 0.002463 0.019524 
188 0.007204 0.006749 0.001377 0.038995 0.002489 0.020695 
189 0.006964 0.006568 0.001138 0.039954 0.002468 0.022571 
190 0.012242 0.0065 0.001122 0.040115 0.002468 0.019812 
191 0.009837 0.006476 0.001073 0.039044 0.002667 0.017131 
192 0.012258 0.006514 0.001032 0.040002 0.002474 0.021021 
193 0.006859 0.00573 0.001077 0.039611 0.00245 0.019581 
194 0.006966 0.005921 0.001069 0.039829 0.002467 0.0219 
195 0.012307 0.005789 0.001089 0.039022 0.002479 0.020971 
196 0.006992 0.006738 0.001223 0.039029 0.00245 0.021338 
197 0.006723 0.006781 0.001156 0.039283 0.002459 0.022958 
198 0.006831 0.006556 0.001131 0.039025 0.002457 0.02138 
199 0.006751 0.006729 0.001205 0.039432 0.002479 0.021891 
200 0.006802 0.006419 0.00116 0.038877 0.002461 0.020054 
201 0.006839 0.006514 0.001147 0.039147 0.002443 0.022767 
202 0.006847 0.007691 0.001233 0.040032 0.002469 0.02147 
203 0.006767 0.007212 0.001241 0.039012 0.00249 0.02161 
204 0.010832 0.007726 0.001248 0.039103 0.00249 0.022052 
205 0.009978 0.007017 0.001197 0.038793 0.002465 0.020644 
206 0.009976 0.007314 0.001221 0.03955 0.002442 0.022599 
207 0.009771 0.006499 0.001151 0.039768 0.00245 0.020614 
208 0.00683 0.006073 0.001132 0.040053 0.00247 0.022055 
209 0.006913 0.006406 0.001138 0.039013 0.002459 0.020958 
210 0.007237 0.006639 0.001262 0.038941 0.002457 0.019074 
211 0.007112 0.006839 0.001275 0.039457 0.00247 0.020538 
212 0.006784 0.00709 0.001237 0.039279 0.002462 0.021482 
213 0.009766 0.005642 0.00102 0.038927 0.002494 0.019406 
214 0.009755 0.00584 0.001072 0.039122 0.002515 0.018415 
215 0.00995 0.00601 0.001042 0.039289 0.002499 0.017924 
216 0.006863 0.006596 0.001098 0.039447 0.002459 0.019511 
217 0.006835 0.006421 0.001134 0.038906 0.00251 0.018752 
218 0.00684 0.006965 0.001274 0.039068 0.00249 0.018203 
219 0.00681 0.00682 0.00118 0.039011 0.002472 0.01773 
220 0.006667 0.006803 0.001116 0.038997 0.002499 0.019601 
221 0.009625 0.005537 0.001064 0.039554 0.002485 0.018082 
222 0.009915 0.006601 0.001121 0.039285 0.002434 0.021638 
223 0.009951 0.006562 0.001124 0.039298 0.002485 0.017815 
224 0.01282 0.005909 0.001092 0.039153 0.002519 0.022235 
225 0.013543 0.006075 0.001322 0.040286 0.002652 0.022964 
226 0.006821 0.005661 0.001124 0.039121 0.002458 0.018621 
227 0.011144 0.006918 0.001175 0.039467 0.002462 0.0274 
228 0.00682 0.006609 0.001173 0.03921 0.00249 0.018418 
229 0.006754 0.007066 0.001253 0.038649 0.002455 0.018749 
230 0.006777 0.006745 0.001111 0.039016 0.002443 0.020992 
231 0.006921 0.005526 0.000998 0.038954 0.002458 0.020557 
232 0.006876 0.0059 0.000967 0.039349 0.002473 0.019257 
233 0.008921 0.006512 0.001059 0.0398 0.002492 0.021087 
234 0.006637 0.004488 0.000859 0.042925 0.002719 0.022199 
235 0.006932 0.004964 0.000987 0.038714 0.002456 0.021343 
236 0.006836 0.004811 0.000944 0.039057 0.002484 0.022858 
237 0.00684 0.005192 0.001001 0.039119 0.002519 0.021528 
238 0.006837 0.004575 0.000979 0.040076 0.002456 0.022728 
239 0.006823 0.005667 0.001043 0.038905 0.002609 0.021032 
240 0.010444 0.006357 0.001059 0.045371 0.00248 0.033146 
241 0.008458 0.004995 0.000989 0.038521 0.002476 0.019701 
242 0.007562 0.005672 0.000965 0.038955 0.002464 0.0201 
243 0.006825 0.005843 0.001104 0.040278 0.002459 0.02458 
244 0.007182 0.006819 0.001163 0.039054 0.002462 0.021125 
245 0.007003 0.006617 0.00114 0.040344 0.002468 0.019369 
246 0.009191 0.008211 0.001169 0.038651 0.002478 0.018493 
247 0.015034 0.007087 0.00118 0.041967 0.002466 0.02402 
248 0.010959 0.006731 0.001079 0.038556 0.00253 0.019525 
249 0.0068 0.006899 0.001135 0.038642 0.002507 0.021498 
250 0.006851 0.00703 0.00119 0.039428 0.002472 0.021005 
251 0.006809 0.006162 0.001088 0.038744 0.002447 0.019165 
252 0.006803 0.005831 0.001041 0.038544 0.002504 0.019879 
253 0.006768 0.005624 0.0011 0.03866 0.00245 0.021649 
254 0.007983 0.005766 0.000955 0.04197 0.002937 0.023205 
255 0.008825 0.006743 0.001025 0.039122 0.002515 0.020243 
256 0.006835 0.007527 0.001168 0.038823 0.002457 0.020063 
257 0.006841 0.006664 0.000974 0.038684 0.002474 0.020638 
258 0.006864 0.007088 0.001067 0.038676 0.002549 0.020893 
259 0.006862 0.005018 0.000972 0.038616 0.002463 0.021089 
260 0.006813 0.006329 0.001155 0.038711 0.002461 0.02336 
261 0.00683 0.007126 0.001077 0.038674 0.00248 0.023205 
262 0.013054 0.00582 0.000969 0.038908 0.002476 0.023416 
263 0.008994 0.005434 0.000998 0.038582 0.002469 0.023661 
264 0.008775 0.006175 0.001032 0.039172 0.002486 0.024216 
265 0.011015 0.004471 0.000885 0.038605 0.002468 0.023972 
266 0.007021 0.006295 0.001094 0.038564 0.002463 0.022985 
267 0.006747 0.004698 0.000952 0.038538 0.002462 0.023439 
268 0.0066 0.004775 0.000951 0.039749 0.002451 0.026853 
269 0.007095 0.006248 0.001102 0.040132 0.002654 0.026848 
270 0.007073 0.005544 0.000963 0.039462 0.002481 0.027798 
271 0.009964 0.007331 0.001041 0.039493 0.002452 0.026465 
272 0.008229 0.006481 0.001082 0.040096 0.002468 0.025956 
273 0.010949 0.007291 0.000995 0.039163 0.002461 0.027066 
274 0.012323 0.008251 0.00108 0.040501 0.002439 0.024867 
275 0.006857 0.011416 0.001153 0.039009 0.002457 0.023783 
276 0.006802 0.008577 0.001113 0.038977 0.002461 0.024407 
277 0.00676 0.009246 0.001185 0.043152 0.002642 0.027396 
278 0.00686 0.007602 0.002196 0.040648 0.002462 0.023622 
279 0.006842 0.007648 0.001248 0.04053 0.002459 0.030473 
280 0.006806 0.007402 0.001184 0.039158 0.002444 0.025169 
281 0.006925 0.005422 0.000986 0.039174 0.002484 0.026127 
282 0.006781 0.00631 0.001155 0.040089 0.002465 0.02611 
283 0.006951 0.006041 0.001105 0.039166 0.002453 0.02492 
284 0.006705 0.006333 0.001033 0.039178 0.002482 0.022755 
285 0.006952 0.005648 0.001032 0.038971 0.00252 0.020703 
286 0.006806 0.006178 0.00107 0.040198 0.002472 0.021706 
287 0.010931 0.005232 0.000967 0.039027 0.00249 0.022201 
288 0.006945 0.00594 0.001041 0.038894 0.002464 0.02155 
289 0.006857 0.005056 0.000985 0.038939 0.002445 0.023122 
290 0.00687 0.00537 0.001019 0.039057 0.002493 0.02489 
291 0.00685 0.005867 0.001038 0.038954 0.002464 0.023786 
292 0.006864 0.005757 0.001074 0.039039 0.002458 0.023294 
293 0.006866 0.005506 0.001032 0.039025 0.002484 0.026925 
294 0.006903 0.006305 0.001141 0.040093 0.002636 0.028587 
295 0.01175 0.0071 0.001159 0.039159 0.00249 0.027218 
296 0.006835 0.007191 0.001241 0.039815 0.002451 0.024829 
297 0.007703 0.008809 0.001257 0.039148 0.002477 0.024151 
298 0.007122 0.007906 0.001293 0.039214 0.002479 0.023726 
299 0.006872 0.00732 0.001204 0.039488 0.002465 0.023359 
300 0.008741 0.006792 0.001213 0.0402 0.002446 0.026221 
301 0.007263 0.008304 0.001257 0.039175 0.002495 0.024506 
302 0.006879 0.00721 0.001264 0.039567 0.002453 0.024015 
303 0.006796 0.007868 0.001238 0.03917 0.002434 0.022916 
304 0.006842 0.008139 0.001293 0.039257 0.002475 0.02132 
305 0.0069 0.007605 0.001211 0.039147 0.00246 0.020515 
306 0.007025 0.007891 0.001319 0.039489 0.00252 0.023433 
307 0.007483 0.008764 0.002931 0.040357 0.002461 0.023198 
308 0.007122 0.008829 0.001443 0.039052 0.002458 0.01991 
309 0.013021 0.007216 0.001147 0.038882 0.002482 0.022372 
310 0.006933 0.006734 0.001257 0.038987 0.002467 0.023537 
311 0.006926 0.006293 0.001131 0.038992 0.002459 0.021298 
312 0.006818 0.008006 0.001228 0.039229 0.002553 0.023972 
313 0.006845 0.007723 0.001235 0.039056 0.00247 0.023961 
314 0.006788 0.008847 0.00119 0.039339 0.002484 0.02318 
315 0.006897 0.008382 0.001238 0.039037 0.002472 0.022876 
316 0.007184 0.008451 0.001276 0.039009 0.002547 0.020995 
317 0.007183 0.009435 0.0014 0.039093 0.002476 0.022725 
318 0.00718 0.008925 0.001341 0.03915 0.002464 0.023403 
319 0.011761 0.009318 0.001448 0.039013 0.002461 0.023406 
320 0.006818 0.008053 0.001263 0.039135 0.002463 0.019992 
321 0.006884 0.008146 0.001294 0.039115 0.002474 0.022507 
322 0.010125 0.008694 0.001361 0.039241 0.002486 0.021435 
323 0.006811 0.008075 0.001399 0.039265 0.00247 0.025059 
324 0.008147 0.00879 0.001178 0.039298 0.002494 0.027423 
325 0.007071 0.008703 0.001295 0.039506 0.002453 0.027117 
326 0.00728 0.007829 0.001586 0.039773 0.002447 0.02574 
327 0.009038 0.009214 0.001481 0.039333 0.002448 0.031458 
328 0.007021 0.008422 0.001275 0.040279 0.002469 0.026084 
329 0.007101 0.009345 0.001344 0.040334 0.002459 0.025664 
330 0.010148 0.008202 0.001303 0.039758 0.002457 0.024553 
331 0.007099 0.00914 0.001303 0.039933 0.002467 0.022907 
332 0.010037 0.007711 0.001213 0.039881 0.002473 0.022772 
333 0.009569 0.008185 0.001323 0.039167 0.002454 0.01916 
334 0.00683 0.006863 0.001053 0.040558 0.002677 0.025103 
335 0.006992 0.007931 0.001213 0.039867 0.002488 0.020004 
336 0.006915 0.008485 0.001256 0.040586 0.002463 0.02358 
337 0.009114 0.007866 0.001252 0.039665 0.002473 0.020497 
338 0.006827 0.00711 0.001179 0.039747 0.00247 0.015809 
339 0.006774 0.00797 0.001257 0.039204 0.002471 0.016652 
340 0.008842 0.006759 0.001174 0.039274 0.002482 0.018586 
341 0.00683 0.007332 0.001254 0.04027 0.002611 0.021985 
342 0.006837 0.007117 0.001172 0.0403 0.002469 0.019934 
343 0.006858 0.006876 0.001161 0.040025 0.002454 0.018226 
344 0.006827 0.007969 0.001286 0.040816 0.002476 0.022306 
345 0.006827 0.007465 0.001192 0.040256 0.002523 0.025466 
346 0.006856 0.007775 0.00121 0.039808 0.00246 0.019966 
347 0.006817 0.008635 0.00112 0.039785 0.002464 0.021411 
348 0.006823 0.008222 0.001188 0.039883 0.00247 0.019675 
349 0.006837 0.006585 0.001041 0.040064 0.002466 0.020532 
350 0.006803 0.006617 0.001149 0.039888 0.002463 0.021217 
351 0.006848 0.007836 0.001202 0.03984 0.002471 0.020222 
352 0.006835 0.008078 0.001225 0.039724 0.00246 0.021081 
353 0.008636 0.00806 0.001257 0.038896 0.002465 0.021126 
354 0.006906 0.008151 0.001249 0.040518 0.002454 0.023972 
355 0.00774 0.009227 0.001306 0.039088 0.002466 0.021704 
356 0.008833 0.007211 0.001202 0.040236 0.00248 0.022008 
357 0.006879 0.007654 0.001143 0.039098 0.002491 0.021834 
358 0.00976 0.008668 0.00112 0.039247 0.00249 0.01681 
359 0.00686 0.008734 0.001102 0.03901 0.002466 0.018817 
360 0.006812 0.007366 0.001129 0.039076 0.002467 0.019773 
361 0.006822 0.008111 0.001143 0.039146 0.00247 0.019556 
362 0.00685 0.00995 0.00111 0.039008 0.002459 0.020638 
363 0.006783 0.008218 0.00103 0.039503 0.00246 0.020549 
364 0.006799 0.008402 0.001229 0.03903 0.002467 0.022058 
365 0.006839 0.008139 0.0011 0.039082 0.002465 0.022521 
366 0.010008 0.005692 0.000967 0.039142 0.002479 0.020825 
367 0.006814 0.007208 0.001094 0.039165 0.002464 0.0218 
368 0.006839 0.006794 0.001083 0.03963 0.002453 0.022957 
369 0.011398 0.006602 0.001146 0.039009 0.002482 0.021462 
370 0.008762 0.007948 0.001246 0.039183 0.002463 0.021355 
371 0.006763 0.006991 0.001131 0.039047 0.002462 0.020367 
372 0.006877 0.007283 0.001195 0.039219 0.00246 0.022064 
373 0.006912 0.007113 0.001184 0.039201 0.002455 0.022665 
374 0.008378 0.007022 0.001159 0.039247 0.002454 0.022496 
375 0.006881 0.006918 0.001146 0.039055 0.002462 0.021715 
376 0.006817 0.006366 0.001089 0.040178 0.002508 0.021653 
377 0.006878 0.006412 0.001127 0.041197 0.002456 0.021366 
378 0.00676 0.006996 0.001165 0.038947 0.002503 0.019633 
379 0.006819 0.007463 0.001208 0.03893 0.002462 0.02238 
380 0.006803 0.007212 0.001159 0.040426 0.002519 0.020969 
381 0.006713 0.006557 0.001108 0.039265 0.002502 0.02216 
382 0.006816 0.00756 0.001155 0.040529 0.002458 0.023356 
383 0.006857 0.004847 0.000964 0.03903 0.002475 0.022669 
384 0.006682 0.004541 0.000915 0.039179 0.002461 0.023655 
385 0.006564 0.004856 0.000954 0.039163 0.002515 0.020115 
386 0.006758 0.004752 0.000871 0.040289 0.002505 0.0263 
387 0.006747 0.005107 0.000962 0.039103 0.002455 0.024517 
388 0.006872 0.006808 0.001067 0.039232 0.002447 0.023303 
389 0.013219 0.004621 0.000883 0.039169 0.002465 0.024373 
390 0.010882 0.005938 0.001015 0.040268 0.002619 0.026759 
391 0.006621 0.004317 0.000882 0.040291 0.002469 0.023721 
392 0.006657 0.004334 0.000872 0.041954 0.002687 0.025686 
393 0.006769 0.005322 0.001007 0.039058 0.002455 0.020052 
394 0.006809 0.005423 0.001041 0.03931 0.002461 0.02078 
395 0.006846 0.005906 0.001084 0.038934 0.002453 0.02261 
396 0.006877 0.004898 0.000977 0.039086 0.002447 0.022456 
397 0.006815 0.006022 0.001126 0.039033 0.002484 0.020153 
398 0.015856 0.005914 0.001083 0.039104 0.00247 0.019787 
399 0.008428 0.004727 0.000926 0.038874 0.002471 0.018962 
400 0.007016 0.005266 0.00096 0.038982 0.002505 0.020019 
401 0.006856 0.005049 0.000988 0.039905 0.002469 0.020158 
402 0.006825 0.00551 0.000991 0.0394 0.002464 0.022226 
403 0.006754 0.004666 0.000943 0.039573 0.002455 0.020483 
404 0.006821 0.005394 0.000987 0.039854 0.002512 0.021058 
405 0.006831 0.005385 0.001035 0.039635 0.002464 0.019782 
406 0.006874 0.005164 0.000978 0.039221 0.002488 0.021353 
407 0.006856 0.006357 0.00109 0.038881 0.002461 0.023266 
408 0.0069 0.005546 0.001022 0.03897 0.002462 0.023099 
409 0.006784 0.00631 0.001135 0.039038 0.002455 0.022287 
410 0.006859 0.005324 0.001065 0.038834 0.00247 0.022708 
411 0.014062 0.006547 0.001177 0.039885 0.002447 0.023402 
412 0.006836 0.007091 0.001164 0.038995 0.002714 0.021209 
413 0.011123 0.006798 0.001176 0.039979 0.002489 0.020153 
414 0.00683 0.00629 0.001132 0.039937 0.002461 0.01982 
415 0.006841 0.005555 0.001079 0.039991 0.002459 0.022346 
416 0.006825 0.0067 0.001158 0.039161 0.002472 0.022949 
417 0.015273 0.006545 0.001769 0.044257 0.002477 0.02561 
418 0.006861 0.005748 0.001017 0.039213 0.002504 0.019018 
419 0.006797 0.006692 0.001207 0.038995 0.002481 0.020191 
420 0.006819 0.006105 0.001179 0.039294 0.002465 0.020548 
421 0.006751 0.005806 0.001055 0.041689 0.002684 0.022908 
422 0.007617 0.007484 0.001115 0.039058 0.002459 0.021714 
423 0.007478 0.005649 0.001165 0.039482 0.002453 0.02257 
424 0.006651 0.0038 0.000887 0.039126 0.00247 0.023281 
425 0.009637 0.004085 0.000823 0.040609 0.002471 0.022685 
426 0.006595 0.003993 0.000845 0.040124 0.002488 0.020669 
427 0.008755 0.003965 0.000823 0.038959 0.002485 0.021727 
428 0.006692 0.00356 0.000812 0.038933 0.002457 0.020727 
429 0.00663 0.003499 0.000789 0.038796 0.002634 0.019689 
430 0.013673 0.003736 0.000809 0.038895 0.002462 0.021977 
431 0.007244 0.003439 0.000838 0.040455 0.002503 0.029204 
432 0.006693 0.003445 0.000789 0.040041 0.0025 0.021153 
433 0.006605 0.003806 0.000807 0.039565 0.002491 0.023363 
434 0.006679 0.003663 0.00075 0.039994 0.002467 0.02365 
435 0.006439 0.003781 0.000747 0.039761 0.002454 0.023351 
436 0.006404 0.002735 0.000689 0.041674 0.002643 0.02569 
437 0.00659 0.004166 0.000813 0.039216 0.002492 0.021306 
438 0.006542 0.003864 0.000797 0.038407 0.002471 0.020146 
439 0.006651 0.003021 0.000738 0.040265 0.002496 0.020332 
440 0.006739 0.00366 0.000782 0.038335 0.002465 0.023994 
441 0.006637 0.004994 0.000842 0.038488 0.002495 0.024049 
442 0.006651 0.003487 0.000785 0.038792 0.002459 0.021388 
443 0.006811 0.005109 0.00092 0.038416 0.002487 0.020954 
444 0.006888 0.004744 0.000871 0.038593 0.002466 0.020889 
445 0.010939 0.005622 0.001028 0.039908 0.002468 0.020341 
446 0.006938 0.005846 0.000985 0.039861 0.002457 0.023479 
447 0.006768 0.006466 0.001018 0.039328 0.002497 0.023611 
448 0.006872 0.005456 0.000934 0.040826 0.002715 0.025905 
449 0.006837 0.005834 0.00098 0.039087 0.002491 0.024234 
450 0.006821 0.007988 0.001243 0.038991 0.002464 0.025097 
451 0.006806 0.008628 0.00115 0.039258 0.002457 0.023777 
452 0.007224 0.007791 0.001097 0.038993 0.002474 0.02416 
453 0.007087 0.006995 0.001091 0.039001 0.00246 0.024363 
454 0.007264 0.007553 0.001224 0.039086 0.002462 0.024443 
455 0.006923 0.007428 0.001183 0.038955 0.002478 0.02273 
456 0.009741 0.008627 0.001127 0.039115 0.002485 0.021278 
457 0.00713 0.009989 0.001175 0.038416 0.002498 0.022506 
458 0.006914 0.007951 0.001204 0.038489 0.00247 0.023174 
459 0.00812 0.007202 0.001144 0.039607 0.002463 0.022538 
460 0.006747 0.007849 0.001261 0.039876 0.002454 0.021941 
461 0.007069 0.008633 0.001289 0.039047 0.002469 0.024577 
462 0.007159 0.009065 0.0013 0.03979 0.002506 0.024909 
463 0.006768 0.008038 0.001213 0.039064 0.002465 0.023871 
464 0.006856 0.007146 0.001119 0.039085 0.002448 0.024901 
465 0.006803 0.007046 0.001122 0.038969 0.002499 0.021832 
466 0.006839 0.007618 0.001157 0.038903 0.002513 0.02419 
467 0.006762 0.007882 0.00114 0.039208 0.00253 0.023914 
468 0.006819 0.007589 0.001081 0.039321 0.002456 0.025269 
469 0.006849 0.008271 0.00124 0.038919 0.002464 0.024055 
470 0.006881 0.007555 0.001184 0.039146 0.002452 0.023972 
471 0.006832 0.0077 0.001173 0.039197 0.002472 0.023874 
472 0.006804 0.008907 0.0012 0.039112 0.002476 0.027562 
473 0.006969 0.009818 0.001215 0.038946 0.002449 0.026249 
474 0.00678 0.008618 0.001134 0.04004 0.002469 0.025231 
475 0.007085 0.007184 0.001104 0.039653 0.002451 0.025431 
476 0.00681 0.007433 0.00114 0.039608 0.002509 0.026417 
477 0.006852 0.006226 0.001081 0.039454 0.002453 0.025824 
478 0.006882 0.006547 0.001116 0.038887 0.002461 0.024552 
479 0.006781 0.00613 0.00107 0.039107 0.002501 0.02656 
480 0.006861 0.006904 0.001041 0.038962 0.002528 0.02359 
481 0.006915 0.006944 0.001116 0.03921 0.002468 0.026332 
482 0.006798 0.007203 0.001153 0.03902 0.002456 0.025215 
483 0.006607 0.007233 0.001151 0.039094 0.002479 0.025637 
484 0.006778 0.007947 0.001267 0.039128 0.002514 0.024107 
485 0.006983 0.007611 0.00129 0.039166 0.002455 0.021852 
486 0.006804 0.007696 0.001222 0.039153 0.00246 0.022242 
487 0.006815 0.008282 0.001186 0.039235 0.002456 0.022463 
488 0.006807 0.008119 0.001238 0.039137 0.002453 0.023782 
489 0.00676 0.008337 0.001275 0.038975 0.002454 0.021451 
490 0.006755 0.007574 0.001257 0.040243 0.00244 0.020911 
491 0.007073 0.008321 0.00137 0.040178 0.002457 0.019409 
492 0.009561 0.008958 0.001233 0.039058 0.002477 0.022357 
493 0.009525 0.008989 0.001282 0.03912 0.002462 0.022609 
494 0.006818 0.008678 0.001241 0.040001 0.002445 0.023247 
495 0.006899 0.00747 0.001218 0.039589 0.002456 0.023988 
496 0.006896 0.007937 0.00126 0.039473 0.002509 0.023831 
497 0.009983 0.008077 0.001262 0.039351 0.00246 0.024668 
498 0.009911 0.008581 0.001354 0.03965 0.002473 0.022546 
499 0.009848 0.007754 0.001254 0.039917 0.002503 0.024436 
500 0.011056 0.008505 0.001229 0.04299 0.002473 0.021834 
501 0.006843 0.007846 0.001213 0.038421 0.002477 0.022046 
502 0.00686 0.011974 0.001201 0.038693 0.002516 0.022299 
503 0.006816 0.007538 0.001113 0.038422 0.002484 0.021562 
504 0.007057 0.009426 0.001218 0.038488 0.002481 0.021102 
505 0.006832 0.008221 0.001281 0.038362 0.002489 0.022324 
506 0.00708 0.008825 0.001321 0.038302 0.002471 0.021199 
507 0.007082 0.009703 0.001201 0.038538 0.002464 0.020223 
508 0.006798 0.008074 0.001202 0.038341 0.002466 0.022392 
509 0.006833 0.005845 0.001048 0.038428 0.002458 0.02216 
510 0.006838 0.005737 0.001032 0.038368 0.002459 0.023319 
511 0.006853 0.005591 0.001035 0.038543 0.002488 0.026002 
512 0.006801 0.006759 0.0011 0.038553 0.002467 0.023011 
513 0.006863 0.006099 0.00108 0.038475 0.002487 0.023187 
514 0.006826 0.005839 0.000996 0.038831 0.002462 0.024716 
515 0.007092 0.0061 0.001075 0.03853 0.00246 0.025 
516 0.006856 0.007116 0.001118 0.03848 0.002504 0.024807 
517 0.006798 0.007439 0.001108 0.038505 0.002467 0.025169 
518 0.006885 0.006175 0.001067 0.038547 0.002471 0.026123 
519 0.006803 0.006841 0.001247 0.038644 0.00247 0.025048 
520 0.006867 0.006464 0.001129 0.038583 0.002474 0.02348 
521 0.006857 0.006323 0.00106 0.038731 0.002467 0.024353 
522 0.006832 0.006103 0.001071 0.038547 0.002477 0.019213 
523 0.006803 0.006643 0.001138 0.038566 0.002451 0.021686 
524 0.006785 0.006297 0.001129 0.039746 0.002463 0.01982 
525 0.006825 0.006772 0.001141 0.040301 0.002462 0.021264 
526 0.00681 0.006812 0.001137 0.039212 0.002451 0.023394 
527 0.006825 0.006849 0.001225 0.039194 0.00246 0.023179 
528 0.006858 0.006901 0.001189 0.039192 0.002462 0.023972 
529 0.006783 0.007854 0.001154 0.039009 0.002483 0.024297 
530 0.006787 0.007507 0.00117 0.039552 0.002465 0.023472 
531 0.006841 0.007716 0.001213 0.03901 0.002457 0.021983 
532 0.006792 0.00751 0.00106 0.03912 0.002476 0.024259 
533 0.006644 0.007342 0.001117 0.039136 0.00247 0.024158 
534 0.006864 0.007477 0.001085 0.039119 0.002514 0.025377 
535 0.006941 0.007254 0.001066 0.039194 0.002463 0.023783 
536 0.007047 0.007332 0.001105 0.039189 0.002465 0.025022 
537 0.00683 0.006593 0.001029 0.039072 0.002473 0.023144 
538 0.006873 0.007274 0.001139 0.039274 0.002475 0.023917 
539 0.006706 0.006417 0.001026 0.039556 0.002464 0.021501 
540 0.006826 0.005763 0.000993 0.039225 0.00245 0.023553 
541 0.006821 0.005497 0.001012 0.039371 0.002444 0.022375 
542 0.0112 0.005458 0.001072 0.039099 0.002463 0.02526 
543 0.006859 0.005299 0.000995 0.039119 0.002462 0.024077 
544 0.006909 0.005841 0.00107 0.040262 0.002467 0.024289 
545 0.006786 0.006166 0.001051 0.039609 0.00245 0.025586 
546 0.006904 0.007083 0.001091 0.039002 0.002461 0.023808 
547 0.006833 0.00776 0.001173 0.039061 0.002473 0.023822 
548 0.006898 0.007157 0.001155 0.039481 0.002452 0.022277 
549 0.006851 0.007222 0.001131 0.039092 0.002462 0.020465 
550 0.006822 0.007111 0.001104 0.038874 0.002469 0.021416 
551 0.006813 0.005226 0.000956 0.038759 0.002468 0.020881 
552 0.006784 0.006917 0.001048 0.039055 0.002509 0.020625 
553 0.006835 0.008056 0.001153 0.039008 0.002472 0.01916 
554 0.006821 0.006682 0.001023 0.038796 0.002519 0.021598 
555 0.006788 0.006063 0.001035 0.038965 0.002445 0.022031 
556 0.006824 0.007048 0.0011 0.040346 0.00246 0.024885 
557 0.007101 0.008224 0.001078 0.038714 0.002455 0.023843 
558 0.006855 0.007139 0.001115 0.039905 0.002477 0.022284 
559 0.0068 0.007362 0.001105 0.040084 0.002446 0.022363 
560 0.006775 0.008194 0.001124 0.039694 0.002497 0.021322 
561 0.006812 0.006656 0.001067 0.038525 0.002469 0.021586 
562 0.006786 0.008119 0.001097 0.038394 0.002452 0.022167 
563 0.006778 0.007718 0.0012 0.038466 0.002518 0.021761 
564 0.006834 0.007294 0.001133 0.038468 0.002484 0.020816 
565 0.006749 0.006896 0.001058 0.038449 0.002465 0.020576 
566 0.006818 0.007036 0.001058 0.038435 0.002469 0.02024 
567 0.006845 0.006504 0.001077 0.040241 0.002487 0.02124 
568 0.008688 0.006898 0.002102 0.039139 0.002467 0.021722 
569 0.00679 0.007417 0.001198 0.039252 0.00251 0.025332 
570 0.006781 0.007469 0.00117 0.04011 0.002448 0.024474 
571 0.006825 0.007467 0.001216 0.040051 0.002466 0.024184 
572 0.00693 0.007536 0.001116 0.040226 0.002465 0.021953 
573 0.01007 0.007593 0.001225 0.040364 0.002446 0.026487 
574 0.009785 0.007546 0.001231 0.039941 0.002455 0.022337 
575 0.006863 0.00827 0.001232 0.039096 0.002471 0.02453 
576 0.006838 0.007701 0.001194 0.040083 0.002471 0.022274 
577 0.009873 0.008809 0.001325 0.039066 0.002458 0.022858 
578 0.010257 0.008718 0.00122 0.039048 0.002457 0.025039 
579 0.010005 0.008982 0.001274 0.03918 0.002451 0.024835 
580 0.006831 0.008448 0.001224 0.039063 0.002444 0.025458 
581 0.009679 0.008031 0.001195 0.039199 0.002458 0.025768 
582 0.010123 0.008575 0.001257 0.039269 0.002492 0.023592 
583 0.006911 0.008337 0.001142 0.039149 0.002465 0.022194 
584 0.006845 0.007583 0.001221 0.03914 0.002463 0.020252 
585 0.009717 0.008737 0.001254 0.039511 0.002466 0.020393 
586 0.010033 0.009391 0.001283 0.039125 0.002502 0.016554 
587 0.010148 0.008401 0.001243 0.039496 0.002463 0.01706 
588 0.006566 0.004749 0.000911 0.039141 0.002464 0.01849 
589 0.009884 0.008141 0.001056 0.040407 0.00245 0.019007 
590 0.009761 0.007281 0.001028 0.039013 0.002467 0.02329 
591 0.006832 0.008312 0.001104 0.040145 0.002468 0.0212 
592 0.006859 0.009008 0.001166 0.039541 0.002493 0.020414 
593 0.006797 0.007799 0.001144 0.039657 0.002465 0.022808 
594 0.006841 0.007543 0.001339 0.03903 0.002458 0.022354 
595 0.006632 0.004853 0.000879 0.038986 0.002457 0.021697 
596 0.006821 0.007952 0.001107 0.039277 0.002473 0.022058 
597 0.00667 0.0067 0.001005 0.039145 0.002445 0.023405 
598 0.006569 0.005005 0.000873 0.039731 0.002471 0.021714 
599 0.006818 0.009579 0.00108 0.039113 0.002445 0.022592 
600 0.006625 0.004866 0.000851 0.041904 0.002447 0.029616 
601 0.006946 0.006131 0.001027 0.038774 0.002448 0.022355 
602 0.006863 0.005267 0.00093 0.038948 0.002552 0.021426 
603 0.006789 0.004702 0.000889 0.038812 0.002465 0.021297 
604 0.006852 0.006243 0.001099 0.039021 0.002497 0.022258 
605 0.014085 0.006739 0.001102 0.040166 0.002465 0.02109 
606 0.009702 0.006818 0.001146 0.038717 0.002449 0.01985 
607 0.006815 0.008081 0.0012 0.039511 0.002459 0.020454 
608 0.007074 0.009137 0.001217 0.039073 0.002459 0.020667 
609 0.006837 0.007335 0.001175 0.038984 0.002492 0.020846 
610 0.006909 0.008533 0.001214 0.039623 0.002464 0.02035 
611 0.006966 0.008916 0.001092 0.038462 0.002453 0.019717 
612 0.006861 0.007501 0.001144 0.038477 0.002456 0.018057 
613 0.006813 0.007894 0.001141 0.038623 0.002534 0.018919 
614 0.006773 0.008777 0.00116 0.038567 0.002465 0.018058 
615 0.006843 0.007459 0.001037 0.040135 0.002486 0.023582 
616 0.006866 0.009696 0.001092 0.039215 0.002449 0.020822 
617 0.0069 0.008358 0.000996 0.039118 0.002505 0.017911 
618 0.006982 0.006075 0.00097 0.039214 0.002493 0.018824 
619 0.006828 0.005659 0.000972 0.039187 0.002457 0.021494 
620 0.006848 0.005589 0.001019 0.039137 0.00247 0.018864 
621 0.006822 0.005501 0.000918 0.039087 0.002486 0.019491 
622 0.006974 0.006319 0.001055 0.039076 0.002496 0.019052 
623 0.010372 0.005904 0.000971 0.044034 0.00248 0.020142 
624 0.006935 0.007856 0.001091 0.039205 0.002514 0.020473 
625 0.008375 0.007706 0.001072 0.039795 0.002456 0.02098 
626 0.007009 0.006342 0.001022 0.039826 0.002462 0.019364 
627 0.006812 0.00629 0.001118 0.039513 0.002452 0.02332 
628 0.006915 0.005683 0.001057 0.03922 0.002468 0.020794 
629 0.009643 0.006362 0.001066 0.040057 0.002466 0.021375 
630 0.009929 0.006567 0.001044 0.039537 0.002465 0.021349 
631 0.006888 0.006858 0.001122 0.038968 0.002467 0.02204 
632 0.006899 0.00684 0.001089 0.039669 0.002479 0.024087 
633 0.006695 0.003143 0.000759 0.039104 0.002481 0.021556 
634 0.006441 0.002695 0.000824 0.038951 0.002458 0.020364 
635 0.006443 0.002951 0.00073 0.039089 0.002464 0.020337 
636 0.006385 0.002928 0.000753 0.038963 0.002462 0.020948 
637 0.009671 0.003956 0.000846 0.03996 0.00246 0.018649 
638 0.009351 0.00325 0.000721 0.04438 0.002461 0.023961 
639 0.006586 0.003337 0.000798 0.038919 0.002484 0.019065 
640 0.006528 0.003484 0.000725 0.039005 0.002453 0.021201 
641 0.006977 0.004699 0.001047 0.039085 0.002466 0.021545 
642 0.006605 0.005078 0.000908 0.039219 0.002471 0.019669 
643 0.006631 0.004566 0.000835 0.039143 0.002456 0.021219 
644 0.009149 0.002983 0.000742 0.039929 0.002488 0.021862 
