1 0.014451 0.010581 0.001551 0.086549 0.003812 0.02694 
2 0.017841 0.010638 0.001827 0.085143 0.004485 0.026605 
3 0.008383 0.010168 0.001534 0.087227 0.006227 0.027996 
4 0.010759 0.0097 0.002352 0.086384 0.003736 0.02228 
5 0.008352 0.010806 0.001562 0.085209 0.005748 0.028114 
6 0.011375 0.009403 0.001515 0.085188 0.004381 0.024941 
7 0.010798 0.008339 0.001467 0.085286 0.006055 0.026137 
8 0.010948 0.009891 0.001531 0.085929 0.004333 0.024447 
9 0.008547 0.009672 0.001531 0.085504 0.004816 0.02715 
10 0.010453 0.007717 0.001339 0.086312 0.004039 0.02689 
11 0.011468 0.009374 0.001546 0.088048 0.006139 0.024746 
12 0.015796 0.010955 0.001571 0.084863 0.004241 0.02212 
13 0.010831 0.011654 0.001732 0.086892 0.004578 0.021715 
14 0.012027 0.009052 0.001443 0.085246 0.004674 0.02243 
15 0.008274 0.011557 0.001626 0.084951 0.004664 0.024501 
16 0.008194 0.011836 0.00162 0.08623 0.003443 0.027056 
17 0.008379 0.009433 0.001523 0.084532 0.0036 0.021182 
18 0.008434 0.009263 0.001245 0.084779 0.003448 0.023585 
19 0.01408 0.009803 0.001517 0.085151 0.004232 0.020145 
20 0.010728 0.006617 0.00118 0.085051 0.003478 0.021179 
21 0.011143 0.006575 0.001302 0.08539 0.006162 0.023928 
22 0.010799 0.008737 0.001396 0.085827 0.004699 0.028253 
23 0.010646 0.007675 0.001344 0.085659 0.00346 0.0248 
24 0.010504 0.008943 0.001109 0.085266 0.003468 0.021602 
25 0.008084 0.007771 0.001279 0.086024 0.004381 0.023519 
26 0.00825 0.008097 0.001322 0.085262 0.006142 0.025251 
27 0.010623 0.008339 0.001415 0.085263 0.003983 0.027115 
28 0.011106 0.00813 0.001281 0.084793 0.004125 0.022274 
29 0.014954 0.010417 0.00137 0.084974 0.004066 0.021904 
30 0.010513 0.008205 0.001186 0.084922 0.005515 0.026334 
31 0.01089 0.006872 0.001189 0.085214 0.003452 0.027969 
32 0.010674 0.008399 0.001316 0.085538 0.004228 0.023248 
33 0.011845 0.009023 0.001368 0.08855 0.00517 0.021105 
34 0.012008 0.006359 0.001363 0.085462 0.003427 0.027914 
35 0.014634 0.005455 0.001212 0.085756 0.004024 0.026081 
36 0.008037 0.005556 0.001185 0.086226 0.004365 0.026074 
37 0.008092 0.005601 0.001191 0.084857 0.004804 0.028304 
38 0.010469 0.005534 0.00114 0.085171 0.004224 0.022267 
39 0.008101 0.005516 0.001175 0.085218 0.004094 0.021121 
40 0.009037 0.007169 0.001198 0.084942 0.006779 0.025849 
41 0.00806 0.006811 0.001286 0.086238 0.003446 0.024404 
42 0.008 0.007226 0.001247 0.084229 0.003463 0.0314 
43 0.011105 0.006492 0.001202 0.085154 0.003446 0.02973 
44 0.017302 0.007632 0.001318 0.085256 0.004376 0.026051 
45 0.010432 0.008622 0.00134 0.086089 0.005796 0.029188 
46 0.007988 0.006428 0.001198 0.086748 0.006084 0.026375 
47 0.00815 0.006915 0.001161 0.084896 0.004498 0.021054 
48 0.008263 0.007375 0.001419 0.085317 0.003438 0.025072 
49 0.010725 0.009034 0.001614 0.086324 0.004441 0.019387 
50 0.014332 0.007568 0.001741 0.086097 0.004811 0.019048 
51 0.008422 0.008869 0.001453 0.08463 0.004551 0.021925 
52 0.017466 0.007995 0.001537 0.085575 0.003485 0.021855 
53 0.011133 0.008844 0.001473 0.084351 0.003925 0.024945 
54 0.016546 0.009359 0.001601 0.085433 0.004602 0.02341 
55 0.010777 0.009127 0.001623 0.086519 0.006314 0.021971 
56 0.017837 0.007656 0.001401 0.085189 0.004997 0.020284 
57 0.010771 0.005703 0.001239 0.084527 0.00433 0.021699 
58 0.01068 0.006757 0.001323 0.085284 0.004126 0.020004 
59 0.01049 0.007758 0.001449 0.08506 0.005409 0.025896 
60 0.007949 0.007207 0.001357 0.083852 0.00416 0.021136 
61 0.010838 0.006896 0.00139 0.084929 0.004335 0.020672 
62 0.010937 0.00774 0.001401 0.084931 0.003763 0.029132 
63 0.008043 0.007185 0.001333 0.085145 0.003474 0.021569 
64 0.010828 0.008937 0.001552 0.087148 0.006032 0.023042 
65 0.0107 0.009213 0.00161 0.08616 0.005896 0.025467 
66 0.008262 0.008577 0.001409 0.086154 0.004437 0.018994 
67 0.008056 0.007345 0.001397 0.086315 0.00444 0.018227 
68 0.010465 0.006945 0.001235 0.085301 0.004515 0.01828 
69 0.010579 0.006866 0.001561 0.084692 0.003448 0.023558 
70 0.010447 0.005973 0.001196 0.085283 0.006012 0.021455 
71 0.008128 0.006892 0.001401 0.085004 0.004588 0.020536 
72 0.010419 0.006931 0.001304 0.086313 0.004418 0.019433 
73 0.009272 0.007045 0.001307 0.085999 0.003447 0.022947 
74 0.010474 0.006765 0.001346 0.084722 0.004312 0.021244 
75 0.012214 0.008379 0.001587 0.085766 0.004348 0.020196 
76 0.011009 0.00753 0.001368 0.084888 0.005528 0.02336 
77 0.010467 0.006107 0.001267 0.084793 0.004576 0.020031 
78 0.01044 0.007278 0.001381 0.084997 0.004322 0.020008 
79 0.010522 0.005583 0.00125 0.084929 0.004136 0.020477 
80 0.015169 0.005029 0.00115 0.086272 0.003588 0.024418 
81 0.010731 0.006688 0.00135 0.08528 0.004216 0.023078 
82 0.010752 0.006292 0.001228 0.086259 0.006649 0.024524 
83 0.013877 0.005688 0.001471 0.08519 0.005899 0.025664 
84 0.011263 0.004992 0.001207 0.086199 0.004298 0.027557 
85 0.008089 0.005501 0.00118 0.085375 0.00488 0.022642 
86 0.010407 0.005911 0.001111 0.086098 0.004562 0.020899 
87 0.008022 0.005739 0.00119 0.085577 0.004327 0.018974 
88 0.010437 0.006582 0.00122 0.086688 0.003825 0.024937 
89 0.010522 0.00586 0.001226 0.084428 0.004291 0.021405 
90 0.008021 0.006257 0.001175 0.085808 0.004985 0.023179 
91 0.016111 0.006987 0.001238 0.084949 0.004599 0.022578 
92 0.01055 0.005567 0.001043 0.085261 0.004098 0.02116 
93 0.010971 0.011099 0.001579 0.085036 0.004216 0.023851 
94 0.010989 0.0109 0.001349 0.084957 0.005665 0.025482 
95 0.008395 0.011137 0.001176 0.084779 0.004594 0.028283 
96 0.010778 0.012991 0.001514 0.085886 0.00494 0.025001 
97 0.00838 0.010007 0.001106 0.084897 0.005469 0.025973 
98 0.008133 0.008818 0.001034 0.084557 0.004108 0.022072 
99 0.008297 0.016369 0.001374 0.084555 0.003462 0.021929 
100 0.008459 0.013401 0.001126 0.085026 0.0057 0.026113 
101 0.010505 0.009846 0.001127 0.08594 0.006204 0.025312 
102 0.008243 0.011842 0.001339 0.084669 0.005426 0.026177 
103 0.008631 0.011468 0.001284 0.085095 0.006087 0.025639 
104 0.010676 0.010518 0.001358 0.084773 0.005353 0.024989 
105 0.010658 0.01007 0.001233 0.085148 0.005572 0.026141 
106 0.008272 0.011481 0.001269 0.084986 0.004972 0.027143 
107 0.008379 0.013848 0.001416 0.084842 0.005347 0.028399 
108 0.008474 0.010615 0.001535 0.085388 0.005327 0.021891 
109 0.015557 0.011045 0.001595 0.085111 0.00359 0.020719 
110 0.010386 0.007925 0.001372 0.084962 0.004087 0.021527 
111 0.010715 0.010615 0.001772 0.087034 0.005357 0.02315 
112 0.008507 0.009313 0.001526 0.086865 0.003438 0.024288 
113 0.008536 0.009534 0.00163 0.084818 0.004081 0.020449 
114 0.016341 0.011398 0.001776 0.08586 0.004335 0.019919 
115 0.015743 0.010746 0.00167 0.084946 0.003435 0.018842 
116 0.016221 0.012078 0.001792 0.085107 0.003599 0.02602 
117 0.011577 0.011463 0.001666 0.085594 0.004415 0.021422 
118 0.009528 0.010054 0.001491 0.084879 0.003478 0.020501 
119 0.008435 0.011612 0.001596 0.085402 0.004038 0.021904 
120 0.01128 0.00912 0.002812 0.085738 0.004728 0.019394 
121 0.008045 0.008779 0.001338 0.086489 0.003438 0.018244 
122 0.010666 0.010385 0.001398 0.084915 0.004209 0.018081 
123 0.015487 0.00838 0.001289 0.086741 0.005305 0.017907 
124 0.017413 0.00862 0.001293 0.084855 0.004337 0.020909 
125 0.011053 0.009968 0.001392 0.086715 0.003539 0.022627 
126 0.010745 0.012912 0.001443 0.085448 0.004363 0.018364 
127 0.010435 0.009912 0.00139 0.085024 0.006074 0.021621 
128 0.010547 0.008265 0.001271 0.085145 0.003669 0.018293 
129 0.008244 0.008007 0.00145 0.085122 0.004715 0.0206 
130 0.008324 0.009495 0.001503 0.086668 0.003461 0.02205 
131 0.008583 0.009592 0.001589 0.085812 0.00357 0.020616 
132 0.010155 0.010304 0.001506 0.086622 0.004562 0.019274 
133 0.010759 0.007129 0.001212 0.086614 0.00614 0.023469 
134 0.010806 0.005853 0.000949 0.08538 0.003699 0.019656 
135 0.011449 0.008245 0.001287 0.084718 0.004397 0.017037 
136 0.010454 0.007977 0.001378 0.0854 0.003439 0.022345 
137 0.010623 0.007509 0.001371 0.084859 0.005625 0.02485 
138 0.010754 0.010472 0.001588 0.085381 0.003422 0.024466 
139 0.01076 0.009588 0.001565 0.085259 0.004391 0.026999 
140 0.018286 0.009304 0.001416 0.086116 0.003475 0.02416 
141 0.00826 0.009655 0.001398 0.085408 0.005791 0.022439 
142 0.008457 0.009803 0.001491 0.085936 0.004431 0.018383 
143 0.015833 0.007696 0.001237 0.084848 0.004335 0.023472 
144 0.010763 0.00676 0.001273 0.084759 0.004228 0.019307 
145 0.01085 0.008216 0.001439 0.086315 0.006495 0.025184 
146 0.010935 0.008908 0.001426 0.084852 0.005558 0.027515 
147 0.010993 0.007941 0.001431 0.08518 0.003963 0.029298 
148 0.00798 0.007811 0.001386 0.084383 0.003733 0.020436 
149 0.008004 0.008394 0.001452 0.083276 0.004241 0.018422 
150 0.008031 0.007413 0.001304 0.085064 0.004351 0.020592 
151 0.00796 0.008022 0.00139 0.084436 0.003905 0.019532 
152 0.008329 0.008742 0.001301 0.086341 0.005348 0.022808 
153 0.010507 0.006931 0.001258 0.086015 0.003598 0.024706 
154 0.008063 0.008056 0.001369 0.085041 0.003888 0.020869 
155 0.011444 0.005629 0.001203 0.085112 0.004581 0.01902 
156 0.007805 0.004868 0.001042 0.086586 0.003611 0.025444 
157 0.008117 0.007294 0.001396 0.084709 0.003423 0.021461 
158 0.017227 0.006642 0.001291 0.084862 0.004164 0.022695 
159 0.010518 0.006413 0.001301 0.085038 0.003634 0.025576 
160 0.011154 0.007018 0.001327 0.085306 0.003708 0.02487 
161 0.008045 0.00859 0.001431 0.08457 0.003967 0.02181 
162 0.010975 0.006886 0.001243 0.085023 0.003459 0.026506 
163 0.008054 0.007824 0.001409 0.084369 0.003802 0.022854 
164 0.011063 0.008562 0.001417 0.085364 0.004428 0.017828 
165 0.008293 0.0054 0.001162 0.085581 0.004898 0.019989 
166 0.008196 0.008529 0.00157 0.084829 0.004096 0.020901 
167 0.012642 0.00809 0.001405 0.086351 0.005053 0.024317 
168 0.00806 0.00808 0.001302 0.085421 0.003583 0.026038 
169 0.008324 0.006347 0.001193 0.085234 0.003477 0.024261 
170 0.010733 0.006516 0.001197 0.085912 0.00422 0.020175 
171 0.011541 0.00651 0.001198 0.086773 0.004105 0.02159 
172 0.012693 0.007147 0.001297 0.084816 0.004521 0.021832 
173 0.008266 0.007031 0.001301 0.084623 0.003706 0.021652 
174 0.010518 0.008739 0.001339 0.084839 0.004725 0.027912 
175 0.011761 0.007149 0.00129 0.084676 0.003428 0.030618 
176 0.008025 0.007085 0.001269 0.084404 0.003587 0.024237 
177 0.008088 0.007427 0.001372 0.08432 0.003439 0.028144 
178 0.00797 0.007447 0.001256 0.084586 0.004619 0.025352 
179 0.008118 0.007881 0.001393 0.083659 0.003444 0.027007 
180 0.008251 0.009137 0.00142 0.083894 0.003927 0.023477 
181 0.010711 0.00937 0.00149 0.084743 0.003692 0.025489 
182 0.021424 0.009851 0.001471 0.084721 0.004148 0.020793 
183 0.010779 0.009093 0.001504 0.084481 0.005155 0.023532 
184 0.011084 0.010622 0.0015 0.084637 0.005509 0.022494 
185 0.012223 0.008035 0.001516 0.084347 0.003868 0.015893 
186 0.010784 0.009615 0.00147 0.083665 0.003538 0.019276 
187 0.010829 0.010131 0.001614 0.083648 0.003501 0.023408 
188 0.010596 0.010636 0.001682 0.083379 0.004193 0.021469 
189 0.008525 0.00898 0.001629 0.083499 0.003442 0.022532 
190 0.011572 0.00871 0.001451 0.083508 0.004175 0.022 
191 0.008284 0.008244 0.001412 0.083963 0.00485 0.025403 
192 0.011473 0.009181 0.001395 0.083461 0.003508 0.022724 
193 0.011196 0.007791 0.00148 0.084961 0.00441 0.020878 
194 0.008171 0.007675 0.001389 0.085171 0.004654 0.018955 
195 0.012513 0.006921 0.001379 0.084302 0.004219 0.018691 
196 0.010686 0.007889 0.001348 0.084071 0.003436 0.02697 
197 0.011052 0.010468 0.001664 0.083901 0.003441 0.026499 
198 0.010505 0.009459 0.001581 0.084725 0.003489 0.018323 
199 0.011 0.00958 0.001556 0.084421 0.003436 0.022961 
200 0.015366 0.010925 0.001768 0.083474 0.003486 0.020345 
201 0.008558 0.008809 0.001552 0.083599 0.003447 0.020039 
202 0.008313 0.010312 0.001528 0.083389 0.003451 0.024645 
203 0.008322 0.009885 0.001663 0.083472 0.003463 0.021745 
204 0.010526 0.011521 0.001693 0.083524 0.00402 0.022103 
205 0.008344 0.009202 0.00168 0.083219 0.003455 0.028799 
206 0.008515 0.010799 0.00166 0.083639 0.003461 0.027222 
207 0.010678 0.009953 0.001647 0.083405 0.003483 0.019371 
208 0.010678 0.012026 0.001892 0.083568 0.004138 0.023487 
209 0.010975 0.011919 0.001895 0.083547 0.003454 0.025303 
210 0.011037 0.010239 0.001779 0.084282 0.00346 0.022672 
211 0.008314 0.009665 0.001818 0.083452 0.003445 0.024602 
212 0.008535 0.011605 0.001928 0.083754 0.004195 0.019049 
213 0.011404 0.010186 0.001605 0.084908 0.003444 0.028629 
214 0.010696 0.007503 0.001336 0.08369 0.003451 0.022188 
215 0.010799 0.007937 0.001465 0.085165 0.004316 0.024319 
216 0.008366 0.009029 0.001466 0.084128 0.004214 0.021194 
217 0.010893 0.009035 0.001566 0.0843 0.003462 0.023188 
218 0.008229 0.009344 0.001639 0.084315 0.004817 0.02346 
219 0.011583 0.010777 0.00166 0.084442 0.003483 0.025523 
220 0.008498 0.011054 0.001595 0.084049 0.004424 0.025583 
221 0.010374 0.006546 0.001171 0.085684 0.00604 0.025743 
222 0.010491 0.008267 0.001393 0.084563 0.003636 0.030935 
223 0.010868 0.009677 0.001576 0.084372 0.005449 0.026312 
224 0.010751 0.00911 0.001522 0.084396 0.005222 0.025053 
225 0.010524 0.007269 0.001413 0.084752 0.00423 0.01899 
226 0.016282 0.009601 0.001731 0.084312 0.004428 0.020062 
227 0.011129 0.009387 0.001571 0.083657 0.003451 0.021462 
228 0.012132 0.011798 0.001729 0.084494 0.003559 0.019909 
229 0.011499 0.0109 0.00171 0.084242 0.005075 0.020904 
230 0.01092 0.010808 0.001651 0.083922 0.003454 0.017887 
231 0.008059 0.00829 0.001453 0.083863 0.004313 0.018845 
232 0.008191 0.010563 0.001423 0.085063 0.004683 0.019132 
233 0.010982 0.010827 0.001454 0.083802 0.003674 0.023011 
234 0.010434 0.007202 0.001247 0.083476 0.003456 0.01718 
235 0.008083 0.006849 0.001326 0.083299 0.004017 0.019701 
236 0.010366 0.007563 0.001477 0.084704 0.004186 0.019057 
237 0.012348 0.008223 0.001474 0.084576 0.0055 0.024035 
238 0.008217 0.007155 0.001327 0.084273 0.004325 0.022426 
239 0.010833 0.008609 0.001477 0.084109 0.003566 0.025888 
240 0.00822 0.005514 0.001136 0.083955 0.005142 0.024468 
241 0.00922 0.00688 0.00122 0.084617 0.003435 0.02069 
242 0.008275 0.008356 0.001405 0.083927 0.004124 0.022016 
243 0.010991 0.009292 0.001532 0.08402 0.004034 0.023986 
244 0.010977 0.009374 0.001558 0.084132 0.003727 0.020277 
245 0.010976 0.008701 0.001475 0.084181 0.00353 0.026988 
246 0.010947 0.008751 0.001446 0.084703 0.004123 0.019708 
247 0.010788 0.007705 0.001399 0.084513 0.003438 0.023562 
248 0.010907 0.008801 0.001394 0.084297 0.004319 0.018714 
249 0.010673 0.008259 0.001451 0.084412 0.003437 0.021366 
250 0.010543 0.007289 0.001243 0.084481 0.003458 0.017593 
251 0.008019 0.009103 0.001433 0.084507 0.00432 0.020837 
252 0.008245 0.008624 0.001381 0.084255 0.003694 0.020866 
253 0.008104 0.007236 0.001339 0.084576 0.003607 0.026804 
254 0.012963 0.008594 0.001429 0.085772 0.00354 0.026418 
255 0.012996 0.006317 0.001239 0.083357 0.003848 0.023125 
256 0.010513 0.006862 0.001366 0.083562 0.003454 0.02192 
257 0.011342 0.008032 0.001495 0.083482 0.003484 0.026777 
258 0.011564 0.007681 0.001482 0.083352 0.004187 0.020706 
259 0.011037 0.005943 0.001358 0.085217 0.003973 0.021081 
260 0.010481 0.007456 0.001343 0.083671 0.003452 0.027764 
261 0.008014 0.007979 0.001471 0.083256 0.00345 0.024789 
262 0.008093 0.006799 0.001279 0.083381 0.004098 0.02447 
263 0.008118 0.007187 0.001372 0.083655 0.00347 0.023287 
264 0.010504 0.00743 0.001309 0.083471 0.003468 0.026954 
265 0.0114 0.005185 0.00117 0.083485 0.003455 0.0221 
266 0.011241 0.008274 0.001494 0.085347 0.004169 0.019375 
267 0.011445 0.005905 0.001332 0.084973 0.004203 0.020266 
268 0.01039 0.006777 0.001341 0.083493 0.00345 0.028031 
269 0.010582 0.006606 0.001298 0.083416 0.004083 0.02417 
270 0.008102 0.007212 0.001239 0.083917 0.004316 0.023866 
271 0.008138 0.007909 0.001266 0.083313 0.003448 0.025531 
272 0.010739 0.007204 0.001274 0.083731 0.005164 0.026642 
273 0.011477 0.007416 0.002323 0.08439 0.005249 0.026847 
274 0.007957 0.007039 0.001215 0.084821 0.004215 0.022896 
275 0.01091 0.007148 0.001343 0.08585 0.003479 0.025812 
276 0.016289 0.006542 0.001219 0.085121 0.003483 0.027459 
277 0.008024 0.00824 0.001364 0.085862 0.00344 0.030143 
278 0.009359 0.007934 0.00124 0.084466 0.004213 0.021691 
279 0.010405 0.008757 0.001385 0.08452 0.00528 0.028255 
280 0.010478 0.007465 0.001295 0.084448 0.005143 0.029349 
281 0.010515 0.007637 0.001357 0.08536 0.006435 0.026335 
282 0.007988 0.006281 0.001215 0.084571 0.003547 0.023477 
283 0.008317 0.006175 0.001254 0.084637 0.004099 0.02211 
284 0.014959 0.006561 0.001129 0.084694 0.003431 0.020033 
285 0.010833 0.006781 0.001265 0.084506 0.004079 0.022153 
286 0.013229 0.006399 0.001118 0.08343 0.003623 0.019055 
287 0.007836 0.004708 0.001087 0.085144 0.003456 0.022957 
288 0.008318 0.008247 0.001264 0.086283 0.003495 0.022813 
289 0.010992 0.006798 0.001264 0.085081 0.004227 0.01971 
290 0.011953 0.007693 0.002162 0.085145 0.003478 0.02351 
291 0.00953 0.007119 0.001312 0.084627 0.004458 0.023453 
292 0.010471 0.005959 0.001188 0.084812 0.003467 0.029089 
293 0.011089 0.006701 0.001282 0.084877 0.003455 0.027717 
294 0.008084 0.007943 0.001425 0.086072 0.005048 0.024485 
295 0.008074 0.007816 0.001387 0.084866 0.003456 0.030761 
296 0.010738 0.008969 0.001477 0.08607 0.005661 0.026915 
297 0.010744 0.010037 0.001574 0.085748 0.004095 0.025261 
298 0.008494 0.010678 0.001664 0.084483 0.004668 0.02856 
299 0.008309 0.008679 0.001537 0.08637 0.004827 0.026651 
300 0.008221 0.009209 0.001507 0.086664 0.003441 0.025587 
301 0.011531 0.010146 0.001617 0.0855 0.004303 0.020688 
302 0.008318 0.010134 0.001616 0.085115 0.006547 0.026923 
303 0.014701 0.009198 0.00153 0.083773 0.003521 0.022639 
304 0.011008 0.008821 0.001499 0.083501 0.004152 0.026731 
305 0.01093 0.009289 0.001544 0.084004 0.003453 0.026686 
306 0.011008 0.009025 0.001542 0.084079 0.003517 0.021893 
307 0.011063 0.009258 0.001589 0.083748 0.004675 0.028521 
308 0.010787 0.013018 0.001703 0.083286 0.004203 0.021928 
309 0.013426 0.00891 0.001398 0.084978 0.005138 0.024044 
310 0.010714 0.008838 0.001381 0.084526 0.003572 0.027465 
311 0.011084 0.008798 0.001517 0.08472 0.004053 0.022341 
312 0.009468 0.009799 0.001382 0.086521 0.003879 0.026716 
313 0.011015 0.01085 0.001619 0.085997 0.004897 0.024585 
314 0.010939 0.011771 0.001521 0.084662 0.004473 0.023305 
315 0.008333 0.010326 0.001528 0.085135 0.00516 0.026665 
316 0.008308 0.010486 0.001637 0.085261 0.005079 0.026542 
317 0.008314 0.010584 0.001681 0.085414 0.004412 0.028375 
318 0.008218 0.011083 0.001731 0.084449 0.003443 0.025304 
319 0.008313 0.0114 0.001815 0.084863 0.003552 0.022452 
320 0.008434 0.011175 0.001689 0.083872 0.004651 0.022878 
321 0.010725 0.010992 0.001736 0.083727 0.003498 0.02108 
322 0.010915 0.011705 0.00168 0.085681 0.004895 0.018852 
323 0.011002 0.010846 0.001689 0.085067 0.005813 0.021122 
324 0.010937 0.010503 0.001743 0.085832 0.004279 0.019472 
325 0.008495 0.01227 0.001772 0.08381 0.004927 0.025085 
326 0.008113 0.010799 0.001704 0.08426 0.004206 0.019952 
327 0.009043 0.010088 0.001633 0.086289 0.003479 0.027381 
328 0.008408 0.010844 0.001579 0.085021 0.005144 0.027018 
329 0.01068 0.010101 0.001669 0.085122 0.005979 0.025311 
330 0.010731 0.009381 0.001524 0.08479 0.005625 0.024673 
331 0.017388 0.010549 0.001645 0.085838 0.004578 0.019401 
332 0.010981 0.009542 0.00148 0.085325 0.003579 0.02249 
333 0.010877 0.009739 0.001462 0.085326 0.003452 0.022722 
334 0.010771 0.007239 0.001216 0.085679 0.003564 0.021326 
335 0.010737 0.010794 0.001596 0.085872 0.004394 0.015663 
336 0.010918 0.011559 0.001547 0.083227 0.003641 0.028709 
337 0.011632 0.007794 0.001383 0.085085 0.004236 0.021883 
338 0.013186 0.008462 0.001478 0.086175 0.004544 0.023536 
339 0.010794 0.00848 0.001503 0.084865 0.004551 0.019565 
340 0.010726 0.007362 0.001352 0.084884 0.003633 0.022137 
341 0.008296 0.008495 0.001476 0.086473 0.005215 0.023618 
342 0.008329 0.009111 0.001503 0.084828 0.004413 0.01836 
343 0.008332 0.008135 0.001425 0.086302 0.003426 0.018971 
344 0.010721 0.009416 0.00153 0.085075 0.004124 0.019518 
345 0.008335 0.008912 0.001502 0.085381 0.004305 0.017928 
346 0.008344 0.009355 0.001465 0.085106 0.003445 0.028763 
347 0.010944 0.010327 0.001481 0.085391 0.004829 0.026405 
348 0.008461 0.009972 0.001415 0.085316 0.004313 0.018421 
349 0.011517 0.007418 0.001221 0.085595 0.004342 0.023723 
350 0.008225 0.010134 0.001653 0.086702 0.004345 0.019835 
351 0.008337 0.010143 0.001647 0.084435 0.003906 0.027131 
352 0.008295 0.00887 0.0015 0.084415 0.003529 0.020163 
353 0.008082 0.008287 0.001444 0.084843 0.003452 0.019638 
354 0.008265 0.011105 0.001495 0.085327 0.004321 0.01934 
355 0.008348 0.012807 0.002755 0.084831 0.004222 0.02176 
356 0.008441 0.008433 0.001575 0.084867 0.003446 0.023874 
357 0.015638 0.009034 0.001399 0.085313 0.003607 0.020188 
358 0.010811 0.01139 0.001289 0.084589 0.005088 0.022084 
359 0.011851 0.01257 0.001493 0.085209 0.005853 0.024039 
360 0.010941 0.009819 0.00146 0.08534 0.006094 0.024972 
361 0.010954 0.010888 0.001808 0.084747 0.003818 0.023826 
362 0.010651 0.01321 0.001643 0.083933 0.005098 0.023271 
363 0.008281 0.009502 0.001176 0.085299 0.004326 0.02053 
364 0.010443 0.008497 0.001322 0.085134 0.00543 0.024956 
365 0.013797 0.009089 0.001429 0.084736 0.005293 0.025962 
366 0.010797 0.006138 0.001157 0.084744 0.004143 0.021293 
367 0.010845 0.006433 0.001252 0.08479 0.003897 0.026595 
368 0.008228 0.00685 0.001221 0.085391 0.004978 0.024352 
369 0.010562 0.005786 0.001155 0.084881 0.003442 0.028851 
370 0.01714 0.006043 0.001182 0.085899 0.00345 0.024809 
371 0.008292 0.009211 0.001533 0.085443 0.004351 0.019588 
372 0.008007 0.006258 0.001191 0.085978 0.004218 0.022812 
373 0.008019 0.0073 0.001544 0.08563 0.004106 0.025799 
374 0.0082 0.008037 0.001391 0.085363 0.004676 0.020981 
375 0.008566 0.007454 0.001372 0.085686 0.004215 0.020484 
376 0.008223 0.007326 0.001335 0.085372 0.00434 0.019354 
377 0.011596 0.00692 0.001359 0.085531 0.004058 0.026219 
378 0.008251 0.008891 0.001394 0.085418 0.003495 0.021009 
379 0.008513 0.008749 0.001493 0.085588 0.004296 0.020466 
380 0.00806 0.007175 0.001276 0.084639 0.004262 0.018581 
381 0.008445 0.006892 0.001323 0.085837 0.004032 0.023969 
382 0.008053 0.008474 0.001444 0.085349 0.00577 0.023983 
383 0.008256 0.006874 0.001312 0.084512 0.004642 0.022442 
384 0.008254 0.005652 0.001137 0.085369 0.003433 0.024127 
385 0.011289 0.007507 0.001303 0.085303 0.006082 0.025271 
386 0.008846 0.006002 0.001123 0.08363 0.0044 0.023286 
387 0.016635 0.006081 0.001172 0.085892 0.003534 0.026212 
388 0.010752 0.009843 0.001361 0.085213 0.004609 0.023823 
389 0.010716 0.005612 0.001148 0.085019 0.003442 0.030633 
390 0.010766 0.006796 0.001137 0.085257 0.003437 0.026156 
391 0.010875 0.005556 0.001064 0.084953 0.004674 0.02763 
392 0.008067 0.006426 0.001229 0.084683 0.003511 0.030178 
393 0.008307 0.009021 0.001498 0.084316 0.003429 0.02612 
394 0.008215 0.006977 0.001288 0.085133 0.005595 0.025655 
395 0.008394 0.007462 0.001361 0.085604 0.004195 0.020207 
396 0.00823 0.007408 0.001386 0.085379 0.003467 0.025856 
397 0.008405 0.009315 0.001567 0.085461 0.004682 0.022654 
398 0.010375 0.006846 0.001239 0.085474 0.003924 0.027747 
399 0.01061 0.006366 0.001282 0.085402 0.003838 0.019793 
400 0.015307 0.006821 0.001201 0.085376 0.003462 0.024073 
401 0.010526 0.007063 0.001286 0.085264 0.004163 0.021457 
402 0.010396 0.006755 0.001221 0.085576 0.004288 0.026604 
403 0.008247 0.006484 0.001285 0.08543 0.005238 0.021079 
404 0.016556 0.00664 0.001868 0.084485 0.0037 0.023414 
405 0.008102 0.005873 0.001222 0.084276 0.00393 0.02341 
406 0.011192 0.005934 0.001198 0.084919 0.00383 0.019721 
407 0.008065 0.007228 0.00137 0.085763 0.003787 0.021445 
408 0.015241 0.00711 0.001295 0.085208 0.004537 0.023985 
409 0.011543 0.009187 0.002276 0.085339 0.004539 0.023591 
410 0.010713 0.009215 0.001539 0.085481 0.00506 0.025799 
411 0.010934 0.008694 0.001475 0.084083 0.003467 0.023566 
412 0.008569 0.011166 0.001677 0.083545 0.004027 0.021179 
413 0.008436 0.009372 0.001565 0.084164 0.003454 0.019364 
414 0.008306 0.011503 0.001709 0.08376 0.003495 0.020482 
415 0.008151 0.006493 0.001306 0.08379 0.004286 0.021729 
416 0.011022 0.008266 0.001441 0.083924 0.003458 0.025843 
417 0.010807 0.007404 0.00135 0.083794 0.004209 0.019569 
418 0.011562 0.009149 0.001493 0.084102 0.003455 0.018896 
419 0.008269 0.011527 0.001897 0.083908 0.003451 0.02516 
420 0.008484 0.011365 0.001789 0.083848 0.004189 0.020299 
421 0.008472 0.008359 0.001529 0.084123 0.003443 0.017452 
422 0.010705 0.011478 0.001571 0.085398 0.003496 0.020967 
423 0.0148 0.00649 0.001214 0.083995 0.003822 0.021459 
424 0.0077 0.004015 0.000955 0.08636 0.006494 0.027464 
425 0.008087 0.003598 0.000937 0.084412 0.004434 0.022957 
426 0.010995 0.003449 0.000884 0.084609 0.004459 0.021029 
427 0.007849 0.004436 0.001073 0.084671 0.004133 0.022097 
428 0.007468 0.003437 0.000904 0.084671 0.004953 0.02606 
429 0.010706 0.003307 0.000923 0.083441 0.004676 0.022296 
430 0.008081 0.003744 0.000955 0.083528 0.004118 0.025805 
431 0.007939 0.003098 0.000934 0.08353 0.00345 0.025882 
432 0.007771 0.00333 0.000872 0.083836 0.00361 0.028348 
433 0.010385 0.003708 0.001001 0.083688 0.004464 0.024447 
434 0.011236 0.003866 0.000912 0.083568 0.004065 0.023756 
435 0.007873 0.004416 0.000923 0.083259 0.004523 0.026286 
436 0.007557 0.003309 0.000919 0.084198 0.003596 0.025808 
437 0.011299 0.004737 0.001029 0.083681 0.003459 0.022317 
438 0.008048 0.003702 0.000938 0.084084 0.003449 0.023965 
439 0.010357 0.003426 0.000933 0.08387 0.004822 0.026124 
440 0.016142 0.003413 0.000894 0.084602 0.003673 0.022 
441 0.012662 0.005632 0.001153 0.083926 0.004197 0.024126 
442 0.015766 0.004905 0.001017 0.084929 0.005445 0.026895 
443 0.0106 0.004994 0.001098 0.085887 0.00346 0.021517 
444 0.010522 0.004854 0.001073 0.084858 0.003472 0.02553 
445 0.008986 0.006014 0.001034 0.085512 0.004021 0.024649 
446 0.008004 0.005844 0.001111 0.08587 0.003585 0.021509 
447 0.009016 0.006096 0.001328 0.085643 0.003856 0.022396 
448 0.01045 0.005474 0.001139 0.085473 0.00349 0.025439 
449 0.008022 0.007376 0.001263 0.084862 0.005781 0.025583 
450 0.011104 0.009629 0.001454 0.085319 0.00587 0.027771 
451 0.008053 0.008921 0.001101 0.084689 0.004717 0.029065 
452 0.008183 0.009669 0.001171 0.085117 0.004394 0.028873 
453 0.008341 0.009731 0.001496 0.084842 0.003979 0.027775 
454 0.008005 0.008361 0.001351 0.084722 0.003474 0.023776 
455 0.008348 0.009117 0.001415 0.085162 0.005608 0.026986 
456 0.010456 0.007624 0.001156 0.084525 0.003443 0.028791 
457 0.008296 0.010695 0.001459 0.084427 0.004307 0.020968 
458 0.01122 0.008131 0.001328 0.08494 0.005496 0.027376 
459 0.012644 0.008142 0.001386 0.085103 0.004224 0.021125 
460 0.010716 0.007949 0.001312 0.085096 0.00546 0.025273 
461 0.010954 0.009471 0.001511 0.085197 0.00554 0.024115 
462 0.010743 0.008737 0.001312 0.084665 0.003443 0.02771 
463 0.011295 0.009124 0.001393 0.084807 0.003516 0.028662 
464 0.010719 0.007141 0.001235 0.084879 0.003909 0.023358 
465 0.010717 0.008613 0.001376 0.085277 0.003442 0.026602 
466 0.015738 0.008856 0.00134 0.084121 0.004316 0.023241 
467 0.011084 0.010817 0.001528 0.083975 0.003604 0.025864 
468 0.00866 0.011318 0.001429 0.083457 0.003693 0.027719 
469 0.011518 0.011004 0.001563 0.083765 0.004849 0.027191 
470 0.01482 0.009675 0.001472 0.085018 0.004714 0.024228 
471 0.012584 0.009868 0.001769 0.083528 0.003934 0.024078 
472 0.014311 0.010773 0.001559 0.084452 0.00416 0.025397 
473 0.011045 0.009541 0.001522 0.083894 0.0048 0.027166 
474 0.0109 0.011498 0.001481 0.083684 0.003514 0.026244 
475 0.01109 0.010648 0.001561 0.083789 0.004696 0.028933 
476 0.0147 0.010896 0.001488 0.083254 0.003589 0.022554 
477 0.01117 0.009036 0.00149 0.085042 0.003562 0.027033 
478 0.010957 0.010082 0.001515 0.083694 0.004886 0.026979 
