1 0.008779 0.009813 0.001469 0.147998 0.006229 0.029879 
2 0.010124 0.009377 0.001693 0.144519 0.004882 0.022256 
3 0.007101 0.009254 0.001461 0.144789 0.004947 0.022083 
4 0.007098 0.010198 0.001462 0.143756 0.004875 0.02227 
5 0.008162 0.010622 0.001605 0.143564 0.004862 0.021787 
6 0.006918 0.0093 0.001497 0.144395 0.004853 0.021758 
7 0.006673 0.008871 0.00151 0.143662 0.004843 0.021603 
8 0.006814 0.0084 0.001396 0.145525 0.005368 0.024619 
9 0.006809 0.006929 0.001376 0.1484 0.006106 0.022289 
10 0.006601 0.008663 0.00147 0.145116 0.005975 0.021949 
11 0.008378 0.009586 0.001544 0.144324 0.004993 0.018026 
12 0.007092 0.01224 0.001695 0.14401 0.004861 0.018406 
13 0.00712 0.010954 0.001639 0.143075 0.005075 0.019435 
14 0.006843 0.008062 0.001388 0.14402 0.004972 0.019349 
15 0.007072 0.010949 0.001558 0.143615 0.005004 0.018787 
16 0.007109 0.011885 0.001644 0.143303 0.005151 0.018696 
17 0.007054 0.009989 0.001503 0.142881 0.00486 0.017878 
18 0.007024 0.010866 0.001524 0.143149 0.004883 0.017167 
19 0.008064 0.010076 0.001442 0.144158 0.004913 0.019614 
20 0.006715 0.007771 0.001365 0.143439 0.005115 0.018899 
21 0.006857 0.008079 0.001336 0.143179 0.005149 0.020296 
22 0.006875 0.008597 0.001436 0.143573 0.004888 0.021993 
23 0.00687 0.00779 0.001387 0.144685 0.004913 0.023433 
24 0.006882 0.009225 0.001128 0.142596 0.004832 0.018275 
25 0.006402 0.008482 0.001173 0.142789 0.004858 0.021123 
26 0.006858 0.007998 0.001217 0.143157 0.004855 0.017999 
27 0.007921 0.008538 0.001241 0.143073 0.004887 0.018962 
28 0.006898 0.009889 0.001374 0.143056 0.004893 0.016758 
29 0.007084 0.012834 0.001569 0.143624 0.004884 0.019942 
30 0.006878 0.011833 0.001329 0.143292 0.005069 0.018573 
31 0.006921 0.012376 0.001494 0.142952 0.004811 0.018761 
32 0.00684 0.011248 0.001198 0.145844 0.005092 0.023459 
33 0.00703 0.012638 0.001227 0.143839 0.005163 0.020414 
34 0.007149 0.005924 0.00124 0.143612 0.004834 0.022005 
35 0.006996 0.004962 0.001295 0.143068 0.005143 0.020659 
36 0.007174 0.006015 0.001254 0.143841 0.004926 0.021446 
37 0.006886 0.006112 0.001209 0.143951 0.004858 0.021456 
38 0.006834 0.005706 0.00117 0.143415 0.004894 0.021577 
39 0.006884 0.005542 0.001217 0.14375 0.004857 0.022201 
40 0.006867 0.006488 0.001254 0.14336 0.004957 0.023348 
41 0.006871 0.005563 0.001134 0.142849 0.004863 0.023484 
42 0.00688 0.008666 0.001362 0.143396 0.005085 0.020711 
43 0.008061 0.009314 0.001312 0.142927 0.004844 0.021432 
44 0.006876 0.008377 0.001342 0.143384 0.00483 0.022278 
45 0.006852 0.008744 0.001371 0.14351 0.004891 0.019674 
46 0.006883 0.008561 0.001328 0.144388 0.005033 0.020644 
47 0.006862 0.009508 0.001246 0.143258 0.00489 0.019788 
48 0.007119 0.009676 0.001667 0.145583 0.004872 0.02334 
49 0.009714 0.011524 0.001905 0.143503 0.004858 0.02223 
50 0.007196 0.009564 0.00164 0.146084 0.007049 0.020007 
51 0.009533 0.011233 0.001661 0.14381 0.005083 0.017484 
52 0.007154 0.011835 0.00187 0.143981 0.005008 0.017141 
53 0.007119 0.012393 0.001795 0.143621 0.005052 0.019304 
54 0.008614 0.013896 0.002146 0.142924 0.00489 0.017014 
55 0.007139 0.011378 0.001759 0.14408 0.004907 0.018631 
56 0.007122 0.01018 0.001684 0.145807 0.004868 0.020581 
57 0.006887 0.008272 0.001443 0.143401 0.004869 0.018276 
58 0.010161 0.009119 0.001538 0.143753 0.004868 0.018088 
59 0.007061 0.008479 0.001472 0.143218 0.004879 0.018012 
60 0.007283 0.008674 0.001565 0.143214 0.005002 0.01952 
61 0.010366 0.010754 0.001701 0.143956 0.004869 0.017126 
62 0.007181 0.010136 0.001682 0.143542 0.004875 0.018602 
63 0.007112 0.00931 0.001724 0.143311 0.004965 0.01751 
64 0.009779 0.010855 0.001836 0.143745 0.004857 0.0172 
65 0.00711 0.013433 0.001958 0.144645 0.004861 0.014853 
66 0.007087 0.012988 0.001856 0.143857 0.004897 0.015277 
67 0.007116 0.010546 0.0018 0.143319 0.005069 0.017899 
68 0.007116 0.009595 0.001581 0.162034 0.005918 0.016422 
69 0.006889 0.007936 0.001306 0.14327 0.005091 0.016617 
70 0.006909 0.007584 0.001378 0.143713 0.004945 0.017598 
71 0.008489 0.009584 0.001652 0.144085 0.004878 0.016113 
72 0.007196 0.010751 0.001676 0.143882 0.004869 0.016126 
73 0.007998 0.008517 0.001513 0.14366 0.004861 0.017408 
74 0.007181 0.008832 0.001652 0.144143 0.004976 0.01871 
75 0.007142 0.009985 0.001617 0.143953 0.004861 0.019838 
76 0.007146 0.009485 0.001537 0.143787 0.004853 0.01676 
77 0.007036 0.007038 0.001341 0.143563 0.004896 0.019408 
78 0.008422 0.009055 0.001594 0.143463 0.004883 0.020249 
79 0.006879 0.007626 0.001435 0.143515 0.004877 0.019325 
80 0.007026 0.006205 0.001334 0.143376 0.004854 0.017853 
81 0.007906 0.008583 0.001494 0.143303 0.004846 0.021957 
82 0.007147 0.009667 0.001597 0.143981 0.005104 0.020065 
83 0.006883 0.007954 0.0013 0.142866 0.004881 0.020826 
84 0.006922 0.006673 0.001345 0.143426 0.005037 0.019443 
85 0.008663 0.007264 0.001368 0.143313 0.004839 0.020893 
86 0.008084 0.008148 0.001446 0.142933 0.004862 0.021096 
87 0.006708 0.008389 0.001412 0.143527 0.004866 0.020844 
88 0.006482 0.006859 0.001262 0.143428 0.004914 0.020994 
89 0.007581 0.006011 0.001112 0.144141 0.004843 0.020005 
90 0.007044 0.006019 0.001084 0.144003 0.005072 0.018251 
91 0.009393 0.006945 0.001165 0.145436 0.004873 0.020618 
92 0.00663 0.006472 0.001193 0.143444 0.004944 0.022477 
93 0.007133 0.015616 0.001445 0.143709 0.004843 0.023487 
94 0.008227 0.016289 0.001523 0.142776 0.004905 0.02319 
95 0.007109 0.015926 0.001444 0.145861 0.006635 0.023845 
96 0.0069 0.017122 0.001349 0.143217 0.004857 0.023501 
97 0.008384 0.012094 0.002588 0.144306 0.005108 0.022315 
98 0.006872 0.010649 0.001109 0.143077 0.004879 0.020841 
99 0.007086 0.017424 0.001255 0.146314 0.005143 0.019111 
100 0.008288 0.020081 0.001316 0.143567 0.004929 0.020916 
101 0.007046 0.014021 0.001332 0.143375 0.004935 0.018571 
102 0.007157 0.015924 0.00164 0.142726 0.004849 0.02033 
103 0.007295 0.020103 0.001472 0.142695 0.004879 0.01878 
104 0.007091 0.013892 0.001339 0.143013 0.004852 0.019858 
105 0.007114 0.011926 0.001478 0.142688 0.004976 0.02064 
106 0.007105 0.017353 0.001266 0.143052 0.004837 0.01912 
107 0.007228 0.018702 0.001462 0.142519 0.005032 0.020924 
108 0.008365 0.015628 0.001872 0.143539 0.004877 0.020765 
109 0.007146 0.013268 0.001762 0.1437 0.005103 0.019125 
110 0.008233 0.008831 0.001419 0.143718 0.004883 0.019986 
111 0.007419 0.012077 0.001725 0.143048 0.00485 0.019659 
112 0.007126 0.01078 0.001687 0.141675 0.004851 0.019594 
113 0.008842 0.012222 0.001801 0.143072 0.004884 0.017839 
114 0.00706 0.012283 0.001874 0.142914 0.004855 0.018113 
115 0.008773 0.012443 0.001783 0.144264 0.005003 0.019025 
116 0.006807 0.011004 0.001685 0.144168 0.004984 0.019798 
117 0.007411 0.011813 0.001693 0.14367 0.00485 0.020472 
118 0.007109 0.010198 0.001494 0.143419 0.004901 0.018745 
119 0.007142 0.011319 0.001513 0.143885 0.004857 0.017395 
120 0.006807 0.007914 0.001277 0.142736 0.005366 0.01693 
121 0.007099 0.010473 0.001444 0.143172 0.004844 0.017364 
122 0.006849 0.009705 0.001399 0.143003 0.005098 0.0175 
123 0.006824 0.009174 0.001298 0.144453 0.004828 0.02002 
124 0.007093 0.013013 0.001559 0.143416 0.004821 0.017196 
125 0.007005 0.009618 0.001341 0.143332 0.005048 0.020305 
126 0.007305 0.017707 0.001771 0.143034 0.004957 0.01824 
127 0.006776 0.009532 0.001416 0.142665 0.00487 0.017096 
128 0.006925 0.007767 0.001261 0.143558 0.005043 0.0193 
129 0.007138 0.009171 0.001544 0.144012 0.004853 0.016692 
130 0.007082 0.010983 0.001743 0.143678 0.004816 0.017258 
131 0.007097 0.00951 0.001581 0.143322 0.004898 0.017729 
132 0.007117 0.010843 0.001554 0.144344 0.004854 0.018346 
133 0.008958 0.006974 0.001206 0.143569 0.004903 0.017359 
134 0.007907 0.007095 0.001229 0.144189 0.004898 0.017236 
135 0.006892 0.006108 0.001173 0.143336 0.005899 0.017418 
136 0.006921 0.00771 0.001352 0.14323 0.004853 0.018442 
137 0.007004 0.007194 0.001302 0.143778 0.004934 0.020959 
138 0.007172 0.012336 0.001774 0.143887 0.004933 0.021129 
139 0.007158 0.014333 0.001862 0.143935 0.005079 0.022502 
140 0.007174 0.012777 0.001703 0.143195 0.004976 0.022277 
141 0.007156 0.013539 0.001334 0.143957 0.004967 0.021935 
142 0.008417 0.012943 0.001531 0.146309 0.004955 0.023163 
143 0.006854 0.006817 0.001167 0.143032 0.004951 0.021693 
144 0.006855 0.007291 0.001389 0.143538 0.004856 0.021996 
145 0.006838 0.009228 0.001529 0.143709 0.004953 0.024145 
146 0.006858 0.008478 0.00147 0.143563 0.004841 0.023691 
147 0.007001 0.007089 0.001171 0.144097 0.00488 0.023836 
148 0.006897 0.008215 0.001376 0.143546 0.004864 0.020843 
149 0.007159 0.008395 0.001447 0.142108 0.004836 0.018364 
150 0.006926 0.00891 0.001526 0.142798 0.004908 0.015628 
151 0.009305 0.007983 0.001418 0.144223 0.005052 0.018314 
152 0.007307 0.008813 0.00133 0.143537 0.004852 0.018954 
153 0.006934 0.009405 0.001462 0.143438 0.004837 0.016441 
154 0.007336 0.009259 0.001516 0.143597 0.004901 0.02007 
155 0.006923 0.008163 0.001369 0.14319 0.004869 0.016692 
156 0.006921 0.005638 0.001211 0.143553 0.004847 0.01721 
157 0.007181 0.01002 0.001635 0.14262 0.00483 0.018766 
158 0.006863 0.008593 0.001467 0.14347 0.00492 0.018857 
159 0.007114 0.010377 0.001631 0.143215 0.004924 0.018683 
160 0.007094 0.00942 0.001548 0.143652 0.004872 0.020091 
161 0.007111 0.010734 0.001604 0.143211 0.004889 0.019456 
162 0.006858 0.006248 0.001283 0.142974 0.004862 0.017987 
163 0.006852 0.007972 0.001398 0.143494 0.00484 0.018181 
164 0.010752 0.010709 0.001604 0.144446 0.004832 0.018519 
165 0.006925 0.005874 0.00122 0.14383 0.004855 0.017888 
166 0.00836 0.010096 0.001316 0.143827 0.004835 0.017039 
167 0.007068 0.009788 0.001558 0.144407 0.004849 0.019946 
168 0.007115 0.009306 0.001419 0.144186 0.006373 0.019926 
169 0.008159 0.008677 0.001416 0.143676 0.004867 0.017773 
170 0.006615 0.007391 0.001262 0.143109 0.004953 0.018052 
171 0.008584 0.008554 0.001333 0.143361 0.004843 0.017146 
172 0.007152 0.010131 0.001575 0.143647 0.004932 0.019406 
173 0.006912 0.008359 0.001382 0.143831 0.004904 0.019774 
174 0.008241 0.011402 0.001461 0.143126 0.004865 0.022 
175 0.006882 0.008457 0.001394 0.143546 0.004886 0.018778 
176 0.007132 0.008965 0.001551 0.143362 0.004886 0.023038 
177 0.007153 0.009773 0.001568 0.143791 0.004841 0.022268 
178 0.006886 0.008977 0.001468 0.143129 0.005029 0.022402 
179 0.006917 0.008793 0.001483 0.143975 0.004839 0.022275 
180 0.006989 0.010138 0.001576 0.143158 0.005103 0.021525 
181 0.007127 0.010205 0.001489 0.143005 0.004976 0.020363 
182 0.006777 0.011063 0.001657 0.143395 0.004864 0.020973 
183 0.007115 0.011527 0.001694 0.143519 0.00487 0.016777 
184 0.007155 0.011084 0.001553 0.143729 0.004851 0.016741 
185 0.007149 0.011047 0.00188 0.143754 0.004812 0.014249 
186 0.007095 0.013955 0.001958 0.142924 0.00506 0.015172 
187 0.007329 0.013898 0.001948 0.143447 0.004976 0.014893 
188 0.007111 0.010673 0.001749 0.142822 0.004972 0.014562 
189 0.00713 0.009687 0.001679 0.143617 0.0049 0.014915 
190 0.007301 0.009036 0.001534 0.143152 0.005056 0.016415 
191 0.006943 0.009184 0.001516 0.143226 0.004877 0.017347 
192 0.006687 0.011331 0.00138 0.142797 0.004866 0.015284 
193 0.007104 0.009549 0.001529 0.143541 0.004877 0.019754 
194 0.007113 0.009444 0.001511 0.143648 0.004875 0.017196 
195 0.007094 0.008452 0.004401 0.141961 0.00485 0.015621 
196 0.007579 0.010586 0.001736 0.142657 0.004856 0.016873 
197 0.008458 0.01442 0.001908 0.143888 0.004872 0.017364 
198 0.008237 0.012445 0.001846 0.144018 0.004853 0.017435 
199 0.007303 0.016169 0.002106 0.143667 0.005138 0.020657 
200 0.007332 0.015222 0.002106 0.144178 0.004947 0.017697 
201 0.007149 0.01179 0.001877 0.143538 0.004835 0.020266 
202 0.007141 0.012213 0.001832 0.14385 0.004871 0.018154 
203 0.007205 0.013305 0.00191 0.143827 0.004844 0.02191 
204 0.007318 0.016901 0.002222 0.143695 0.004889 0.019079 
205 0.007304 0.013579 0.002133 0.144023 0.004838 0.021323 
206 0.008279 0.01559 0.002128 0.144156 0.004863 0.018834 
207 0.007693 0.014142 0.0021 0.142829 0.004915 0.019711 
208 0.007286 0.015953 0.002384 0.143831 0.004874 0.019107 
209 0.00736 0.017938 0.002588 0.143938 0.004851 0.019066 
210 0.009064 0.014269 0.002351 0.143952 0.004861 0.024912 
211 0.007192 0.016212 0.002415 0.143969 0.004863 0.021323 
212 0.007301 0.018596 0.002574 0.144378 0.004918 0.019757 
213 0.007121 0.013787 0.001953 0.143731 0.004861 0.017617 
214 0.008417 0.009187 0.001486 0.143949 0.005146 0.019744 
215 0.006899 0.008583 0.001442 0.144664 0.004834 0.022944 
216 0.007094 0.011995 0.001779 0.143803 0.004853 0.018986 
217 0.007211 0.012049 0.001901 0.14418 0.004852 0.021883 
218 0.007333 0.014046 0.002205 0.143977 0.004899 0.018444 
219 0.007352 0.01595 0.00217 0.144577 0.004904 0.015562 
220 0.007212 0.013591 0.001772 0.146667 0.005966 0.024614 
221 0.0073 0.008966 0.00153 0.143485 0.004817 0.019745 
222 0.007357 0.010328 0.001547 0.143561 0.004841 0.017445 
223 0.007092 0.010804 0.001669 0.142752 0.00499 0.019698 
224 0.007093 0.012549 0.001876 0.144049 0.004838 0.019688 
225 0.007096 0.009918 0.001688 0.143985 0.004842 0.0165 
226 0.00711 0.013644 0.002071 0.143676 0.004836 0.017021 
227 0.007116 0.012931 0.001941 0.143822 0.004849 0.019223 
228 0.007321 0.016822 0.00232 0.143626 0.00519 0.018457 
229 0.007487 0.017168 0.002317 0.143488 0.005069 0.015339 
230 0.007131 0.015347 0.002053 0.14407 0.004838 0.016306 
231 0.007152 0.011571 0.001727 0.143045 0.004945 0.015636 
232 0.007171 0.014197 0.001677 0.143748 0.005131 0.014873 
233 0.007112 0.016912 0.001661 0.143512 0.004923 0.016136 
234 0.006852 0.008364 0.001214 0.144031 0.004824 0.017564 
235 0.006871 0.007845 0.001406 0.142995 0.005068 0.019567 
236 0.007139 0.009599 0.001616 0.143505 0.004879 0.018176 
237 0.007135 0.010629 0.001508 0.143052 0.005189 0.020522 
238 0.011914 0.012325 0.001724 0.143243 0.004925 0.02095 
239 0.010528 0.00896 0.001396 0.143331 0.00507 0.020468 
240 0.006903 0.007939 0.001349 0.143045 0.00509 0.018095 
241 0.006856 0.00706 0.001363 0.144081 0.004843 0.018112 
242 0.006852 0.00832 0.001493 0.143699 0.00485 0.019489 
243 0.007096 0.009848 0.001595 0.142851 0.005044 0.019135 
244 0.007101 0.010377 0.001685 0.143992 0.005055 0.018873 
245 0.007237 0.011153 0.001628 0.143393 0.004842 0.017089 
246 0.007145 0.011086 0.001651 0.143784 0.00483 0.017737 
247 0.009631 0.01298 0.001717 0.144303 0.004891 0.016404 
248 0.007127 0.011953 0.001696 0.143386 0.004853 0.020245 
249 0.007139 0.011863 0.001742 0.143928 0.004953 0.021393 
250 0.007153 0.010639 0.001595 0.144643 0.004877 0.019079 
251 0.007116 0.009741 0.001416 0.143838 0.004982 0.020521 
252 0.006919 0.009325 0.001393 0.144087 0.004841 0.018485 
253 0.006709 0.009668 0.001444 0.143795 0.005017 0.017595 
254 0.007155 0.010928 0.001635 0.143368 0.004946 0.020792 
255 0.007018 0.009433 0.001494 0.144152 0.00488 0.018797 
256 0.007173 0.009649 0.001635 0.144411 0.005194 0.018301 
257 0.007809 0.012508 0.001896 0.145673 0.004861 0.01957 
258 0.011351 0.01037 0.001509 0.143724 0.004839 0.019856 
259 0.006901 0.008031 0.001397 0.143418 0.005193 0.017643 
260 0.009647 0.009956 0.001825 0.144629 0.00487 0.020355 
261 0.007169 0.009859 0.001632 0.143366 0.004887 0.018994 
262 0.007122 0.010603 0.001681 0.144248 0.004922 0.019236 
263 0.006862 0.008525 0.00144 0.143433 0.004922 0.018322 
264 0.008261 0.011431 0.00165 0.143213 0.00489 0.020675 
265 0.00688 0.007437 0.00134 0.144062 0.00488 0.01769 
266 0.00713 0.01048 0.001638 0.143746 0.004932 0.017288 
267 0.006823 0.007682 0.001385 0.14278 0.004851 0.017836 
268 0.006919 0.008407 0.001372 0.142777 0.005098 0.020159 
269 0.006778 0.008134 0.001429 0.143694 0.004847 0.019657 
270 0.006872 0.007665 0.001365 0.143403 0.004864 0.019087 
271 0.007121 0.010062 0.001713 0.143513 0.004849 0.019993 
272 0.007176 0.007913 0.001365 0.143307 0.004931 0.02209 
273 0.006992 0.007624 0.001337 0.143745 0.004834 0.020575 
274 0.00685 0.008272 0.001324 0.143651 0.004881 0.022604 
275 0.007107 0.010653 0.001594 0.143586 0.004902 0.025024 
276 0.006999 0.009898 0.001494 0.14285 0.004854 0.023875 
277 0.009604 0.00802 0.001369 0.143889 0.004879 0.022061 
278 0.006889 0.008575 0.001411 0.144149 0.004849 0.023529 
279 0.007146 0.010576 0.001524 0.143755 0.004842 0.021699 
280 0.006966 0.007975 0.001418 0.143359 0.004876 0.022823 
281 0.006877 0.008298 0.001406 0.143115 0.004867 0.020718 
282 0.006862 0.007795 0.001381 0.143182 0.004859 0.020904 
283 0.008117 0.007557 0.001399 0.143548 0.004877 0.019375 
284 0.006969 0.009551 0.001365 0.143327 0.00511 0.020677 
285 0.006901 0.005877 0.001068 0.143487 0.004847 0.019018 
286 0.006933 0.007161 0.00128 0.143876 0.004831 0.019898 
287 0.006923 0.005969 0.001251 0.143857 0.004853 0.020074 
288 0.006891 0.008763 0.001307 0.144029 0.004928 0.019766 
289 0.006926 0.007055 0.001201 0.143715 0.005149 0.019518 
290 0.006883 0.006785 0.001212 0.143774 0.004822 0.021726 
291 0.00692 0.006725 0.001256 0.142701 0.004837 0.020923 
292 0.006865 0.007133 0.001223 0.143835 0.004841 0.022064 
293 0.00688 0.008414 0.001407 0.143531 0.004876 0.021923 
294 0.007081 0.009115 0.001529 0.143674 0.004881 0.021133 
295 0.007121 0.011662 0.001753 0.143131 0.004858 0.020686 
296 0.008174 0.010719 0.00181 0.143726 0.0049 0.020799 
297 0.00716 0.011079 0.001693 0.143183 0.005047 0.021122 
298 0.007339 0.013572 0.002002 0.143981 0.00484 0.022061 
299 0.007121 0.01379 0.002038 0.143433 0.005569 0.022647 
300 0.00717 0.010909 0.00179 0.144113 0.004878 0.020613 
301 0.007167 0.012912 0.00196 0.142572 0.004863 0.021017 
302 0.007154 0.010675 0.001714 0.143949 0.005072 0.020407 
303 0.007156 0.013339 0.001917 0.143316 0.004891 0.018044 
304 0.007135 0.012575 0.001668 0.143701 0.004888 0.019764 
305 0.007147 0.010109 0.001572 0.143691 0.005064 0.021229 
306 0.007277 0.01131 0.001755 0.144291 0.004937 0.021973 
307 0.007084 0.010832 0.001694 0.144192 0.004845 0.021617 
308 0.007135 0.011778 0.00161 0.143531 0.004934 0.022305 
309 0.007818 0.008805 0.001338 0.142409 0.004837 0.0217 
310 0.006989 0.008419 0.001378 0.143657 0.004861 0.018831 
311 0.007171 0.009849 0.001566 0.143389 0.004848 0.021292 
312 0.007299 0.012323 0.001637 0.143358 0.005108 0.021203 
313 0.007268 0.013591 0.001807 0.145698 0.00483 0.025415 
314 0.007149 0.013015 0.001697 0.143694 0.004853 0.019079 
315 0.007132 0.010677 0.001499 0.143586 0.004914 0.018022 
316 0.007103 0.013033 0.001795 0.144049 0.004882 0.016972 
317 0.007152 0.012882 0.001896 0.143572 0.004859 0.020193 
318 0.00813 0.012733 0.001587 0.142653 0.004822 0.024184 
319 0.007072 0.012572 0.001949 0.143442 0.004854 0.024016 
320 0.007103 0.010848 0.001692 0.142967 0.004864 0.017244 
321 0.007268 0.01241 0.001788 0.143798 0.004845 0.015393 
322 0.00709 0.012581 0.001791 0.143765 0.005079 0.01502 
323 0.007283 0.012019 0.001775 0.144547 0.005059 0.01534 
324 0.007144 0.012708 0.001846 0.143216 0.004884 0.01753 
325 0.009319 0.014732 0.001933 0.143821 0.004851 0.017289 
326 0.007108 0.013626 0.001956 0.14388 0.004838 0.018821 
327 0.009435 0.012108 0.001872 0.144597 0.006169 0.022513 
328 0.007167 0.010785 0.0017 0.144118 0.0049 0.019689 
329 0.007099 0.011568 0.001822 0.144784 0.005535 0.019922 
330 0.007224 0.010988 0.00176 0.14397 0.004865 0.016858 
331 0.007359 0.011557 0.001696 0.143849 0.004915 0.017251 
332 0.007127 0.010004 0.001607 0.144004 0.004834 0.017738 
333 0.007136 0.00971 0.001501 0.143711 0.004945 0.01821 
334 0.007328 0.010291 0.001479 0.143558 0.004843 0.015791 
335 0.006955 0.010118 0.001621 0.143372 0.00489 0.01795 
336 0.008158 0.01027 0.001621 0.14408 0.004836 0.016148 
337 0.008328 0.010267 0.001628 0.144186 0.004853 0.015603 
338 0.006935 0.008638 0.001499 0.143557 0.005125 0.015506 
339 0.007141 0.009221 0.00153 0.143226 0.00486 0.016412 
340 0.007441 0.008917 0.003033 0.144181 0.004871 0.015813 
341 0.006475 0.008549 0.001572 0.143578 0.004863 0.016665 
342 0.007154 0.00951 0.001518 0.143354 0.00485 0.020322 
343 0.006865 0.007356 0.001533 0.144055 0.004903 0.020382 
344 0.007137 0.008956 0.001547 0.144662 0.004837 0.020236 
345 0.006924 0.008026 0.001448 0.144126 0.004892 0.017754 
346 0.007135 0.009427 0.001563 0.143797 0.005154 0.017454 
347 0.006867 0.008745 0.001281 0.144283 0.004842 0.018573 
348 0.007107 0.010332 0.001481 0.143219 0.005073 0.01949 
349 0.006993 0.009742 0.001439 0.143236 0.004869 0.017458 
350 0.007132 0.010822 0.001731 0.142682 0.005025 0.01866 
351 0.007133 0.012048 0.00175 0.143857 0.004855 0.02011 
352 0.007115 0.010402 0.001652 0.143754 0.004853 0.020443 
353 0.006881 0.008684 0.001521 0.143595 0.004861 0.019138 
354 0.007165 0.012508 0.001624 0.143873 0.004854 0.017084 
355 0.007108 0.012772 0.001539 0.143846 0.004854 0.019034 
356 0.007195 0.008949 0.001504 0.143426 0.004854 0.018649 
357 0.006887 0.008307 0.001316 0.143031 0.00489 0.016021 
358 0.009274 0.010896 0.00113 0.143061 0.004867 0.01879 
359 0.007167 0.013172 0.001525 0.14315 0.004878 0.018532 
360 0.007181 0.010043 0.001552 0.143302 0.004847 0.019018 
361 0.00755 0.008167 0.001341 0.143787 0.004837 0.01928 
362 0.007094 0.010874 0.001365 0.143247 0.00486 0.020732 
363 0.007162 0.008547 0.001337 0.143648 0.004896 0.019942 
364 0.006831 0.00892 0.001415 0.144125 0.004864 0.02249 
365 0.007023 0.007824 0.001231 0.14307 0.00486 0.021526 
366 0.006886 0.006346 0.001264 0.143516 0.004847 0.022573 
367 0.006931 0.006797 0.001239 0.143368 0.004883 0.021209 
368 0.006902 0.005788 0.001161 0.14316 0.004834 0.021178 
369 0.006707 0.00521 0.001117 0.143222 0.005015 0.020424 
370 0.006832 0.005666 0.001163 0.142973 0.005007 0.020568 
371 0.006845 0.007998 0.001638 0.143952 0.004964 0.02021 
372 0.006882 0.005853 0.001489 0.143808 0.004862 0.018436 
373 0.009338 0.006985 0.001353 0.143582 0.004895 0.016805 
374 0.007144 0.01025 0.001696 0.142533 0.004862 0.016848 
375 0.007343 0.009076 0.001529 0.143319 0.004827 0.019493 
