1 0.017572 0.011065 0.000298 0.035271 0.001129 0.025554 
2 0.011599 0.009245 0.000288 0.035613 0.001134 0.026181 
3 0.006646 0.008138 0.000298 0.035623 0.001138 0.025574 
4 0.006346 0.007745 0.000285 0.035321 0.001136 0.025775 
5 0.009669 0.007768 0.00028 0.035069 0.001162 0.026937 
6 0.006298 0.008356 0.000342 0.035596 0.001243 0.027843 
7 0.013977 0.007719 0.000263 0.03579 0.001127 0.026259 
8 0.006234 0.008119 0.000281 0.035994 0.001191 0.025655 
9 0.006167 0.007321 0.000266 0.035806 0.001142 0.027349 
10 0.010272 0.008502 0.000686 0.035583 0.00115 0.024553 
11 0.006052 0.007037 0.000253 0.035527 0.00116 0.027533 
12 0.006091 0.007035 0.000269 0.035503 0.001136 0.026247 
13 0.006084 0.007521 0.000286 0.035377 0.001176 0.028208 
14 0.006039 0.006975 0.000266 0.035497 0.001175 0.027373 
15 0.00597 0.006591 0.000233 0.035374 0.001152 0.026929 
16 0.005636 0.005941 0.000228 0.035125 0.001133 0.025076 
17 0.00574 0.006717 0.000237 0.035021 0.001147 0.024611 
18 0.005944 0.006502 0.000244 0.035286 0.001135 0.022288 
19 0.006045 0.006724 0.000252 0.035385 0.001131 0.024067 
20 0.006251 0.008062 0.000271 0.034816 0.001182 0.022744 
21 0.006208 0.007206 0.000259 0.035308 0.001138 0.023018 
22 0.005867 0.007156 0.000292 0.035771 0.001144 0.022857 
23 0.006044 0.006728 0.000253 0.035007 0.001179 0.024682 
24 0.006204 0.007772 0.000258 0.034905 0.001158 0.022323 
25 0.009554 0.007727 0.000668 0.035747 0.001158 0.023472 
26 0.00602 0.006953 0.000257 0.035738 0.001136 0.025287 
27 0.010318 0.006972 0.000247 0.035394 0.00116 0.023687 
28 0.005652 0.006658 0.000234 0.035144 0.001174 0.025511 
29 0.005612 0.006512 0.000231 0.035285 0.001139 0.023759 
30 0.005459 0.005818 0.000228 0.035323 0.001134 0.023485 
31 0.005422 0.005329 0.000212 0.035473 0.001158 0.02327 
32 0.005155 0.005253 0.000212 0.035339 0.001139 0.024607 
33 0.005259 0.006054 0.000253 0.035393 0.001192 0.026368 
34 0.005244 0.006061 0.000221 0.035536 0.001183 0.0268 
35 0.005157 0.005147 0.00021 0.0354 0.001169 0.026828 
36 0.005212 0.00505 0.000209 0.03523 0.001132 0.025719 
37 0.005421 0.005802 0.000226 0.03527 0.001138 0.02696 
38 0.005401 0.005786 0.000214 0.035227 0.001139 0.024541 
39 0.00531 0.005346 0.000218 0.03547 0.001125 0.026177 
40 0.00525 0.006807 0.000209 0.035047 0.001159 0.026977 
41 0.005516 0.005829 0.000213 0.035382 0.001134 0.026567 
42 0.005229 0.00585 0.000214 0.035462 0.001137 0.026278 
43 0.005464 0.005972 0.000214 0.035622 0.001136 0.023613 
44 0.005633 0.006818 0.000232 0.035115 0.001132 0.02513 
45 0.005247 0.007249 0.00024 0.035634 0.00113 0.025032 
46 0.005448 0.006623 0.000235 0.03543 0.001172 0.026354 
47 0.005364 0.00654 0.000223 0.035485 0.001139 0.026949 
48 0.005416 0.005611 0.000234 0.035497 0.001179 0.026925 
49 0.005474 0.006147 0.000247 0.035279 0.001163 0.025001 
50 0.005422 0.006164 0.000234 0.035795 0.001138 0.023924 
51 0.005373 0.006337 0.000253 0.035586 0.001173 0.025722 
52 0.005819 0.006474 0.000254 0.035602 0.001141 0.02634 
53 0.005514 0.0064 0.000252 0.035615 0.001153 0.02663 
54 0.00556 0.006654 0.000239 0.035275 0.001169 0.0278 
55 0.008336 0.006521 0.000244 0.035194 0.001135 0.025392 
56 0.00561 0.006509 0.000228 0.03533 0.001143 0.024165 
57 0.005385 0.006357 0.000231 0.035821 0.001142 0.024583 
58 0.005589 0.006253 0.00023 0.035547 0.001153 0.02568 
59 0.005483 0.006591 0.000234 0.035303 0.001136 0.025264 
60 0.005464 0.006354 0.000271 0.035045 0.00113 0.02394 
61 0.005716 0.006653 0.000254 0.035624 0.001148 0.025089 
62 0.00563 0.006327 0.000236 0.035067 0.001332 0.026185 
63 0.011761 0.007041 0.000232 0.035812 0.001128 0.026652 
64 0.006016 0.006878 0.000291 0.035171 0.001155 0.024966 
65 0.005897 0.007019 0.000248 0.035118 0.001159 0.02353 
66 0.005529 0.006822 0.000253 0.03568 0.001132 0.025485 
67 0.00559 0.006394 0.000234 0.03611 0.001202 0.025766 
68 0.005246 0.00549 0.000218 0.035793 0.001157 0.02373 
69 0.008041 0.006489 0.000219 0.035509 0.001137 0.02234 
70 0.005198 0.006819 0.000224 0.03512 0.001157 0.024616 
71 0.010187 0.007161 0.000244 0.035394 0.001184 0.023047 
72 0.005345 0.006115 0.000228 0.035755 0.00114 0.025049 
73 0.005254 0.006057 0.000231 0.035926 0.001134 0.024614 
74 0.008146 0.005887 0.000239 0.035055 0.001155 0.025925 
75 0.00528 0.006181 0.000228 0.035375 0.001136 0.02687 
76 0.005506 0.006312 0.000243 0.035455 0.001174 0.025402 
77 0.005047 0.005216 0.000208 0.035411 0.001137 0.02566 
78 0.00529 0.006293 0.000241 0.03521 0.001135 0.026744 
79 0.005133 0.005889 0.000217 0.035226 0.001133 0.025153 
80 0.005188 0.006112 0.000218 0.035446 0.001134 0.026739 
81 0.005409 0.005839 0.000221 0.035509 0.001155 0.027271 
82 0.005241 0.005323 0.00021 0.035354 0.001158 0.025235 
83 0.004952 0.004872 0.000216 0.035126 0.00114 0.026695 
84 0.004974 0.004814 0.000206 0.035425 0.001152 0.024189 
85 0.005128 0.005194 0.000205 0.035319 0.001135 0.026233 
86 0.005126 0.005112 0.000213 0.035255 0.001133 0.025693 
87 0.005383 0.005689 0.000219 0.035482 0.001131 0.024003 
88 0.00523 0.005652 0.000228 0.035481 0.001156 0.024845 
89 0.005095 0.005549 0.000204 0.035159 0.001135 0.023983 
90 0.005165 0.005498 0.000209 0.035357 0.00116 0.02581 
91 0.005164 0.005328 0.000208 0.035152 0.00114 0.024686 
92 0.007735 0.00611 0.000222 0.03523 0.001154 0.02787 
93 0.005397 0.00609 0.000227 0.035475 0.001129 0.028251 
94 0.005464 0.006537 0.000246 0.035492 0.001162 0.026171 
95 0.00551 0.006855 0.000236 0.035192 0.001149 0.026272 
96 0.005917 0.006928 0.000226 0.034868 0.001158 0.025425 
97 0.005931 0.007268 0.000249 0.035218 0.001159 0.026192 
98 0.00605 0.0076 0.00026 0.0352 0.001132 0.02413 
99 0.005864 0.007267 0.000257 0.035007 0.001156 0.023781 
100 0.00946 0.008183 0.000257 0.035311 0.001133 0.024051 
101 0.006199 0.007161 0.00025 0.035551 0.001137 0.025384 
102 0.005975 0.007595 0.000236 0.034983 0.001169 0.023629 
103 0.006009 0.007538 0.000252 0.035223 0.001154 0.024418 
104 0.005926 0.006719 0.000254 0.034985 0.001159 0.023028 
105 0.005888 0.006653 0.000246 0.035109 0.001151 0.023143 
106 0.006383 0.008318 0.000273 0.035389 0.00115 0.023975 
107 0.006043 0.008092 0.000259 0.035438 0.001178 0.026072 
108 0.009614 0.007645 0.000264 0.035204 0.001163 0.023205 
109 0.005643 0.006815 0.000241 0.035236 0.001135 0.024247 
110 0.005637 0.006222 0.000245 0.035193 0.001131 0.02273 
111 0.005914 0.007187 0.000265 0.03531 0.001168 0.022801 
112 0.005848 0.00693 0.000244 0.035261 0.001152 0.023296 
113 0.00611 0.007277 0.000252 0.035138 0.001154 0.021908 
114 0.006228 0.007752 0.000276 0.035357 0.001131 0.023552 
115 0.006143 0.008269 0.00026 0.03536 0.001135 0.024769 
116 0.009408 0.007735 0.000278 0.035155 0.001128 0.026203 
117 0.006296 0.007747 0.000269 0.035089 0.001154 0.027014 
118 0.006449 0.008127 0.000264 0.035412 0.00116 0.024222 
119 0.006704 0.008382 0.00028 0.035307 0.001154 0.024104 
120 0.010169 0.009402 0.000333 0.035213 0.001211 0.024884 
121 0.006536 0.008269 0.000288 0.035548 0.001169 0.026026 
122 0.006694 0.007829 0.000274 0.03515 0.001134 0.025888 
123 0.006455 0.00772 0.000279 0.035254 0.001178 0.025196 
124 0.009575 0.008147 0.000268 0.035396 0.001155 0.024787 
125 0.005881 0.006752 0.000287 0.035687 0.001156 0.024278 
126 0.006313 0.007765 0.000273 0.035328 0.001216 0.026141 
127 0.006324 0.007831 0.000261 0.035085 0.001142 0.02766 
128 0.005863 0.006863 0.000231 0.035175 0.001135 0.024912 
129 0.006207 0.008012 0.00028 0.035199 0.00113 0.024212 
130 0.006464 0.007419 0.000279 0.035289 0.001133 0.02654 
131 0.006249 0.007511 0.00027 0.035333 0.001153 0.026825 
132 0.006049 0.006918 0.000252 0.035048 0.001136 0.024058 
133 0.005533 0.006044 0.000213 0.035327 0.001157 0.02467 
134 0.005533 0.006769 0.000231 0.035094 0.001165 0.025388 
135 0.005899 0.006726 0.000239 0.035086 0.00116 0.02187 
136 0.00564 0.006128 0.000229 0.035528 0.001159 0.023162 
137 0.005784 0.005846 0.000251 0.034944 0.001147 0.025467 
138 0.005749 0.006159 0.00024 0.035289 0.001184 0.024441 
139 0.006265 0.006794 0.000263 0.035407 0.001182 0.024553 
140 0.009143 0.006858 0.000257 0.035419 0.001129 0.027179 
141 0.006183 0.008016 0.000241 0.03546 0.001127 0.024029 
142 0.005961 0.00831 0.00023 0.035369 0.00115 0.023155 
143 0.009228 0.007411 0.000279 0.035785 0.001155 0.026242 
144 0.006264 0.006762 0.000259 0.035518 0.001311 0.026956 
145 0.006124 0.00639 0.000243 0.035169 0.001133 0.026061 
146 0.005484 0.006039 0.000224 0.035373 0.00114 0.025402 
147 0.005826 0.006534 0.000256 0.035596 0.001132 0.026957 
148 0.005991 0.006614 0.000251 0.035649 0.001134 0.0259 
149 0.005873 0.006862 0.000236 0.035535 0.001182 0.025674 
150 0.011234 0.007109 0.000263 0.03513 0.001151 0.02455 
151 0.005826 0.006826 0.000256 0.034994 0.001153 0.026261 
152 0.00611 0.007152 0.000279 0.035283 0.001158 0.024408 
153 0.006345 0.007279 0.000266 0.035313 0.001146 0.025889 
154 0.006287 0.007396 0.000278 0.035344 0.001129 0.023985 
155 0.005604 0.006709 0.000241 0.035396 0.001149 0.024471 
156 0.0079 0.006074 0.000227 0.03549 0.00113 0.02192 
157 0.005726 0.006536 0.000259 0.035502 0.001151 0.023311 
158 0.00598 0.00719 0.000263 0.03539 0.001159 0.025162 
159 0.009118 0.007082 0.000256 0.035372 0.001181 0.023847 
160 0.005635 0.007015 0.000245 0.035303 0.001158 0.027881 
161 0.007976 0.007334 0.000253 0.035384 0.001126 0.025146 
162 0.00574 0.007006 0.000256 0.035893 0.001138 0.02566 
163 0.00603 0.007809 0.000263 0.035646 0.001162 0.023173 
164 0.005953 0.007122 0.000256 0.035574 0.001184 0.024118 
165 0.005926 0.00723 0.000261 0.03531 0.001129 0.024785 
166 0.00611 0.007773 0.000273 0.035398 0.001156 0.024954 
167 0.009359 0.007271 0.000264 0.035402 0.001131 0.02337 
168 0.00597 0.007559 0.000258 0.035523 0.001133 0.025011 
169 0.005758 0.007131 0.000315 0.03529 0.001189 0.025978 
170 0.005655 0.006877 0.000251 0.03549 0.001167 0.024197 
171 0.009902 0.006787 0.000255 0.035539 0.001133 0.024904 
172 0.008363 0.007004 0.000259 0.035522 0.001175 0.026195 
173 0.005408 0.006314 0.000239 0.035513 0.001174 0.024851 
174 0.005179 0.005608 0.000218 0.03538 0.001144 0.023213 
175 0.005416 0.006483 0.000216 0.035539 0.001155 0.025059 
176 0.005371 0.005859 0.000234 0.035374 0.001134 0.027141 
177 0.00556 0.006164 0.000237 0.03548 0.001126 0.025177 
178 0.010666 0.006464 0.000239 0.035574 0.001157 0.024531 
179 0.005791 0.006816 0.000256 0.035458 0.001146 0.026684 
180 0.005631 0.006678 0.000247 0.035098 0.001159 0.027129 
181 0.005607 0.007027 0.000235 0.035385 0.001134 0.026229 
182 0.005523 0.006572 0.000242 0.03529 0.001136 0.024822 
183 0.008586 0.006762 0.000244 0.035592 0.001161 0.025905 
184 0.005741 0.007031 0.000253 0.035771 0.00119 0.024634 
185 0.005782 0.005941 0.00026 0.035429 0.001138 0.025176 
186 0.00566 0.006649 0.000257 0.035455 0.001132 0.023565 
187 0.006084 0.007787 0.000273 0.035463 0.001202 0.022139 
188 0.006103 0.007523 0.000265 0.035425 0.001186 0.024297 
189 0.005695 0.006638 0.000244 0.035339 0.001138 0.025797 
190 0.005809 0.006876 0.000254 0.035621 0.001169 0.022303 
191 0.008501 0.007307 0.000257 0.035676 0.001187 0.024442 
192 0.005412 0.006725 0.00023 0.035403 0.001156 0.02484 
193 0.005475 0.006568 0.000234 0.035749 0.001132 0.022473 
194 0.005634 0.006673 0.000244 0.035494 0.001127 0.025608 
195 0.005718 0.007043 0.000259 0.035924 0.001158 0.02726 
196 0.005689 0.007548 0.000267 0.035298 0.001153 0.024742 
197 0.005846 0.007043 0.000256 0.03541 0.001139 0.025686 
198 0.006007 0.007178 0.000276 0.036039 0.00118 0.024324 
199 0.00892 0.006738 0.000255 0.035311 0.001157 0.02274 
200 0.005856 0.007124 0.000258 0.035352 0.001138 0.026209 
201 0.009861 0.00671 0.00024 0.035278 0.001153 0.025659 
202 0.005919 0.006687 0.000254 0.035229 0.001173 0.025367 
203 0.00606 0.006927 0.000266 0.035343 0.001136 0.025388 
204 0.008739 0.006793 0.000252 0.035229 0.001174 0.027411 
205 0.005742 0.006813 0.000248 0.03544 0.00119 0.02727 
206 0.005788 0.006892 0.000248 0.03541 0.001129 0.024856 
207 0.005812 0.006503 0.000237 0.03551 0.001129 0.027026 
208 0.006051 0.00708 0.000261 0.035594 0.001157 0.027066 
209 0.005949 0.006618 0.000255 0.03523 0.001128 0.024547 
210 0.005947 0.006038 0.000262 0.035426 0.001161 0.022704 
211 0.009284 0.006154 0.00026 0.035217 0.001151 0.024114 
212 0.006107 0.007048 0.000262 0.035227 0.00114 0.022696 
213 0.005707 0.006538 0.000248 0.035737 0.001133 0.02596 
214 0.005597 0.006288 0.000251 0.0354 0.001134 0.026003 
215 0.0087 0.007475 0.00026 0.035416 0.001136 0.024975 
216 0.0057 0.007098 0.00025 0.035357 0.001148 0.026117 
217 0.005811 0.007232 0.00026 0.03511 0.001135 0.025404 
218 0.006132 0.007455 0.000287 0.035752 0.001139 0.025546 
219 0.00616 0.007556 0.000281 0.035579 0.001204 0.026902 
220 0.005891 0.007395 0.000257 0.035738 0.001141 0.028158 
221 0.005645 0.006601 0.000256 0.035572 0.001139 0.025675 
222 0.005811 0.006909 0.000254 0.035355 0.001156 0.024277 
223 0.009159 0.007251 0.000245 0.035386 0.001158 0.022688 
224 0.00613 0.007107 0.000265 0.035341 0.001122 0.025494 
225 0.005815 0.007159 0.000256 0.035267 0.001135 0.026363 
226 0.005727 0.0069 0.000275 0.03537 0.001155 0.025886 
227 0.00582 0.006731 0.00027 0.035461 0.001157 0.024496 
228 0.005879 0.006981 0.000255 0.035386 0.001136 0.025866 
229 0.006127 0.007125 0.00028 0.035512 0.001196 0.025899 
230 0.005588 0.007129 0.000264 0.035667 0.001144 0.026328 
231 0.008522 0.006919 0.00024 0.035201 0.001154 0.024332 
232 0.005562 0.006433 0.000258 0.035543 0.001141 0.025455 
233 0.005556 0.006561 0.000234 0.035382 0.001136 0.02496 
234 0.005117 0.005437 0.00021 0.035358 0.001136 0.023827 
235 0.005198 0.005503 0.000217 0.035773 0.001412 0.025326 
236 0.005554 0.006091 0.000232 0.035512 0.001133 0.02381 
237 0.00528 0.006106 0.000234 0.035544 0.001173 0.026421 
238 0.005054 0.005779 0.000218 0.035389 0.001157 0.025661 
239 0.008465 0.007301 0.00025 0.035373 0.001129 0.02429 
240 0.005355 0.005999 0.000237 0.035464 0.001138 0.026046 
241 0.005507 0.006581 0.000264 0.035806 0.001143 0.023667 
242 0.005716 0.007183 0.00026 0.03562 0.001134 0.025069 
243 0.005502 0.007052 0.000252 0.035864 0.001139 0.023644 
244 0.005736 0.00665 0.000254 0.035255 0.001164 0.025896 
245 0.005726 0.006851 0.000254 0.035681 0.00116 0.024173 
246 0.005875 0.007255 0.000257 0.035358 0.001138 0.022279 
247 0.00898 0.007117 0.000264 0.035394 0.001154 0.022451 
248 0.008781 0.007612 0.000249 0.035916 0.001136 0.023441 
249 0.005701 0.006948 0.000257 0.035256 0.001157 0.024537 
250 0.006038 0.007567 0.000267 0.035605 0.00116 0.02229 
251 0.005841 0.006719 0.000254 0.035649 0.001142 0.0271 
252 0.005649 0.006719 0.000248 0.035416 0.001135 0.024174 
253 0.00746 0.006607 0.000252 0.035492 0.001165 0.026476 
254 0.007027 0.006936 0.000252 0.035274 0.00114 0.02349 
255 0.005654 0.006809 0.000251 0.035426 0.001129 0.022753 
256 0.006039 0.00692 0.000262 0.035294 0.001145 0.021426 
257 0.00899 0.007048 0.000259 0.035224 0.001126 0.025454 
258 0.005991 0.007058 0.000243 0.035467 0.001138 0.024079 
259 0.005773 0.006988 0.00025 0.035192 0.001131 0.024886 
260 0.005706 0.006399 0.000242 0.035347 0.001142 0.02682 
261 0.00897 0.006947 0.000265 0.035094 0.001139 0.027634 
262 0.005921 0.006674 0.000257 0.035249 0.001128 0.026722 
263 0.006033 0.006687 0.000262 0.035739 0.001604 0.03664 
264 0.005658 0.00622 0.000241 0.035223 0.001136 0.027778 
265 0.005562 0.006037 0.000233 0.035449 0.001143 0.027637 
266 0.005868 0.007196 0.000265 0.035109 0.001151 0.025129 
267 0.005942 0.006581 0.000245 0.034936 0.001135 0.02576 
268 0.005723 0.006124 0.000232 0.035297 0.001129 0.029033 
269 0.005525 0.005939 0.000229 0.035363 0.001152 0.027608 
270 0.006113 0.006779 0.000282 0.035417 0.00115 0.027914 
271 0.006159 0.006713 0.000266 0.034928 0.001154 0.028347 
272 0.005873 0.006333 0.000234 0.035087 0.001172 0.028865 
273 0.00554 0.005843 0.000233 0.034996 0.001128 0.028076 
274 0.005901 0.006514 0.000235 0.035174 0.001161 0.029839 
275 0.005888 0.00667 0.000258 0.03521 0.00114 0.029439 
276 0.006069 0.0064 0.000252 0.035319 0.001134 0.027373 
277 0.005844 0.006661 0.000256 0.035491 0.001137 0.027768 
278 0.006075 0.006977 0.000241 0.035017 0.001156 0.027737 
279 0.006213 0.007023 0.00031 0.034807 0.00113 0.024277 
280 0.006073 0.00623 0.000255 0.035375 0.001133 0.026114 
281 0.00614 0.006266 0.000242 0.035099 0.001161 0.027501 
282 0.005927 0.006558 0.000268 0.03497 0.001143 0.025396 
283 0.005858 0.006456 0.000254 0.035082 0.001137 0.023911 
284 0.006176 0.007187 0.000256 0.035319 0.001134 0.026285 
285 0.005882 0.006901 0.00026 0.035792 0.001145 0.026128 
286 0.005577 0.006258 0.00023 0.035386 0.001135 0.036163 
287 0.005678 0.00673 0.000239 0.035371 0.001126 0.026686 
288 0.008609 0.006573 0.000284 0.035059 0.001141 0.026595 
289 0.005709 0.006121 0.000262 0.035224 0.001138 0.02719 
290 0.0058 0.00672 0.000253 0.035628 0.001142 0.028047 
291 0.005801 0.006639 0.000256 0.035444 0.001152 0.030006 
292 0.005714 0.006653 0.000254 0.035666 0.001136 0.025878 
293 0.005834 0.006848 0.000253 0.035457 0.001149 0.026464 
294 0.00596 0.006741 0.000264 0.035373 0.001131 0.02387 
295 0.00587 0.006975 0.000262 0.03505 0.001135 0.02617 
296 0.006173 0.007266 0.000272 0.035034 0.001146 0.027902 
297 0.006068 0.007274 0.000267 0.035567 0.001138 0.025743 
298 0.006149 0.007576 0.000332 0.035223 0.001141 0.028003 
299 0.006613 0.007808 0.000271 0.035053 0.001142 0.027297 
300 0.006142 0.007021 0.000252 0.035217 0.001157 0.027355 
301 0.006129 0.007309 0.000272 0.035221 0.001145 0.026309 
302 0.006327 0.007438 0.000276 0.035423 0.001139 0.027269 
303 0.006154 0.007542 0.000278 0.035212 0.001167 0.025206 
304 0.00605 0.006744 0.000256 0.035716 0.001142 0.024717 
305 0.005897 0.007013 0.000268 0.034837 0.001134 0.024738 
306 0.006104 0.006692 0.000261 0.035266 0.001136 0.026978 
307 0.006064 0.006347 0.000244 0.03554 0.001127 0.024678 
308 0.006161 0.00692 0.000255 0.035209 0.001132 0.023035 
309 0.006374 0.007844 0.000271 0.035437 0.001144 0.025167 
310 0.006312 0.007489 0.000274 0.0351 0.001155 0.025466 
311 0.006022 0.007293 0.000256 0.035014 0.00113 0.026999 
312 0.006202 0.007908 0.000312 0.0351 0.001171 0.02654 
313 0.006635 0.007934 0.00043 0.035434 0.001134 0.024938 
314 0.006646 0.008277 0.000301 0.035384 0.001131 0.026292 
315 0.006374 0.007889 0.000273 0.035044 0.001138 0.025533 
316 0.006411 0.007979 0.000275 0.035305 0.001145 0.024839 
317 0.006845 0.007895 0.000277 0.035093 0.001139 0.023748 
318 0.006333 0.007507 0.000264 0.035533 0.001146 0.025261 
319 0.006547 0.007701 0.000285 0.035185 0.001136 0.026323 
320 0.006577 0.007652 0.000267 0.035273 0.001132 0.024798 
321 0.006505 0.007555 0.000277 0.035236 0.001137 0.025296 
322 0.00665 0.007474 0.000278 0.035327 0.001146 0.025483 
323 0.006475 0.007727 0.000263 0.035323 0.001134 0.026663 
324 0.006401 0.007605 0.000262 0.035438 0.001143 0.027646 
325 0.006493 0.007693 0.000284 0.035338 0.001138 0.027286 
326 0.006363 0.007524 0.00028 0.035048 0.001131 0.027709 
327 0.006646 0.007797 0.000282 0.035118 0.001124 0.025795 
328 0.006521 0.007187 0.000265 0.035288 0.00114 0.02734 
329 0.006545 0.00742 0.000272 0.035429 0.001134 0.025507 
330 0.006629 0.007786 0.000274 0.035092 0.001132 0.026486 
331 0.006616 0.00766 0.00029 0.035096 0.001142 0.026027 
332 0.00645 0.007487 0.000278 0.035088 0.001126 0.025928 
333 0.006311 0.007721 0.000274 0.035422 0.001137 0.02529 
334 0.006385 0.007953 0.000304 0.035344 0.001137 0.027804 
335 0.0065 0.007983 0.000264 0.035034 0.001158 0.025044 
336 0.006314 0.007774 0.000271 0.035296 0.00115 0.026455 
337 0.006316 0.007942 0.000264 0.035142 0.001154 0.025615 
338 0.006297 0.007189 0.000264 0.035313 0.00115 0.024307 
339 0.006258 0.00748 0.00026 0.035336 0.001128 0.025021 
340 0.006244 0.0072 0.000269 0.035162 0.001133 0.02542 
341 0.006336 0.007206 0.000252 0.034954 0.001163 0.025316 
342 0.006076 0.007073 0.00024 0.035251 0.001137 0.023793 
343 0.006345 0.007045 0.000273 0.035274 0.00113 0.022571 
344 0.006401 0.006988 0.000272 0.035241 0.001141 0.024043 
345 0.006314 0.007106 0.000263 0.035171 0.001138 0.02449 
346 0.006062 0.00708 0.000258 0.035591 0.001132 0.025 
347 0.006057 0.00728 0.000246 0.035057 0.001133 0.022944 
348 0.006221 0.00734 0.000249 0.035183 0.001141 0.022697 
349 0.006035 0.007161 0.000249 0.035401 0.001159 0.024033 
350 0.00595 0.00667 0.000241 0.035392 0.001157 0.022359 
351 0.010463 0.006908 0.000254 0.035691 0.001138 0.025232 
352 0.008833 0.007112 0.00026 0.035201 0.001135 0.024646 
353 0.006243 0.008099 0.000715 0.037574 0.001134 0.022495 
354 0.006085 0.006797 0.000256 0.035561 0.001138 0.023749 
355 0.006296 0.00675 0.00028 0.035259 0.001157 0.025091 
356 0.0062 0.006866 0.000252 0.035289 0.001133 0.024622 
357 0.005922 0.005834 0.000233 0.03514 0.001135 0.022039 
358 0.005861 0.006787 0.000219 0.035137 0.00114 0.022684 
359 0.00619 0.006073 0.000233 0.035764 0.001149 0.022311 
360 0.006083 0.006208 0.000229 0.035199 0.001165 0.022503 
361 0.005894 0.007131 0.000245 0.034767 0.001135 0.023663 
362 0.006095 0.006558 0.000229 0.035207 0.001142 0.024246 
363 0.005966 0.006458 0.000241 0.035126 0.00113 0.024412 
364 0.005895 0.006431 0.000257 0.03552 0.001137 0.025273 
365 0.005947 0.00676 0.000241 0.035154 0.00114 0.024642 
366 0.00573 0.006276 0.000232 0.035367 0.001134 0.026038 
367 0.006234 0.006267 0.000233 0.043083 0.001157 0.024266 
368 0.005623 0.006659 0.000335 0.035111 0.001168 0.025499 
369 0.00563 0.006291 0.000235 0.035652 0.00114 0.026793 
370 0.005619 0.006271 0.000235 0.035539 0.001138 0.023478 
371 0.005697 0.006603 0.000245 0.035153 0.001123 0.025792 
372 0.0058 0.006303 0.000273 0.035314 0.001138 0.0262 
373 0.005947 0.006441 0.000245 0.035294 0.001159 0.025058 
374 0.005636 0.00642 0.000253 0.035672 0.001133 0.042212 
375 0.006091 0.006997 0.000263 0.035248 0.001134 0.02749 
376 0.006191 0.007222 0.000254 0.035103 0.001142 0.027382 
377 0.005841 0.006944 0.000249 0.035085 0.001125 0.026154 
378 0.013213 0.006681 0.000251 0.035038 0.001136 0.026347 
379 0.005732 0.0067 0.000241 0.035818 0.001157 0.027139 
380 0.005703 0.00743 0.000246 0.035325 0.001178 0.025486 
381 0.006077 0.008562 0.000674 0.035126 0.001158 0.025125 
382 0.005787 0.006245 0.00024 0.035314 0.001127 0.023347 
383 0.005409 0.005623 0.00022 0.035655 0.001183 0.02377 
384 0.00544 0.00579 0.000224 0.035291 0.001143 0.025244 
385 0.005245 0.005333 0.000226 0.034941 0.001145 0.025258 
386 0.00541 0.006163 0.00022 0.035273 0.001153 0.026281 
387 0.005457 0.005867 0.000217 0.035431 0.00114 0.027041 
388 0.00569 0.007345 0.000217 0.035203 0.001138 0.024627 
389 0.005399 0.005578 0.000228 0.035717 0.00114 0.025913 
390 0.005525 0.006055 0.000236 0.035425 0.001153 0.026226 
391 0.005352 0.006399 0.000226 0.03525 0.001131 0.025271 
392 0.005711 0.006732 0.000227 0.035024 0.001126 0.026323 
393 0.00551 0.006402 0.000238 0.035428 0.001133 0.025966 
394 0.005764 0.006585 0.000249 0.035084 0.001149 0.024895 
395 0.005378 0.006803 0.000235 0.035237 0.001134 0.025006 
396 0.005723 0.006003 0.000241 0.035314 0.001136 0.023753 
397 0.005787 0.007472 0.000276 0.035179 0.001169 0.024016 
398 0.005408 0.005975 0.000227 0.035487 0.001135 0.02421 
399 0.006048 0.00631 0.000254 0.041013 0.002015 0.025452 
400 0.005478 0.006388 0.00023 0.035112 0.001134 0.024626 
401 0.005541 0.006064 0.000233 0.035113 0.001141 0.02266 
402 0.00545 0.005604 0.000206 0.035203 0.001127 0.021465 
403 0.005165 0.005447 0.000215 0.035141 0.001135 0.023879 
404 0.00548 0.006471 0.000245 0.035558 0.001131 0.024877 
405 0.005418 0.006293 0.000223 0.035567 0.001128 0.023386 
406 0.005443 0.006186 0.00023 0.035169 0.001141 0.023686 
407 0.0052 0.005929 0.000226 0.03576 0.001153 0.026089 
408 0.005443 0.005836 0.000238 0.035321 0.001145 0.023342 
409 0.005405 0.005955 0.000244 0.035269 0.001165 0.024349 
410 0.010776 0.00648 0.000239 0.035578 0.001143 0.023218 
411 0.005392 0.006017 0.000222 0.035316 0.001159 0.022612 
412 0.005555 0.006169 0.000239 0.035421 0.001132 0.025191 
413 0.005318 0.005592 0.000234 0.035504 0.001162 0.023506 
414 0.005651 0.006346 0.000246 0.035934 0.001179 0.025403 
415 0.005612 0.006534 0.000245 0.03545 0.001174 0.025482 
416 0.005529 0.006713 0.000242 0.035226 0.001134 0.02642 
417 0.005675 0.007227 0.000648 0.037754 0.001132 0.024033 
418 0.005946 0.006605 0.000258 0.035251 0.001133 0.025668 
419 0.005878 0.006446 0.000249 0.035131 0.001135 0.022654 
420 0.00605 0.00657 0.000247 0.035282 0.001133 0.024998 
421 0.005691 0.006447 0.000246 0.035122 0.001152 0.024787 
422 0.006212 0.007233 0.000258 0.035293 0.001138 0.025889 
423 0.005978 0.006796 0.000247 0.035092 0.001141 0.026258 
424 0.010775 0.006575 0.000252 0.035297 0.001135 0.027393 
425 0.00547 0.006649 0.000237 0.035105 0.00116 0.02524 
426 0.005847 0.006625 0.000246 0.035237 0.001143 0.026434 
427 0.005651 0.006061 0.000237 0.035535 0.001159 0.02562 
428 0.005547 0.005623 0.000226 0.03556 0.001151 0.02638 
429 0.005492 0.005838 0.00022 0.035295 0.001131 0.023814 
430 0.005429 0.005645 0.000238 0.035388 0.001163 0.024913 
431 0.005424 0.005371 0.000223 0.035685 0.001132 0.026803 
432 0.005013 0.005218 0.000213 0.035879 0.001144 0.023571 
433 0.00507 0.005562 0.000227 0.03541 0.001168 0.027548 
434 0.005105 0.005498 0.000214 0.035477 0.001157 0.025343 
435 0.005175 0.005223 0.000214 0.035255 0.001142 0.025821 
436 0.005202 0.00581 0.00022 0.035603 0.00113 0.025071 
437 0.005147 0.006111 0.000216 0.035638 0.001166 0.024048 
438 0.00789 0.006161 0.000227 0.035417 0.001137 0.02423 
439 0.007842 0.00589 0.00021 0.035171 0.001141 0.025562 
440 0.00778 0.00556 0.000224 0.035411 0.001135 0.024963 
441 0.006153 0.006067 0.000232 0.035771 0.001141 0.027513 
442 0.006056 0.006436 0.000253 0.035831 0.001156 0.026838 
443 0.00645 0.006885 0.000257 0.035521 0.001181 0.027611 
444 0.005416 0.006545 0.000259 0.035256 0.001133 0.026286 
445 0.005532 0.006392 0.000239 0.03581 0.001151 0.028199 
446 0.00981 0.008273 0.000243 0.034979 0.001131 0.027614 
447 0.00601 0.006881 0.000246 0.035312 0.001133 0.025818 
448 0.005809 0.006392 0.000236 0.035196 0.001144 0.026594 
449 0.005795 0.006532 0.000248 0.035331 0.001159 0.02509 
450 0.006035 0.006913 0.000249 0.03511 0.001132 0.026053 
451 0.006214 0.007566 0.000267 0.035193 0.001147 0.02672 
452 0.006014 0.006642 0.000252 0.035097 0.001131 0.025284 
453 0.006282 0.007256 0.000256 0.035056 0.001135 0.024721 
454 0.006313 0.00646 0.000253 0.035207 0.00115 0.025473 
455 0.00608 0.006555 0.000243 0.035018 0.001134 0.023127 
456 0.006072 0.007195 0.000257 0.03526 0.001134 0.024979 
457 0.006441 0.007801 0.000281 0.034989 0.001157 0.025357 
458 0.006172 0.007218 0.00027 0.035202 0.001131 0.024577 
459 0.006405 0.00751 0.000261 0.035655 0.001124 0.027069 
460 0.006373 0.00771 0.000259 0.035574 0.001132 0.026391 
461 0.006528 0.007877 0.000297 0.035312 0.001149 0.02438 
462 0.006451 0.007578 0.000279 0.03515 0.001136 0.024971 
463 0.006156 0.007405 0.000267 0.034906 0.001134 0.028404 
464 0.006022 0.007651 0.000263 0.035625 0.001138 0.026372 
465 0.00601 0.007204 0.000266 0.035264 0.001135 0.028336 
466 0.006118 0.007346 0.000288 0.035229 0.001138 0.02756 
467 0.006077 0.007799 0.000246 0.035135 0.001176 0.02752 
468 0.006719 0.007254 0.000254 0.03539 0.001158 0.026523 
469 0.006049 0.008003 0.000577 0.035924 0.001152 0.027866 
470 0.005793 0.005962 0.000237 0.035152 0.00113 0.026979 
471 0.005949 0.005581 0.000258 0.037247 0.001134 0.027219 
472 0.005651 0.00618 0.000238 0.035029 0.001152 0.028262 
473 0.006071 0.00655 0.000372 0.035244 0.00113 0.02806 
474 0.006054 0.007108 0.000351 0.041293 0.001145 0.027952 
475 0.005788 0.006959 0.000224 0.03512 0.001152 0.027828 
476 0.005936 0.006627 0.000252 0.035359 0.001128 0.027109 
477 0.006162 0.007194 0.000249 0.035159 0.00112 0.025511 
478 0.006354 0.006973 0.000258 0.035316 0.001136 0.025638 
479 0.006415 0.00658 0.000256 0.035013 0.001132 0.027056 
480 0.006058 0.007414 0.000234 0.03511 0.001133 0.028097 
481 0.006019 0.007418 0.000257 0.035466 0.001138 0.027935 
482 0.006262 0.007243 0.000263 0.035203 0.001171 0.027122 
483 0.006265 0.006911 0.000261 0.035472 0.001132 0.028104 
484 0.006463 0.007638 0.000275 0.03541 0.00116 0.026436 
485 0.006458 0.00757 0.000279 0.035389 0.001143 0.026332 
486 0.00639 0.007186 0.000296 0.035358 0.001137 0.026988 
487 0.006352 0.007319 0.000263 0.03483 0.001135 0.027149 
488 0.006367 0.008129 0.000281 0.035242 0.001136 0.027134 
489 0.008862 0.007845 0.000275 0.035433 0.001176 0.025469 
490 0.006677 0.008184 0.000285 0.035621 0.001149 0.02651 
491 0.006561 0.007949 0.000283 0.035883 0.001129 0.027794 
492 0.006997 0.00829 0.000292 0.035307 0.001144 0.026833 
493 0.006614 0.008318 0.000284 0.035485 0.001132 0.025864 
494 0.006701 0.008204 0.000282 0.03552 0.001133 0.025166 
495 0.006807 0.007814 0.000315 0.035383 0.001153 0.025683 
496 0.006657 0.007604 0.00029 0.035579 0.001136 0.027098 
497 0.006738 0.00777 0.000283 0.035858 0.001198 0.027259 
498 0.006529 0.007615 0.00027 0.035859 0.001138 0.028096 
499 0.006756 0.007577 0.000274 0.035879 0.001132 0.028403 
500 0.00627 0.008022 0.000274 0.035113 0.001131 0.029021 
501 0.006638 0.007917 0.000286 0.03581 0.001143 0.026726 
502 0.006843 0.008067 0.000272 0.036146 0.001155 0.022301 
503 0.006428 0.00754 0.000247 0.035505 0.00127 0.025519 
504 0.00638 0.007942 0.000271 0.035504 0.001133 0.025014 
505 0.005921 0.006981 0.00024 0.035245 0.001254 0.023019 
506 0.006493 0.007284 0.00027 0.035551 0.001133 0.025877 
507 0.006521 0.008156 0.000264 0.0356 0.001159 0.028002 
508 0.006298 0.007572 0.000283 0.035103 0.001137 0.027298 
509 0.006063 0.006829 0.000251 0.035498 0.001132 0.026749 
510 0.005986 0.006744 0.000255 0.035258 0.001142 0.024583 
511 0.005959 0.006918 0.000253 0.035718 0.001134 0.024928 
512 0.006103 0.006546 0.00024 0.035155 0.001133 0.02728 
513 0.006102 0.00696 0.000256 0.035236 0.00114 0.026837 
514 0.005908 0.00654 0.000243 0.035534 0.00116 0.024537 
515 0.005811 0.005855 0.000229 0.035894 0.001138 0.026754 
516 0.00572 0.006159 0.000233 0.035564 0.001123 0.027301 
517 0.006038 0.006864 0.000237 0.035298 0.001228 0.027693 
518 0.005726 0.005919 0.00023 0.035125 0.001137 0.024623 
519 0.005928 0.006078 0.000235 0.035452 0.001155 0.025103 
520 0.006074 0.006274 0.000242 0.036017 0.001128 0.026236 
521 0.005773 0.006312 0.000232 0.035812 0.001165 0.026674 
522 0.005848 0.006244 0.000242 0.035418 0.001154 0.026991 
523 0.005966 0.006094 0.000251 0.035305 0.001133 0.025451 
524 0.00592 0.00689 0.000256 0.035298 0.001156 0.02663 
525 0.006027 0.006937 0.000256 0.036101 0.00113 0.027772 
526 0.005839 0.00651 0.000237 0.035479 0.001161 0.028268 
527 0.005676 0.006479 0.000266 0.035485 0.001164 0.02675 
528 0.006029 0.006662 0.000245 0.035399 0.001156 0.026058 
529 0.005961 0.00656 0.000259 0.036611 0.001175 0.026453 
530 0.005866 0.006503 0.000244 0.036016 0.001131 0.024841 
531 0.005716 0.006445 0.000242 0.035468 0.001142 0.026866 
532 0.005504 0.006358 0.000227 0.035191 0.001156 0.026556 
533 0.005686 0.006371 0.000232 0.035552 0.001126 0.025173 
534 0.005533 0.005941 0.000223 0.035526 0.001126 0.027479 
535 0.005682 0.006379 0.000224 0.036033 0.001137 0.024779 
536 0.005603 0.006069 0.000226 0.035307 0.001141 0.026286 
537 0.005483 0.005768 0.000216 0.035527 0.001134 0.023315 
538 0.008958 0.005585 0.000246 0.035232 0.001143 0.026597 
539 0.005488 0.006129 0.000226 0.035299 0.001167 0.027396 
540 0.005506 0.005947 0.000227 0.035911 0.001161 0.024548 
541 0.005618 0.00622 0.000239 0.03537 0.001133 0.024452 
542 0.005559 0.006664 0.000247 0.035608 0.001135 0.026142 
543 0.005609 0.006587 0.000233 0.035816 0.001136 0.023616 
544 0.005821 0.006463 0.000265 0.035987 0.001222 0.024568 
545 0.00567 0.006039 0.00023 0.036004 0.001167 0.02649 
546 0.005801 0.006489 0.000243 0.035356 0.001142 0.025013 
547 0.005925 0.006386 0.000268 0.035549 0.001183 0.025342 
548 0.005992 0.006341 0.000246 0.035632 0.00117 0.024896 
549 0.00608 0.006715 0.000261 0.035728 0.001156 0.025508 
550 0.010766 0.006769 0.000247 0.035657 0.001133 0.025194 
551 0.005808 0.00632 0.000234 0.035487 0.001137 0.025179 
552 0.005938 0.006826 0.000236 0.034888 0.001168 0.028263 
553 0.005996 0.007713 0.000243 0.035158 0.001134 0.027148 
554 0.005783 0.0066 0.000248 0.035152 0.001173 0.026491 
555 0.006232 0.007683 0.000255 0.03553 0.001134 0.027381 
556 0.006022 0.006923 0.000259 0.035318 0.001147 0.027578 
557 0.008663 0.007491 0.00024 0.035234 0.001135 0.026307 
558 0.00588 0.006624 0.000287 0.03501 0.001137 0.026268 
559 0.005708 0.006404 0.000237 0.035115 0.001136 0.025586 
560 0.005926 0.006802 0.000245 0.043323 0.001279 0.025546 
561 0.005689 0.006587 0.000243 0.035372 0.001137 0.025009 
562 0.006188 0.007355 0.000269 0.035268 0.001128 0.025376 
563 0.006267 0.007793 0.000267 0.034908 0.001136 0.026968 
564 0.006331 0.007606 0.000254 0.035138 0.001149 0.027093 
565 0.006496 0.007194 0.000275 0.035308 0.001138 0.026162 
566 0.006052 0.006953 0.00028 0.035202 0.001135 0.026451 
567 0.006444 0.00746 0.00027 0.035303 0.001131 0.025668 
568 0.006301 0.00685 0.000262 0.035168 0.001152 0.027854 
569 0.006311 0.007001 0.000263 0.035132 0.001134 0.026147 
570 0.006331 0.00713 0.000258 0.035073 0.001131 0.028102 
571 0.006157 0.006958 0.000307 0.035041 0.001162 0.023622 
572 0.010641 0.008023 0.000275 0.035659 0.001175 0.0277 
573 0.006317 0.00748 0.000277 0.035159 0.001131 0.025566 
574 0.008689 0.007518 0.000266 0.034964 0.001143 0.02677 
575 0.00608 0.00729 0.000267 0.035069 0.001159 0.025721 
576 0.006132 0.007372 0.00032 0.034932 0.001151 0.028537 
577 0.006269 0.007647 0.000297 0.035509 0.001136 0.029278 
578 0.006361 0.00761 0.000279 0.035265 0.001119 0.029142 
579 0.00641 0.007872 0.000269 0.035554 0.001142 0.02671 
580 0.006547 0.008103 0.000281 0.035204 0.001157 0.027169 
581 0.006776 0.008247 0.000302 0.035052 0.001131 0.026574 
582 0.010663 0.008344 0.000286 0.035158 0.001125 0.027885 
583 0.006652 0.007843 0.000276 0.035213 0.001174 0.02716 
584 0.006403 0.00768 0.000275 0.035954 0.001143 0.027641 
585 0.00677 0.008021 0.000293 0.035828 0.001171 0.025454 
586 0.006478 0.008029 0.000307 0.035382 0.001182 0.024875 
587 0.006685 0.008754 0.000274 0.035159 0.001143 0.02433 
588 0.005962 0.006836 0.000247 0.03531 0.001134 0.022876 
589 0.006154 0.006762 0.000266 0.035381 0.001129 0.02386 
590 0.005979 0.006755 0.000255 0.035373 0.001141 0.025153 
591 0.005958 0.008157 0.000244 0.035342 0.001136 0.031975 
592 0.005852 0.007488 0.000373 0.03506 0.001142 0.025877 
593 0.005872 0.006452 0.000235 0.035166 0.001144 0.025861 
594 0.006097 0.006797 0.000241 0.03518 0.00113 0.027581 
595 0.005774 0.005936 0.000227 0.035347 0.001136 0.024224 
596 0.006411 0.007337 0.000272 0.035297 0.001158 0.024805 
597 0.005264 0.005308 0.000199 0.03553 0.001136 0.026419 
598 0.006119 0.006765 0.000258 0.035413 0.001151 0.024365 
599 0.006486 0.007008 0.000247 0.035047 0.001132 0.026275 
600 0.006128 0.007271 0.000237 0.035139 0.001152 0.026372 
601 0.01175 0.007495 0.000273 0.035779 0.001144 0.026308 
602 0.00591 0.006609 0.000247 0.035331 0.001127 0.026853 
603 0.006183 0.009126 0.000656 0.036021 0.001181 0.025365 
604 0.009448 0.008164 0.00027 0.035714 0.001134 0.024294 
605 0.006104 0.007534 0.00025 0.035864 0.001134 0.025166 
606 0.006434 0.007736 0.000269 0.035493 0.001128 0.025754 
607 0.006193 0.007062 0.000272 0.035238 0.001159 0.025541 
608 0.006051 0.00792 0.000253 0.035347 0.001162 0.025541 
609 0.006169 0.0078 0.000258 0.035501 0.001124 0.024977 
610 0.009391 0.007315 0.000275 0.035312 0.001151 0.021641 
611 0.005909 0.006606 0.000258 0.035302 0.001132 0.022568 
612 0.005878 0.007151 0.00025 0.035291 0.001155 0.021345 
613 0.012684 0.007167 0.000265 0.035082 0.00114 0.02234 
614 0.005943 0.007105 0.000254 0.035066 0.001293 0.02265 
615 0.005885 0.006431 0.00025 0.035935 0.001174 0.021759 
616 0.005749 0.006339 0.000234 0.035424 0.001136 0.023728 
617 0.005864 0.006455 0.000229 0.035551 0.001189 0.022889 
618 0.005617 0.006532 0.000213 0.035766 0.001144 0.023881 
619 0.005462 0.006024 0.000229 0.035197 0.001131 0.024194 
620 0.005241 0.005322 0.000273 0.035412 0.001134 0.024056 
621 0.005355 0.006028 0.000215 0.035803 0.001133 0.026189 
622 0.005593 0.006281 0.000239 0.035788 0.001142 0.022684 
623 0.005607 0.007896 0.000596 0.039666 0.001136 0.023455 
624 0.00553 0.006851 0.000246 0.035013 0.001133 0.024425 
625 0.005637 0.006966 0.000242 0.035413 0.001162 0.027053 
626 0.005522 0.006104 0.000215 0.035525 0.001156 0.026661 
627 0.005491 0.005901 0.00023 0.035672 0.001125 0.026767 
628 0.005669 0.005935 0.000234 0.03539 0.001153 0.026156 
629 0.005706 0.006135 0.000235 0.035287 0.001189 0.023774 
630 0.005466 0.005941 0.000243 0.035442 0.001162 0.026874 
631 0.005553 0.005918 0.000233 0.03551 0.001137 0.026945 
632 0.005561 0.00647 0.000233 0.035564 0.001132 0.027082 
633 0.005316 0.005844 0.000235 0.035204 0.001134 0.025687 
634 0.005322 0.005085 0.000221 0.035418 0.001157 0.02411 
635 0.005161 0.005174 0.000256 0.035344 0.00116 0.023223 
636 0.005266 0.005679 0.000227 0.035365 0.001143 0.023643 
637 0.005143 0.00533 0.000224 0.035613 0.001136 0.024642 
638 0.005312 0.005705 0.000224 0.035368 0.001135 0.024791 
639 0.005222 0.005552 0.000218 0.035407 0.00116 0.024758 
640 0.005227 0.005482 0.000209 0.03557 0.001164 0.022872 
641 0.005526 0.005987 0.00023 0.034949 0.001156 0.024151 
642 0.01088 0.006508 0.000231 0.035247 0.001148 0.023947 
643 0.005495 0.006097 0.000226 0.035255 0.001138 0.023475 
644 0.005403 0.005476 0.00022 0.036087 0.001138 0.022695 
645 0.005764 0.006522 0.000234 0.035344 0.00116 0.025832 
646 0.005677 0.006542 0.00024 0.035357 0.001136 0.026526 
647 0.005556 0.006372 0.00023 0.035428 0.001197 0.025054 
648 0.005723 0.006536 0.000246 0.036241 0.001154 0.022135 
649 0.005451 0.006356 0.000245 0.035617 0.001164 0.025018 
650 0.00768 0.006739 0.000245 0.035105 0.001139 0.024854 
651 0.005695 0.005625 0.000245 0.03534 0.001147 0.023114 
652 0.007441 0.006877 0.000254 0.03549 0.001169 0.026141 
653 0.005773 0.00605 0.000249 0.035503 0.001159 0.022346 
654 0.006351 0.008141 0.000272 0.035627 0.001149 0.024608 
655 0.005591 0.006249 0.000235 0.035172 0.001163 0.023502 
656 0.005522 0.005794 0.000247 0.035322 0.001132 0.025944 
657 0.006348 0.006118 0.000249 0.035362 0.001129 0.025607 
658 0.005451 0.005533 0.000214 0.035196 0.001132 0.02419 
659 0.005245 0.005807 0.000219 0.035524 0.00114 0.025144 
660 0.005231 0.005623 0.000209 0.035184 0.00115 0.024889 
661 0.00502 0.004926 0.000198 0.03528 0.001175 0.024361 
662 0.005012 0.004464 0.000209 0.03577 0.001147 0.026115 
663 0.005088 0.004329 0.000196 0.03538 0.001137 0.024947 
664 0.005123 0.004977 0.000195 0.035349 0.001185 0.025492 
665 0.004973 0.004589 0.000206 0.035726 0.001132 0.023525 
666 0.005013 0.005511 0.000493 0.036677 0.001134 0.023401 
667 0.005364 0.005469 0.000217 0.035537 0.001148 0.02575 
668 0.005278 0.0055 0.000223 0.03496 0.001135 0.028542 
669 0.005451 0.006102 0.000525 0.037248 0.001195 0.027922 
670 0.007808 0.005328 0.000207 0.035488 0.001221 0.027156 
671 0.005269 0.005983 0.00022 0.035451 0.001158 0.028561 
672 0.00538 0.005567 0.000222 0.035751 0.001134 0.026654 
673 0.005375 0.006179 0.000221 0.035249 0.001141 0.02578 
674 0.00828 0.006404 0.000246 0.035592 0.001142 0.023678 
675 0.008232 0.00658 0.000249 0.035509 0.001168 0.023104 
676 0.005445 0.005888 0.000232 0.035294 0.001158 0.024951 
677 0.005677 0.006538 0.000249 0.035599 0.001138 0.025376 
678 0.008548 0.006366 0.000226 0.035404 0.001193 0.022639 
679 0.005546 0.006368 0.000233 0.0355 0.001139 0.024877 
680 0.009761 0.00615 0.000241 0.035267 0.001136 0.025807 
681 0.005666 0.006074 0.000227 0.035282 0.00115 0.026665 
682 0.005549 0.005883 0.000214 0.035432 0.001155 0.027906 
683 0.005639 0.005253 0.000222 0.035593 0.001135 0.02633 
684 0.005095 0.006122 0.000204 0.035326 0.001158 0.027082 
685 0.00557 0.005986 0.000221 0.035734 0.001172 0.027669 
686 0.005284 0.005134 0.000199 0.035264 0.001152 0.026165 
687 0.005437 0.005527 0.000214 0.035757 0.001154 0.026307 
688 0.006002 0.008105 0.000219 0.035553 0.001134 0.02556 
689 0.005414 0.005842 0.000207 0.035145 0.001189 0.025661 
690 0.005429 0.005715 0.000224 0.03496 0.00113 0.027031 
691 0.0058 0.006059 0.000219 0.035111 0.001131 0.027043 
692 0.005727 0.005876 0.000221 0.035707 0.001145 0.025909 
693 0.005307 0.005206 0.000219 0.03533 0.001148 0.025155 
694 0.005668 0.005939 0.000229 0.035288 0.001173 0.024661 
695 0.005416 0.005482 0.000207 0.034952 0.001161 0.026137 
