1 0.02624 0.013106 0.000407 0.075949 0.001407 0.023838 
2 0.016683 0.014554 0.00037 0.074521 0.001389 0.024999 
3 0.015538 0.012165 0.000372 0.074714 0.001395 0.023832 
4 0.013944 0.012411 0.000358 0.07516 0.001391 0.026236 
5 0.010294 0.011549 0.000393 0.074979 0.001401 0.025096 
6 0.01093 0.012308 0.000439 0.07665 0.0014 0.023812 
7 0.010105 0.011468 0.000341 0.074853 0.001388 0.023975 
8 0.010498 0.011962 0.000366 0.075966 0.001421 0.025503 
9 0.009974 0.012162 0.000403 0.077094 0.001445 0.02485 
10 0.01029 0.011903 0.000368 0.075877 0.0014 0.025598 
11 0.010356 0.012012 0.000355 0.076413 0.001407 0.024809 
12 0.012101 0.011934 0.000389 0.075015 0.001421 0.024897 
13 0.01049 0.011084 0.000378 0.074896 0.001407 0.025246 
14 0.010446 0.011303 0.00037 0.07494 0.001419 0.0229 
15 0.012356 0.010355 0.0003 0.076203 0.001364 0.024393 
16 0.009659 0.010477 0.000321 0.075017 0.00141 0.023428 
17 0.013204 0.012003 0.000327 0.075179 0.001389 0.021759 
18 0.009673 0.010675 0.000312 0.074908 0.001404 0.021712 
19 0.01045 0.011633 0.000354 0.07603 0.001419 0.021331 
20 0.009693 0.010886 0.000323 0.074906 0.001373 0.02179 
21 0.009839 0.010297 0.00033 0.075091 0.001411 0.021465 
22 0.010233 0.011601 0.00036 0.075225 0.001398 0.020658 
23 0.013108 0.011176 0.000335 0.074876 0.001373 0.022089 
24 0.009886 0.011667 0.000343 0.075003 0.001386 0.024864 
25 0.013423 0.011518 0.000337 0.074803 0.001385 0.021824 
26 0.010418 0.01114 0.00038 0.075199 0.00141 0.023018 
27 0.009839 0.010226 0.000313 0.076038 0.001393 0.024127 
28 0.00984 0.011123 0.000315 0.075176 0.001377 0.02419 
29 0.009455 0.010154 0.000287 0.07489 0.001425 0.02407 
30 0.014154 0.009357 0.000266 0.075568 0.001369 0.024864 
31 0.009245 0.009852 0.000318 0.075106 0.001405 0.024652 
32 0.008949 0.008765 0.000258 0.075693 0.00139 0.024139 
33 0.009587 0.009467 0.000255 0.074565 0.001384 0.023886 
34 0.008673 0.008706 0.000272 0.074894 0.001409 0.024567 
35 0.008646 0.008069 0.000275 0.075138 0.001397 0.025904 
36 0.00872 0.008386 0.000256 0.074928 0.001427 0.025393 
37 0.008859 0.008509 0.000273 0.082795 0.001387 0.025409 
38 0.008646 0.0077 0.000266 0.075003 0.001395 0.02503 
39 0.008198 0.007111 0.000254 0.074883 0.001395 0.025903 
40 0.00829 0.008286 0.000244 0.075409 0.001389 0.023545 
41 0.008641 0.008071 0.000253 0.074755 0.001413 0.024275 
42 0.008835 0.009564 0.000279 0.074943 0.00141 0.025185 
43 0.008856 0.009243 0.000301 0.074791 0.001392 0.022856 
44 0.009057 0.00983 0.000295 0.075957 0.00142 0.024149 
45 0.009171 0.011611 0.000311 0.07484 0.001375 0.019725 
46 0.008739 0.010141 0.000278 0.074655 0.001401 0.020897 
47 0.008607 0.009746 0.00031 0.075073 0.001401 0.019866 
48 0.009037 0.009119 0.000393 0.074767 0.001386 0.022893 
49 0.008719 0.009304 0.000298 0.081121 0.001401 0.021939 
50 0.008955 0.009274 0.000296 0.074762 0.001389 0.022389 
51 0.008744 0.009422 0.000272 0.074597 0.001409 0.021346 
52 0.009639 0.010362 0.000315 0.074867 0.001402 0.023891 
53 0.009034 0.009632 0.000285 0.074961 0.001388 0.024723 
54 0.009062 0.010008 0.000302 0.075213 0.001399 0.024142 
55 0.00869 0.00957 0.000301 0.075742 0.001387 0.024236 
56 0.008828 0.009797 0.000274 0.074593 0.001397 0.024847 
57 0.008598 0.008662 0.000269 0.075303 0.001408 0.025364 
58 0.009212 0.009768 0.000307 0.075713 0.001407 0.023833 
59 0.008931 0.009846 0.000289 0.074918 0.001393 0.021567 
60 0.009323 0.010143 0.000319 0.074917 0.001376 0.02338 
61 0.009235 0.009361 0.00031 0.082535 0.001421 0.024259 
62 0.008871 0.009642 0.000293 0.074593 0.001428 0.022955 
63 0.00868 0.009692 0.000302 0.074902 0.001404 0.022549 
64 0.009133 0.009821 0.000311 0.074807 0.001415 0.022506 
65 0.009574 0.010954 0.000348 0.074988 0.0014 0.021072 
66 0.008866 0.009589 0.000307 0.074676 0.001393 0.021369 
67 0.008746 0.008633 0.000293 0.076231 0.001467 0.020652 
68 0.008601 0.008085 0.000267 0.075353 0.001402 0.020919 
69 0.008766 0.009034 0.000269 0.075297 0.001409 0.021384 
70 0.009065 0.00989 0.000291 0.075859 0.001391 0.02 
71 0.00931 0.009751 0.000306 0.074697 0.001382 0.019132 
72 0.009088 0.00924 0.000284 0.075176 0.001412 0.019528 
73 0.008329 0.008505 0.000254 0.076209 0.001398 0.0194 
74 0.00903 0.009722 0.000306 0.074888 0.00138 0.022362 
75 0.008686 0.008867 0.000303 0.074989 0.001392 0.023474 
76 0.009151 0.009071 0.000282 0.074943 0.001414 0.02313 
77 0.008861 0.008904 0.000265 0.074744 0.001394 0.028495 
78 0.009723 0.009077 0.000282 0.075378 0.001393 0.024203 
79 0.009147 0.009909 0.000296 0.07503 0.001394 0.024316 
80 0.009027 0.009092 0.000292 0.074828 0.001389 0.023146 
81 0.008576 0.008186 0.000253 0.074973 0.00139 0.024278 
82 0.00967 0.009352 0.000287 0.074722 0.001433 0.024883 
83 0.008912 0.008382 0.000278 0.074749 0.001414 0.026225 
84 0.008492 0.008157 0.000283 0.075674 0.001396 0.023185 
85 0.009139 0.008354 0.000271 0.074726 0.001391 0.022533 
86 0.009076 0.008872 0.000265 0.074798 0.001381 0.023091 
87 0.009081 0.008879 0.00026 0.074923 0.001384 0.023191 
88 0.008868 0.008878 0.00026 0.074743 0.001407 0.021894 
89 0.008687 0.008392 0.000247 0.075275 0.001428 0.023156 
90 0.008768 0.008033 0.000266 0.074934 0.001396 0.021925 
91 0.008835 0.008029 0.000316 0.076052 0.001401 0.024863 
92 0.009432 0.00882 0.0003 0.0749 0.001389 0.023917 
93 0.009266 0.008831 0.000404 0.075511 0.001384 0.025941 
94 0.010233 0.010848 0.000306 0.075096 0.001394 0.02652 
95 0.009199 0.009566 0.000276 0.076033 0.0014 0.026495 
96 0.009947 0.010458 0.0003 0.074653 0.001391 0.024006 
97 0.009997 0.011863 0.0003 0.074828 0.001418 0.023234 
98 0.010034 0.012 0.000322 0.077655 0.001453 0.022259 
99 0.010171 0.011207 0.000295 0.074748 0.001414 0.021589 
100 0.010476 0.012476 0.000298 0.074716 0.001391 0.02113 
101 0.010369 0.012282 0.000307 0.075788 0.001389 0.019619 
102 0.010012 0.012635 0.000317 0.075104 0.001376 0.019446 
103 0.009892 0.012003 0.000306 0.075459 0.00141 0.020729 
104 0.009995 0.010885 0.00032 0.074623 0.001372 0.021674 
105 0.009914 0.010347 0.000298 0.074507 0.001406 0.020636 
106 0.009818 0.01165 0.00031 0.07565 0.001383 0.021286 
107 0.014762 0.013494 0.00035 0.075623 0.001414 0.02244 
108 0.010334 0.011727 0.000331 0.075813 0.001392 0.022787 
109 0.010631 0.012362 0.00036 0.075042 0.001388 0.021996 
110 0.011914 0.010722 0.000312 0.083474 0.001391 0.021337 
111 0.009621 0.010295 0.000333 0.075304 0.001389 0.021452 
112 0.009781 0.010542 0.00032 0.074731 0.001388 0.02249 
113 0.009688 0.01121 0.000355 0.074969 0.001398 0.023443 
114 0.01062 0.011927 0.000362 0.074683 0.001382 0.023048 
115 0.010138 0.012577 0.000691 0.082358 0.001372 0.023269 
116 0.010599 0.011982 0.000366 0.074893 0.001387 0.025046 
117 0.013248 0.012335 0.00036 0.074618 0.001389 0.024158 
118 0.010191 0.012611 0.000348 0.075533 0.001398 0.024868 
119 0.011106 0.01425 0.000379 0.0762 0.001407 0.022984 
120 0.011058 0.013701 0.000384 0.074706 0.001389 0.022621 
121 0.010105 0.011851 0.000352 0.074837 0.001415 0.023365 
122 0.010598 0.012148 0.000368 0.074694 0.001395 0.023242 
123 0.011268 0.013536 0.000406 0.075752 0.001396 0.023006 
124 0.010909 0.012816 0.000367 0.075662 0.001394 0.024895 
125 0.013138 0.011244 0.000327 0.081269 0.00139 0.025595 
126 0.009968 0.011641 0.00033 0.074457 0.001392 0.024593 
127 0.010329 0.012212 0.000356 0.076153 0.001392 0.023543 
128 0.009867 0.012516 0.000331 0.075866 0.001391 0.02481 
129 0.009501 0.010461 0.000328 0.075695 0.001396 0.024776 
130 0.010198 0.011715 0.000347 0.075329 0.001391 0.024521 
131 0.009943 0.011278 0.000364 0.076553 0.001396 0.023724 
132 0.01014 0.011592 0.000359 0.074582 0.001389 0.023211 
133 0.011781 0.008859 0.000261 0.074766 0.001397 0.025752 
134 0.009505 0.009977 0.000268 0.076551 0.001379 0.024514 
135 0.009829 0.010436 0.000312 0.074936 0.001413 0.02471 
136 0.009743 0.009589 0.000302 0.07587 0.00138 0.025051 
137 0.009354 0.009535 0.000304 0.074673 0.001392 0.024097 
138 0.009943 0.010628 0.000312 0.076591 0.001379 0.024847 
139 0.010161 0.010739 0.000321 0.075727 0.001391 0.0247 
140 0.010643 0.012486 0.000346 0.074621 0.001385 0.022566 
141 0.013515 0.013201 0.000327 0.074765 0.001404 0.022252 
142 0.010521 0.012649 0.000324 0.076718 0.001403 0.020927 
143 0.009704 0.011607 0.000317 0.074603 0.001398 0.024448 
144 0.010429 0.01166 0.000349 0.075081 0.001398 0.025677 
145 0.009671 0.009397 0.000301 0.074751 0.001375 0.025211 
146 0.009225 0.010047 0.000303 0.076124 0.001417 0.025289 
147 0.009461 0.010147 0.000305 0.074799 0.001372 0.025461 
148 0.009967 0.009809 0.000328 0.074523 0.001411 0.033173 
149 0.012866 0.010235 0.000338 0.074946 0.001394 0.025321 
150 0.012582 0.010904 0.000331 0.075403 0.001393 0.024665 
151 0.010663 0.012386 0.000375 0.075416 0.001388 0.021707 
152 0.010086 0.011503 0.000345 0.075962 0.001431 0.019369 
153 0.009909 0.010684 0.000338 0.075074 0.001383 0.020444 
154 0.010309 0.010743 0.000359 0.07491 0.001399 0.019386 
155 0.009369 0.0094 0.000289 0.076191 0.001388 0.021535 
156 0.008651 0.008146 0.000266 0.075052 0.001397 0.022661 
157 0.009455 0.009355 0.000297 0.075417 0.001365 0.024927 
158 0.011301 0.010978 0.000734 0.080332 0.00141 0.023458 
159 0.008919 0.009097 0.000303 0.075252 0.001423 0.023908 
160 0.009655 0.011192 0.000338 0.07707 0.001418 0.023632 
161 0.009425 0.009736 0.000312 0.075214 0.001411 0.023579 
162 0.013863 0.010135 0.000334 0.075433 0.001393 0.022108 
163 0.009506 0.010361 0.000311 0.075288 0.001402 0.019205 
164 0.009208 0.009502 0.000306 0.074651 0.001409 0.02018 
165 0.009554 0.010356 0.000313 0.075139 0.001386 0.022106 
166 0.009493 0.010415 0.000326 0.074711 0.001388 0.023584 
167 0.009912 0.011289 0.000344 0.075366 0.001383 0.023326 
168 0.010006 0.011445 0.000346 0.075467 0.001395 0.023267 
169 0.014714 0.01115 0.000355 0.07658 0.001441 0.024234 
170 0.00924 0.009623 0.000285 0.075921 0.001567 0.023095 
171 0.008795 0.008864 0.000276 0.076227 0.001407 0.023691 
172 0.009439 0.009897 0.000311 0.076046 0.001389 0.023018 
173 0.009377 0.010709 0.000303 0.07659 0.001445 0.024706 
174 0.009737 0.010705 0.000319 0.076827 0.001384 0.026833 
175 0.008996 0.010128 0.000286 0.076451 0.001405 0.026886 
176 0.008986 0.008715 0.000272 0.077096 0.001406 0.027691 
177 0.009015 0.009901 0.000298 0.076371 0.001387 0.024433 
178 0.009081 0.009231 0.000288 0.076552 0.001439 0.021505 
179 0.009255 0.010176 0.000318 0.07567 0.001373 0.02345 
180 0.009837 0.010847 0.000342 0.076397 0.001368 0.024239 
181 0.009469 0.010928 0.000309 0.076245 0.001389 0.024043 
182 0.009368 0.010088 0.000315 0.07637 0.001413 0.024947 
183 0.009326 0.010903 0.000329 0.076676 0.001445 0.025136 
184 0.009522 0.012178 0.000349 0.077255 0.001373 0.024674 
185 0.009963 0.010839 0.000375 0.076925 0.001391 0.022727 
186 0.009897 0.011391 0.000347 0.076313 0.001391 0.023619 
187 0.009965 0.011539 0.000367 0.076801 0.001372 0.021874 
188 0.010043 0.011907 0.000386 0.076324 0.001381 0.020034 
189 0.009495 0.010272 0.000335 0.075879 0.001414 0.021317 
190 0.009498 0.010593 0.000323 0.076437 0.001442 0.021806 
191 0.00928 0.010329 0.000313 0.076085 0.001433 0.024678 
192 0.009753 0.011069 0.000337 0.076044 0.001405 0.022772 
193 0.009261 0.010037 0.000295 0.076276 0.001385 0.022533 
194 0.008925 0.009652 0.000314 0.076331 0.001392 0.022727 
195 0.009496 0.009778 0.000304 0.075733 0.001435 0.023862 
196 0.009432 0.010327 0.00031 0.075909 0.001389 0.022091 
197 0.009572 0.011013 0.000332 0.075934 0.001395 0.022774 
198 0.010177 0.012801 0.000385 0.075622 0.001391 0.022307 
199 0.010006 0.011608 0.000343 0.076165 0.001414 0.021968 
200 0.009777 0.010831 0.000342 0.075916 0.001401 0.022458 
201 0.009644 0.010674 0.000319 0.076692 0.001413 0.022916 
202 0.010228 0.011811 0.000437 0.075018 0.001382 0.022669 
203 0.01013 0.01105 0.000357 0.076132 0.001411 0.020803 
204 0.014448 0.010791 0.000337 0.083511 0.001392 0.023457 
205 0.009485 0.010948 0.00033 0.074703 0.001417 0.023158 
206 0.010462 0.01274 0.000385 0.074912 0.001395 0.023765 
207 0.01021 0.012329 0.000362 0.074669 0.001407 0.023849 
208 0.010006 0.010978 0.000344 0.074564 0.001412 0.021655 
209 0.010205 0.01132 0.000368 0.074956 0.001421 0.023087 
210 0.010639 0.011277 0.000375 0.074594 0.001391 0.021507 
211 0.010499 0.011307 0.000377 0.074733 0.001388 0.019596 
212 0.010042 0.0106 0.00041 0.07514 0.001418 0.022762 
213 0.009553 0.01085 0.000328 0.074435 0.001392 0.023275 
214 0.009747 0.010828 0.000338 0.075094 0.00139 0.020107 
215 0.009762 0.011624 0.000349 0.075618 0.001396 0.021154 
216 0.010283 0.0115 0.000345 0.074836 0.001416 0.021144 
217 0.009702 0.011843 0.000349 0.075119 0.0014 0.02328 
218 0.009894 0.010108 0.000326 0.074986 0.001424 0.021067 
219 0.010112 0.01195 0.000361 0.076286 0.001425 0.020993 
220 0.010289 0.012432 0.000398 0.074811 0.00139 0.022513 
221 0.009511 0.010365 0.000321 0.075327 0.001423 0.023551 
222 0.01015 0.011301 0.000326 0.074959 0.001392 0.020392 
223 0.009318 0.010983 0.000322 0.075022 0.001404 0.020774 
224 0.00988 0.010661 0.000319 0.074803 0.001422 0.019037 
225 0.010153 0.01037 0.000326 0.074923 0.001388 0.02222 
226 0.009494 0.010389 0.000319 0.074595 0.001364 0.021131 
227 0.009858 0.010392 0.000308 0.076093 0.001387 0.021634 
228 0.009886 0.010236 0.00034 0.075195 0.001392 0.022835 
229 0.009199 0.01004 0.000317 0.075258 0.00139 0.021732 
230 0.009637 0.010771 0.000319 0.074886 0.001388 0.023212 
231 0.008963 0.009465 0.000303 0.074955 0.001417 0.022097 
232 0.009519 0.010067 0.000334 0.074871 0.001395 0.020053 
233 0.009051 0.010852 0.000289 0.075341 0.001395 0.020964 
234 0.010632 0.008117 0.000239 0.074463 0.001396 0.022352 
235 0.008761 0.008341 0.000272 0.075452 0.001404 0.023254 
236 0.008481 0.009027 0.000294 0.075489 0.001446 0.021873 
237 0.008923 0.008664 0.000285 0.075642 0.001385 0.022516 
238 0.013837 0.010226 0.000302 0.075056 0.001385 0.021376 
239 0.009127 0.009862 0.000307 0.074545 0.001401 0.022543 
240 0.008863 0.008837 0.000298 0.075158 0.001424 0.02118 
241 0.008736 0.008819 0.000292 0.075246 0.001422 0.020259 
242 0.008953 0.009382 0.000285 0.075244 0.001413 0.021162 
243 0.009635 0.010501 0.000356 0.075365 0.001401 0.018745 
244 0.009545 0.01038 0.000334 0.081088 0.001388 0.022306 
245 0.009688 0.010807 0.000364 0.075052 0.001412 0.022319 
246 0.009572 0.011448 0.000353 0.075501 0.001389 0.022938 
247 0.009481 0.010656 0.000326 0.07534 0.00139 0.019162 
248 0.009094 0.010469 0.000293 0.075105 0.001388 0.018111 
249 0.009306 0.01009 0.000295 0.075195 0.001389 0.020381 
250 0.009689 0.010198 0.000327 0.075812 0.001427 0.020116 
251 0.00935 0.009714 0.000311 0.076367 0.001391 0.022449 
252 0.009211 0.009841 0.000309 0.082722 0.001369 0.023664 
253 0.009107 0.009739 0.000295 0.075905 0.001395 0.021615 
254 0.009017 0.008914 0.000291 0.075313 0.00143 0.021281 
255 0.008766 0.009698 0.000295 0.074599 0.001409 0.021524 
256 0.012511 0.012312 0.000314 0.074944 0.001407 0.023477 
257 0.012141 0.009851 0.000297 0.074925 0.001377 0.023452 
258 0.009081 0.009682 0.000325 0.075057 0.001373 0.023068 
259 0.008758 0.009062 0.000294 0.074898 0.001461 0.025123 
260 0.009409 0.010279 0.000328 0.075011 0.001383 0.021608 
261 0.009145 0.009777 0.000302 0.074855 0.001386 0.024237 
262 0.016819 0.010226 0.000355 0.075175 0.0014 0.023851 
263 0.009092 0.009738 0.000304 0.074581 0.001393 0.026872 
264 0.009285 0.009602 0.000295 0.075345 0.00139 0.028797 
265 0.009089 0.009442 0.000342 0.074981 0.001404 0.024835 
266 0.009287 0.010287 0.000313 0.074523 0.001387 0.026768 
267 0.009065 0.008956 0.000295 0.075417 0.001431 0.026342 
268 0.009064 0.009199 0.000289 0.077819 0.001385 0.026069 
269 0.008682 0.008587 0.000282 0.075093 0.001419 0.027498 
270 0.009347 0.009685 0.00034 0.074939 0.001411 0.027359 
271 0.009816 0.00984 0.0003 0.075475 0.001377 0.028738 
272 0.009953 0.010425 0.00036 0.074764 0.00139 0.027878 
273 0.009135 0.009166 0.000306 0.075953 0.001386 0.028941 
274 0.009682 0.010817 0.000328 0.074424 0.00137 0.026847 
275 0.009459 0.009302 0.000319 0.075138 0.001413 0.036287 
276 0.00972 0.010454 0.000322 0.076507 0.001427 0.027893 
277 0.009587 0.009698 0.000303 0.074605 0.001399 0.028225 
278 0.009501 0.00968 0.000303 0.07578 0.0014 0.027106 
279 0.009727 0.010163 0.000334 0.07532 0.001392 0.026908 
280 0.009647 0.009215 0.000325 0.075009 0.001398 0.02555 
281 0.009549 0.009613 0.000327 0.075165 0.001408 0.028373 
282 0.009656 0.010014 0.000305 0.075928 0.001402 0.026576 
283 0.012132 0.01045 0.000323 0.075218 0.001414 0.026315 
284 0.009741 0.011114 0.000308 0.075699 0.00139 0.023909 
285 0.014662 0.010316 0.000317 0.074881 0.001391 0.025461 
286 0.008974 0.010234 0.000319 0.075035 0.00141 0.02688 
287 0.01214 0.009963 0.000296 0.075046 0.001384 0.023913 
288 0.009164 0.009734 0.000298 0.07559 0.001433 0.025304 
289 0.016178 0.009418 0.000303 0.074463 0.00139 0.025494 
290 0.009135 0.0096 0.000293 0.075725 0.001439 0.025771 
291 0.00941 0.010064 0.000301 0.075088 0.001392 0.024346 
292 0.014179 0.009921 0.000298 0.076059 0.001406 0.024936 
293 0.009421 0.009847 0.000297 0.074898 0.001388 0.025914 
294 0.0092 0.010147 0.000333 0.075162 0.001361 0.023562 
295 0.012461 0.01023 0.000313 0.075161 0.001388 0.024701 
296 0.014134 0.0107 0.000353 0.075624 0.001392 0.023865 
297 0.009674 0.011455 0.000348 0.074607 0.001369 0.024418 
298 0.010433 0.012401 0.000388 0.074652 0.00141 0.024145 
299 0.010708 0.011593 0.000376 0.075676 0.001409 0.02356 
300 0.010108 0.01185 0.000377 0.075979 0.00145 0.022996 
301 0.010505 0.012595 0.000359 0.075174 0.001409 0.021366 
302 0.010044 0.010893 0.000352 0.075695 0.001397 0.02392 
303 0.009781 0.011166 0.000343 0.074936 0.001414 0.021427 
304 0.010587 0.010978 0.000345 0.075471 0.001409 0.023383 
305 0.009523 0.010842 0.000317 0.076054 0.001429 0.025337 
306 0.009692 0.010945 0.000326 0.074917 0.00147 0.020883 
307 0.01002 0.011143 0.000353 0.075686 0.001391 0.02255 
308 0.011975 0.011497 0.000354 0.074509 0.001397 0.021723 
309 0.009663 0.011108 0.00036 0.074526 0.001411 0.022894 
310 0.00989 0.011035 0.000332 0.075102 0.001407 0.021652 
311 0.009381 0.010363 0.000318 0.074587 0.001369 0.024836 
312 0.009685 0.012209 0.000351 0.075183 0.001384 0.024686 
313 0.010351 0.011963 0.000433 0.07475 0.001407 0.027222 
314 0.010165 0.011958 0.000356 0.074514 0.001411 0.029149 
315 0.017532 0.015244 0.000385 0.074899 0.001391 0.023092 
316 0.010068 0.011963 0.000352 0.075245 0.001434 0.020582 
317 0.010514 0.012569 0.00039 0.075071 0.00141 0.022706 
318 0.010702 0.012705 0.000397 0.076072 0.00139 0.024249 
319 0.014756 0.012808 0.000384 0.074771 0.001414 0.024528 
320 0.010225 0.011844 0.000364 0.075963 0.001386 0.023289 
321 0.010522 0.012235 0.00036 0.074975 0.001404 0.025341 
322 0.010552 0.012333 0.000387 0.075546 0.001437 0.025745 
323 0.010447 0.012388 0.000371 0.074916 0.001386 0.024973 
324 0.010752 0.012592 0.000385 0.074944 0.001404 0.024075 
325 0.01042 0.012497 0.000373 0.074936 0.001373 0.025265 
326 0.010147 0.012188 0.00038 0.07531 0.001415 0.024184 
327 0.013297 0.011815 0.000359 0.074918 0.001393 0.024836 
328 0.010493 0.012319 0.000376 0.074727 0.001411 0.024284 
329 0.010452 0.012506 0.000363 0.074708 0.001389 0.023874 
330 0.010852 0.012308 0.000374 0.074911 0.001385 0.024012 
331 0.01048 0.011751 0.000373 0.074872 0.001428 0.024099 
332 0.010767 0.012169 0.000392 0.074837 0.001371 0.025043 
333 0.010506 0.012888 0.00038 0.074923 0.001414 0.025902 
334 0.010261 0.012279 0.000353 0.075038 0.00141 0.023301 
335 0.013053 0.01212 0.000352 0.075208 0.001425 0.022772 
336 0.010218 0.012515 0.000388 0.074816 0.001437 0.024951 
337 0.010144 0.011644 0.000366 0.076108 0.001373 0.022958 
338 0.009768 0.011093 0.000327 0.074954 0.001429 0.021414 
339 0.009952 0.011507 0.000357 0.075342 0.001412 0.02432 
340 0.009513 0.010295 0.000312 0.074987 0.001429 0.022411 
341 0.009672 0.011002 0.000315 0.075384 0.001389 0.019935 
342 0.009588 0.010754 0.00031 0.074964 0.001404 0.020431 
343 0.012689 0.011023 0.00034 0.074983 0.001391 0.020697 
344 0.00982 0.01031 0.000335 0.074939 0.001454 0.020763 
345 0.010144 0.011653 0.000344 0.075416 0.001392 0.019657 
346 0.009649 0.01063 0.000342 0.075174 0.001388 0.020024 
347 0.009717 0.011892 0.000327 0.075069 0.001395 0.024493 
348 0.010537 0.012111 0.000344 0.07494 0.001436 0.02164 
349 0.009348 0.010595 0.000286 0.074984 0.001411 0.021348 
350 0.009668 0.01064 0.000314 0.075043 0.0014 0.022373 
351 0.013173 0.010432 0.000307 0.075499 0.001393 0.020893 
352 0.009897 0.010777 0.000343 0.07504 0.001383 0.020973 
353 0.010192 0.011459 0.000345 0.075006 0.001393 0.022761 
354 0.009918 0.010834 0.000319 0.076295 0.001446 0.021416 
355 0.010109 0.010678 0.000319 0.075395 0.001398 0.021633 
356 0.010311 0.012018 0.00034 0.076136 0.001387 0.020256 
357 0.010236 0.010979 0.000317 0.076044 0.001432 0.021278 
358 0.010575 0.012645 0.000312 0.075397 0.001412 0.020548 
359 0.013025 0.011138 0.000308 0.075508 0.00141 0.018738 
360 0.012949 0.011228 0.000315 0.075088 0.001392 0.020966 
361 0.009698 0.010519 0.000292 0.075301 0.001412 0.021191 
362 0.009789 0.010728 0.000309 0.074739 0.001407 0.020877 
363 0.009757 0.011034 0.00031 0.076215 0.001396 0.020093 
364 0.009722 0.010379 0.000322 0.074997 0.001411 0.021974 
365 0.00995 0.011344 0.000331 0.07565 0.001377 0.021559 
366 0.009368 0.009642 0.000305 0.076837 0.001392 0.020987 
367 0.012544 0.010244 0.000318 0.076165 0.00142 0.021794 
368 0.012505 0.010212 0.000303 0.07549 0.00141 0.02296 
369 0.009329 0.00997 0.000323 0.074795 0.001393 0.022497 
370 0.009764 0.011183 0.000351 0.075405 0.001401 0.024296 
371 0.009869 0.011556 0.000361 0.07614 0.001384 0.024122 
372 0.010469 0.012192 0.000383 0.077148 0.00145 0.02342 
373 0.009708 0.01081 0.000325 0.075802 0.001391 0.024726 
374 0.010614 0.013728 0.000395 0.075265 0.001449 0.022684 
375 0.013689 0.012751 0.000378 0.076168 0.001409 0.023436 
376 0.014108 0.012849 0.000399 0.076223 0.001395 0.024897 
377 0.009749 0.011972 0.000357 0.075177 0.001413 0.023917 
378 0.010576 0.012549 0.00039 0.075223 0.001416 0.023559 
379 0.010062 0.012533 0.00059 0.077393 0.001381 0.023786 
380 0.010182 0.013939 0.000365 0.07508 0.001414 0.023667 
381 0.010338 0.012986 0.000389 0.076071 0.001407 0.022431 
382 0.010191 0.011747 0.000361 0.074983 0.001413 0.021436 
383 0.011214 0.007503 0.000239 0.076086 0.00139 0.023211 
384 0.011823 0.008309 0.000261 0.076561 0.001387 0.02416 
385 0.008909 0.009062 0.000268 0.075173 0.001413 0.025178 
386 0.00879 0.008783 0.000264 0.075397 0.001405 0.024537 
387 0.008791 0.009364 0.000287 0.076484 0.001432 0.023722 
388 0.008589 0.009843 0.000239 0.075078 0.001411 0.02375 
389 0.008604 0.008128 0.000261 0.075649 0.001392 0.023496 
390 0.009055 0.010299 0.000284 0.076815 0.00137 0.023086 
391 0.012516 0.009869 0.000279 0.075095 0.001455 0.02413 
392 0.011829 0.008715 0.00027 0.074984 0.001368 0.023972 
393 0.009076 0.010142 0.000309 0.075092 0.001405 0.022405 
394 0.009354 0.010312 0.000319 0.074876 0.001411 0.021576 
395 0.009406 0.011191 0.000321 0.075057 0.001392 0.021448 
396 0.009396 0.010173 0.000333 0.074855 0.001364 0.022034 
397 0.009334 0.010398 0.000333 0.075003 0.001414 0.02125 
398 0.009246 0.010212 0.000311 0.075103 0.001407 0.022031 
399 0.012539 0.00938 0.000301 0.075316 0.001384 0.02178 
400 0.012252 0.008777 0.000291 0.075598 0.001381 0.022027 
401 0.008355 0.007517 0.000256 0.075193 0.001387 0.022525 
402 0.008757 0.008677 0.000276 0.075377 0.001387 0.022299 
403 0.009278 0.009706 0.000324 0.076191 0.001395 0.022091 
404 0.0088 0.00877 0.000353 0.075084 0.001407 0.024151 
405 0.008698 0.009284 0.000273 0.076154 0.001401 0.020893 
406 0.008809 0.008551 0.000279 0.074911 0.001386 0.023408 
407 0.012502 0.009707 0.000288 0.074817 0.001368 0.022072 
408 0.012482 0.009917 0.000322 0.074972 0.001426 0.022565 
409 0.00962 0.010543 0.000343 0.074947 0.001405 0.022281 
410 0.009414 0.010939 0.000336 0.076216 0.001395 0.021276 
411 0.009135 0.01021 0.000299 0.075353 0.001457 0.022619 
412 0.009549 0.010922 0.000331 0.07517 0.001387 0.024098 
413 0.009625 0.011326 0.000339 0.07525 0.001444 0.021927 
414 0.009462 0.009775 0.000331 0.075024 0.001376 0.019645 
415 0.012202 0.009767 0.000299 0.075868 0.001386 0.023315 
416 0.012367 0.010221 0.000319 0.074774 0.001389 0.0204 
417 0.008993 0.009656 0.000289 0.074895 0.001373 0.020766 
418 0.009776 0.010928 0.000337 0.076005 0.001409 0.021844 
419 0.010599 0.011738 0.000399 0.075462 0.001392 0.02284 
420 0.010049 0.012028 0.000382 0.076035 0.001416 0.02073 
421 0.009462 0.010414 0.000331 0.075029 0.001395 0.023149 
422 0.00984 0.01121 0.000336 0.075968 0.001385 0.021377 
423 0.012471 0.01001 0.00031 0.07483 0.001437 0.022689 
424 0.011925 0.008153 0.000258 0.074793 0.001387 0.020499 
425 0.009132 0.009188 0.000277 0.075027 0.001412 0.024763 
426 0.008756 0.008036 0.000283 0.075279 0.00141 0.024981 
427 0.008599 0.008163 0.000267 0.075229 0.001417 0.025399 
428 0.008766 0.008327 0.000269 0.074685 0.001432 0.022919 
429 0.008607 0.007302 0.000234 0.076435 0.001402 0.021704 
430 0.008632 0.007619 0.000237 0.075054 0.001364 0.022291 
431 0.011515 0.007592 0.000259 0.076074 0.001407 0.023437 
432 0.011754 0.007121 0.000234 0.074834 0.001442 0.024003 
433 0.008508 0.008012 0.000247 0.075485 0.001404 0.024175 
434 0.008648 0.008707 0.000258 0.075706 0.00143 0.022916 
435 0.00807 0.007415 0.00024 0.074957 0.001433 0.02217 
436 0.007935 0.006704 0.00021 0.0769 0.001407 0.023593 
437 0.012884 0.009115 0.000251 0.075646 0.001394 0.025839 
438 0.011859 0.007315 0.000242 0.076865 0.001393 0.022472 
439 0.013978 0.007739 0.000227 0.075046 0.001398 0.024667 
440 0.011201 0.006859 0.000218 0.076035 0.00142 0.023401 
441 0.008523 0.008044 0.000258 0.075186 0.001426 0.023897 
442 0.008446 0.00808 0.000246 0.074882 0.001385 0.024354 
443 0.009137 0.009818 0.000295 0.074797 0.001421 0.023555 
444 0.008632 0.008656 0.000255 0.076898 0.001409 0.024945 
445 0.009293 0.009529 0.00028 0.074953 0.001391 0.0233 
446 0.009628 0.010343 0.000321 0.075187 0.001382 0.024671 
447 0.012773 0.010189 0.000316 0.074931 0.001412 0.023882 
448 0.013021 0.011287 0.000314 0.074977 0.00138 0.024484 
449 0.009613 0.009942 0.000309 0.076742 0.001414 0.023686 
450 0.010482 0.012746 0.000367 0.074929 0.001388 0.023634 
451 0.010238 0.012732 0.000364 0.074962 0.001386 0.024128 
452 0.010086 0.010875 0.000343 0.074931 0.001398 0.02662 
453 0.010258 0.010912 0.000337 0.075066 0.001391 0.026585 
454 0.010188 0.010782 0.000348 0.074808 0.00143 0.025128 
455 0.013499 0.011928 0.000343 0.074734 0.001397 0.023761 
456 0.01341 0.011682 0.000349 0.076384 0.001418 0.023507 
457 0.009999 0.010773 0.000321 0.074897 0.001383 0.024653 
458 0.009793 0.010918 0.000328 0.074953 0.001387 0.024948 
459 0.009934 0.012751 0.000361 0.075224 0.001386 0.025588 
460 0.011424 0.013662 0.000375 0.077811 0.001411 0.024808 
461 0.01024 0.012868 0.000387 0.075256 0.001414 0.023387 
462 0.010603 0.012426 0.000374 0.074797 0.001423 0.025224 
463 0.013659 0.012132 0.000359 0.075076 0.001386 0.025097 
464 0.013011 0.011584 0.000374 0.075142 0.001406 0.024947 
465 0.009858 0.011039 0.000354 0.076367 0.001373 0.025607 
466 0.009728 0.010785 0.000321 0.074875 0.001368 0.025565 
467 0.01006 0.011397 0.000328 0.076313 0.001387 0.025464 
468 0.009479 0.009704 0.000312 0.074989 0.001383 0.025165 
469 0.010039 0.0114 0.000342 0.075481 0.001391 0.026247 
470 0.009795 0.010501 0.00034 0.074952 0.001383 0.02774 
471 0.013109 0.010562 0.000349 0.074824 0.001386 0.027068 
472 0.013727 0.011763 0.00033 0.074959 0.00139 0.025072 
473 0.009865 0.01065 0.000329 0.07505 0.001386 0.025553 
474 0.009951 0.011554 0.000325 0.076312 0.001391 0.026223 
475 0.009589 0.011334 0.000346 0.075185 0.001366 0.026522 
476 0.010196 0.011217 0.000331 0.07516 0.001407 0.024694 
477 0.010149 0.010502 0.000347 0.075086 0.001407 0.023971 
478 0.010232 0.011589 0.000349 0.07521 0.00143 0.026852 
479 0.01252 0.009823 0.000311 0.074832 0.001385 0.025585 
480 0.012415 0.01054 0.000285 0.074821 0.001429 0.025092 
481 0.010208 0.011373 0.000334 0.075115 0.00143 0.024069 
482 0.011834 0.011173 0.000334 0.07472 0.001422 0.02846 
483 0.009977 0.011237 0.000355 0.076147 0.001389 0.026048 
484 0.009978 0.011154 0.000358 0.076714 0.001404 0.024968 
485 0.010104 0.011577 0.000355 0.075303 0.001411 0.024177 
486 0.009981 0.01147 0.000342 0.074574 0.001387 0.025436 
487 0.009881 0.011296 0.000348 0.075282 0.001375 0.025235 
488 0.010321 0.012149 0.000362 0.08012 0.001392 0.024802 
489 0.010549 0.012804 0.000395 0.074975 0.001374 0.024217 
490 0.010162 0.011701 0.000422 0.07507 0.0014 0.022687 
491 0.010357 0.011403 0.000362 0.074806 0.001389 0.022 
492 0.010115 0.011187 0.000346 0.078398 0.001394 0.023998 
493 0.010237 0.010942 0.000338 0.075111 0.00139 0.024042 
494 0.010337 0.011451 0.000347 0.074741 0.001388 0.026064 
495 0.009941 0.01118 0.000335 0.075239 0.001389 0.026363 
496 0.0105 0.011677 0.000368 0.075989 0.001424 0.025559 
497 0.01067 0.011601 0.000354 0.076329 0.001484 0.025268 
498 0.010364 0.010864 0.000364 0.07492 0.001397 0.025904 
499 0.010798 0.012279 0.000358 0.075655 0.001421 0.023806 
500 0.011078 0.013197 0.000374 0.075594 0.00139 0.021994 
501 0.010903 0.012477 0.000355 0.075239 0.001403 0.021842 
502 0.011299 0.012543 0.000375 0.074672 0.001432 0.023083 
503 0.01036 0.012096 0.00034 0.075727 0.001424 0.023012 
504 0.011141 0.014133 0.000368 0.0753 0.001386 0.022831 
505 0.010948 0.012578 0.00035 0.075604 0.001389 0.022555 
506 0.010365 0.012441 0.00036 0.074661 0.00138 0.023639 
507 0.010377 0.012342 0.000318 0.074879 0.001403 0.02271 
508 0.010363 0.012421 0.000342 0.074594 0.001425 0.023384 
509 0.011037 0.011743 0.000352 0.075362 0.001384 0.023825 
510 0.010267 0.011913 0.000335 0.074647 0.001408 0.024059 
511 0.01056 0.011562 0.00034 0.075966 0.001389 0.021916 
512 0.009504 0.009393 0.000306 0.074974 0.00142 0.023496 
513 0.009676 0.009152 0.000302 0.074593 0.001419 0.02482 
514 0.010294 0.010652 0.000308 0.076047 0.001418 0.023771 
515 0.009756 0.009774 0.000305 0.074912 0.0014 0.023052 
516 0.010392 0.010623 0.000312 0.074659 0.001386 0.025194 
517 0.01005 0.011071 0.000331 0.074912 0.001389 0.026617 
518 0.009639 0.009672 0.000308 0.074683 0.00142 0.027308 
519 0.009672 0.009709 0.000299 0.074765 0.001382 0.026718 
520 0.009514 0.010926 0.000317 0.076291 0.001392 0.024589 
521 0.009696 0.011267 0.000315 0.074653 0.001379 0.024692 
522 0.01584 0.011607 0.000331 0.075094 0.001414 0.024176 
523 0.009393 0.00963 0.000326 0.076494 0.001386 0.025474 
524 0.017129 0.009995 0.000327 0.075075 0.001391 0.022377 
525 0.009443 0.010127 0.000317 0.074959 0.001381 0.024776 
526 0.009474 0.010537 0.000338 0.075286 0.001436 0.023708 
527 0.013242 0.011066 0.00037 0.075127 0.001427 0.024625 
528 0.012701 0.010807 0.000317 0.074937 0.001414 0.024162 
529 0.009629 0.010515 0.000313 0.075015 0.001433 0.024759 
530 0.009445 0.01068 0.000314 0.075039 0.001405 0.025905 
531 0.009375 0.010911 0.000316 0.075162 0.001387 0.025675 
532 0.009459 0.011108 0.000298 0.075203 0.001404 0.023295 
533 0.009608 0.010776 0.000315 0.074992 0.001387 0.024303 
534 0.009562 0.010659 0.000293 0.075113 0.001436 0.02383 
535 0.012418 0.010808 0.000302 0.076177 0.001434 0.024202 
536 0.011873 0.010424 0.000276 0.075062 0.001394 0.02473 
537 0.011675 0.01069 0.000286 0.075446 0.001386 0.023565 
538 0.009625 0.0104 0.000311 0.075 0.001431 0.024081 
539 0.009516 0.009809 0.000343 0.075033 0.001389 0.024098 
540 0.009483 0.009934 0.000296 0.075259 0.001404 0.025399 
541 0.009186 0.009319 0.000302 0.075242 0.001386 0.025691 
542 0.009486 0.009847 0.000308 0.075093 0.001409 0.025354 
543 0.016695 0.010026 0.000281 0.075516 0.001391 0.025898 
544 0.009558 0.010433 0.000367 0.075002 0.001395 0.024551 
545 0.009466 0.009908 0.000305 0.075542 0.001432 0.026163 
546 0.009634 0.010135 0.000327 0.075321 0.001389 0.024476 
547 0.009723 0.010396 0.000334 0.076832 0.001391 0.023374 
548 0.009852 0.010723 0.000336 0.075776 0.001411 0.023717 
549 0.009782 0.010464 0.000323 0.076044 0.001394 0.02279 
550 0.013524 0.011737 0.00034 0.075019 0.001394 0.023567 
551 0.009933 0.010933 0.00035 0.075618 0.001449 0.022663 
552 0.010035 0.011453 0.000309 0.075184 0.001394 0.023736 
553 0.013029 0.012523 0.000324 0.075579 0.001421 0.025313 
554 0.009188 0.010081 0.000296 0.076255 0.001413 0.023649 
555 0.009856 0.011885 0.000342 0.074847 0.001368 0.022718 
556 0.009359 0.010652 0.000332 0.07524 0.001412 0.02458 
557 0.009438 0.009925 0.000277 0.077156 0.001422 0.024887 
558 0.009867 0.011258 0.00032 0.075295 0.001391 0.02535 
559 0.01287 0.010634 0.000353 0.075959 0.001409 0.023895 
560 0.012436 0.010522 0.000312 0.074994 0.001389 0.024275 
561 0.009475 0.010027 0.000304 0.075723 0.001413 0.023244 
562 0.009337 0.010983 0.000305 0.076001 0.001389 0.024552 
563 0.010068 0.011702 0.000357 0.074811 0.00139 0.024205 
564 0.010288 0.011656 0.000349 0.074916 0.001385 0.023677 
565 0.009615 0.01035 0.000322 0.076632 0.00139 0.025191 
566 0.009587 0.011198 0.000322 0.07481 0.001413 0.024727 
567 0.012695 0.010914 0.000331 0.075131 0.001383 0.025077 
568 0.013124 0.009877 0.000295 0.074932 0.001388 0.026141 
569 0.009862 0.010393 0.000322 0.074928 0.001368 0.025332 
570 0.010115 0.011676 0.00034 0.075146 0.00141 0.025907 
571 0.009762 0.010071 0.000329 0.074889 0.001406 0.025282 
572 0.00984 0.010847 0.000329 0.075153 0.001386 0.02499 
573 0.009419 0.010544 0.000316 0.07493 0.001402 0.025628 
574 0.009849 0.010706 0.000344 0.074777 0.001379 0.024879 
575 0.012877 0.010479 0.000334 0.075053 0.001409 0.024993 
576 0.012484 0.010399 0.000317 0.076345 0.001365 0.024549 
577 0.010345 0.011909 0.000366 0.074597 0.001411 0.025163 
578 0.00964 0.010131 0.000319 0.075089 0.001391 0.025787 
579 0.010192 0.01147 0.000339 0.074967 0.001408 0.024995 
580 0.010599 0.013138 0.000381 0.074751 0.001369 0.025048 
581 0.009665 0.011846 0.000371 0.07499 0.00141 0.026735 
582 0.010359 0.012427 0.000347 0.074976 0.001395 0.025801 
583 0.013707 0.011815 0.000343 0.075492 0.001411 0.025807 
584 0.013551 0.013937 0.000374 0.075382 0.001403 0.025202 
585 0.010008 0.01104 0.000332 0.075232 0.00139 0.024425 
586 0.010055 0.011906 0.000355 0.076204 0.001393 0.022857 
587 0.012371 0.011689 0.000353 0.0751 0.001395 0.023761 
588 0.01006 0.011189 0.000331 0.074563 0.001394 0.023212 
589 0.01276 0.010417 0.000308 0.075628 0.001374 0.024124 
590 0.009485 0.010128 0.000316 0.074923 0.00139 0.021427 
591 0.015086 0.015358 0.000852 0.08004 0.001394 0.024129 
592 0.009744 0.010686 0.00029 0.075579 0.001435 0.023932 
593 0.009573 0.010098 0.000301 0.076413 0.001377 0.022925 
594 0.012912 0.010613 0.000294 0.075573 0.00138 0.025152 
595 0.00868 0.008644 0.000267 0.076168 0.001379 0.023533 
596 0.009688 0.010944 0.000317 0.076525 0.001393 0.023815 
597 0.009042 0.009029 0.000247 0.083792 0.001389 0.023393 
598 0.009314 0.009259 0.000269 0.084616 0.001398 0.02455 
599 0.009425 0.009819 0.000282 0.075903 0.001423 0.024211 
600 0.008818 0.009499 0.000287 0.074868 0.001398 0.024936 
601 0.009274 0.009151 0.000287 0.076028 0.00143 0.024952 
602 0.012179 0.008737 0.000273 0.075115 0.001393 0.021759 
603 0.009158 0.010249 0.000302 0.074606 0.001393 0.023063 
604 0.009753 0.01069 0.000318 0.075255 0.001386 0.021879 
605 0.009698 0.010857 0.000339 0.089218 0.001413 0.022768 
606 0.01014 0.011798 0.000336 0.079916 0.001399 0.023362 
607 0.009552 0.011203 0.000356 0.074997 0.001415 0.02272 
608 0.010529 0.012062 0.000349 0.074794 0.001402 0.020888 
609 0.010274 0.012306 0.000343 0.075754 0.001374 0.021032 
610 0.01347 0.011427 0.000361 0.07505 0.001412 0.019868 
611 0.010279 0.012218 0.000335 0.075709 0.001388 0.020094 
612 0.009992 0.011013 0.000321 0.075414 0.001368 0.021498 
613 0.009806 0.010761 0.000314 0.07461 0.001391 0.020993 
614 0.010372 0.011055 0.000333 0.075656 0.001394 0.018759 
615 0.009383 0.00981 0.00031 0.076577 0.001418 0.018625 
616 0.010141 0.011632 0.000318 0.074733 0.001407 0.017809 
617 0.009703 0.010222 0.000284 0.07492 0.001398 0.019861 
618 0.012108 0.008902 0.000258 0.07486 0.001367 0.021688 
619 0.009219 0.010169 0.000286 0.075846 0.001392 0.022717 
620 0.009197 0.008668 0.000268 0.075393 0.001386 0.020742 
621 0.014275 0.009253 0.000264 0.076021 0.001408 0.02202 
622 0.009261 0.009507 0.000295 0.074992 0.001405 0.022755 
623 0.013056 0.01046 0.000335 0.075366 0.001391 0.024361 
624 0.013672 0.011146 0.000354 0.076141 0.001409 0.02275 
625 0.009833 0.011936 0.000324 0.076071 0.001377 0.024093 
626 0.009427 0.010111 0.000297 0.075276 0.00142 0.025308 
627 0.009275 0.009016 0.000282 0.075008 0.001412 0.022744 
628 0.009147 0.009189 0.000294 0.0752 0.001415 0.022765 
629 0.015864 0.009013 0.000291 0.075211 0.001691 0.023046 
630 0.01243 0.009265 0.000308 0.07522 0.00139 0.023013 
631 0.01648 0.008664 0.000296 0.074912 0.001424 0.023161 
632 0.012618 0.011081 0.000326 0.076312 0.001427 0.020563 
633 0.007897 0.007024 0.000233 0.075128 0.001422 0.020774 
634 0.008224 0.006646 0.000236 0.075061 0.00139 0.020322 
635 0.008273 0.006845 0.000253 0.074958 0.001421 0.021366 
636 0.008392 0.00725 0.000232 0.075227 0.001425 0.020907 
637 0.008384 0.006988 0.000226 0.075477 0.001377 0.020218 
638 0.008162 0.006734 0.000207 0.074961 0.001383 0.02034 
639 0.01128 0.007691 0.000246 0.076283 0.001394 0.020637 
640 0.011667 0.006822 0.000235 0.075306 0.001388 0.023059 
641 0.008783 0.008138 0.00027 0.075074 0.001452 0.022357 
642 0.008662 0.00858 0.00028 0.074906 0.001393 0.022759 
643 0.008869 0.008967 0.000258 0.075217 0.001385 0.021944 
644 0.00834 0.007132 0.000226 0.074885 0.001391 0.024164 
645 0.008889 0.00808 0.000267 0.07527 0.001365 0.020287 
646 0.009055 0.009021 0.000287 0.075834 0.00139 0.022641 
647 0.012455 0.009964 0.0003 0.074912 0.001461 0.022671 
648 0.012444 0.009125 0.00029 0.074783 0.001403 0.022398 
649 0.00869 0.009024 0.000293 0.075055 0.00141 0.022909 
650 0.009216 0.009747 0.00031 0.074996 0.00139 0.022951 
651 0.00934 0.010073 0.000306 0.074925 0.001409 0.022154 
652 0.01008 0.011659 0.000379 0.075008 0.001459 0.023724 
653 0.009819 0.01136 0.000352 0.074925 0.001384 0.023161 
654 0.010092 0.011803 0.000355 0.075224 0.001389 0.024763 
655 0.012677 0.01017 0.000311 0.075465 0.001399 0.024115 
656 0.014495 0.011202 0.000361 0.075158 0.001412 0.023497 
657 0.008972 0.009096 0.000279 0.075775 0.001413 0.021482 
658 0.01179 0.008703 0.000273 0.075502 0.001405 0.024052 
659 0.009686 0.011082 0.000341 0.076687 0.001389 0.023801 
660 0.008103 0.007215 0.000228 0.075176 0.001415 0.023197 
661 0.008234 0.00646 0.000206 0.074814 0.001465 0.023909 
662 0.008087 0.006487 0.00022 0.075081 0.001432 0.023797 
663 0.010384 0.005298 0.000193 0.07489 0.001425 0.025445 
664 0.011373 0.006225 0.000221 0.074997 0.001389 0.024899 
665 0.007903 0.006095 0.000189 0.075096 0.001407 0.024388 
666 0.008211 0.006673 0.000223 0.07577 0.001417 0.022031 
667 0.007891 0.005948 0.000197 0.075382 0.001391 0.024229 
668 0.008937 0.00852 0.000255 0.075131 0.001406 0.022682 
669 0.008731 0.007816 0.000247 0.075145 0.001397 0.022896 
670 0.008662 0.007538 0.000255 0.0751 0.001385 0.026094 
671 0.011862 0.008349 0.000249 0.075206 0.001391 0.019033 
672 0.012418 0.009233 0.000284 0.075016 0.001376 0.020137 
673 0.008795 0.007985 0.000271 0.076504 0.001384 0.021691 
674 0.008826 0.008261 0.00026 0.075257 0.001399 0.022579 
675 0.009091 0.00899 0.000287 0.075068 0.001412 0.021936 
676 0.009278 0.009723 0.000315 0.075301 0.001407 0.021538 
677 0.009304 0.010515 0.000314 0.075093 0.001379 0.022956 
678 0.009412 0.009311 0.000336 0.075001 0.001389 0.022022 
679 0.012889 0.009843 0.000303 0.076093 0.001378 0.02034 
680 0.012786 0.009603 0.000308 0.074788 0.001392 0.023107 
681 0.009145 0.009971 0.00027 0.075797 0.00141 0.025537 
682 0.008866 0.009171 0.000263 0.076957 0.001372 0.024017 
683 0.008899 0.008124 0.000258 0.074854 0.00139 0.023317 
684 0.00894 0.009213 0.000318 0.074981 0.001373 0.024961 
685 0.009228 0.008998 0.000269 0.075003 0.001407 0.023983 
686 0.008883 0.008423 0.000255 0.075264 0.001428 0.024496 
687 0.012091 0.008946 0.000281 0.076027 0.001391 0.023677 
688 0.012261 0.010114 0.000268 0.074974 0.001386 0.025574 
689 0.009692 0.011349 0.000306 0.075305 0.001431 0.024804 
690 0.009279 0.009366 0.000297 0.076083 0.001402 0.026081 
691 0.009116 0.009038 0.000282 0.074579 0.001373 0.024853 
692 0.009388 0.010039 0.000318 0.075037 0.001406 0.024794 
693 0.009174 0.009002 0.000284 0.075041 0.001414 0.02407 
694 0.009682 0.009596 0.000287 0.074723 0.001414 0.023407 
695 0.012622 0.009658 0.000293 0.075232 0.001403 0.023417 
696 0.01218 0.0093 0.000276 0.07467 0.001372 0.022421 
697 0.009219 0.00902 0.000285 0.075067 0.001387 0.023921 
698 0.009369 0.008594 0.000291 0.07533 0.001397 0.025179 
699 0.00962 0.010421 0.000308 0.074648 0.001387 0.024073 
