1 0.05111 0.02999 0.000493 0.145508 0.001758 0.023295 
2 0.018044 0.020279 0.000412 0.144707 0.001769 0.02315 
3 0.015941 0.021584 0.000458 0.145665 0.001759 0.024156 
4 0.019235 0.021108 0.000446 0.147009 0.002015 0.023633 
5 0.016114 0.021464 0.000534 0.146212 0.001861 0.021601 
6 0.017722 0.021295 0.000446 0.143874 0.001773 0.021666 
7 0.015266 0.019757 0.000514 0.143895 0.001743 0.022902 
8 0.018278 0.019863 0.000453 0.144158 0.001778 0.022943 
9 0.017959 0.019152 0.000433 0.143656 0.001755 0.021935 
10 0.01456 0.018354 0.000409 0.144562 0.001786 0.023437 
11 0.014628 0.019401 0.000464 0.14427 0.001753 0.023373 
12 0.015289 0.020499 0.000461 0.143484 0.001762 0.021906 
13 0.01501 0.019511 0.00044 0.144733 0.001805 0.023394 
14 0.01524 0.019752 0.000444 0.144316 0.001745 0.022723 
15 0.014881 0.019879 0.000425 0.14397 0.00177 0.024676 
16 0.019317 0.021798 0.000474 0.143666 0.001735 0.025262 
17 0.018796 0.021606 0.000449 0.143598 0.001775 0.02119 
18 0.014924 0.018831 0.000431 0.143951 0.001765 0.022171 
19 0.016068 0.020216 0.000441 0.14318 0.001747 0.020297 
20 0.01406 0.01705 0.000351 0.143921 0.001753 0.019598 
21 0.013951 0.015748 0.000349 0.156939 0.001724 0.020406 
22 0.015452 0.019113 0.00041 0.144218 0.001764 0.021916 
23 0.015623 0.018988 0.000439 0.14348 0.001746 0.018109 
24 0.018205 0.018859 0.000366 0.143408 0.001756 0.01808 
25 0.017638 0.018155 0.000406 0.144328 0.001748 0.01925 
26 0.015263 0.019003 0.000453 0.143569 0.001738 0.020079 
27 0.014834 0.018011 0.000399 0.144252 0.001772 0.022497 
28 0.014554 0.019563 0.000414 0.143357 0.001784 0.02379 
29 0.014121 0.016156 0.000346 0.143791 0.001765 0.023266 
30 0.013483 0.014896 0.000332 0.144203 0.001754 0.024048 
31 0.013832 0.015107 0.000339 0.150765 0.001757 0.020427 
32 0.020442 0.017871 0.000362 0.144437 0.001788 0.020962 
33 0.013033 0.014447 0.000297 0.145669 0.001788 0.022705 
34 0.013196 0.01526 0.000371 0.145132 0.001759 0.02094 
35 0.013483 0.013926 0.000336 0.145051 0.001812 0.021414 
36 0.013257 0.013763 0.000316 0.144774 0.001772 0.021477 
37 0.013003 0.013424 0.000323 0.144348 0.001787 0.022936 
38 0.015977 0.013889 0.000308 0.14427 0.001796 0.020924 
39 0.012515 0.012851 0.000305 0.145207 0.00177 0.021726 
40 0.013301 0.016113 0.000328 0.14573 0.001746 0.022843 
41 0.01327 0.014977 0.00033 0.145515 0.001786 0.023319 
42 0.013374 0.015514 0.000335 0.143975 0.001776 0.02411 
43 0.012964 0.016223 0.000427 0.145224 0.001779 0.021214 
44 0.013379 0.017545 0.00036 0.14469 0.001771 0.021217 
45 0.013473 0.017894 0.000354 0.145264 0.001792 0.019724 
46 0.01688 0.017008 0.000383 0.144078 0.001771 0.017435 
47 0.01314 0.016311 0.000349 0.144967 0.001759 0.023017 
48 0.013455 0.015723 0.00037 0.145937 0.001804 0.022243 
49 0.013851 0.016885 0.000401 0.145396 0.001757 0.021099 
50 0.013887 0.017295 0.000409 0.145794 0.001759 0.018304 
51 0.013665 0.017699 0.000389 0.145653 0.001761 0.018746 
52 0.013991 0.018225 0.000441 0.146037 0.001788 0.02133 
53 0.014192 0.015508 0.000344 0.143803 0.001773 0.022063 
54 0.01492 0.019845 0.000459 0.143892 0.001741 0.022186 
55 0.014232 0.017659 0.00042 0.143917 0.001753 0.021912 
56 0.013722 0.015896 0.000356 0.143453 0.001772 0.021203 
57 0.013489 0.016546 0.00037 0.145645 0.001742 0.02013 
58 0.013159 0.01492 0.000348 0.144058 0.001786 0.019782 
59 0.013612 0.016179 0.00037 0.144355 0.001779 0.019909 
60 0.013469 0.015651 0.000368 0.143578 0.001752 0.019462 
61 0.013717 0.016027 0.000367 0.143857 0.001757 0.020875 
62 0.013242 0.015577 0.00044 0.144815 0.001758 0.020567 
63 0.014123 0.018685 0.000404 0.143616 0.00182 0.022907 
64 0.014753 0.019093 0.000436 0.143507 0.001758 0.022925 
65 0.014384 0.020383 0.000469 0.148868 0.001761 0.021077 
66 0.014698 0.019292 0.000439 0.144115 0.001758 0.021667 
67 0.013191 0.015502 0.00035 0.143655 0.001772 0.021561 
68 0.013357 0.015165 0.000324 0.144517 0.001763 0.020472 
69 0.013555 0.014851 0.00034 0.144258 0.001765 0.020451 
70 0.013062 0.014492 0.000318 0.144256 0.001759 0.019701 
71 0.013055 0.015324 0.000334 0.143472 0.001767 0.019174 
72 0.013794 0.016125 0.000361 0.143878 0.001767 0.019187 
73 0.013645 0.015728 0.000357 0.143172 0.001749 0.021687 
74 0.014027 0.01672 0.000408 0.143621 0.001714 0.023592 
75 0.014031 0.017042 0.000381 0.153102 0.00176 0.022005 
76 0.013471 0.016204 0.000355 0.144461 0.00176 0.0222 
77 0.013037 0.014324 0.000315 0.144434 0.001752 0.022129 
78 0.013075 0.014288 0.000336 0.1446 0.001751 0.023845 
79 0.013949 0.017226 0.000379 0.144664 0.001754 0.022246 
80 0.012845 0.013883 0.000338 0.143853 0.001759 0.025323 
81 0.013517 0.014386 0.000334 0.144214 0.001775 0.022066 
82 0.013711 0.015713 0.000348 0.144005 0.001792 0.02293 
83 0.013307 0.013046 0.000297 0.144894 0.001774 0.022255 
84 0.012808 0.012181 0.000286 0.144 0.001774 0.021805 
85 0.013191 0.01193 0.000299 0.143245 0.001746 0.020668 
86 0.013537 0.013547 0.000314 0.143669 0.001783 0.021033 
87 0.013291 0.013528 0.000308 0.143872 0.001733 0.022438 
88 0.013906 0.0154 0.000349 0.143928 0.001745 0.023476 
89 0.013027 0.013935 0.000308 0.14371 0.001751 0.022484 
90 0.013318 0.013049 0.000298 0.152411 0.001784 0.022631 
91 0.013171 0.012361 0.00029 0.143601 0.001757 0.021671 
92 0.013624 0.015383 0.000332 0.143603 0.001755 0.021619 
93 0.014704 0.017018 0.000364 0.144529 0.0018 0.025966 
94 0.01478 0.018404 0.00052 0.143496 0.001779 0.022558 
95 0.015029 0.017812 0.000325 0.148722 0.001803 0.021817 
96 0.014141 0.01836 0.000326 0.142826 0.001778 0.02255 
97 0.014799 0.019056 0.000318 0.142843 0.001771 0.021492 
98 0.015582 0.021099 0.000356 0.143645 0.001748 0.02142 
99 0.015398 0.020285 0.000326 0.14272 0.001758 0.01864 
100 0.01535 0.020851 0.000336 0.143466 0.001814 0.018184 
101 0.015532 0.019843 0.000351 0.144107 0.001754 0.020703 
102 0.014776 0.019652 0.000369 0.143372 0.00174 0.019114 
103 0.014111 0.018006 0.000356 0.144979 0.002638 0.023241 
104 0.014606 0.017136 0.00037 0.143669 0.001823 0.020786 
105 0.014461 0.017225 0.000372 0.1433 0.001765 0.019813 
106 0.014223 0.017761 0.000383 0.143706 0.001764 0.019402 
107 0.015479 0.020655 0.000407 0.143574 0.001767 0.019077 
108 0.014507 0.018719 0.000409 0.143836 0.001792 0.020976 
109 0.015156 0.019459 0.000427 0.143418 0.001754 0.021068 
110 0.013877 0.016125 0.000379 0.143902 0.001747 0.020078 
111 0.014137 0.017057 0.000378 0.143705 0.001757 0.02206 
112 0.014419 0.018872 0.000443 0.143293 0.001767 0.021526 
113 0.013747 0.01664 0.000374 0.144067 0.00175 0.021017 
114 0.014544 0.020718 0.000449 0.143866 0.00171 0.020225 
115 0.014122 0.018134 0.000425 0.144517 0.001761 0.021802 
116 0.015044 0.021811 0.000488 0.144093 0.001768 0.022656 
117 0.01588 0.024128 0.000528 0.143551 0.001758 0.023325 
118 0.015434 0.022514 0.000463 0.144169 0.00176 0.02207 
119 0.016192 0.024372 0.000483 0.144311 0.001749 0.021454 
120 0.015167 0.022155 0.000447 0.144051 0.001757 0.022512 
121 0.015741 0.021407 0.000448 0.143579 0.001756 0.022718 
122 0.015705 0.021254 0.000438 0.144485 0.00178 0.021259 
123 0.014758 0.019598 0.000402 0.143219 0.001764 0.0205 
124 0.015718 0.022132 0.000452 0.143055 0.001787 0.020098 
125 0.014207 0.01763 0.000391 0.14377 0.001717 0.02027 
126 0.015134 0.020699 0.000406 0.144209 0.001766 0.021674 
127 0.018629 0.01868 0.000389 0.144745 0.001782 0.020871 
128 0.017922 0.020466 0.000402 0.145549 0.001754 0.020295 
129 0.014195 0.017763 0.000404 0.144523 0.001776 0.020355 
130 0.014562 0.019272 0.000439 0.144337 0.001752 0.019296 
131 0.014344 0.018245 0.000418 0.14562 0.00178 0.019155 
132 0.01464 0.019686 0.000435 0.145979 0.001764 0.02079 
133 0.013509 0.015739 0.000306 0.143189 0.001761 0.02163 
134 0.017027 0.015058 0.00031 0.143266 0.001769 0.020656 
135 0.014205 0.017671 0.00037 0.143815 0.001789 0.021061 
136 0.017795 0.015439 0.000398 0.146366 0.001802 0.023048 
137 0.013652 0.014948 0.000338 0.144972 0.001777 0.021772 
138 0.015154 0.017736 0.000434 0.145282 0.001774 0.023505 
139 0.016002 0.019301 0.000438 0.144535 0.001755 0.024327 
140 0.014818 0.017316 0.000449 0.145225 0.001706 0.021528 
141 0.015507 0.022093 0.000364 0.145368 0.001755 0.021476 
142 0.018419 0.020316 0.000453 0.144417 0.001753 0.020081 
143 0.013768 0.016322 0.000354 0.145386 0.001807 0.02249 
144 0.018141 0.017908 0.000404 0.145415 0.00177 0.023067 
145 0.014698 0.018769 0.000427 0.14409 0.00182 0.024611 
146 0.014602 0.017628 0.000385 0.145902 0.001745 0.0246 
147 0.01448 0.01709 0.000395 0.145153 0.001806 0.024583 
148 0.015552 0.019655 0.000435 0.145745 0.001778 0.021994 
149 0.0148 0.017321 0.000426 0.143872 0.001772 0.019358 
150 0.018081 0.018013 0.000414 0.149732 0.001751 0.018655 
151 0.01593 0.020361 0.000464 0.143865 0.001773 0.022207 
152 0.017938 0.019788 0.000429 0.143316 0.001771 0.022693 
153 0.020142 0.020595 0.000435 0.143631 0.001741 0.017197 
154 0.015368 0.018795 0.000428 0.143822 0.001769 0.020165 
155 0.014029 0.016829 0.000381 0.143059 0.001754 0.018946 
156 0.012214 0.011152 0.000257 0.143575 0.001776 0.021202 
157 0.014327 0.016953 0.0004 0.151896 0.001727 0.019485 
158 0.01308 0.013719 0.000324 0.143538 0.00175 0.023384 
159 0.014078 0.01691 0.000413 0.143984 0.001762 0.020449 
160 0.013697 0.015865 0.000373 0.143343 0.001755 0.022728 
161 0.014723 0.01897 0.000427 0.143625 0.00221 0.02131 
162 0.013322 0.015027 0.00038 0.143912 0.001752 0.019393 
163 0.013457 0.015595 0.000356 0.144158 0.00175 0.019252 
164 0.014486 0.018198 0.000418 0.143872 0.001789 0.020431 
165 0.013727 0.015364 0.000359 0.145175 0.003232 0.021494 
166 0.014645 0.01877 0.000414 0.143761 0.001745 0.022006 
167 0.014451 0.017914 0.00041 0.149416 0.001767 0.031982 
168 0.015125 0.019314 0.000426 0.143681 0.00171 0.023736 
169 0.014031 0.01775 0.000373 0.144215 0.001763 0.023372 
170 0.013719 0.016394 0.000428 0.144103 0.001754 0.021474 
171 0.013393 0.015233 0.00033 0.1434 0.001729 0.021865 
172 0.014342 0.016149 0.000383 0.144158 0.001753 0.0217 
173 0.014188 0.016325 0.000364 0.143582 0.001742 0.022092 
174 0.014693 0.01864 0.000401 0.144694 0.001729 0.021985 
175 0.014228 0.015924 0.000373 0.144251 0.001743 0.023496 
176 0.014156 0.016193 0.000457 0.143168 0.001746 0.022671 
177 0.013817 0.015885 0.000388 0.143663 0.001767 0.025261 
178 0.01409 0.016379 0.000354 0.143361 0.001766 0.02507 
179 0.014303 0.017452 0.000397 0.143464 0.001748 0.024808 
180 0.01428 0.018232 0.00039 0.144178 0.001713 0.025743 
181 0.014367 0.019697 0.000417 0.144832 0.001768 0.023667 
182 0.014407 0.018319 0.00051 0.154099 0.001767 0.024207 
183 0.014634 0.01939 0.000425 0.144314 0.001757 0.023809 
184 0.016986 0.02052 0.000422 0.143318 0.001773 0.019434 
185 0.014687 0.017701 0.000446 0.143843 0.001731 0.019867 
186 0.014836 0.020034 0.000453 0.143738 0.001757 0.023496 
187 0.015614 0.022179 0.000505 0.143367 0.001767 0.02081 
188 0.014363 0.019891 0.000546 0.144151 0.001764 0.01924 
189 0.01484 0.01887 0.000448 0.143602 0.001744 0.020266 
190 0.014217 0.018354 0.000412 0.143609 0.001787 0.020706 
191 0.014094 0.018475 0.000413 0.143425 0.001732 0.021417 
192 0.024437 0.017873 0.000404 0.144566 0.001746 0.019546 
193 0.014128 0.016769 0.000361 0.145026 0.001733 0.020036 
194 0.013752 0.017451 0.000472 0.143482 0.001739 0.019126 
195 0.014178 0.01784 0.000406 0.14538 0.00175 0.020692 
196 0.01443 0.020868 0.000446 0.145446 0.001794 0.021634 
197 0.015513 0.027673 0.000489 0.144322 0.001733 0.021886 
198 0.016915 0.021218 0.000455 0.145352 0.001769 0.02091 
199 0.014919 0.020523 0.00045 0.143764 0.001795 0.021027 
200 0.014506 0.019434 0.000582 0.144561 0.001753 0.023039 
201 0.014197 0.018605 0.000424 0.145315 0.001749 0.020711 
202 0.014805 0.021334 0.000488 0.145578 0.001748 0.021843 
203 0.015259 0.021249 0.000488 0.145573 0.001819 0.022025 
204 0.015347 0.021763 0.00049 0.14437 0.001773 0.022588 
205 0.014789 0.020436 0.000456 0.145929 0.001787 0.021733 
206 0.018207 0.020596 0.000606 0.143488 0.001737 0.022075 
207 0.014385 0.019284 0.000427 0.145422 0.001776 0.02183 
208 0.014183 0.018766 0.000443 0.145207 0.001757 0.022064 
209 0.014657 0.019864 0.000451 0.145516 0.00179 0.020932 
210 0.015402 0.020071 0.000518 0.145161 0.001782 0.021764 
211 0.01609 0.020892 0.00056 0.144702 0.001755 0.018888 
212 0.015561 0.021839 0.000632 0.146539 0.001749 0.018962 
213 0.014116 0.017062 0.000391 0.145139 0.001777 0.019162 
214 0.016619 0.016912 0.000384 0.145167 0.001805 0.019174 
215 0.013754 0.0174 0.000412 0.145737 0.001782 0.018581 
216 0.014242 0.019503 0.00046 0.14531 0.001875 0.019592 
217 0.014474 0.019287 0.000428 0.144622 0.001742 0.018633 
218 0.015006 0.021477 0.000584 0.14556 0.001801 0.021831 
219 0.014518 0.019982 0.000402 0.14577 0.001752 0.021811 
220 0.014268 0.02019 0.000412 0.14572 0.001795 0.025429 
221 0.014017 0.01891 0.000416 0.14463 0.001755 0.024197 
222 0.017298 0.018723 0.000418 0.145468 0.001752 0.023591 
223 0.022348 0.019336 0.000431 0.146269 0.001782 0.018262 
224 0.014346 0.018575 0.000509 0.144364 0.001787 0.018742 
225 0.014059 0.017285 0.000392 0.14544 0.001921 0.022672 
226 0.013758 0.017468 0.000403 0.145941 0.001754 0.018825 
227 0.015413 0.021809 0.000505 0.143824 0.001775 0.021502 
228 0.01486 0.020138 0.000485 0.146602 0.001819 0.022968 
229 0.015228 0.020886 0.000471 0.146363 0.001752 0.019739 
230 0.014549 0.019442 0.000555 0.146049 0.001772 0.020617 
231 0.0137 0.016303 0.000361 0.146191 0.001779 0.019887 
232 0.013427 0.017233 0.000356 0.145627 0.001732 0.020569 
233 0.01421 0.020642 0.000403 0.145663 0.00178 0.018627 
234 0.013196 0.014664 0.000302 0.146597 0.001795 0.01969 
235 0.013549 0.015349 0.000335 0.146107 0.001765 0.019681 
236 0.016037 0.015221 0.000455 0.143109 0.00178 0.020908 
237 0.013815 0.015823 0.000358 0.146484 0.001833 0.020573 
238 0.013137 0.014863 0.000338 0.14606 0.001776 0.021271 
239 0.013588 0.017055 0.000394 0.146728 0.001761 0.020443 
240 0.013276 0.016358 0.000369 0.145775 0.001767 0.021373 
241 0.013036 0.014773 0.000345 0.143913 0.001781 0.019764 
242 0.0131 0.015593 0.000452 0.146081 0.001801 0.020552 
243 0.013903 0.01727 0.000406 0.143755 0.001795 0.018944 
244 0.017113 0.018925 0.000424 0.145604 0.001792 0.020185 
245 0.013893 0.017733 0.000395 0.145697 0.001758 0.019108 
246 0.014676 0.019766 0.000437 0.14614 0.001775 0.017935 
247 0.014701 0.018783 0.000425 0.146577 0.002007 0.02057 
248 0.014557 0.019276 0.000521 0.1463 0.0018 0.019436 
249 0.014596 0.019056 0.00044 0.146704 0.001748 0.020736 
250 0.014371 0.01863 0.000432 0.145748 0.001766 0.021105 
251 0.015609 0.016328 0.000385 0.145239 0.001773 0.02029 
252 0.014006 0.016594 0.000376 0.145326 0.001758 0.019184 
253 0.013535 0.016127 0.000407 0.145759 0.001767 0.019961 
254 0.015966 0.014587 0.000469 0.145531 0.001876 0.019704 
255 0.019384 0.015496 0.000343 0.14427 0.001746 0.021036 
256 0.023172 0.020785 0.000443 0.144338 0.001765 0.022155 
257 0.013289 0.016335 0.000364 0.143792 0.001758 0.021635 
258 0.017901 0.021629 0.000407 0.145564 0.001784 0.024197 
259 0.01338 0.016126 0.000387 0.145189 0.001754 0.021569 
260 0.01427 0.01765 0.000549 0.145696 0.001734 0.023715 
261 0.01407 0.017487 0.000411 0.143787 0.001782 0.025153 
262 0.016129 0.015009 0.000371 0.144319 0.001757 0.024149 
263 0.01316 0.015309 0.000348 0.143476 0.001758 0.023622 
264 0.013303 0.017175 0.000382 0.144033 0.001769 0.024621 
265 0.012901 0.013265 0.000319 0.145529 0.001784 0.024207 
266 0.013935 0.017894 0.00049 0.143905 0.001767 0.022837 
267 0.012893 0.013625 0.000325 0.144486 0.001783 0.024946 
268 0.013076 0.013701 0.000323 0.144657 0.001762 0.026172 
269 0.013959 0.016004 0.000391 0.145533 0.001799 0.025454 
270 0.016935 0.014427 0.000332 0.145459 0.001808 0.027044 
271 0.01358 0.016592 0.000353 0.144494 0.001774 0.02597 
272 0.014162 0.016868 0.000519 0.145469 0.001746 0.025879 
273 0.013526 0.015688 0.000337 0.14457 0.001764 0.02717 
274 0.014154 0.016716 0.000385 0.144424 0.001772 0.026785 
275 0.014593 0.018246 0.000416 0.143629 0.001742 0.026787 
276 0.014369 0.016446 0.000398 0.144727 0.001773 0.026417 
277 0.014759 0.01846 0.000395 0.145795 0.001782 0.026883 
278 0.017331 0.0169 0.000509 0.145487 0.001741 0.026709 
279 0.014544 0.018252 0.000408 0.144259 0.00171 0.025981 
280 0.014526 0.017562 0.000431 0.145687 0.001798 0.024818 
281 0.013496 0.014826 0.000351 0.144744 0.001746 0.025221 
282 0.014248 0.016851 0.000384 0.144946 0.00178 0.025046 
283 0.014095 0.016306 0.000394 0.14355 0.001776 0.02579 
284 0.01414 0.017025 0.000471 0.145259 0.00176 0.023768 
285 0.013994 0.015742 0.000348 0.146305 0.001748 0.024431 
286 0.017512 0.016482 0.000369 0.145435 0.001779 0.024003 
287 0.013179 0.014467 0.00033 0.144246 0.001762 0.023202 
288 0.013623 0.016121 0.00036 0.145471 0.001816 0.021773 
289 0.013191 0.014132 0.000352 0.145657 0.001794 0.024099 
290 0.013499 0.014957 0.000348 0.145464 0.001776 0.023052 
291 0.013755 0.015134 0.000361 0.145304 0.001758 0.022674 
292 0.013985 0.01618 0.000375 0.143696 0.001748 0.022323 
293 0.014037 0.016023 0.000365 0.145305 0.001786 0.021803 
294 0.01751 0.017085 0.000397 0.143555 0.001772 0.023358 
295 0.01455 0.019032 0.000418 0.144558 0.001708 0.024621 
296 0.014732 0.019149 0.000435 0.143646 0.001746 0.023602 
297 0.015723 0.020432 0.00047 0.144546 0.001758 0.023908 
298 0.015822 0.021255 0.000493 0.145127 0.001766 0.02446 
299 0.015011 0.018998 0.000427 0.143933 0.001774 0.023147 
300 0.014483 0.018627 0.000418 0.145062 0.001745 0.022793 
301 0.015486 0.02121 0.000462 0.145482 0.001763 0.022927 
302 0.017814 0.019192 0.000437 0.145042 0.00175 0.024565 
303 0.014773 0.019728 0.000435 0.145049 0.001772 0.023456 
304 0.015057 0.020527 0.000467 0.143424 0.001766 0.023069 
305 0.014885 0.020178 0.000443 0.143297 0.001787 0.023131 
306 0.015437 0.020431 0.000485 0.145329 0.001771 0.022534 
307 0.021846 0.021307 0.000502 0.144233 0.001774 0.021886 
308 0.020024 0.021584 0.00047 0.144965 0.001763 0.021609 
309 0.014569 0.01813 0.000421 0.145079 0.001793 0.02136 
310 0.014416 0.018135 0.000408 0.14554 0.001782 0.023122 
311 0.014205 0.017483 0.000381 0.145971 0.001772 0.022144 
