1 0.033061 0.029954 0.00051 0.324772 0.002814 0.024109 
2 0.033045 0.028684 0.000495 0.327707 0.002884 0.024409 
3 0.024506 0.02993 0.000538 0.334078 0.002893 0.021733 
4 0.026238 0.02803 0.000485 0.332345 0.002977 0.0201 
5 0.029286 0.031936 0.000544 0.330186 0.002741 0.021242 
6 0.023764 0.027384 0.000537 0.33014 0.002846 0.022247 
7 0.026181 0.026316 0.000503 0.329842 0.002882 0.023243 
8 0.025739 0.030128 0.000568 0.330975 0.002899 0.022221 
9 0.028951 0.030169 0.000578 0.32891 0.002841 0.022285 
10 0.025052 0.024794 0.000547 0.331035 0.002829 0.021029 
11 0.026103 0.028405 0.000571 0.329787 0.002804 0.019794 
12 0.026563 0.030542 0.000587 0.332059 0.002716 0.019433 
13 0.030074 0.033628 0.001088 0.329304 0.002801 0.019019 
14 0.0267 0.026638 0.000527 0.3327 0.00287 0.021022 
15 0.031658 0.03262 0.000601 0.332262 0.002873 0.019703 
16 0.029469 0.034603 0.000676 0.33105 0.002711 0.01852 
17 0.026632 0.030837 0.000546 0.328423 0.00287 0.01931 
18 0.026987 0.029417 0.000564 0.32528 0.002789 0.017981 
19 0.02579 0.029663 0.000528 0.330648 0.002919 0.0225 
20 0.023292 0.023731 0.000409 0.330136 0.002849 0.018318 
21 0.028208 0.02195 0.000429 0.32932 0.002764 0.019843 
22 0.026758 0.027601 0.000509 0.329537 0.002826 0.020839 
23 0.023176 0.024652 0.000474 0.324483 0.002848 0.019045 
24 0.023048 0.027045 0.000426 0.346584 0.002857 0.017725 
25 0.024775 0.023434 0.000465 0.33099 0.002724 0.019955 
26 0.025627 0.024348 0.000448 0.325347 0.00277 0.019854 
27 0.025937 0.025194 0.000484 0.325093 0.002823 0.020737 
28 0.02942 0.02725 0.00044 0.325216 0.002795 0.020746 
29 0.028729 0.032938 0.000558 0.326016 0.002758 0.021347 
30 0.024174 0.027123 0.000458 0.32419 0.002887 0.022296 
31 0.025042 0.023072 0.000385 0.33101 0.002873 0.02192 
32 0.023569 0.025497 0.000542 0.32644 0.002782 0.021402 
33 0.024159 0.028597 0.000433 0.328681 0.002976 0.019281 
34 0.021185 0.020404 0.000367 0.325362 0.002855 0.022694 
35 0.02332 0.0206 0.000413 0.326054 0.002708 0.021894 
36 0.024738 0.020866 0.000384 0.32879 0.002796 0.023244 
37 0.021484 0.020244 0.000353 0.32479 0.002835 0.021025 
38 0.023749 0.020126 0.00036 0.323086 0.00269 0.019514 
39 0.020842 0.019481 0.000371 0.326473 0.002719 0.019174 
40 0.023735 0.022875 0.000407 0.328892 0.00272 0.021905 
41 0.02416 0.023347 0.000401 0.327103 0.002801 0.022846 
42 0.024955 0.026017 0.000516 0.326592 0.002751 0.02437 
43 0.023044 0.022435 0.00038 0.329743 0.00273 0.023842 
44 0.026021 0.027705 0.000435 0.329065 0.002815 0.023049 
45 0.022689 0.029238 0.000457 0.328975 0.002712 0.021226 
46 0.021658 0.023118 0.000402 0.340729 0.002703 0.023031 
47 0.021379 0.024556 0.000384 0.330513 0.002702 0.021412 
48 0.022926 0.028672 0.000561 0.337353 0.002762 0.017235 
49 0.024285 0.03176 0.00062 0.330507 0.002888 0.017397 
50 0.023068 0.028544 0.000547 0.326498 0.00275 0.016982 
51 0.025913 0.030964 0.000601 0.327674 0.002731 0.018067 
52 0.026265 0.028861 0.000595 0.330783 0.002744 0.023315 
53 0.023413 0.030505 0.000584 0.330011 0.002807 0.020226 
54 0.02526 0.034329 0.000677 0.329614 0.002838 0.023253 
55 0.02433 0.032095 0.000649 0.330174 0.002778 0.022575 
56 0.02301 0.026908 0.000514 0.326751 0.002793 0.022503 
57 0.023473 0.021264 0.00042 0.325828 0.002709 0.022192 
58 0.024782 0.024362 0.000489 0.333406 0.002836 0.019995 
59 0.022887 0.027439 0.000544 0.325944 0.002843 0.019855 
60 0.025638 0.026314 0.000505 0.327157 0.002725 0.02162 
61 0.022063 0.024349 0.0005 0.327607 0.002774 0.018562 
62 0.02174 0.026282 0.000486 0.33051 0.002785 0.021418 
63 0.024342 0.025015 0.000456 0.327982 0.002747 0.022785 
64 0.026151 0.029772 0.000595 0.329852 0.00272 0.019218 
65 0.025932 0.031553 0.000636 0.327106 0.002782 0.019252 
66 0.024731 0.027604 0.000528 0.328503 0.002704 0.018619 
67 0.024985 0.024184 0.000485 0.325642 0.002846 0.017356 
68 0.021805 0.023769 0.000434 0.339284 0.002807 0.018868 
69 0.022034 0.023324 0.000456 0.326383 0.002744 0.016302 
70 0.022063 0.02192 0.0004 0.326026 0.002772 0.018595 
71 0.021938 0.025563 0.000479 0.32475 0.002835 0.018274 
72 0.021673 0.024306 0.000471 0.323902 0.002724 0.018317 
73 0.024196 0.023295 0.000439 0.324404 0.002909 0.017947 
74 0.022093 0.023875 0.000476 0.326832 0.002691 0.018412 
75 0.025189 0.029089 0.000548 0.327671 0.002731 0.019274 
76 0.022617 0.026371 0.000522 0.328764 0.00277 0.020208 
77 0.024237 0.021294 0.000406 0.327613 0.003006 0.018783 
78 0.024902 0.025384 0.000596 0.327069 0.002721 0.019908 
79 0.020884 0.021242 0.000396 0.326724 0.002749 0.018564 
80 0.023289 0.01929 0.00041 0.32596 0.002767 0.023909 
81 0.02231 0.023139 0.000445 0.325329 0.002791 0.020376 
82 0.021455 0.024095 0.000428 0.325124 0.002771 0.019086 
83 0.021456 0.019352 0.000373 0.337176 0.002742 0.021556 
84 0.02061 0.018503 0.000502 0.324956 0.002822 0.020655 
85 0.024551 0.019062 0.00037 0.32583 0.002816 0.018583 
86 0.02386 0.019423 0.000347 0.325658 0.002759 0.020619 
87 0.023305 0.020284 0.000379 0.324444 0.002728 0.018918 
88 0.024136 0.022056 0.000399 0.324795 0.002697 0.019517 
89 0.021023 0.020913 0.000351 0.325769 0.002731 0.019984 
90 0.021296 0.020802 0.000349 0.32853 0.002777 0.020736 
91 0.021755 0.022163 0.000396 0.329593 0.002798 0.0196 
92 0.023804 0.018826 0.000313 0.325488 0.002797 0.021605 
93 0.035942 0.032568 0.000507 0.32433 0.002744 0.021363 
94 0.025937 0.031545 0.00044 0.323293 0.002687 0.01974 
95 0.025779 0.032089 0.000435 0.32217 0.002823 0.018738 
96 0.026218 0.035206 0.000416 0.322956 0.002815 0.020434 
97 0.023316 0.029071 0.000369 0.323192 0.002895 0.018948 
98 0.022584 0.025678 0.000327 0.322923 0.002837 0.020408 
99 0.028013 0.0394 0.000487 0.326735 0.002708 0.022746 
100 0.029208 0.034363 0.000436 0.32692 0.002844 0.017871 
101 0.026939 0.029027 0.000349 0.323995 0.002832 0.018419 
102 0.027571 0.031999 0.000479 0.323056 0.00274 0.017123 
103 0.024388 0.030199 0.000456 0.323115 0.002781 0.018089 
104 0.026769 0.030086 0.000496 0.323013 0.002804 0.018729 
105 0.027345 0.028062 0.000468 0.325763 0.002798 0.017965 
106 0.024264 0.029483 0.000555 0.324082 0.002742 0.016942 
107 0.026183 0.035846 0.000576 0.324101 0.002825 0.017074 
108 0.02813 0.029726 0.000556 0.323912 0.002746 0.018389 
109 0.028209 0.032128 0.000635 0.327286 0.002977 0.019162 
110 0.022629 0.025489 0.00048 0.325212 0.002746 0.019085 
111 0.027826 0.030713 0.00066 0.325321 0.002939 0.019957 
112 0.024552 0.029346 0.000607 0.324086 0.002767 0.022284 
113 0.027237 0.029697 0.000594 0.324899 0.002698 0.019947 
114 0.027988 0.034331 0.000684 0.325835 0.002794 0.021729 
115 0.023946 0.031477 0.000611 0.32637 0.002778 0.02051 
116 0.028442 0.032473 0.000679 0.322926 0.002803 0.021955 
117 0.028463 0.032392 0.000644 0.325852 0.002775 0.0229 
118 0.023506 0.028758 0.000525 0.326411 0.002789 0.019898 
119 0.027028 0.031955 0.000556 0.32338 0.00274 0.019263 
120 0.023147 0.02652 0.000465 0.324256 0.002713 0.01933 
121 0.026085 0.028188 0.000455 0.324988 0.002752 0.018622 
122 0.027021 0.02989 0.000498 0.324131 0.003029 0.017624 
123 0.023233 0.026346 0.000426 0.328105 0.002787 0.018148 
124 0.026421 0.027617 0.000467 0.32738 0.002765 0.019165 
125 0.026466 0.029011 0.000463 0.326127 0.002892 0.018821 
126 0.027778 0.034908 0.00052 0.326509 0.002728 0.017653 
127 0.02377 0.028238 0.000478 0.325093 0.002857 0.016481 
128 0.025031 0.027036 0.00042 0.32534 0.002832 0.017665 
129 0.025399 0.025814 0.000496 0.324274 0.002908 0.018928 
130 0.026093 0.028304 0.000531 0.326102 0.002773 0.017056 
131 0.025886 0.026458 0.000533 0.323306 0.002679 0.017136 
132 0.026414 0.030851 0.000568 0.32283 0.00279 0.018564 
133 0.028475 0.022288 0.000336 0.320671 0.002699 0.018232 
134 0.020776 0.020078 0.000323 0.322201 0.00273 0.019328 
135 0.026928 0.029832 0.000427 0.323286 0.00275 0.017752 
136 0.023071 0.024153 0.000489 0.322029 0.002731 0.019497 
137 0.022888 0.023415 0.000494 0.321905 0.002797 0.019989 
138 0.025286 0.030723 0.000633 0.32302 0.002745 0.020592 
139 0.027604 0.028795 0.00055 0.321625 0.00273 0.021218 
140 0.023726 0.027579 0.000523 0.323356 0.002714 0.019759 
141 0.024171 0.029122 0.00048 0.320742 0.002782 0.018346 
142 0.026787 0.030837 0.000514 0.321179 0.002733 0.019999 
143 0.021903 0.024818 0.00044 0.321488 0.002711 0.020543 
144 0.022498 0.02366 0.000442 0.321901 0.002697 0.020618 
145 0.023189 0.026237 0.000506 0.321457 0.002818 0.020901 
146 0.026263 0.026686 0.000523 0.322068 0.002813 0.021803 
147 0.025905 0.024739 0.000492 0.328237 0.002859 0.022569 
148 0.02358 0.025079 0.000515 0.324291 0.002688 0.020562 
149 0.023227 0.026647 0.000532 0.321749 0.002741 0.017541 
150 0.023238 0.024451 0.000465 0.322859 0.002689 0.018797 
151 0.023436 0.026207 0.000499 0.321898 0.002768 0.024376 
152 0.0238 0.028146 0.0005 0.321675 0.002767 0.017773 
153 0.022861 0.02322 0.000432 0.320793 0.002678 0.016595 
154 0.02373 0.026199 0.000507 0.322859 0.004427 0.021068 
155 0.024332 0.020722 0.000371 0.322095 0.002741 0.015687 
156 0.020932 0.018098 0.000363 0.321455 0.00281 0.018079 
157 0.026116 0.024385 0.000486 0.321367 0.002786 0.019396 
158 0.024678 0.022941 0.000434 0.322214 0.002729 0.018119 
159 0.024543 0.022345 0.000442 0.322357 0.002769 0.019372 
160 0.022032 0.02357 0.000469 0.324191 0.002781 0.020542 
161 0.03334 0.027132 0.000533 0.32235 0.002761 0.022757 
162 0.022795 0.022985 0.000455 0.323554 0.002746 0.021442 
163 0.025226 0.025839 0.000447 0.323693 0.002816 0.020938 
164 0.024179 0.028066 0.000528 0.321381 0.002831 0.019039 
165 0.020693 0.01931 0.00036 0.322569 0.002826 0.018238 
166 0.02574 0.027089 0.000506 0.324169 0.002773 0.01965 
167 0.023211 0.026468 0.0005 0.322461 0.002769 0.020441 
168 0.022577 0.02469 0.000455 0.323606 0.002718 0.019967 
169 0.022136 0.02295 0.000413 0.321564 0.00278 0.018781 
170 0.021822 0.024758 0.000402 0.323791 0.002809 0.018232 
171 0.02894 0.021949 0.000371 0.323029 0.002816 0.017186 
172 0.022849 0.024399 0.000454 0.321933 0.002822 0.020212 
173 0.022497 0.024229 0.000428 0.323456 0.0028 0.020024 
174 0.025817 0.026142 0.000471 0.321599 0.002811 0.019132 
175 0.022553 0.024414 0.000426 0.322208 0.002809 0.023313 
176 0.025095 0.023498 0.00045 0.321584 0.002752 0.022154 
177 0.025862 0.025442 0.000486 0.322019 0.002799 0.023426 
178 0.02272 0.024026 0.000441 0.320724 0.002776 0.021861 
179 0.02313 0.026422 0.000493 0.32289 0.002829 0.021585 
180 0.024279 0.029315 0.000558 0.321784 0.00279 0.021202 
181 0.025843 0.030457 0.000519 0.324029 0.002752 0.019441 
182 0.023073 0.029334 0.000559 0.321382 0.002803 0.021611 
183 0.023922 0.030407 0.000575 0.322894 0.002784 0.018635 
184 0.023274 0.031283 0.00058 0.3213 0.002817 0.016636 
185 0.024769 0.02533 0.000545 0.324177 0.002738 0.01562 
186 0.022335 0.027266 0.000555 0.321556 0.0028 0.01581 
187 0.023599 0.031949 0.000631 0.323087 0.002752 0.016488 
188 0.024329 0.033095 0.000665 0.322066 0.00271 0.017303 
189 0.025626 0.028303 0.000571 0.320405 0.002696 0.017111 
190 0.025857 0.027951 0.00053 0.3223 0.002788 0.019484 
191 0.022582 0.028151 0.000505 0.322246 0.002841 0.022641 
192 0.025788 0.029795 0.000523 0.322429 0.002721 0.016653 
193 0.025409 0.025972 0.00049 0.323005 0.002696 0.017974 
194 0.02462 0.024186 0.000435 0.321129 0.002828 0.017162 
195 0.024082 0.023751 0.000498 0.323002 0.00286 0.021043 
196 0.028935 0.026018 0.000512 0.323381 0.002717 0.017811 
197 0.024518 0.034651 0.000706 0.322832 0.002743 0.018485 
198 0.023306 0.03171 0.000609 0.322532 0.002709 0.018034 
199 0.022925 0.030885 0.000604 0.323683 0.002814 0.0222 
200 0.027474 0.035823 0.000786 0.323251 0.002794 0.020221 
201 0.02571 0.02925 0.000591 0.32171 0.002678 0.018122 
202 0.023678 0.030841 0.000606 0.322178 0.002701 0.019074 
