1 0.035716 0.041215 0.000502 0.594796 0.004082 0.022323 
2 0.037977 0.038171 0.000449 0.589778 0.004114 0.02041 
3 0.030411 0.038282 0.000803 0.588942 0.004164 0.020729 
4 0.032231 0.042053 0.000499 0.591142 0.004204 0.019763 
5 0.031106 0.04205 0.000842 0.590226 0.004101 0.018994 
6 0.031667 0.040029 0.000505 0.587543 0.004357 0.018578 
7 0.030961 0.039104 0.000508 0.5901 0.004137 0.019312 
8 0.02943 0.036923 0.0005 0.58692 0.004188 0.020899 
9 0.02838 0.031819 0.000426 0.589046 0.004294 0.020584 
10 0.030248 0.038839 0.000513 0.590862 0.004118 0.019852 
11 0.030122 0.038856 0.000537 0.589863 0.004218 0.019353 
12 0.031035 0.046945 0.000615 0.597229 0.004282 0.019573 
13 0.031453 0.045065 0.00059 0.588027 0.004176 0.019207 
14 0.029697 0.034069 0.00046 0.587538 0.004094 0.018753 
15 0.031963 0.043457 0.000547 0.588138 0.004338 0.019042 
16 0.033864 0.046538 0.000616 0.586687 0.004106 0.018141 
17 0.03245 0.04218 0.000507 0.589231 0.004256 0.018026 
18 0.032748 0.044405 0.000564 0.588886 0.004153 0.017035 
19 0.031303 0.040138 0.000515 0.588403 0.00408 0.017833 
20 0.029495 0.034831 0.000411 0.587279 0.004222 0.019268 
21 0.0299 0.034053 0.000418 0.589752 0.004356 0.020911 
22 0.030493 0.037752 0.000498 0.588205 0.004218 0.020122 
23 0.030352 0.03429 0.000433 0.588111 0.004239 0.019638 
24 0.030885 0.039324 0.000425 0.58802 0.004089 0.020114 
25 0.029779 0.033751 0.000401 0.588147 0.004262 0.019515 
26 0.029634 0.033943 0.000411 0.587328 0.004259 0.018906 
27 0.029675 0.03508 0.000431 0.58908 0.004393 0.020515 
28 0.030437 0.040632 0.000433 0.590157 0.004264 0.018765 
29 0.034098 0.049017 0.000567 0.588838 0.004073 0.02044 
30 0.033426 0.045325 0.000554 0.58857 0.004236 0.020871 
31 0.03372 0.048297 0.000533 0.591858 0.004233 0.02028 
32 0.032279 0.041103 0.000536 0.588901 0.004138 0.020706 
33 0.033844 0.04808 0.000567 0.586839 0.004288 0.020814 
34 0.027923 0.029507 0.000359 0.588282 0.004105 0.021839 
35 0.027082 0.026586 0.000361 0.589174 0.004358 0.02097 
36 0.028017 0.029882 0.000364 0.588303 0.004376 0.01997 
37 0.028163 0.030328 0.00036 0.589279 0.004189 0.020876 
38 0.027648 0.028344 0.000336 0.587769 0.00443 0.01959 
39 0.027477 0.027411 0.000351 0.586432 0.004088 0.023283 
40 0.028342 0.03255 0.00035 0.588376 0.004089 0.020647 
41 0.027193 0.026511 0.000301 0.588886 0.004108 0.024326 
42 0.030776 0.040553 0.000472 0.586157 0.00409 0.021816 
43 0.030123 0.041924 0.000439 0.587727 0.004195 0.020772 
44 0.029617 0.038339 0.000413 0.587964 0.004132 0.020041 
45 0.028926 0.038938 0.000404 0.58536 0.004082 0.021447 
46 0.029244 0.038098 0.00049 0.589216 0.004075 0.019906 
47 0.029509 0.040721 0.000513 0.586993 0.00419 0.0189 
48 0.031203 0.044608 0.000658 0.592627 0.004433 0.020597 
49 0.030604 0.046626 0.000679 0.591527 0.004166 0.020819 
50 0.030357 0.044021 0.000611 0.59113 0.00427 0.019078 
51 0.031218 0.046745 0.000634 0.591394 0.004232 0.019918 
52 0.032041 0.050875 0.000793 0.590581 0.004195 0.020004 
53 0.032134 0.051528 0.000995 0.59314 0.004219 0.020204 
54 0.033472 0.056706 0.000839 0.59153 0.0042 0.018617 
55 0.032291 0.050035 0.000692 0.587814 0.004372 0.019102 
56 0.0316 0.045381 0.000629 0.587057 0.004144 0.018158 
57 0.029495 0.039098 0.000529 0.588852 0.004227 0.017905 
58 0.03006 0.040045 0.000561 0.590291 0.004224 0.017469 
59 0.029755 0.039121 0.000545 0.591058 0.004231 0.01718 
60 0.029731 0.039165 0.00055 0.588369 0.004281 0.018571 
61 0.030527 0.043254 0.000611 0.588492 0.004199 0.017946 
62 0.03092 0.043834 0.000572 0.587936 0.004074 0.016319 
63 0.031392 0.040702 0.00055 0.585921 0.004083 0.016676 
64 0.030578 0.043422 0.00065 0.596453 0.004303 0.016115 
65 0.041272 0.05606 0.000793 0.585843 0.004289 0.01579 
66 0.032355 0.052887 0.000757 0.585919 0.004221 0.016773 
67 0.030916 0.043972 0.00061 0.58743 0.004204 0.01689 
68 0.030444 0.040966 0.000527 0.585261 0.004243 0.014886 
69 0.030401 0.035576 0.000461 0.585898 0.004051 0.016 
70 0.029457 0.036284 0.000491 0.586905 0.00405 0.017054 
71 0.030151 0.04339 0.000579 0.590062 0.004088 0.018454 
72 0.032923 0.044154 0.000595 0.588977 0.004191 0.019695 
73 0.029208 0.037589 0.00053 0.587947 0.004147 0.017811 
74 0.029867 0.038996 0.000566 0.587133 0.004075 0.01784 
75 0.031668 0.046604 0.000622 0.587817 0.004052 0.018305 
76 0.030757 0.04197 0.000568 0.586789 0.004204 0.016675 
77 0.028864 0.033028 0.000437 0.587421 0.004157 0.018617 
78 0.030251 0.039502 0.000556 0.587601 0.00412 0.019759 
79 0.028873 0.035731 0.00047 0.587817 0.00421 0.018037 
80 0.030359 0.031896 0.000409 0.587212 0.004139 0.020317 
81 0.029766 0.03855 0.000486 0.588496 0.00416 0.02037 
82 0.030742 0.042035 0.000532 0.586304 0.004124 0.021406 
83 0.029912 0.034123 0.000484 0.586602 0.004213 0.019891 
84 0.029241 0.03009 0.000412 0.586788 0.004182 0.01939 
85 0.029502 0.030305 0.000454 0.586777 0.004193 0.019234 
86 0.029095 0.031787 0.000493 0.587064 0.004067 0.020408 
87 0.03022 0.035585 0.000418 0.587271 0.004122 0.01986 
88 0.030236 0.032529 0.000385 0.597712 0.004101 0.020945 
89 0.026984 0.027819 0.000309 0.586962 0.004258 0.020316 
90 0.02769 0.028306 0.000307 0.587035 0.004197 0.020898 
91 0.027207 0.027488 0.000268 0.587852 0.004091 0.021741 
92 0.027534 0.028648 0.000309 0.587557 0.004136 0.021495 
93 0.036385 0.054437 0.000533 0.586329 0.004128 0.023497 
94 0.036288 0.058241 0.000515 0.586436 0.004066 0.022885 
95 0.035957 0.058889 0.000479 0.586182 0.004274 0.020875 
96 0.038398 0.062911 0.000444 0.584966 0.004101 0.02004 
97 0.030346 0.041942 0.000312 0.585717 0.004158 0.020107 
98 0.029644 0.039169 0.000317 0.58594 0.004073 0.018417 
99 0.034794 0.055005 0.0004 0.584766 0.004387 0.020183 
100 0.03592 0.058103 0.000485 0.585282 0.004165 0.018424 
101 0.03282 0.046794 0.000406 0.590034 0.004245 0.01743 
102 0.034889 0.054011 0.000558 0.585049 0.004208 0.017654 
103 0.037398 0.063213 0.000587 0.586202 0.004097 0.018941 
104 0.034379 0.047361 0.000517 0.584993 0.004244 0.017402 
105 0.031419 0.0422 0.000494 0.587691 0.004126 0.016996 
106 0.035465 0.054522 0.000638 0.585679 0.004164 0.01563 
107 0.036202 0.060773 0.000684 0.587011 0.004275 0.017736 
108 0.034886 0.053561 0.0007 0.586964 0.004243 0.016937 
109 0.033831 0.049761 0.000653 0.586507 0.004097 0.018504 
110 0.029675 0.036075 0.000493 0.586781 0.004073 0.018446 
111 0.032319 0.044731 0.000643 0.588994 0.004225 0.018928 
112 0.033561 0.043585 0.000606 0.587561 0.004153 0.018862 
113 0.03233 0.04643 0.000669 0.585293 0.004079 0.018843 
114 0.033398 0.049354 0.000735 0.586337 0.004106 0.018862 
115 0.031803 0.047216 0.000655 0.588137 0.004412 0.020247 
116 0.032024 0.042535 0.0006 0.586685 0.004099 0.019807 
117 0.032092 0.044609 0.000609 0.587239 0.004257 0.01974 
118 0.036534 0.042973 0.000506 0.587056 0.004071 0.018825 
119 0.031427 0.044111 0.000517 0.586473 0.00407 0.017289 
120 0.030608 0.034726 0.000364 0.586672 0.004059 0.01662 
121 0.031015 0.0428 0.000473 0.587112 0.004209 0.017902 
122 0.030552 0.037175 0.000426 0.589923 0.004215 0.017081 
123 0.031 0.03799 0.000393 0.588236 0.004143 0.016794 
124 0.034383 0.04994 0.000558 0.587586 0.004184 0.017163 
125 0.03034 0.039838 0.000416 0.58872 0.004287 0.018047 
126 0.037744 0.064611 0.000691 0.585405 0.00415 0.018553 
127 0.031153 0.041158 0.00047 0.587578 0.004255 0.019223 
128 0.028885 0.035258 0.000392 0.58903 0.004139 0.017739 
129 0.030319 0.036957 0.000527 0.588318 0.004137 0.019924 
130 0.030982 0.042209 0.00059 0.587507 0.004139 0.017631 
131 0.029745 0.036936 0.000525 0.587303 0.004075 0.017931 
132 0.0303 0.044273 0.000542 0.586941 0.00418 0.016069 
133 0.028098 0.031961 0.000308 0.586388 0.004226 0.016421 
134 0.030435 0.030546 0.000335 0.587194 0.004101 0.018531 
135 0.027773 0.029276 0.000321 0.589484 0.004093 0.015817 
136 0.030266 0.035183 0.000451 0.586817 0.004108 0.01707 
137 0.029105 0.033216 0.000388 0.589217 0.004142 0.019457 
138 0.0346 0.046993 0.000701 0.58932 0.004072 0.0201 
139 0.035902 0.051393 0.000653 0.587436 0.004062 0.021217 
140 0.034856 0.046305 0.000624 0.588589 0.004272 0.020331 
141 0.035078 0.052794 0.000505 0.585291 0.004348 0.02167 
